2017-12-12 14:31:40,562  INFO   [Starter for "cmdb_mod_not" (during Writer server startup). (customer 1, id name: Default Client)] notification.?(?) - Load persistent model notification definitions...
2017-12-12 14:31:40,751  INFO   [Starter for "cmdb_mod_not" (during Writer server startup). (customer 1, id name: Default Client)] notification.?(?) - The persistent model notification definitions are: []
2017-12-12 14:31:40,751  INFO   [Starter for "cmdb_mod_not" (during Writer server startup). (customer 1, id name: Default Client)] notification.?(?) - Register model listener...
2017-12-12 14:36:00,419  INFO   [parallel execution thread pool-437] notification.?(?) - New model notification definition was added: [<?xml version="1.0" encoding="UTF-8"?>
<ModelNotificationDefinition name="Collectors Model notification" display-name="Collectors Model notification" description="Collectors Model notification" priority="3">
	<elements>
		<RemoveElement>
			<ElementClassCondition>
				<ClassType>managed_object</ClassType>
				<Derived>true</Derived>
			</ElementClassCondition>
		</RemoveElement>
		<RemoveElement>
			<ElementClassCondition>
				<ClassType>managed_relationship</ClassType>
				<Derived>true</Derived>
			</ElementClassCondition>
		</RemoveElement>
		<AddElement>
			<ElementClassCondition>
				<ClassType>ip_address</ClassType>
				<Derived>false</Derived>
			</ElementClassCondition>
			<ElementPropertiesCondition>
				<property-complex-expression/>
			</ElementPropertiesCondition>
		</AddElement>
		<AddElement>
			<ElementClassCondition>
				<ClassType>ip_subnet</ClassType>
				<Derived>false</Derived>
			</ElementClassCondition>
			<ElementPropertiesCondition>
				<property-complex-expression/>
			</ElementPropertiesCondition>
		</AddElement>
	</elements>
</ModelNotificationDefinition>]
2017-12-12 19:59:27,223  INFO   [Starter for "cmdb_mod_not" (during Writer server startup). (customer 1, id name: Default Client)] notification.?(?) - Load persistent model notification definitions...
2017-12-12 19:59:28,020  INFO   [Starter for "cmdb_mod_not" (during Writer server startup). (customer 1, id name: Default Client)] notification.?(?) - The persistent model notification definitions are: [Model notification definition state [Collectors Model notification]]
2017-12-12 19:59:28,020  INFO   [Starter for "cmdb_mod_not" (during Writer server startup). (customer 1, id name: Default Client)] notification.?(?) - Register model listener...
2017-12-12 20:22:34,645  INFO   [Starter for "cmdb_mod_not" (during Writer server startup). (customer 1, id name: Default Client)] notification.?(?) - Load persistent model notification definitions...
2017-12-12 20:22:35,359  INFO   [Starter for "cmdb_mod_not" (during Writer server startup). (customer 1, id name: Default Client)] notification.?(?) - The persistent model notification definitions are: [Model notification definition state [Collectors Model notification]]
2017-12-12 20:22:35,359  INFO   [Starter for "cmdb_mod_not" (during Writer server startup). (customer 1, id name: Default Client)] notification.?(?) - Register model listener...
2017-12-14 10:26:05,612  INFO   [Starter for "cmdb_mod_not" (during Writer server startup). (customer 1, id name: Default Client)] notification.?(?) - Load persistent model notification definitions...
2017-12-14 10:26:06,547  INFO   [Starter for "cmdb_mod_not" (during Writer server startup). (customer 1, id name: Default Client)] notification.?(?) - The persistent model notification definitions are: [Model notification definition state [Collectors Model notification]]
2017-12-14 10:26:06,547  INFO   [Starter for "cmdb_mod_not" (during Writer server startup). (customer 1, id name: Default Client)] notification.?(?) - Register model listener...
2017-12-14 15:51:34,760  INFO   [Starter for "cmdb_mod_not" (during Writer server startup). (customer 1, id name: Default Client)] notification.?(?) - Load persistent model notification definitions...
2017-12-14 15:51:35,136  INFO   [Starter for "cmdb_mod_not" (during Writer server startup). (customer 1, id name: Default Client)] notification.?(?) - The persistent model notification definitions are: [Model notification definition state [Collectors Model notification]]
2017-12-14 15:51:35,136  INFO   [Starter for "cmdb_mod_not" (during Writer server startup). (customer 1, id name: Default Client)] notification.?(?) - Register model listener...
2018-01-04 15:30:16,897  INFO   [Starter for "cmdb_mod_not" (during Writer server startup). (customer 1, id name: Default Client)] notification.?(?) - Load persistent model notification definitions...
2018-01-04 15:30:18,211  INFO   [Starter for "cmdb_mod_not" (during Writer server startup). (customer 1, id name: Default Client)] notification.?(?) - The persistent model notification definitions are: [Model notification definition state [Collectors Model notification]]
2018-01-04 15:30:18,211  INFO   [Starter for "cmdb_mod_not" (during Writer server startup). (customer 1, id name: Default Client)] notification.?(?) - Register model listener...
2018-01-12 14:57:40,676  INFO   [Starter for "cmdb_mod_not" (during Writer server startup). (customer 1, id name: Default Client)] notification.?(?) - Load persistent model notification definitions...
2018-01-12 14:57:41,526  INFO   [Starter for "cmdb_mod_not" (during Writer server startup). (customer 1, id name: Default Client)] notification.?(?) - The persistent model notification definitions are: [Model notification definition state [Collectors Model notification]]
2018-01-12 14:57:41,526  INFO   [Starter for "cmdb_mod_not" (during Writer server startup). (customer 1, id name: Default Client)] notification.?(?) - Register model listener...
2018-01-12 18:12:43,721  INFO   [Starter for "cmdb_mod_not" (during Writer server startup). (customer 1, id name: Default Client)] notification.?(?) - Load persistent model notification definitions...
2018-01-12 18:12:44,367  INFO   [Starter for "cmdb_mod_not" (during Writer server startup). (customer 1, id name: Default Client)] notification.?(?) - The persistent model notification definitions are: [Model notification definition state [Collectors Model notification]]
2018-01-12 18:12:44,367  INFO   [Starter for "cmdb_mod_not" (during Writer server startup). (customer 1, id name: Default Client)] notification.?(?) - Register model listener...
2018-01-12 18:34:49,749  INFO   [Starter for "cmdb_mod_not" (during Writer server startup). (customer 1, id name: Default Client)] notification.?(?) - Load persistent model notification definitions...
2018-01-12 18:34:50,208  INFO   [Starter for "cmdb_mod_not" (during Writer server startup). (customer 1, id name: Default Client)] notification.?(?) - The persistent model notification definitions are: [Model notification definition state [Collectors Model notification]]
2018-01-12 18:34:50,208  INFO   [Starter for "cmdb_mod_not" (during Writer server startup). (customer 1, id name: Default Client)] notification.?(?) - Register model listener...
2018-01-15 18:18:27,568  INFO   [Starter for "cmdb_mod_not" (during Writer server startup). (customer 1, id name: Default Client)] notification.?(?) - Load persistent model notification definitions...
2018-01-15 18:18:27,854  INFO   [Starter for "cmdb_mod_not" (during Writer server startup). (customer 1, id name: Default Client)] notification.?(?) - The persistent model notification definitions are: [Model notification definition state [Collectors Model notification]]
2018-01-15 18:18:27,855  INFO   [Starter for "cmdb_mod_not" (during Writer server startup). (customer 1, id name: Default Client)] notification.?(?) - Register model listener...
2018-01-25 10:43:23,423  INFO   [Starter for "cmdb_mod_not" (during Writer server startup). (customer 1, id name: Default Client)] notification.?(?) - Load persistent model notification definitions...
2018-01-25 10:43:24,879  INFO   [Starter for "cmdb_mod_not" (during Writer server startup). (customer 1, id name: Default Client)] notification.?(?) - The persistent model notification definitions are: [Model notification definition state [Collectors Model notification]]
2018-01-25 10:43:24,879  INFO   [Starter for "cmdb_mod_not" (during Writer server startup). (customer 1, id name: Default Client)] notification.?(?) - Register model listener...
2018-02-01 21:55:02,269  INFO   [Starter for "cmdb_mod_not" (during Writer server startup). (customer 1, id name: Default Client)] notification.?(?) - Load persistent model notification definitions...
2018-02-01 21:55:03,130  INFO   [Starter for "cmdb_mod_not" (during Writer server startup). (customer 1, id name: Default Client)] notification.?(?) - The persistent model notification definitions are: [Model notification definition state [Collectors Model notification]]
2018-02-01 21:55:03,130  INFO   [Starter for "cmdb_mod_not" (during Writer server startup). (customer 1, id name: Default Client)] notification.?(?) - Register model listener...
2018-02-23 08:22:02,918  INFO   [Starter for "cmdb_mod_not" (during Writer server startup). (customer 1, id name: Default Client)] notification.?(?) - Load persistent model notification definitions...
2018-02-23 08:22:03,315  INFO   [Starter for "cmdb_mod_not" (during Writer server startup). (customer 1, id name: Default Client)] notification.?(?) - The persistent model notification definitions are: [Model notification definition state [Collectors Model notification]]
2018-02-23 08:22:03,315  INFO   [Starter for "cmdb_mod_not" (during Writer server startup). (customer 1, id name: Default Client)] notification.?(?) - Register model listener...
2018-02-23 10:18:35,639  INFO   [Starter for "cmdb_mod_not" (during Writer server startup). (customer 1, id name: Default Client)] notification.?(?) - Load persistent model notification definitions...
2018-02-23 10:18:35,914  INFO   [Starter for "cmdb_mod_not" (during Writer server startup). (customer 1, id name: Default Client)] notification.?(?) - The persistent model notification definitions are: [Model notification definition state [Collectors Model notification]]
2018-02-23 10:18:35,914  INFO   [Starter for "cmdb_mod_not" (during Writer server startup). (customer 1, id name: Default Client)] notification.?(?) - Register model listener...
2018-02-26 15:58:23,464  INFO   [Starter for "cmdb_mod_not" (during Writer server startup). (customer 1, id name: Default Client)] notification.?(?) - Load persistent model notification definitions...
2018-02-26 15:58:24,045  INFO   [Starter for "cmdb_mod_not" (during Writer server startup). (customer 1, id name: Default Client)] notification.?(?) - The persistent model notification definitions are: [Model notification definition state [Collectors Model notification]]
2018-02-26 15:58:24,045  INFO   [Starter for "cmdb_mod_not" (during Writer server startup). (customer 1, id name: Default Client)] notification.?(?) - Register model listener...
2018-02-26 16:41:42,425  INFO   [Starter for "cmdb_mod_not" (during Writer server startup). (customer 1, id name: Default Client)] notification.?(?) - Load persistent model notification definitions...
2018-02-26 16:41:43,216  INFO   [Starter for "cmdb_mod_not" (during Writer server startup). (customer 1, id name: Default Client)] notification.?(?) - The persistent model notification definitions are: [Model notification definition state [Collectors Model notification]]
2018-02-26 16:41:43,216  INFO   [Starter for "cmdb_mod_not" (during Writer server startup). (customer 1, id name: Default Client)] notification.?(?) - Register model listener...
