2017-12-12 14:31:41,127  INFO   [Starter for "mapping-engine" (during Writer server startup). (customer 1, id name: Default Client)] - Kafka not configured. History is running in embedded mode
2017-12-12 14:31:41,156  INFO   [Starter for "mapping-engine" (during Writer server startup). (customer 1, id name: Default Client)] - Kafka not configured. History is running in embedded mode
2017-12-12 14:31:54,066  INFO   [Starter for "scheduler" (during Writer server startup). (customer 1, id name: Default Client)] - Kafka not configured. History is running in embedded mode
2017-12-12 14:31:54,135  INFO   [Starter for "scheduler" (during Writer server startup). (customer 1, id name: Default Client)] - Kafka not configured. History is running in embedded mode
2017-12-12 14:36:00,424  INFO   [RequestProcessorAsyncPool-453] - Kafka not configured. History is running in embedded mode
2017-12-12 14:36:00,815  INFO   [parallel execution thread pool-437] - Kafka not configured. History is running in embedded mode
2017-12-12 14:36:00,961  INFO   [parallel execution thread pool-437] - Kafka not configured. History is running in embedded mode
2017-12-12 14:36:01,103  INFO   [parallel execution thread pool-437] - Kafka not configured. History is running in embedded mode
2017-12-12 19:59:32,827  INFO   [Starter for "scheduler" (during Writer server startup). (customer 1, id name: Default Client)] - Kafka not configured. History is running in embedded mode
2017-12-12 20:22:41,195  INFO   [Starter for "scheduler" (during Writer server startup). (customer 1, id name: Default Client)] - Kafka not configured. History is running in embedded mode
2017-12-14 10:26:12,541  INFO   [Starter for "scheduler" (during Writer server startup). (customer 1, id name: Default Client)] - Kafka not configured. History is running in embedded mode
2017-12-14 15:51:39,314  INFO   [Starter for "scheduler" (during Writer server startup). (customer 1, id name: Default Client)] - Kafka not configured. History is running in embedded mode
2018-01-04 15:30:25,054  INFO   [Starter for "scheduler" (during Writer server startup). (customer 1, id name: Default Client)] - Kafka not configured. History is running in embedded mode
2018-01-04 22:23:32,635  INFO   [qtp613630562-2025] - Kafka not configured. History is running in embedded mode
2018-01-04 22:24:02,351  INFO   [qtp613630562-2025] - Kafka not configured. History is running in embedded mode
2018-01-04 22:24:02,423  INFO   [qtp613630562-2025] - Kafka not configured. History is running in embedded mode
2018-01-04 22:24:15,138  INFO   [qtp613630562-2024] - Kafka not configured. History is running in embedded mode
2018-01-04 22:24:15,230  INFO   [qtp613630562-2024] - Kafka not configured. History is running in embedded mode
2018-01-04 22:24:17,926  INFO   [qtp613630562-2020] - Kafka not configured. History is running in embedded mode
2018-01-04 22:25:34,517  INFO   [qtp613630562-2024] - Kafka not configured. History is running in embedded mode
2018-01-05 01:27:11,439  INFO   [qtp613630562-2709] - Kafka not configured. History is running in embedded mode
2018-01-05 01:27:29,161  INFO   [qtp613630562-2709] - Kafka not configured. History is running in embedded mode
2018-01-05 01:27:29,187  INFO   [qtp613630562-2709] - Kafka not configured. History is running in embedded mode
2018-01-05 01:27:42,829  INFO   [qtp613630562-2715] - Kafka not configured. History is running in embedded mode
2018-01-05 01:27:42,868  INFO   [qtp613630562-2715] - Kafka not configured. History is running in embedded mode
2018-01-05 01:27:44,323  INFO   [qtp613630562-2715] - Kafka not configured. History is running in embedded mode
2018-01-05 01:40:12,616  INFO   [qtp613630562-2774] - Kafka not configured. History is running in embedded mode
2018-01-05 01:40:12,788  INFO   [qtp613630562-2774] - Kafka not configured. History is running in embedded mode
2018-01-05 01:40:12,890  INFO   [qtp613630562-2774] - Kafka not configured. History is running in embedded mode
2018-01-05 01:40:15,198  INFO   [qtp613630562-2783] - Kafka not configured. History is running in embedded mode
2018-01-05 13:07:28,816  INFO   [qtp613630562-5310] - Kafka not configured. History is running in embedded mode
2018-01-05 13:07:46,883  INFO   [qtp613630562-5333] - Kafka not configured. History is running in embedded mode
2018-01-05 13:07:46,920  INFO   [qtp613630562-5333] - Kafka not configured. History is running in embedded mode
2018-01-05 13:08:00,667  INFO   [qtp613630562-5333] - Kafka not configured. History is running in embedded mode
2018-01-05 13:08:00,786  INFO   [qtp613630562-5333] - Kafka not configured. History is running in embedded mode
2018-01-05 13:08:02,421  INFO   [qtp613630562-5334] - Kafka not configured. History is running in embedded mode
2018-01-05 13:20:05,222  INFO   [qtp613630562-5379] - Kafka not configured. History is running in embedded mode
2018-01-05 13:20:05,330  INFO   [qtp613630562-5379] - Kafka not configured. History is running in embedded mode
2018-01-05 13:20:05,382  INFO   [qtp613630562-5379] - Kafka not configured. History is running in embedded mode
2018-01-05 13:20:07,958  INFO   [qtp613630562-5403] - Kafka not configured. History is running in embedded mode
2018-01-05 13:35:47,616  INFO   [qtp613630562-5458] - Kafka not configured. History is running in embedded mode
2018-01-05 13:36:05,897  INFO   [qtp613630562-5458] - Kafka not configured. History is running in embedded mode
2018-01-05 13:36:05,916  INFO   [qtp613630562-5458] - Kafka not configured. History is running in embedded mode
2018-01-05 13:36:19,577  INFO   [qtp613630562-5458] - Kafka not configured. History is running in embedded mode
2018-01-05 13:36:19,658  INFO   [qtp613630562-5458] - Kafka not configured. History is running in embedded mode
2018-01-05 13:36:21,132  INFO   [qtp613630562-5477] - Kafka not configured. History is running in embedded mode
2018-01-05 13:40:07,831  INFO   [qtp613630562-5491] - Kafka not configured. History is running in embedded mode
2018-01-05 13:40:07,908  INFO   [qtp613630562-5491] - Kafka not configured. History is running in embedded mode
2018-01-05 13:40:07,930  INFO   [qtp613630562-5491] - Kafka not configured. History is running in embedded mode
2018-01-05 13:40:10,322  INFO   [qtp613630562-5491] - Kafka not configured. History is running in embedded mode
2018-01-05 16:14:44,549  INFO   [qtp613630562-6061] - Kafka not configured. History is running in embedded mode
2018-01-05 16:14:57,499  INFO   [qtp613630562-6059] - Kafka not configured. History is running in embedded mode
2018-01-05 16:14:57,551  INFO   [qtp613630562-6059] - Kafka not configured. History is running in embedded mode
2018-01-05 16:15:11,424  INFO   [qtp613630562-6084] - Kafka not configured. History is running in embedded mode
2018-01-05 16:15:11,465  INFO   [qtp613630562-6084] - Kafka not configured. History is running in embedded mode
2018-01-05 16:15:12,679  INFO   [qtp613630562-6084] - Kafka not configured. History is running in embedded mode
2018-01-05 16:19:14,269  INFO   [qtp613630562-6097] - Kafka not configured. History is running in embedded mode
2018-01-05 16:19:14,349  INFO   [qtp613630562-6097] - Kafka not configured. History is running in embedded mode
2018-01-05 16:19:14,378  INFO   [qtp613630562-6097] - Kafka not configured. History is running in embedded mode
2018-01-05 16:19:16,512  INFO   [qtp613630562-6098] - Kafka not configured. History is running in embedded mode
2018-01-05 16:36:10,338  INFO   [qtp613630562-6164] - Kafka not configured. History is running in embedded mode
2018-01-05 16:36:13,899  INFO   [qtp613630562-6164] - Kafka not configured. History is running in embedded mode
2018-01-05 16:41:23,384  INFO   [qtp613630562-6139] - Kafka not configured. History is running in embedded mode
2018-01-05 16:41:23,643  INFO   [qtp613630562-6164] - Kafka not configured. History is running in embedded mode
2018-01-05 16:41:24,275  INFO   [qtp613630562-6164] - Kafka not configured. History is running in embedded mode
2018-01-05 16:41:26,462  INFO   [qtp613630562-6164] - Kafka not configured. History is running in embedded mode
2018-01-05 16:42:06,326  INFO   [qtp613630562-6183] - Kafka not configured. History is running in embedded mode
2018-01-05 16:42:06,594  INFO   [qtp613630562-6164] - Kafka not configured. History is running in embedded mode
2018-01-05 16:42:07,286  INFO   [qtp613630562-6183] - Kafka not configured. History is running in embedded mode
2018-01-05 16:42:09,526  INFO   [qtp613630562-6183] - Kafka not configured. History is running in embedded mode
2018-01-05 16:42:17,135  INFO   [qtp613630562-6183] - Kafka not configured. History is running in embedded mode
2018-01-05 16:42:17,284  INFO   [qtp613630562-6183] - Kafka not configured. History is running in embedded mode
2018-01-05 16:42:17,844  INFO   [qtp613630562-6164] - Kafka not configured. History is running in embedded mode
2018-01-05 16:42:20,992  INFO   [qtp613630562-6164] - Kafka not configured. History is running in embedded mode
2018-01-05 16:42:22,956  INFO   [qtp613630562-6164] - Kafka not configured. History is running in embedded mode
2018-01-05 16:42:23,230  INFO   [qtp613630562-6183] - Kafka not configured. History is running in embedded mode
2018-01-05 16:42:23,926  INFO   [qtp613630562-6212] - Kafka not configured. History is running in embedded mode
2018-01-05 16:42:26,376  INFO   [qtp613630562-6183] - Kafka not configured. History is running in embedded mode
2018-01-05 23:04:14,097  INFO   [qtp613630562-7614] - Kafka not configured. History is running in embedded mode
2018-01-05 23:04:26,891  INFO   [qtp613630562-7614] - Kafka not configured. History is running in embedded mode
2018-01-05 23:04:26,910  INFO   [qtp613630562-7614] - Kafka not configured. History is running in embedded mode
2018-01-05 23:04:41,010  INFO   [qtp613630562-7614] - Kafka not configured. History is running in embedded mode
2018-01-05 23:04:41,068  INFO   [qtp613630562-7614] - Kafka not configured. History is running in embedded mode
2018-01-05 23:04:42,533  INFO   [qtp613630562-7611] - Kafka not configured. History is running in embedded mode
2018-01-05 23:24:38,781  INFO   [qtp613630562-7702] - Kafka not configured. History is running in embedded mode
2018-01-05 23:26:54,400  INFO   [qtp613630562-7725] - Kafka not configured. History is running in embedded mode
2018-01-05 23:27:11,817  INFO   [qtp613630562-7724] - Kafka not configured. History is running in embedded mode
2018-01-05 23:27:11,849  INFO   [qtp613630562-7724] - Kafka not configured. History is running in embedded mode
2018-01-05 23:27:26,318  INFO   [qtp613630562-7724] - Kafka not configured. History is running in embedded mode
2018-01-05 23:27:26,384  INFO   [qtp613630562-7724] - Kafka not configured. History is running in embedded mode
2018-01-05 23:27:27,965  INFO   [qtp613630562-7724] - Kafka not configured. History is running in embedded mode
2018-01-05 23:31:04,371  INFO   [qtp613630562-7751] - Kafka not configured. History is running in embedded mode
2018-01-05 23:31:04,480  INFO   [qtp613630562-7751] - Kafka not configured. History is running in embedded mode
2018-01-05 23:31:04,511  INFO   [qtp613630562-7751] - Kafka not configured. History is running in embedded mode
2018-01-05 23:31:06,868  INFO   [qtp613630562-7728] - Kafka not configured. History is running in embedded mode
2018-01-12 14:57:47,862  INFO   [Starter for "scheduler" (during Writer server startup). (customer 1, id name: Default Client)] - Kafka not configured. History is running in embedded mode
2018-01-12 18:12:50,441  INFO   [Starter for "scheduler" (during Writer server startup). (customer 1, id name: Default Client)] - Kafka not configured. History is running in embedded mode
2018-01-12 18:34:54,382  INFO   [Starter for "scheduler" (during Writer server startup). (customer 1, id name: Default Client)] - Kafka not configured. History is running in embedded mode
2018-01-15 18:18:31,241  INFO   [Starter for "scheduler" (during Writer server startup). (customer 1, id name: Default Client)] - Kafka not configured. History is running in embedded mode
2018-01-25 10:43:33,656  INFO   [Starter for "scheduler" (during Writer server startup). (customer 1, id name: Default Client)] - Kafka not configured. History is running in embedded mode
2018-02-01 21:55:06,865  INFO   [Starter for "scheduler" (during Writer server startup). (customer 1, id name: Default Client)] - Kafka not configured. History is running in embedded mode
2018-02-21 17:05:33,816  INFO   [qtp1607453282-104646] - Kafka not configured. History is running in embedded mode
2018-02-21 17:05:51,502  INFO   [qtp1607453282-104645] - Kafka not configured. History is running in embedded mode
2018-02-21 17:15:20,520  INFO   [qtp1607453282-104688] - Kafka not configured. History is running in embedded mode
2018-02-21 17:15:40,228  INFO   [qtp1607453282-104681] - Kafka not configured. History is running in embedded mode
2018-02-21 17:15:44,783  INFO   [qtp1607453282-104681] - Kafka not configured. History is running in embedded mode
2018-02-21 17:16:05,626  INFO   [qtp1607453282-104692] - Kafka not configured. History is running in embedded mode
2018-02-21 17:16:09,329  INFO   [qtp1607453282-104692] - Kafka not configured. History is running in embedded mode
2018-02-21 17:16:24,637  INFO   [qtp1607453282-104688] - Kafka not configured. History is running in embedded mode
2018-02-21 17:16:27,285  INFO   [qtp1607453282-104692] - Kafka not configured. History is running in embedded mode
2018-02-21 23:58:41,787  INFO   [qtp1607453282-119225] - Kafka not configured. History is running in embedded mode
2018-02-21 23:58:56,985  INFO   [qtp1607453282-119225] - Kafka not configured. History is running in embedded mode
2018-02-21 23:59:00,059  INFO   [qtp1607453282-119225] - Kafka not configured. History is running in embedded mode
2018-02-21 23:59:15,547  INFO   [qtp1607453282-119268] - Kafka not configured. History is running in embedded mode
2018-02-21 23:59:19,187  INFO   [qtp1607453282-119268] - Kafka not configured. History is running in embedded mode
2018-02-21 23:59:34,751  INFO   [qtp1607453282-119268] - Kafka not configured. History is running in embedded mode
2018-02-21 23:59:37,645  INFO   [qtp1607453282-119275] - Kafka not configured. History is running in embedded mode
2018-02-22 00:09:31,879  INFO   [qtp1607453282-119332] - Kafka not configured. History is running in embedded mode
2018-02-22 00:09:56,732  INFO   [qtp1607453282-119332] - Kafka not configured. History is running in embedded mode
2018-02-22 00:09:59,872  INFO   [qtp1607453282-119332] - Kafka not configured. History is running in embedded mode
2018-02-22 00:10:12,041  INFO   [qtp1607453282-119365] - Kafka not configured. History is running in embedded mode
2018-02-22 00:10:15,734  INFO   [qtp1607453282-119365] - Kafka not configured. History is running in embedded mode
2018-02-22 00:10:31,540  INFO   [qtp1607453282-119365] - Kafka not configured. History is running in embedded mode
2018-02-22 00:10:34,168  INFO   [qtp1607453282-119332] - Kafka not configured. History is running in embedded mode
2018-02-22 01:29:29,603  INFO   [qtp1607453282-119670] - Kafka not configured. History is running in embedded mode
2018-02-22 01:29:43,943  INFO   [qtp1607453282-119668] - Kafka not configured. History is running in embedded mode
2018-02-22 01:29:46,920  INFO   [qtp1607453282-119668] - Kafka not configured. History is running in embedded mode
2018-02-22 01:30:03,226  INFO   [qtp1607453282-119627] - Kafka not configured. History is running in embedded mode
2018-02-22 01:30:07,072  INFO   [qtp1607453282-119668] - Kafka not configured. History is running in embedded mode
2018-02-22 01:30:27,592  INFO   [qtp1607453282-119668] - Kafka not configured. History is running in embedded mode
2018-02-22 01:30:29,765  INFO   [qtp1607453282-119627] - Kafka not configured. History is running in embedded mode
2018-02-22 15:46:45,931  INFO   [qtp1607453282-124174] - Kafka not configured. History is running in embedded mode
2018-02-22 15:47:04,837  INFO   [qtp1607453282-124174] - Kafka not configured. History is running in embedded mode
2018-02-22 15:47:08,006  INFO   [qtp1607453282-124174] - Kafka not configured. History is running in embedded mode
2018-02-22 15:47:23,621  INFO   [qtp1607453282-124174] - Kafka not configured. History is running in embedded mode
2018-02-22 15:47:27,727  INFO   [qtp1607453282-124174] - Kafka not configured. History is running in embedded mode
2018-02-22 15:47:42,045  INFO   [qtp1607453282-124174] - Kafka not configured. History is running in embedded mode
2018-02-22 15:47:44,280  INFO   [qtp1607453282-124174] - Kafka not configured. History is running in embedded mode
2018-02-22 16:10:57,033  INFO   [qtp1607453282-124322] - Kafka not configured. History is running in embedded mode
2018-02-22 16:11:11,000  INFO   [qtp1607453282-124322] - Kafka not configured. History is running in embedded mode
2018-02-22 16:11:25,303  INFO   [qtp1607453282-124322] - Kafka not configured. History is running in embedded mode
2018-02-22 16:11:40,195  INFO   [qtp1607453282-124322] - Kafka not configured. History is running in embedded mode
2018-02-23 08:22:07,497  INFO   [Starter for "scheduler" (during Writer server startup). (customer 1, id name: Default Client)] - Kafka not configured. History is running in embedded mode
2018-02-23 10:18:39,222  INFO   [Starter for "scheduler" (during Writer server startup). (customer 1, id name: Default Client)] - Kafka not configured. History is running in embedded mode
2018-02-26 15:58:28,806  INFO   [Starter for "scheduler" (during Writer server startup). (customer 1, id name: Default Client)] - Kafka not configured. History is running in embedded mode
2018-02-26 16:41:48,598  INFO   [Starter for "scheduler" (during Writer server startup). (customer 1, id name: Default Client)] - Kafka not configured. History is running in embedded mode
