2018-01-04 22:26:37,322  INFO   [qtp613630562-2023] - Operation:[HistQueryGetDataLayout] ;Number of requested CMDB IDs: 1; Requested date: 12/5/17 6:00 AM; Request layout: Typed layout: [Default layout = Simple layout: [All = true, keys = []], ]
2018-01-04 22:26:37,526  INFO   [qtp613630562-2023] - Operation:[HistQueryGetDataLayout] ;Results: 0 layouts were returned.
2018-01-04 22:26:37,526  INFO   [qtp613630562-2023] - HistQueryGetDataLayout took 205 [ms]
2018-01-04 22:26:37,587  INFO   [qtp613630562-2057] - Operation:[hist query: get data changes] ;Number of requested CMDB IDs: 1; Request layout: SimpleHistEventLayoutImpl{_isIncludePrevValue=true, _isIncludeEnd2Info=true}; Request filter: HistoryFilter includes: Changer-null; FromDate-Tue Dec 05 06:00:00 UTC 2017; ToDate-Thu Jan 04 22:26:55 UTC 2018 ChangeTypes-{Empty}; Class types-{Empty}; End2 Class types-{Empty}; Attributes Condition-{Empty};
2018-01-04 22:26:37,600  INFO   [qtp613630562-2057] - --- Get Changes input: layout=<SimpleHistEventLayoutImpl{_isIncludePrevValue=true, _isIncludeEnd2Info=true}>; filter=<HistoryFilter includes: Changer-null; FromDate-Tue Dec 05 06:00:00 UTC 2017; ToDate-Thu Jan 04 22:26:55 UTC 2018 ChangeTypes-{Empty}; Class types-{Empty}; End2 Class types-{Empty}; Attributes Condition-{Empty};>; id condition size=<1>
2018-01-04 22:26:37,636  INFO   [qtp613630562-2057] - Going to bring events for class types: business_application
2018-01-04 22:26:37,789  INFO   [qtp613630562-2057] - Changes for class=[business_application]; table name=HDM_171210BUSINES_1485478935; layout=<SimpleHistEventLayoutImpl{_isIncludePrevValue=true, _isIncludeEnd2Info=true}>; filter=<HistoryFilter includes: Changer-null; FromDate-Tue Dec 05 06:00:00 UTC 2017; ToDate-Thu Jan 04 22:26:55 UTC 2018 ChangeTypes-{Empty}; Class types-{Empty}; End2 Class types-{Empty}; Attributes Condition-{Empty};>; id condition size=<1>
2018-01-04 22:26:38,289  INFO   [qtp613630562-2057] - Finished changes for class=[business_application]; table name=HDM_171210BUSINES_1485478935
2018-01-04 22:26:38,324  INFO   [qtp613630562-2057] - Brought 1 events for classes in 687 ms
2018-01-04 22:26:38,335  INFO   [qtp613630562-2057] - Start to calculate related events, shouldGetEnd2Info=true, input end1 ids=[41bf2688b8b8d8b78ce85cac97f5e750]
2018-01-04 22:26:38,747  INFO   [qtp613630562-2057] - Found 2 links in 58 tables in 384 ms
2018-01-04 22:26:38,768  INFO   [qtp613630562-2057] - Found types of links end1 in 20 ms
2018-01-04 22:26:38,768  INFO   [qtp613630562-2057] - Going to bring end2 info
2018-01-04 22:26:38,772  INFO   [qtp613630562-2057] - Get layout in different dates, layout=Simple layout: [keys = [display_label]], input date-to-ids pairs size=2
2018-01-04 22:26:38,773  INFO   [qtp613630562-2057] - Resolving types acc. to data id and date from root table
2018-01-04 22:26:38,783  INFO   [qtp613630562-2057] - Finished resolving, preparing data for getting layout
2018-01-04 22:26:38,793  INFO   [qtp613630562-2057] - Get [host_node] history data from table [HDM_171210HOST_NODE_1]; Number of requested CMDB IDs: 1; Size of CmdbId-Dates map: 2; Request layout: Simple layout: [keys = [display_label]]
2018-01-04 22:26:38,866  INFO   [qtp613630562-2057] - Finished to bring end2 info in 98 ms
2018-01-04 22:26:38,866  INFO   [qtp613630562-2057] - Finished to calculate related events
2018-01-04 22:26:38,876  INFO   [qtp613630562-2057] - Brought 2 Related events in 542 ms
2018-01-04 22:26:38,876  INFO   [qtp613630562-2057] - Going to process collected events
2018-01-04 22:26:38,877  INFO   [qtp613630562-2057] - Starting to calculate initial data and previous values from collected events if needed.
2018-01-04 22:26:38,879  INFO   [qtp613630562-2057] - Finished to calculate initial data and previous values from collected events.
2018-01-04 22:26:38,879  INFO   [qtp613630562-2057] - Starting to load from DB initial data and previous values if needed.
2018-01-04 22:26:38,879  INFO   [qtp613630562-2057] - Finished to load from DB initial data and previous values if needed.
2018-01-04 22:26:38,880  INFO   [qtp613630562-2057] - Processed events in 2 ms
2018-01-04 22:26:38,880  INFO   [qtp613630562-2057] - --- Finished get changes
2018-01-04 22:26:38,903  INFO   [qtp613630562-2057] - Operation:[hist query: get data changes] ;Results: 1 events were returned.
2018-01-04 22:26:38,903  INFO   [qtp613630562-2057] - HistQueryGetDataChanges took 1,318 [ms]
2018-01-04 22:26:38,971  INFO   [qtp613630562-2060] - Operation:[HistQueryGetDataLayout] ;Number of requested CMDB IDs: 1; Requested date: 1/4/18 10:24 PM; Request layout: Typed layout: [Default layout = Simple layout: [All = true, keys = []], ]
2018-01-04 22:26:39,017  INFO   [qtp613630562-2060] - Get [business_application] history data from table [HDM_171210BUSINES_1485478935]; Number of requested CMDB IDs: 1; Number of changes IDs: 1; Request layout: Simple layout: [keys = [data_testisnew, business_criticality, data_updated_by, city, data_operationcorrstate, create_time, data_operationstate, data_operationisnew, root_container, data_externalid, data_origin, description, isBulkModeled, root_lastaccesstime, ack_cleared_time, digest, data_changestate, app_id, data_changeisnew, contextmenu, track_changes, entrance_urls, display_label, name, root_iscandidatefordeletion, data_changecorrstate, data_allow_auto_discovery, user_label, root_actualdeletetime, data_testcorrstate, root_enableageing, calculated_id, global_id, ack_id, root_iconproperties, root_candidatefordeletetime, last_modified_time, country, data_source, root_class, data_note, tags, state, is_save_persistency, deploy_type, root_system, data_adminstate, document_list, data_teststate]]
2018-01-04 22:26:39,092  INFO   [qtp613630562-2060] - Operation:[HistQueryGetDataLayout] ;Results: 1 layouts were returned.
2018-01-04 22:26:39,092  INFO   [qtp613630562-2060] - HistQueryGetDataLayout took 121 [ms]
2018-01-05 13:16:33,239  INFO   [qtp613630562-5379] - Operation:[HistQueryGetDataLayout] ;Number of requested CMDB IDs: 1; Requested date: 12/6/17 6:00 AM; Request layout: Typed layout: [Default layout = Simple layout: [All = true, keys = []], ]
2018-01-05 13:16:33,305  INFO   [qtp613630562-5379] - Operation:[HistQueryGetDataLayout] ;Results: 0 layouts were returned.
2018-01-05 13:16:33,305  INFO   [qtp613630562-5379] - HistQueryGetDataLayout took 78 [ms]
2018-01-05 13:16:33,322  INFO   [qtp613630562-5379] - Operation:[hist query: get data changes] ;Number of requested CMDB IDs: 1; Request layout: SimpleHistEventLayoutImpl{_isIncludePrevValue=true, _isIncludeEnd2Info=true}; Request filter: HistoryFilter includes: Changer-null; FromDate-Wed Dec 06 06:00:00 UTC 2017; ToDate-Fri Jan 05 13:16:52 UTC 2018 ChangeTypes-{Empty}; Class types-{Empty}; End2 Class types-{Empty}; Attributes Condition-{Empty};
2018-01-05 13:16:33,323  INFO   [qtp613630562-5379] - --- Get Changes input: layout=<SimpleHistEventLayoutImpl{_isIncludePrevValue=true, _isIncludeEnd2Info=true}>; filter=<HistoryFilter includes: Changer-null; FromDate-Wed Dec 06 06:00:00 UTC 2017; ToDate-Fri Jan 05 13:16:52 UTC 2018 ChangeTypes-{Empty}; Class types-{Empty}; End2 Class types-{Empty}; Attributes Condition-{Empty};>; id condition size=<1>
2018-01-05 13:16:33,354  INFO   [qtp613630562-5379] - Going to bring events for class types: business_application
2018-01-05 13:16:33,356  INFO   [qtp613630562-5379] - Changes for class=[business_application]; table name=HDM_171210BUSINES_1485478935; layout=<SimpleHistEventLayoutImpl{_isIncludePrevValue=true, _isIncludeEnd2Info=true}>; filter=<HistoryFilter includes: Changer-null; FromDate-Wed Dec 06 06:00:00 UTC 2017; ToDate-Fri Jan 05 13:16:52 UTC 2018 ChangeTypes-{Empty}; Class types-{Empty}; End2 Class types-{Empty}; Attributes Condition-{Empty};>; id condition size=<1>
2018-01-05 13:16:33,462  INFO   [qtp613630562-5379] - Finished changes for class=[business_application]; table name=HDM_171210BUSINES_1485478935
2018-01-05 13:16:33,486  INFO   [qtp613630562-5379] - Brought 1 events for classes in 131 ms
2018-01-05 13:16:33,487  INFO   [qtp613630562-5379] - Start to calculate related events, shouldGetEnd2Info=true, input end1 ids=[41bf2688b8b8d8b78ce85cac97f5e750]
2018-01-05 13:16:33,957  INFO   [qtp613630562-5379] - Found 2 links in 58 tables in 463 ms
2018-01-05 13:16:33,982  INFO   [qtp613630562-5379] - Found types of links end1 in 24 ms
2018-01-05 13:16:33,982  INFO   [qtp613630562-5379] - Going to bring end2 info
2018-01-05 13:16:33,982  INFO   [qtp613630562-5379] - Get layout in different dates, layout=Simple layout: [keys = [display_label]], input date-to-ids pairs size=2
2018-01-05 13:16:33,983  INFO   [qtp613630562-5379] - Resolving types acc. to data id and date from root table
2018-01-05 13:16:34,018  INFO   [qtp613630562-5379] - Finished resolving, preparing data for getting layout
2018-01-05 13:16:34,040  INFO   [qtp613630562-5379] - Get [host_node] history data from table [HDM_171210HOST_NODE_1]; Number of requested CMDB IDs: 1; Size of CmdbId-Dates map: 2; Request layout: Simple layout: [keys = [display_label]]
2018-01-05 13:16:34,207  INFO   [qtp613630562-5379] - Finished to bring end2 info in 225 ms
2018-01-05 13:16:34,207  INFO   [qtp613630562-5379] - Finished to calculate related events
2018-01-05 13:16:34,228  INFO   [qtp613630562-5379] - Brought 2 Related events in 741 ms
2018-01-05 13:16:34,228  INFO   [qtp613630562-5379] - Going to process collected events
2018-01-05 13:16:34,228  INFO   [qtp613630562-5379] - Starting to calculate initial data and previous values from collected events if needed.
2018-01-05 13:16:34,229  INFO   [qtp613630562-5379] - Finished to calculate initial data and previous values from collected events.
2018-01-05 13:16:34,229  INFO   [qtp613630562-5379] - Starting to load from DB initial data and previous values if needed.
2018-01-05 13:16:34,229  INFO   [qtp613630562-5379] - Finished to load from DB initial data and previous values if needed.
2018-01-05 13:16:34,229  INFO   [qtp613630562-5379] - Processed events in 0 ms
2018-01-05 13:16:34,229  INFO   [qtp613630562-5379] - --- Finished get changes
2018-01-05 13:16:34,279  INFO   [qtp613630562-5379] - Operation:[hist query: get data changes] ;Results: 1 events were returned.
2018-01-05 13:16:34,279  INFO   [qtp613630562-5379] - HistQueryGetDataChanges took 957 [ms]
2018-01-05 13:16:34,315  INFO   [qtp613630562-5391] - Operation:[HistQueryGetDataLayout] ;Number of requested CMDB IDs: 1; Requested date: 1/4/18 10:24 PM; Request layout: Typed layout: [Default layout = Simple layout: [All = true, keys = []], ]
2018-01-05 13:16:34,374  INFO   [qtp613630562-5391] - Get [business_application] history data from table [HDM_171210BUSINES_1485478935]; Number of requested CMDB IDs: 1; Number of changes IDs: 1; Request layout: Simple layout: [keys = [data_testisnew, business_criticality, data_updated_by, city, data_operationcorrstate, create_time, data_operationstate, data_operationisnew, root_container, data_externalid, data_origin, description, isBulkModeled, root_lastaccesstime, ack_cleared_time, digest, data_changestate, app_id, data_changeisnew, contextmenu, track_changes, entrance_urls, display_label, name, root_iscandidatefordeletion, data_changecorrstate, data_allow_auto_discovery, user_label, root_actualdeletetime, data_testcorrstate, root_enableageing, calculated_id, global_id, ack_id, root_iconproperties, root_candidatefordeletetime, last_modified_time, country, data_source, root_class, data_note, tags, state, is_save_persistency, deploy_type, root_system, data_adminstate, document_list, data_teststate]]
2018-01-05 13:16:34,597  INFO   [qtp613630562-5391] - Operation:[HistQueryGetDataLayout] ;Results: 1 layouts were returned.
2018-01-05 13:16:34,597  INFO   [qtp613630562-5391] - HistQueryGetDataLayout took 282 [ms]
2018-01-05 13:17:18,482  INFO   [qtp613630562-5391] - Operation:[HistQueryGetDataLayout] ;Number of requested CMDB IDs: 1; Requested date: 12/6/17 6:00 AM; Request layout: Typed layout: [Default layout = Simple layout: [All = true, keys = []], ]
2018-01-05 13:17:18,540  INFO   [qtp613630562-5391] - Operation:[HistQueryGetDataLayout] ;Results: 0 layouts were returned.
2018-01-05 13:17:18,540  INFO   [qtp613630562-5391] - HistQueryGetDataLayout took 58 [ms]
2018-01-05 13:17:18,554  INFO   [qtp613630562-5388] - Operation:[hist query: get data changes] ;Number of requested CMDB IDs: 1; Request layout: SimpleHistEventLayoutImpl{_isIncludePrevValue=true, _isIncludeEnd2Info=true}; Request filter: HistoryFilter includes: Changer-null; FromDate-Wed Dec 06 06:00:00 UTC 2017; ToDate-Fri Jan 05 13:17:37 UTC 2018 ChangeTypes-{Empty}; Class types-{Empty}; End2 Class types-{Empty}; Attributes Condition-{Empty};
2018-01-05 13:17:18,555  INFO   [qtp613630562-5388] - --- Get Changes input: layout=<SimpleHistEventLayoutImpl{_isIncludePrevValue=true, _isIncludeEnd2Info=true}>; filter=<HistoryFilter includes: Changer-null; FromDate-Wed Dec 06 06:00:00 UTC 2017; ToDate-Fri Jan 05 13:17:37 UTC 2018 ChangeTypes-{Empty}; Class types-{Empty}; End2 Class types-{Empty}; Attributes Condition-{Empty};>; id condition size=<1>
2018-01-05 13:17:18,588  INFO   [qtp613630562-5388] - Going to bring events for class types: ip_address
2018-01-05 13:17:18,589  INFO   [qtp613630562-5388] - Changes for class=[ip_address]; table name=HDM_171210IP_ADDRESS_1; layout=<SimpleHistEventLayoutImpl{_isIncludePrevValue=true, _isIncludeEnd2Info=true}>; filter=<HistoryFilter includes: Changer-null; FromDate-Wed Dec 06 06:00:00 UTC 2017; ToDate-Fri Jan 05 13:17:37 UTC 2018 ChangeTypes-{Empty}; Class types-{Empty}; End2 Class types-{Empty}; Attributes Condition-{Empty};>; id condition size=<1>
2018-01-05 13:17:18,599  INFO   [qtp613630562-5388] - Finished changes for class=[ip_address]; table name=HDM_171210IP_ADDRESS_1
2018-01-05 13:17:18,619  INFO   [qtp613630562-5388] - Brought 1 events for classes in 30 ms
2018-01-05 13:17:18,620  INFO   [qtp613630562-5388] - Start to calculate related events, shouldGetEnd2Info=true, input end1 ids=[4aa11e06db78d568ae1e371ea08f1f91]
2018-01-05 13:17:18,784  INFO   [qtp613630562-5388] - Found 0 links in 58 tables in 158 ms
2018-01-05 13:17:18,784  INFO   [qtp613630562-5388] - not found events of add/remove links for given filter, return no related events
2018-01-05 13:17:18,804  INFO   [qtp613630562-5388] - Brought 0 Related events in 184 ms
2018-01-05 13:17:18,804  INFO   [qtp613630562-5388] - Going to process collected events
2018-01-05 13:17:18,804  INFO   [qtp613630562-5388] - Starting to calculate initial data and previous values from collected events if needed.
2018-01-05 13:17:18,804  INFO   [qtp613630562-5388] - Finished to calculate initial data and previous values from collected events.
2018-01-05 13:17:18,804  INFO   [qtp613630562-5388] - Starting to load from DB initial data and previous values if needed.
2018-01-05 13:17:18,804  INFO   [qtp613630562-5388] - Finished to load from DB initial data and previous values if needed.
2018-01-05 13:17:18,804  INFO   [qtp613630562-5388] - Processed events in 0 ms
2018-01-05 13:17:18,804  INFO   [qtp613630562-5388] - --- Finished get changes
2018-01-05 13:17:18,828  INFO   [qtp613630562-5388] - Operation:[hist query: get data changes] ;Results: 1 events were returned.
2018-01-05 13:17:18,829  INFO   [qtp613630562-5388] - HistQueryGetDataChanges took 276 [ms]
2018-01-05 13:17:18,845  INFO   [qtp613630562-5379] - Operation:[HistQueryGetDataLayout] ;Number of requested CMDB IDs: 1; Requested date: 1/5/18 1:40 AM; Request layout: Typed layout: [Default layout = Simple layout: [All = true, keys = []], ]
2018-01-05 13:17:18,878  INFO   [qtp613630562-5379] - Get [ip_address] history data from table [HDM_171210IP_ADDRESS_1]; Number of requested CMDB IDs: 1; Number of changes IDs: 1; Request layout: Simple layout: [keys = [data_testisnew, data_updated_by, ip_isbroadcast, city, ip_isdhcp, data_operationcorrstate, data_operationstate, create_time, ip_probename, ip_netclass, data_operationisnew, ip_netmask, root_container, data_externalid, data_origin, ip_nettype, description, root_lastaccesstime, ip_address, ack_cleared_time, ip_ismanaged, language, digest, data_changestate, ip_dhcpdomainname, codepage, data_changeisnew, contextmenu, track_changes, display_label, name, root_iscandidatefordeletion, isvirtual, ip_lease_time, data_changecorrstate, data_allow_auto_discovery, authoritative_dns_name, user_label, root_actualdeletetime, data_testcorrstate, root_enableageing, calculated_id, global_id, routing_domain, ip_netaddr, ack_id, root_iconproperties, root_candidatefordeletetime, last_modified_time, arp_mac, country, data_source, root_class, data_note, credentials_id, is_save_persistency, state, ip_address_type, root_system, ip_address_property, ip_address_value, data_adminstate, document_list, data_teststate]]
2018-01-05 13:17:18,945  INFO   [qtp613630562-5379] - Operation:[HistQueryGetDataLayout] ;Results: 1 layouts were returned.
2018-01-05 13:17:18,945  INFO   [qtp613630562-5379] - HistQueryGetDataLayout took 100 [ms]
2018-01-05 13:23:13,293  INFO   [qtp613630562-5388] - Operation:[HistQueryGetDataLayout] ;Number of requested CMDB IDs: 1; Requested date: 12/6/17 6:00 AM; Request layout: Typed layout: [Default layout = Simple layout: [All = true, keys = []], ]
2018-01-05 13:23:13,326  INFO   [qtp613630562-5388] - Operation:[HistQueryGetDataLayout] ;Results: 0 layouts were returned.
2018-01-05 13:23:13,326  INFO   [qtp613630562-5388] - HistQueryGetDataLayout took 33 [ms]
2018-01-05 13:23:13,333  INFO   [qtp613630562-5388] - Operation:[hist query: get data changes] ;Number of requested CMDB IDs: 1; Request layout: SimpleHistEventLayoutImpl{_isIncludePrevValue=true, _isIncludeEnd2Info=true}; Request filter: HistoryFilter includes: Changer-null; FromDate-Wed Dec 06 06:00:00 UTC 2017; ToDate-Fri Jan 05 13:23:31 UTC 2018 ChangeTypes-{Empty}; Class types-{Empty}; End2 Class types-{Empty}; Attributes Condition-{Empty};
2018-01-05 13:23:13,333  INFO   [qtp613630562-5388] - --- Get Changes input: layout=<SimpleHistEventLayoutImpl{_isIncludePrevValue=true, _isIncludeEnd2Info=true}>; filter=<HistoryFilter includes: Changer-null; FromDate-Wed Dec 06 06:00:00 UTC 2017; ToDate-Fri Jan 05 13:23:31 UTC 2018 ChangeTypes-{Empty}; Class types-{Empty}; End2 Class types-{Empty}; Attributes Condition-{Empty};>; id condition size=<1>
2018-01-05 13:23:13,350  INFO   [qtp613630562-5388] - Going to bring events for class types: business_application
2018-01-05 13:23:13,351  INFO   [qtp613630562-5388] - Changes for class=[business_application]; table name=HDM_171210BUSINES_1485478935; layout=<SimpleHistEventLayoutImpl{_isIncludePrevValue=true, _isIncludeEnd2Info=true}>; filter=<HistoryFilter includes: Changer-null; FromDate-Wed Dec 06 06:00:00 UTC 2017; ToDate-Fri Jan 05 13:23:31 UTC 2018 ChangeTypes-{Empty}; Class types-{Empty}; End2 Class types-{Empty}; Attributes Condition-{Empty};>; id condition size=<1>
2018-01-05 13:23:13,420  INFO   [qtp613630562-5388] - Finished changes for class=[business_application]; table name=HDM_171210BUSINES_1485478935
2018-01-05 13:23:13,435  INFO   [qtp613630562-5388] - Brought 1 events for classes in 84 ms
2018-01-05 13:23:13,436  INFO   [qtp613630562-5388] - Start to calculate related events, shouldGetEnd2Info=true, input end1 ids=[41bf2688b8b8d8b78ce85cac97f5e750]
2018-01-05 13:23:13,773  INFO   [qtp613630562-5388] - Found 2 links in 58 tables in 330 ms
2018-01-05 13:23:13,799  INFO   [qtp613630562-5388] - Found types of links end1 in 25 ms
2018-01-05 13:23:13,799  INFO   [qtp613630562-5388] - Going to bring end2 info
2018-01-05 13:23:13,800  INFO   [qtp613630562-5388] - Get layout in different dates, layout=Simple layout: [keys = [display_label]], input date-to-ids pairs size=2
2018-01-05 13:23:13,800  INFO   [qtp613630562-5388] - Resolving types acc. to data id and date from root table
2018-01-05 13:23:13,839  INFO   [qtp613630562-5388] - Finished resolving, preparing data for getting layout
2018-01-05 13:23:13,856  INFO   [qtp613630562-5388] - Get [host_node] history data from table [HDM_171210HOST_NODE_1]; Number of requested CMDB IDs: 1; Size of CmdbId-Dates map: 2; Request layout: Simple layout: [keys = [display_label]]
2018-01-05 13:23:13,963  INFO   [qtp613630562-5388] - Finished to bring end2 info in 164 ms
2018-01-05 13:23:13,963  INFO   [qtp613630562-5388] - Finished to calculate related events
2018-01-05 13:23:13,983  INFO   [qtp613630562-5388] - Brought 2 Related events in 548 ms
2018-01-05 13:23:13,983  INFO   [qtp613630562-5388] - Going to process collected events
2018-01-05 13:23:13,983  INFO   [qtp613630562-5388] - Starting to calculate initial data and previous values from collected events if needed.
2018-01-05 13:23:13,983  INFO   [qtp613630562-5388] - Finished to calculate initial data and previous values from collected events.
2018-01-05 13:23:13,983  INFO   [qtp613630562-5388] - Starting to load from DB initial data and previous values if needed.
2018-01-05 13:23:13,983  INFO   [qtp613630562-5388] - Finished to load from DB initial data and previous values if needed.
2018-01-05 13:23:13,983  INFO   [qtp613630562-5388] - Processed events in 0 ms
2018-01-05 13:23:13,984  INFO   [qtp613630562-5388] - --- Finished get changes
2018-01-05 13:23:14,017  INFO   [qtp613630562-5388] - Operation:[hist query: get data changes] ;Results: 1 events were returned.
2018-01-05 13:23:14,017  INFO   [qtp613630562-5388] - HistQueryGetDataChanges took 685 [ms]
2018-01-05 13:23:14,033  INFO   [qtp613630562-5388] - Operation:[HistQueryGetDataLayout] ;Number of requested CMDB IDs: 1; Requested date: 1/4/18 10:24 PM; Request layout: Typed layout: [Default layout = Simple layout: [All = true, keys = []], ]
2018-01-05 13:23:14,072  INFO   [qtp613630562-5388] - Get [business_application] history data from table [HDM_171210BUSINES_1485478935]; Number of requested CMDB IDs: 1; Number of changes IDs: 1; Request layout: Simple layout: [keys = [data_testisnew, business_criticality, data_updated_by, city, data_operationcorrstate, create_time, data_operationstate, data_operationisnew, root_container, data_externalid, data_origin, description, isBulkModeled, root_lastaccesstime, ack_cleared_time, digest, data_changestate, app_id, data_changeisnew, contextmenu, track_changes, entrance_urls, display_label, name, root_iscandidatefordeletion, data_changecorrstate, data_allow_auto_discovery, user_label, root_actualdeletetime, data_testcorrstate, root_enableageing, calculated_id, global_id, ack_id, root_iconproperties, root_candidatefordeletetime, last_modified_time, country, data_source, root_class, data_note, tags, state, is_save_persistency, deploy_type, root_system, data_adminstate, document_list, data_teststate]]
2018-01-05 13:23:14,160  INFO   [qtp613630562-5388] - Operation:[HistQueryGetDataLayout] ;Results: 1 layouts were returned.
2018-01-05 13:23:14,160  INFO   [qtp613630562-5388] - HistQueryGetDataLayout took 128 [ms]
2018-01-05 13:24:24,228  INFO   [qtp613630562-5388] - Operation:[HistQueryGetDataLayout] ;Number of requested CMDB IDs: 2; Requested date: 12/6/17 6:00 AM; Request layout: Typed layout: [Default layout = Simple layout: [All = true, keys = []], ]
2018-01-05 13:24:24,327  INFO   [qtp613630562-5388] - Operation:[HistQueryGetDataLayout] ;Results: 0 layouts were returned.
2018-01-05 13:24:24,327  INFO   [qtp613630562-5388] - HistQueryGetDataLayout took 99 [ms]
2018-01-05 13:24:24,341  INFO   [qtp613630562-5420] - Operation:[hist query: get data changes] ;Number of requested CMDB IDs: 2; Request layout: SimpleHistEventLayoutImpl{_isIncludePrevValue=true, _isIncludeEnd2Info=true}; Request filter: HistoryFilter includes: Changer-null; FromDate-Wed Dec 06 06:00:00 UTC 2017; ToDate-Fri Jan 05 13:24:43 UTC 2018 ChangeTypes-{Empty}; Class types-{Empty}; End2 Class types-{Empty}; Attributes Condition-{Empty};
2018-01-05 13:24:24,342  INFO   [qtp613630562-5420] - --- Get Changes input: layout=<SimpleHistEventLayoutImpl{_isIncludePrevValue=true, _isIncludeEnd2Info=true}>; filter=<HistoryFilter includes: Changer-null; FromDate-Wed Dec 06 06:00:00 UTC 2017; ToDate-Fri Jan 05 13:24:43 UTC 2018 ChangeTypes-{Empty}; Class types-{Empty}; End2 Class types-{Empty}; Attributes Condition-{Empty};>; id condition size=<2>
2018-01-05 13:24:24,385  INFO   [qtp613630562-5420] - Going to bring events for class types: business_application
2018-01-05 13:24:24,386  INFO   [qtp613630562-5420] - Changes for class=[business_application]; table name=HDM_171210BUSINES_1485478935; layout=<SimpleHistEventLayoutImpl{_isIncludePrevValue=true, _isIncludeEnd2Info=true}>; filter=<HistoryFilter includes: Changer-null; FromDate-Wed Dec 06 06:00:00 UTC 2017; ToDate-Fri Jan 05 13:24:43 UTC 2018 ChangeTypes-{Empty}; Class types-{Empty}; End2 Class types-{Empty}; Attributes Condition-{Empty};>; id condition size=<2>
2018-01-05 13:24:24,508  INFO   [qtp613630562-5420] - Finished changes for class=[business_application]; table name=HDM_171210BUSINES_1485478935
2018-01-05 13:24:24,540  INFO   [qtp613630562-5420] - Changes for class=[person]; table name=HDM_171210PERSON_1; layout=<SimpleHistEventLayoutImpl{_isIncludePrevValue=true, _isIncludeEnd2Info=true}>; filter=<HistoryFilter includes: Changer-null; FromDate-Wed Dec 06 06:00:00 UTC 2017; ToDate-Fri Jan 05 13:24:43 UTC 2018 ChangeTypes-{Empty}; Class types-{Empty}; End2 Class types-{Empty}; Attributes Condition-{Empty};>; id condition size=<2>
2018-01-05 13:24:24,561  INFO   [qtp613630562-5420] - Finished changes for class=[person]; table name=HDM_171210PERSON_1
2018-01-05 13:24:24,584  INFO   [qtp613630562-5420] - Brought 2 events for classes in 198 ms
2018-01-05 13:24:24,585  INFO   [qtp613630562-5420] - Start to calculate related events, shouldGetEnd2Info=true, input end1 ids=[41bf2688b8b8d8b78ce85cac97f5e750, 490482f464ebff39b88f26a3de27f721]
2018-01-05 13:24:24,971  INFO   [qtp613630562-5420] - Found 5 links in 58 tables in 379 ms
2018-01-05 13:24:24,996  INFO   [qtp613630562-5420] - Found types of links end1 in 25 ms
2018-01-05 13:24:24,996  INFO   [qtp613630562-5420] - Going to bring end2 info
2018-01-05 13:24:24,997  INFO   [qtp613630562-5420] - Get layout in different dates, layout=Simple layout: [keys = [display_label]], input date-to-ids pairs size=5
2018-01-05 13:24:24,997  INFO   [qtp613630562-5420] - Resolving types acc. to data id and date from root table
2018-01-05 13:24:25,023  INFO   [qtp613630562-5420] - Finished resolving, preparing data for getting layout
2018-01-05 13:24:25,039  INFO   [qtp613630562-5420] - Get [host_node] history data from table [HDM_171210HOST_NODE_1]; Number of requested CMDB IDs: 1; Size of CmdbId-Dates map: 2; Request layout: Simple layout: [keys = [display_label]]
2018-01-05 13:24:25,160  INFO   [qtp613630562-5420] - Get [business_application] history data from table [HDM_171210BUSINES_1485478935]; Number of requested CMDB IDs: 3; Size of CmdbId-Dates map: 3; Request layout: Simple layout: [keys = [display_label]]
2018-01-05 13:24:25,261  INFO   [qtp613630562-5420] - Finished to bring end2 info in 265 ms
2018-01-05 13:24:25,261  INFO   [qtp613630562-5420] - Finished to calculate related events
2018-01-05 13:24:25,279  INFO   [qtp613630562-5420] - Brought 5 Related events in 695 ms
2018-01-05 13:24:25,279  INFO   [qtp613630562-5420] - Going to process collected events
2018-01-05 13:24:25,279  INFO   [qtp613630562-5420] - Starting to calculate initial data and previous values from collected events if needed.
2018-01-05 13:24:25,280  INFO   [qtp613630562-5420] - Finished to calculate initial data and previous values from collected events.
2018-01-05 13:24:25,280  INFO   [qtp613630562-5420] - Starting to load from DB initial data and previous values if needed.
2018-01-05 13:24:25,280  INFO   [qtp613630562-5420] - Finished to load from DB initial data and previous values if needed.
2018-01-05 13:24:25,280  INFO   [qtp613630562-5420] - Processed events in 0 ms
2018-01-05 13:24:25,280  INFO   [qtp613630562-5420] - --- Finished get changes
2018-01-05 13:24:25,314  INFO   [qtp613630562-5420] - Operation:[hist query: get data changes] ;Results: 2 events were returned.
2018-01-05 13:24:25,314  INFO   [qtp613630562-5420] - HistQueryGetDataChanges took 974 [ms]
2018-01-05 13:24:25,331  INFO   [qtp613630562-5426] - Operation:[HistQueryGetDataLayout] ;Number of requested CMDB IDs: 1; Requested date: 1/4/18 10:24 PM; Request layout: Typed layout: [Default layout = Simple layout: [All = true, keys = []], ]
2018-01-05 13:24:25,369  INFO   [qtp613630562-5426] - Get [person] history data from table [HDM_171210PERSON_1]; Number of requested CMDB IDs: 1; Number of changes IDs: 1; Request layout: Simple layout: [keys = [data_testisnew, data_updated_by, home_phone_number, city, full_name, data_operationcorrstate, create_time, data_operationstate, primary_email, email, data_operationisnew, mobile_phone, pager_phone, root_container, home_phone, data_externalid, data_origin, description, active_person, root_lastaccesstime, ack_cleared_time, digest, data_changestate, given_name, data_changeisnew, contextmenu, track_changes, employee_status, display_label, name, root_iscandidatefordeletion, data_changecorrstate, office_phone_number, employee_number, data_allow_auto_discovery, distinguished_name, user_label, root_actualdeletetime, surname, office_phone, data_testcorrstate, root_enableageing, calculated_id, global_id, identification_key, ack_id, root_iconproperties, root_candidatefordeletetime, last_modified_time, country, data_source, middle_name, root_class, data_note, state, is_save_persistency, identification_type, root_system, employee_type, mobile_phone_number, data_adminstate, document_list, title, data_teststate, fax_phone]]
2018-01-05 13:24:25,440  INFO   [qtp613630562-5426] - Operation:[HistQueryGetDataLayout] ;Results: 1 layouts were returned.
2018-01-05 13:24:25,440  INFO   [qtp613630562-5426] - HistQueryGetDataLayout took 109 [ms]
2018-01-05 13:24:25,458  INFO   [qtp613630562-5420] - Operation:[HistQueryGetDataLayout] ;Number of requested CMDB IDs: 1; Requested date: 1/4/18 10:24 PM; Request layout: Typed layout: [Default layout = Simple layout: [All = true, keys = []], ]
2018-01-05 13:24:25,491  INFO   [qtp613630562-5420] - Get [business_application] history data from table [HDM_171210BUSINES_1485478935]; Number of requested CMDB IDs: 1; Number of changes IDs: 1; Request layout: Simple layout: [keys = [data_testisnew, business_criticality, data_updated_by, city, data_operationcorrstate, create_time, data_operationstate, data_operationisnew, root_container, data_externalid, data_origin, description, isBulkModeled, root_lastaccesstime, ack_cleared_time, digest, data_changestate, app_id, data_changeisnew, contextmenu, track_changes, entrance_urls, display_label, name, root_iscandidatefordeletion, data_changecorrstate, data_allow_auto_discovery, user_label, root_actualdeletetime, data_testcorrstate, root_enableageing, calculated_id, global_id, ack_id, root_iconproperties, root_candidatefordeletetime, last_modified_time, country, data_source, root_class, data_note, tags, state, is_save_persistency, deploy_type, root_system, data_adminstate, document_list, data_teststate]]
2018-01-05 13:24:25,577  INFO   [qtp613630562-5420] - Operation:[HistQueryGetDataLayout] ;Results: 1 layouts were returned.
2018-01-05 13:24:25,578  INFO   [qtp613630562-5420] - HistQueryGetDataLayout took 120 [ms]
2018-01-29 11:01:15,466  INFO   [qtp613630562-21569] - Operation:[HistQueryGetDataLayout] ;Number of requested CMDB IDs: 1; Requested date: 12/29/17 11:00 PM; Request layout: Typed layout: [Default layout = Simple layout: [All = true, keys = []], ]
2018-01-29 11:01:15,603  INFO   [qtp613630562-21569] - Operation:[HistQueryGetDataLayout] ;Results: 0 layouts were returned.
2018-01-29 11:01:15,603  INFO   [qtp613630562-21569] - HistQueryGetDataLayout took 138 [ms]
2018-01-29 11:01:15,632  INFO   [qtp613630562-21566] - Operation:[hist query: get data changes] ;Number of requested CMDB IDs: 1; Request layout: SimpleHistEventLayoutImpl{_isIncludePrevValue=true, _isIncludeEnd2Info=true}; Request filter: HistoryFilter includes: Changer-null; FromDate-Fri Dec 29 23:00:00 UTC 2017; ToDate-Mon Jan 29 11:01:49 UTC 2018 ChangeTypes-{Empty}; Class types-{Empty}; End2 Class types-{Empty}; Attributes Condition-{Empty};
2018-01-29 11:01:15,636  INFO   [qtp613630562-21566] - --- Get Changes input: layout=<SimpleHistEventLayoutImpl{_isIncludePrevValue=true, _isIncludeEnd2Info=true}>; filter=<HistoryFilter includes: Changer-null; FromDate-Fri Dec 29 23:00:00 UTC 2017; ToDate-Mon Jan 29 11:01:49 UTC 2018 ChangeTypes-{Empty}; Class types-{Empty}; End2 Class types-{Empty}; Attributes Condition-{Empty};>; id condition size=<1>
2018-01-29 11:01:15,683  INFO   [qtp613630562-21566] - Going to bring events for class types: host_node
2018-01-29 11:01:15,691  INFO   [qtp613630562-21566] - Changes for class=[host_node]; table name=HDM_171210HOST_NODE_1; layout=<SimpleHistEventLayoutImpl{_isIncludePrevValue=true, _isIncludeEnd2Info=true}>; filter=<HistoryFilter includes: Changer-null; FromDate-Fri Dec 29 23:00:00 UTC 2017; ToDate-Mon Jan 29 11:01:49 UTC 2018 ChangeTypes-{Empty}; Class types-{Empty}; End2 Class types-{Empty}; Attributes Condition-{Empty};>; id condition size=<1>
2018-01-29 11:01:15,964  INFO   [qtp613630562-21566] - Finished changes for class=[host_node]; table name=HDM_171210HOST_NODE_1
2018-01-29 11:01:15,990  INFO   [qtp613630562-21566] - Changes for class=[host_node]; table name=HDM_180110HOST_NODE_1; layout=<SimpleHistEventLayoutImpl{_isIncludePrevValue=true, _isIncludeEnd2Info=true}>; filter=<HistoryFilter includes: Changer-null; FromDate-Fri Dec 29 23:00:00 UTC 2017; ToDate-Mon Jan 29 11:01:49 UTC 2018 ChangeTypes-{Empty}; Class types-{Empty}; End2 Class types-{Empty}; Attributes Condition-{Empty};>; id condition size=<1>
2018-01-29 11:01:16,054  INFO   [qtp613630562-21566] - Finished changes for class=[host_node]; table name=HDM_180110HOST_NODE_1
2018-01-29 11:01:16,080  INFO   [qtp613630562-21566] - Brought 1 events for classes in 397 ms
2018-01-29 11:01:16,085  INFO   [qtp613630562-21566] - Start to calculate related events, shouldGetEnd2Info=true, input end1 ids=[4cd06ba000f1009faf9ef8e180a3dc84]
2018-02-21 17:53:17,486  INFO   [qtp1607453282-104855] - Operation:[HistQueryGetDataLayout] ;Number of requested CMDB IDs: 1; Requested date: 1/21/18 11:00 PM; Request layout: Typed layout: [Default layout = Simple layout: [All = true, keys = []], ]
2018-02-21 17:53:17,606  INFO   [qtp1607453282-104855] - Get [host_node] history data from table [HDM_180110HOST_NODE_1]; Number of requested CMDB IDs: 1; Number of changes IDs: 1; Request layout: Simple layout: [keys = [data_testisnew, snmp_sys_name, ud_unique_id, processor_family, discovered_os_vendor, data_operationstate, bios_asset_tag, data_operationisnew, host_isvirtual, host_osaccuracy, data_origin, primary_ip_address, language, serial_number, host_osinstalltype, digest, name, root_iscandidatefordeletion, bios_date, discovered_location, node_family, user_label, memory_size, pae_enabled, root_enableageing, discovered_contact, host_nnm_uid, global_id, discovered_os_version, os_vendor, host_osrelease, country, cloud_instance_id, extended_os_family, os_family, data_note, swap_memory_size, vendor, credentials_id, state, bios_version, dns_servers, calculated_location, bios_source, os_description, extended_node_family, data_adminstate, node_model, lic_type_udi, data_updated_by, net_bios_name, city, primary_mac_address, node_os_description, data_operationcorrstate, create_time, platform_vendor, root_container, data_externalid, default_gateway_ip_address, description, discovered_vendor, root_lastaccesstime, ack_cleared_time, data_changestate, codepage, data_changeisnew, contextmenu, sys_object_id, domain_name, track_changes, display_label, node_role, bios_uuid, data_changecorrstate, data_allow_auto_discovery, lic_type, discovered_os_name, root_actualdeletetime, data_testcorrstate, chassis_type, primary_dns_name, internal_name, bios_serial_number, calculated_id, os_architecture, last_modified_time, root_candidatefordeletetime, root_iconproperties, ack_id, host_last_boot_time, data_source, host_isroute, root_class, host_key, host_iscomplete, is_save_persistency, host_isdesktop, root_system, host_nnm_internal_key, discovered_model, document_list, default_gateway_ip_address_type, discovered_description, data_teststate, lic_type_udf, host_servertype]]
2018-02-21 17:53:17,867  INFO   [qtp1607453282-104855] - Operation:[HistQueryGetDataLayout] ;Results: 1 layouts were returned.
2018-02-21 17:53:17,867  INFO   [qtp1607453282-104855] - HistQueryGetDataLayout took 381 [ms]
2018-02-21 17:53:17,885  INFO   [qtp1607453282-104855] - Operation:[hist query: get data changes] ;Number of requested CMDB IDs: 1; Request layout: SimpleHistEventLayoutImpl{_isIncludePrevValue=true, _isIncludeEnd2Info=true}; Request filter: HistoryFilter includes: Changer-null; FromDate-Sun Jan 21 23:00:00 UTC 2018; ToDate-Wed Feb 21 17:53:57 UTC 2018 ChangeTypes-{Empty}; Class types-{Empty}; End2 Class types-{Empty}; Attributes Condition-{Empty};
2018-02-21 17:53:17,888  INFO   [qtp1607453282-104855] - --- Get Changes input: layout=<SimpleHistEventLayoutImpl{_isIncludePrevValue=true, _isIncludeEnd2Info=true}>; filter=<HistoryFilter includes: Changer-null; FromDate-Sun Jan 21 23:00:00 UTC 2018; ToDate-Wed Feb 21 17:53:57 UTC 2018 ChangeTypes-{Empty}; Class types-{Empty}; End2 Class types-{Empty}; Attributes Condition-{Empty};>; id condition size=<1>
2018-02-21 17:53:17,934  INFO   [qtp1607453282-104855] - Going to bring events for class types: host_node
2018-02-21 17:53:17,975  INFO   [qtp1607453282-104855] - Changes for class=[host_node]; table name=HDM_180110HOST_NODE_1; layout=<SimpleHistEventLayoutImpl{_isIncludePrevValue=true, _isIncludeEnd2Info=true}>; filter=<HistoryFilter includes: Changer-null; FromDate-Sun Jan 21 23:00:00 UTC 2018; ToDate-Wed Feb 21 17:53:57 UTC 2018 ChangeTypes-{Empty}; Class types-{Empty}; End2 Class types-{Empty}; Attributes Condition-{Empty};>; id condition size=<1>
2018-02-21 17:53:17,985  INFO   [qtp1607453282-104855] - Finished changes for class=[host_node]; table name=HDM_180110HOST_NODE_1
2018-02-21 17:53:18,015  INFO   [qtp1607453282-104855] - Changes for class=[host_node]; table name=HDM_180210HOST_NODE_1; layout=<SimpleHistEventLayoutImpl{_isIncludePrevValue=true, _isIncludeEnd2Info=true}>; filter=<HistoryFilter includes: Changer-null; FromDate-Sun Jan 21 23:00:00 UTC 2018; ToDate-Wed Feb 21 17:53:57 UTC 2018 ChangeTypes-{Empty}; Class types-{Empty}; End2 Class types-{Empty}; Attributes Condition-{Empty};>; id condition size=<1>
2018-02-21 17:53:18,166  INFO   [qtp1607453282-104855] - Finished changes for class=[host_node]; table name=HDM_180210HOST_NODE_1
2018-02-21 17:53:18,207  INFO   [qtp1607453282-104855] - Brought 0 events for classes in 273 ms
2018-02-21 17:53:18,211  INFO   [qtp1607453282-104855] - Start to calculate related events, shouldGetEnd2Info=true, input end1 ids=[4cd06ba000f1009faf9ef8e180a3dc84]
2018-02-21 17:53:31,948  INFO   [qtp1607453282-104831] - Operation:[HistQueryGetDataLayout] ;Number of requested CMDB IDs: 1; Requested date: 2/13/18 11:00 PM; Request layout: Typed layout: [Default layout = Simple layout: [All = true, keys = []], ]
2018-02-21 17:53:31,996  INFO   [qtp1607453282-104831] - Get [business_application] history data from table [HDM_180210BUSINES_1878894151]; Number of requested CMDB IDs: 1; Number of changes IDs: 1; Request layout: Simple layout: [keys = [data_testisnew, business_criticality, data_updated_by, city, data_operationcorrstate, create_time, data_operationstate, data_operationisnew, root_container, data_externalid, data_origin, description, isBulkModeled, root_lastaccesstime, ack_cleared_time, digest, data_changestate, app_id, data_changeisnew, contextmenu, track_changes, entrance_urls, display_label, name, root_iscandidatefordeletion, data_changecorrstate, data_allow_auto_discovery, user_label, root_actualdeletetime, data_testcorrstate, root_enableageing, calculated_id, global_id, ack_id, root_iconproperties, root_candidatefordeletetime, last_modified_time, country, data_source, root_class, data_note, tags, state, is_save_persistency, deploy_type, root_system, data_adminstate, document_list, data_teststate]]
2018-02-21 17:53:32,134  INFO   [qtp1607453282-104831] - Operation:[HistQueryGetDataLayout] ;Results: 1 layouts were returned.
2018-02-21 17:53:32,134  INFO   [qtp1607453282-104831] - HistQueryGetDataLayout took 186 [ms]
2018-02-21 17:53:32,140  INFO   [qtp1607453282-104840] - Operation:[hist query: get data changes] ;Number of requested CMDB IDs: 1; Request layout: SimpleHistEventLayoutImpl{_isIncludePrevValue=true, _isIncludeEnd2Info=true}; Request filter: HistoryFilter includes: Changer-null; FromDate-Tue Feb 13 23:00:00 UTC 2018; ToDate-Wed Feb 21 17:54:12 UTC 2018 ChangeTypes-{Empty}; Class types-{Empty}; End2 Class types-{Empty}; Attributes Condition-{Empty};
2018-02-21 17:53:32,140  INFO   [qtp1607453282-104840] - --- Get Changes input: layout=<SimpleHistEventLayoutImpl{_isIncludePrevValue=true, _isIncludeEnd2Info=true}>; filter=<HistoryFilter includes: Changer-null; FromDate-Tue Feb 13 23:00:00 UTC 2018; ToDate-Wed Feb 21 17:54:12 UTC 2018 ChangeTypes-{Empty}; Class types-{Empty}; End2 Class types-{Empty}; Attributes Condition-{Empty};>; id condition size=<1>
2018-02-21 17:53:32,172  INFO   [qtp1607453282-104840] - Going to bring events for class types: business_application
2018-02-21 17:53:32,173  INFO   [qtp1607453282-104840] - Changes for class=[business_application]; table name=HDM_180210BUSINES_1878894151; layout=<SimpleHistEventLayoutImpl{_isIncludePrevValue=true, _isIncludeEnd2Info=true}>; filter=<HistoryFilter includes: Changer-null; FromDate-Tue Feb 13 23:00:00 UTC 2018; ToDate-Wed Feb 21 17:54:12 UTC 2018 ChangeTypes-{Empty}; Class types-{Empty}; End2 Class types-{Empty}; Attributes Condition-{Empty};>; id condition size=<1>
2018-02-21 17:53:32,174  INFO   [qtp1607453282-104840] - Finished changes for class=[business_application]; table name=HDM_180210BUSINES_1878894151
2018-02-21 17:53:32,188  INFO   [qtp1607453282-104840] - Brought 0 events for classes in 15 ms
2018-02-21 17:53:32,188  INFO   [qtp1607453282-104840] - Start to calculate related events, shouldGetEnd2Info=true, input end1 ids=[415a3b292f1d3e67b4c012becdf87656]
2018-02-21 17:53:32,300  INFO   [qtp1607453282-104831] - Operation:[HistQueryGetDataLayout] ;Number of requested CMDB IDs: 3; Requested date: 2/13/18 11:00 PM; Request layout: Typed layout: [Default layout = Simple layout: [All = true, keys = []], ]
2018-02-21 17:53:32,344  INFO   [qtp1607453282-104831] - Get [business_application] history data from table [HDM_180210BUSINES_1878894151]; Number of requested CMDB IDs: 2; Number of changes IDs: 2; Request layout: Simple layout: [keys = [data_testisnew, business_criticality, data_updated_by, city, data_operationcorrstate, create_time, data_operationstate, data_operationisnew, root_container, data_externalid, data_origin, description, isBulkModeled, root_lastaccesstime, ack_cleared_time, digest, data_changestate, app_id, data_changeisnew, contextmenu, track_changes, entrance_urls, display_label, name, root_iscandidatefordeletion, data_changecorrstate, data_allow_auto_discovery, user_label, root_actualdeletetime, data_testcorrstate, root_enableageing, calculated_id, global_id, ack_id, root_iconproperties, root_candidatefordeletetime, last_modified_time, country, data_source, root_class, data_note, tags, state, is_save_persistency, deploy_type, root_system, data_adminstate, document_list, data_teststate]]
2018-02-21 17:53:32,478  INFO   [qtp1607453282-104831] - Get [person] history data from table [HDM_180210PERSON_1]; Number of requested CMDB IDs: 1; Number of changes IDs: 1; Request layout: Simple layout: [keys = [data_testisnew, data_updated_by, home_phone_number, city, full_name, data_operationcorrstate, create_time, data_operationstate, primary_email, email, data_operationisnew, mobile_phone, pager_phone, root_container, home_phone, data_externalid, data_origin, description, active_person, root_lastaccesstime, ack_cleared_time, digest, data_changestate, given_name, data_changeisnew, contextmenu, track_changes, employee_status, display_label, name, root_iscandidatefordeletion, data_changecorrstate, office_phone_number, employee_number, data_allow_auto_discovery, distinguished_name, user_label, root_actualdeletetime, surname, office_phone, data_testcorrstate, root_enableageing, calculated_id, global_id, identification_key, ack_id, root_iconproperties, root_candidatefordeletetime, last_modified_time, country, data_source, middle_name, root_class, data_note, state, is_save_persistency, identification_type, root_system, employee_type, mobile_phone_number, data_adminstate, document_list, title, data_teststate, fax_phone]]
2018-02-21 17:53:32,555  INFO   [qtp1607453282-104831] - Operation:[HistQueryGetDataLayout] ;Results: 3 layouts were returned.
2018-02-21 17:53:32,555  INFO   [qtp1607453282-104831] - HistQueryGetDataLayout took 255 [ms]
2018-02-21 17:53:32,561  INFO   [qtp1607453282-104855] - Operation:[hist query: get data changes] ;Number of requested CMDB IDs: 3; Request layout: SimpleHistEventLayoutImpl{_isIncludePrevValue=true, _isIncludeEnd2Info=true}; Request filter: HistoryFilter includes: Changer-null; FromDate-Tue Feb 13 23:00:00 UTC 2018; ToDate-Wed Feb 21 17:54:12 UTC 2018 ChangeTypes-{Empty}; Class types-{Empty}; End2 Class types-{Empty}; Attributes Condition-{Empty};
2018-02-21 17:53:32,562  INFO   [qtp1607453282-104855] - --- Get Changes input: layout=<SimpleHistEventLayoutImpl{_isIncludePrevValue=true, _isIncludeEnd2Info=true}>; filter=<HistoryFilter includes: Changer-null; FromDate-Tue Feb 13 23:00:00 UTC 2018; ToDate-Wed Feb 21 17:54:12 UTC 2018 ChangeTypes-{Empty}; Class types-{Empty}; End2 Class types-{Empty}; Attributes Condition-{Empty};>; id condition size=<3>
2018-02-21 17:53:32,597  INFO   [qtp1607453282-104855] - Going to bring events for class types: business_application
2018-02-21 17:53:32,598  INFO   [qtp1607453282-104855] - Changes for class=[business_application]; table name=HDM_180210BUSINES_1878894151; layout=<SimpleHistEventLayoutImpl{_isIncludePrevValue=true, _isIncludeEnd2Info=true}>; filter=<HistoryFilter includes: Changer-null; FromDate-Tue Feb 13 23:00:00 UTC 2018; ToDate-Wed Feb 21 17:54:12 UTC 2018 ChangeTypes-{Empty}; Class types-{Empty}; End2 Class types-{Empty}; Attributes Condition-{Empty};>; id condition size=<3>
2018-02-21 17:53:32,600  INFO   [qtp1607453282-104855] - Finished changes for class=[business_application]; table name=HDM_180210BUSINES_1878894151
2018-02-21 17:53:32,627  INFO   [qtp1607453282-104840] - Found 0 links in 58 tables in 436 ms
2018-02-21 17:53:32,627  INFO   [qtp1607453282-104840] - not found events of add/remove links for given filter, return no related events
2018-02-21 17:53:32,629  INFO   [qtp1607453282-104855] - Changes for class=[person]; table name=HDM_180210PERSON_1; layout=<SimpleHistEventLayoutImpl{_isIncludePrevValue=true, _isIncludeEnd2Info=true}>; filter=<HistoryFilter includes: Changer-null; FromDate-Tue Feb 13 23:00:00 UTC 2018; ToDate-Wed Feb 21 17:54:12 UTC 2018 ChangeTypes-{Empty}; Class types-{Empty}; End2 Class types-{Empty}; Attributes Condition-{Empty};>; id condition size=<3>
2018-02-21 17:53:32,630  INFO   [qtp1607453282-104855] - Finished changes for class=[person]; table name=HDM_180210PERSON_1
2018-02-21 17:53:32,657  INFO   [qtp1607453282-104840] - Brought 0 Related events in 468 ms
2018-02-21 17:53:32,657  INFO   [qtp1607453282-104840] - Going to process collected events
2018-02-21 17:53:32,657  INFO   [qtp1607453282-104840] - Starting to calculate initial data and previous values from collected events if needed.
2018-02-21 17:53:32,657  INFO   [qtp1607453282-104840] - Finished to calculate initial data and previous values from collected events.
2018-02-21 17:53:32,657  INFO   [qtp1607453282-104840] - Starting to load from DB initial data and previous values if needed.
2018-02-21 17:53:32,657  INFO   [qtp1607453282-104840] - Finished to load from DB initial data and previous values if needed.
2018-02-21 17:53:32,657  INFO   [qtp1607453282-104840] - Processed events in 0 ms
2018-02-21 17:53:32,658  INFO   [qtp1607453282-104840] - --- Finished get changes
2018-02-21 17:53:32,664  INFO   [qtp1607453282-104855] - Brought 0 events for classes in 66 ms
2018-02-21 17:53:32,664  INFO   [qtp1607453282-104855] - Start to calculate related events, shouldGetEnd2Info=true, input end1 ids=[431c2ff9c95aa0d883d4f94dd0c5de20, 490482f464ebff39b88f26a3de27f721, 415a3b292f1d3e67b4c012becdf87656]
2018-02-21 17:53:32,692  INFO   [qtp1607453282-104840] - Operation:[hist query: get data changes] ;Results: 0 events were returned.
2018-02-21 17:53:32,693  INFO   [qtp1607453282-104840] - HistQueryGetDataChanges took 552 [ms]
2018-02-21 17:53:32,864  INFO   [qtp1607453282-104855] - Found 0 links in 58 tables in 198 ms
2018-02-21 17:53:32,864  INFO   [qtp1607453282-104855] - not found events of add/remove links for given filter, return no related events
2018-02-21 17:53:32,894  INFO   [qtp1607453282-104855] - Brought 0 Related events in 229 ms
2018-02-21 17:53:32,894  INFO   [qtp1607453282-104855] - Going to process collected events
2018-02-21 17:53:32,894  INFO   [qtp1607453282-104855] - Starting to calculate initial data and previous values from collected events if needed.
2018-02-21 17:53:32,894  INFO   [qtp1607453282-104855] - Finished to calculate initial data and previous values from collected events.
2018-02-21 17:53:32,894  INFO   [qtp1607453282-104855] - Starting to load from DB initial data and previous values if needed.
2018-02-21 17:53:32,894  INFO   [qtp1607453282-104855] - Finished to load from DB initial data and previous values if needed.
2018-02-21 17:53:32,894  INFO   [qtp1607453282-104855] - Processed events in 0 ms
2018-02-21 17:53:32,894  INFO   [qtp1607453282-104855] - --- Finished get changes
2018-02-21 17:53:32,927  INFO   [qtp1607453282-104855] - Operation:[hist query: get data changes] ;Results: 0 events were returned.
2018-02-21 17:53:32,927  INFO   [qtp1607453282-104855] - HistQueryGetDataChanges took 366 [ms]
2018-02-21 18:14:03,545  INFO   [qtp1607453282-104918] - Operation:[HistQueryGetDataLayout] ;Number of requested CMDB IDs: 1; Requested date: 1/22/18 5:00 AM; Request layout: Typed layout: [Default layout = Simple layout: [All = true, keys = []], ]
2018-02-21 18:14:03,618  INFO   [qtp1607453282-104918] - Operation:[HistQueryGetDataLayout] ;Results: 0 layouts were returned.
2018-02-21 18:14:03,618  INFO   [qtp1607453282-104918] - HistQueryGetDataLayout took 73 [ms]
2018-02-21 18:14:03,623  INFO   [qtp1607453282-104938] - Operation:[hist query: get data changes] ;Number of requested CMDB IDs: 1; Request layout: SimpleHistEventLayoutImpl{_isIncludePrevValue=true, _isIncludeEnd2Info=true}; Request filter: HistoryFilter includes: Changer-null; FromDate-Mon Jan 22 05:00:00 UTC 2018; ToDate-Wed Feb 21 18:14:44 UTC 2018 ChangeTypes-{Empty}; Class types-{Empty}; End2 Class types-{Empty}; Attributes Condition-{Empty};
2018-02-21 18:14:03,623  INFO   [qtp1607453282-104938] - --- Get Changes input: layout=<SimpleHistEventLayoutImpl{_isIncludePrevValue=true, _isIncludeEnd2Info=true}>; filter=<HistoryFilter includes: Changer-null; FromDate-Mon Jan 22 05:00:00 UTC 2018; ToDate-Wed Feb 21 18:14:44 UTC 2018 ChangeTypes-{Empty}; Class types-{Empty}; End2 Class types-{Empty}; Attributes Condition-{Empty};>; id condition size=<1>
2018-02-21 18:14:03,663  INFO   [qtp1607453282-104938] - Going to bring events for class types: node
2018-02-21 18:14:03,664  INFO   [qtp1607453282-104938] - Changes for class=[node]; table name=HDM_180110NODE_1; layout=<SimpleHistEventLayoutImpl{_isIncludePrevValue=true, _isIncludeEnd2Info=true}>; filter=<HistoryFilter includes: Changer-null; FromDate-Mon Jan 22 05:00:00 UTC 2018; ToDate-Wed Feb 21 18:14:44 UTC 2018 ChangeTypes-{Empty}; Class types-{Empty}; End2 Class types-{Empty}; Attributes Condition-{Empty};>; id condition size=<1>
2018-02-21 18:14:03,925  INFO   [qtp1607453282-104938] - Finished changes for class=[node]; table name=HDM_180110NODE_1
2018-02-21 18:14:03,949  INFO   [qtp1607453282-104938] - Changes for class=[node]; table name=HDM_180210NODE_1; layout=<SimpleHistEventLayoutImpl{_isIncludePrevValue=true, _isIncludeEnd2Info=true}>; filter=<HistoryFilter includes: Changer-null; FromDate-Mon Jan 22 05:00:00 UTC 2018; ToDate-Wed Feb 21 18:14:44 UTC 2018 ChangeTypes-{Empty}; Class types-{Empty}; End2 Class types-{Empty}; Attributes Condition-{Empty};>; id condition size=<1>
2018-02-21 18:14:04,200  INFO   [qtp1607453282-104938] - Finished changes for class=[node]; table name=HDM_180210NODE_1
2018-02-21 18:14:04,228  INFO   [qtp1607453282-104938] - Brought 1 events for classes in 564 ms
2018-02-21 18:14:04,228  INFO   [qtp1607453282-104938] - Start to calculate related events, shouldGetEnd2Info=true, input end1 ids=[449b291de51a9d3ba6f9699459d44242]
2018-02-21 18:14:08,253  INFO   [qtp1607453282-104938] - Found 0 links in 116 tables in 4,023 ms
2018-02-21 18:14:08,253  INFO   [qtp1607453282-104938] - not found events of add/remove links for given filter, return no related events
2018-02-21 18:14:08,273  INFO   [qtp1607453282-104938] - Brought 0 Related events in 4,045 ms
2018-02-21 18:14:08,273  INFO   [qtp1607453282-104938] - Going to process collected events
2018-02-21 18:14:08,273  INFO   [qtp1607453282-104938] - Starting to calculate initial data and previous values from collected events if needed.
2018-02-21 18:14:08,275  INFO   [qtp1607453282-104938] - Finished to calculate initial data and previous values from collected events.
2018-02-21 18:14:08,275  INFO   [qtp1607453282-104938] - Starting to load from DB initial data and previous values if needed.
2018-02-21 18:14:08,275  INFO   [qtp1607453282-104938] - Finished to load from DB initial data and previous values if needed.
2018-02-21 18:14:08,275  INFO   [qtp1607453282-104938] - Processed events in 1 ms
2018-02-21 18:14:08,275  INFO   [qtp1607453282-104938] - --- Finished get changes
2018-02-21 18:14:08,298  INFO   [qtp1607453282-104938] - Operation:[hist query: get data changes] ;Results: 1 events were returned.
2018-02-21 18:14:08,298  INFO   [qtp1607453282-104938] - HistQueryGetDataChanges took 4,675 [ms]
2018-02-21 18:14:08,319  INFO   [qtp1607453282-104937] - Operation:[HistQueryGetDataLayout] ;Number of requested CMDB IDs: 1; Requested date: 2/21/18 5:16 PM; Request layout: Typed layout: [Default layout = Simple layout: [All = true, keys = []], ]
2018-02-21 18:14:08,349  INFO   [qtp1607453282-104937] - Get [node] history data from table [HDM_180210NODE_1]; Number of requested CMDB IDs: 1; Number of changes IDs: 1; Request layout: Simple layout: [keys = [data_testisnew, snmp_sys_name, ud_unique_id, processor_family, discovered_os_vendor, data_operationstate, bios_asset_tag, data_operationisnew, host_isvirtual, host_osaccuracy, data_origin, primary_ip_address, serial_number, language, host_osinstalltype, digest, name, root_iscandidatefordeletion, bios_date, discovered_location, node_family, user_label, memory_size, discovered_contact, root_enableageing, host_nnm_uid, global_id, discovered_os_version, os_vendor, host_osrelease, country, cloud_instance_id, extended_os_family, os_family, data_note, swap_memory_size, vendor, credentials_id, dns_servers, bios_version, state, calculated_location, bios_source, os_description, extended_node_family, data_adminstate, node_model, lic_type_udi, data_updated_by, net_bios_name, primary_mac_address, city, node_os_description, data_operationcorrstate, create_time, platform_vendor, root_container, data_externalid, default_gateway_ip_address, description, discovered_vendor, root_lastaccesstime, ack_cleared_time, data_changestate, data_changeisnew, codepage, contextmenu, sys_object_id, domain_name, track_changes, node_role, display_label, bios_uuid, data_changecorrstate, data_allow_auto_discovery, lic_type, discovered_os_name, root_actualdeletetime, chassis_type, data_testcorrstate, primary_dns_name, bios_serial_number, internal_name, calculated_id, ack_id, root_iconproperties, root_candidatefordeletetime, last_modified_time, host_last_boot_time, data_source, host_isroute, root_class, host_key, host_iscomplete, is_save_persistency, host_isdesktop, root_system, discovered_model, host_nnm_internal_key, discovered_description, default_gateway_ip_address_type, document_list, data_teststate, lic_type_udf, host_servertype]]
2018-02-21 18:14:08,412  INFO   [qtp1607453282-104937] - Operation:[HistQueryGetDataLayout] ;Results: 1 layouts were returned.
2018-02-21 18:14:08,412  INFO   [qtp1607453282-104937] - HistQueryGetDataLayout took 93 [ms]
2018-02-22 01:51:05,167  INFO   [qtp1607453282-120005] - Operation:[HistQueryGetDataLayout] ;Number of requested CMDB IDs: 1; Requested date: 1/22/18 6:00 AM; Request layout: Typed layout: [Default layout = Simple layout: [All = true, keys = []], ]
2018-02-22 01:51:05,215  INFO   [qtp1607453282-120005] - Operation:[HistQueryGetDataLayout] ;Results: 0 layouts were returned.
2018-02-22 01:51:05,215  INFO   [qtp1607453282-120005] - HistQueryGetDataLayout took 49 [ms]
2018-02-22 01:51:05,230  INFO   [qtp1607453282-120082] - Operation:[hist query: get data changes] ;Number of requested CMDB IDs: 1; Request layout: SimpleHistEventLayoutImpl{_isIncludePrevValue=true, _isIncludeEnd2Info=true}; Request filter: HistoryFilter includes: Changer-null; FromDate-Mon Jan 22 06:00:00 UTC 2018; ToDate-Thu Feb 22 01:51:45 UTC 2018 ChangeTypes-{Empty}; Class types-{Empty}; End2 Class types-{Empty}; Attributes Condition-{Empty};
2018-02-22 01:51:05,230  INFO   [qtp1607453282-120082] - --- Get Changes input: layout=<SimpleHistEventLayoutImpl{_isIncludePrevValue=true, _isIncludeEnd2Info=true}>; filter=<HistoryFilter includes: Changer-null; FromDate-Mon Jan 22 06:00:00 UTC 2018; ToDate-Thu Feb 22 01:51:45 UTC 2018 ChangeTypes-{Empty}; Class types-{Empty}; End2 Class types-{Empty}; Attributes Condition-{Empty};>; id condition size=<1>
2018-02-22 01:51:05,256  INFO   [qtp1607453282-120082] - Going to bring events for class types: node
2018-02-22 01:51:05,257  INFO   [qtp1607453282-120082] - Changes for class=[node]; table name=HDM_180110NODE_1; layout=<SimpleHistEventLayoutImpl{_isIncludePrevValue=true, _isIncludeEnd2Info=true}>; filter=<HistoryFilter includes: Changer-null; FromDate-Mon Jan 22 06:00:00 UTC 2018; ToDate-Thu Feb 22 01:51:45 UTC 2018 ChangeTypes-{Empty}; Class types-{Empty}; End2 Class types-{Empty}; Attributes Condition-{Empty};>; id condition size=<1>
2018-02-22 01:51:05,265  INFO   [qtp1607453282-120082] - Finished changes for class=[node]; table name=HDM_180110NODE_1
2018-02-22 01:51:05,282  INFO   [qtp1607453282-120082] - Changes for class=[node]; table name=HDM_180210NODE_1; layout=<SimpleHistEventLayoutImpl{_isIncludePrevValue=true, _isIncludeEnd2Info=true}>; filter=<HistoryFilter includes: Changer-null; FromDate-Mon Jan 22 06:00:00 UTC 2018; ToDate-Thu Feb 22 01:51:45 UTC 2018 ChangeTypes-{Empty}; Class types-{Empty}; End2 Class types-{Empty}; Attributes Condition-{Empty};>; id condition size=<1>
2018-02-22 01:51:05,392  INFO   [qtp1607453282-120082] - Finished changes for class=[node]; table name=HDM_180210NODE_1
2018-02-22 01:51:05,411  INFO   [qtp1607453282-120082] - Brought 1 events for classes in 154 ms
2018-02-22 01:51:05,411  INFO   [qtp1607453282-120082] - Start to calculate related events, shouldGetEnd2Info=true, input end1 ids=[4b2082048535f06d9079379a481ec0b3]
2018-02-22 01:51:06,052  INFO   [qtp1607453282-120082] - Found 0 links in 116 tables in 638 ms
2018-02-22 01:51:06,052  INFO   [qtp1607453282-120082] - not found events of add/remove links for given filter, return no related events
2018-02-22 01:51:06,070  INFO   [qtp1607453282-120082] - Brought 0 Related events in 659 ms
2018-02-22 01:51:06,070  INFO   [qtp1607453282-120082] - Going to process collected events
2018-02-22 01:51:06,070  INFO   [qtp1607453282-120082] - Starting to calculate initial data and previous values from collected events if needed.
2018-02-22 01:51:06,070  INFO   [qtp1607453282-120082] - Finished to calculate initial data and previous values from collected events.
2018-02-22 01:51:06,070  INFO   [qtp1607453282-120082] - Starting to load from DB initial data and previous values if needed.
2018-02-22 01:51:06,070  INFO   [qtp1607453282-120082] - Finished to load from DB initial data and previous values if needed.
2018-02-22 01:51:06,070  INFO   [qtp1607453282-120082] - Processed events in 0 ms
2018-02-22 01:51:06,070  INFO   [qtp1607453282-120082] - --- Finished get changes
2018-02-22 01:51:06,095  INFO   [qtp1607453282-120082] - Operation:[hist query: get data changes] ;Results: 1 events were returned.
2018-02-22 01:51:06,095  INFO   [qtp1607453282-120082] - HistQueryGetDataChanges took 865 [ms]
2018-02-22 01:51:06,110  INFO   [qtp1607453282-120005] - Operation:[HistQueryGetDataLayout] ;Number of requested CMDB IDs: 1; Requested date: 2/22/18 12:10 AM; Request layout: Typed layout: [Default layout = Simple layout: [All = true, keys = []], ]
2018-02-22 01:51:06,140  INFO   [qtp1607453282-120005] - Get [node] history data from table [HDM_180210NODE_1]; Number of requested CMDB IDs: 1; Number of changes IDs: 1; Request layout: Simple layout: [keys = [data_testisnew, snmp_sys_name, ud_unique_id, processor_family, discovered_os_vendor, data_operationstate, bios_asset_tag, data_operationisnew, host_isvirtual, host_osaccuracy, data_origin, primary_ip_address, serial_number, language, host_osinstalltype, digest, name, root_iscandidatefordeletion, bios_date, discovered_location, node_family, user_label, memory_size, discovered_contact, root_enableageing, host_nnm_uid, global_id, discovered_os_version, os_vendor, host_osrelease, country, cloud_instance_id, extended_os_family, os_family, data_note, swap_memory_size, vendor, credentials_id, dns_servers, bios_version, state, calculated_location, bios_source, os_description, extended_node_family, data_adminstate, node_model, lic_type_udi, data_updated_by, net_bios_name, primary_mac_address, city, node_os_description, data_operationcorrstate, create_time, platform_vendor, root_container, data_externalid, default_gateway_ip_address, description, discovered_vendor, root_lastaccesstime, ack_cleared_time, data_changestate, data_changeisnew, codepage, contextmenu, sys_object_id, domain_name, track_changes, node_role, display_label, bios_uuid, data_changecorrstate, data_allow_auto_discovery, lic_type, discovered_os_name, root_actualdeletetime, chassis_type, data_testcorrstate, primary_dns_name, bios_serial_number, internal_name, calculated_id, ack_id, root_iconproperties, root_candidatefordeletetime, last_modified_time, host_last_boot_time, data_source, host_isroute, root_class, host_key, host_iscomplete, is_save_persistency, host_isdesktop, root_system, discovered_model, host_nnm_internal_key, discovered_description, default_gateway_ip_address_type, document_list, data_teststate, lic_type_udf, host_servertype]]
2018-02-22 01:51:06,227  INFO   [qtp1607453282-120005] - Operation:[HistQueryGetDataLayout] ;Results: 1 layouts were returned.
2018-02-22 01:51:06,227  INFO   [qtp1607453282-120005] - HistQueryGetDataLayout took 117 [ms]
2018-02-22 01:52:06,764  INFO   [qtp1607453282-120098] - Operation:[HistQueryGetDataLayout] ;Number of requested CMDB IDs: 1; Requested date: 1/22/18 6:00 AM; Request layout: Typed layout: [Default layout = Simple layout: [All = true, keys = []], ]
2018-02-22 01:52:07,224  INFO   [qtp1607453282-120098] - Get [host_node] history data from table [HDM_180110HOST_NODE_1]; Number of requested CMDB IDs: 1; Number of changes IDs: 1; Request layout: Simple layout: [keys = [data_testisnew, snmp_sys_name, ud_unique_id, processor_family, discovered_os_vendor, data_operationstate, bios_asset_tag, data_operationisnew, host_isvirtual, host_osaccuracy, data_origin, primary_ip_address, language, serial_number, host_osinstalltype, digest, name, root_iscandidatefordeletion, bios_date, discovered_location, node_family, user_label, memory_size, pae_enabled, root_enableageing, discovered_contact, host_nnm_uid, global_id, discovered_os_version, os_vendor, host_osrelease, country, cloud_instance_id, extended_os_family, os_family, data_note, swap_memory_size, vendor, credentials_id, state, bios_version, dns_servers, calculated_location, bios_source, os_description, extended_node_family, data_adminstate, node_model, lic_type_udi, data_updated_by, net_bios_name, city, primary_mac_address, node_os_description, data_operationcorrstate, create_time, platform_vendor, root_container, data_externalid, default_gateway_ip_address, description, discovered_vendor, root_lastaccesstime, ack_cleared_time, data_changestate, codepage, data_changeisnew, contextmenu, sys_object_id, domain_name, track_changes, display_label, node_role, bios_uuid, data_changecorrstate, data_allow_auto_discovery, lic_type, discovered_os_name, root_actualdeletetime, data_testcorrstate, chassis_type, primary_dns_name, internal_name, bios_serial_number, calculated_id, os_architecture, last_modified_time, root_candidatefordeletetime, root_iconproperties, ack_id, host_last_boot_time, data_source, host_isroute, root_class, host_key, host_iscomplete, is_save_persistency, host_isdesktop, root_system, host_nnm_internal_key, discovered_model, document_list, default_gateway_ip_address_type, discovered_description, data_teststate, lic_type_udf, host_servertype]]
2018-02-22 01:52:12,614  INFO   [qtp1607453282-120098] - Operation:[HistQueryGetDataLayout] ;Results: 1 layouts were returned.
2018-02-22 01:52:12,614  INFO   [qtp1607453282-120098] - HistQueryGetDataLayout took 5,850 [ms]
2018-02-22 01:52:12,627  INFO   [qtp1607453282-119979] - Operation:[hist query: get data changes] ;Number of requested CMDB IDs: 1; Request layout: SimpleHistEventLayoutImpl{_isIncludePrevValue=true, _isIncludeEnd2Info=true}; Request filter: HistoryFilter includes: Changer-null; FromDate-Mon Jan 22 06:00:00 UTC 2018; ToDate-Thu Feb 22 01:52:46 UTC 2018 ChangeTypes-{Empty}; Class types-{Empty}; End2 Class types-{Empty}; Attributes Condition-{Empty};
2018-02-22 01:52:12,627  INFO   [qtp1607453282-119979] - --- Get Changes input: layout=<SimpleHistEventLayoutImpl{_isIncludePrevValue=true, _isIncludeEnd2Info=true}>; filter=<HistoryFilter includes: Changer-null; FromDate-Mon Jan 22 06:00:00 UTC 2018; ToDate-Thu Feb 22 01:52:46 UTC 2018 ChangeTypes-{Empty}; Class types-{Empty}; End2 Class types-{Empty}; Attributes Condition-{Empty};>; id condition size=<1>
2018-02-22 01:52:12,726  INFO   [qtp1607453282-119979] - Going to bring events for class types: host_node
2018-02-22 01:52:12,726  INFO   [qtp1607453282-119979] - Changes for class=[host_node]; table name=HDM_180110HOST_NODE_1; layout=<SimpleHistEventLayoutImpl{_isIncludePrevValue=true, _isIncludeEnd2Info=true}>; filter=<HistoryFilter includes: Changer-null; FromDate-Mon Jan 22 06:00:00 UTC 2018; ToDate-Thu Feb 22 01:52:46 UTC 2018 ChangeTypes-{Empty}; Class types-{Empty}; End2 Class types-{Empty}; Attributes Condition-{Empty};>; id condition size=<1>
2018-02-22 01:52:12,728  INFO   [qtp1607453282-119979] - Finished changes for class=[host_node]; table name=HDM_180110HOST_NODE_1
2018-02-22 01:52:12,759  INFO   [qtp1607453282-119979] - Changes for class=[host_node]; table name=HDM_180210HOST_NODE_1; layout=<SimpleHistEventLayoutImpl{_isIncludePrevValue=true, _isIncludeEnd2Info=true}>; filter=<HistoryFilter includes: Changer-null; FromDate-Mon Jan 22 06:00:00 UTC 2018; ToDate-Thu Feb 22 01:52:46 UTC 2018 ChangeTypes-{Empty}; Class types-{Empty}; End2 Class types-{Empty}; Attributes Condition-{Empty};>; id condition size=<1>
2018-02-22 01:52:12,767  INFO   [qtp1607453282-119979] - Finished changes for class=[host_node]; table name=HDM_180210HOST_NODE_1
2018-02-22 01:52:12,789  INFO   [qtp1607453282-119979] - Brought 0 events for classes in 63 ms
2018-02-22 01:52:12,790  INFO   [qtp1607453282-119979] - Start to calculate related events, shouldGetEnd2Info=true, input end1 ids=[4cd06ba000f1009faf9ef8e180a3dc84]
2018-02-22 01:52:50,963  INFO   [qtp1607453282-120119] - Operation:[HistQueryGetDataLayout] ;Number of requested CMDB IDs: 1; Requested date: 1/22/18 6:00 AM; Request layout: Typed layout: [Default layout = Simple layout: [All = true, keys = []], ]
2018-02-22 01:52:51,057  INFO   [qtp1607453282-120119] - Operation:[HistQueryGetDataLayout] ;Results: 0 layouts were returned.
2018-02-22 01:52:51,058  INFO   [qtp1607453282-120119] - HistQueryGetDataLayout took 95 [ms]
2018-02-22 01:52:51,073  INFO   [qtp1607453282-120099] - Operation:[hist query: get data changes] ;Number of requested CMDB IDs: 1; Request layout: SimpleHistEventLayoutImpl{_isIncludePrevValue=true, _isIncludeEnd2Info=true}; Request filter: HistoryFilter includes: Changer-null; FromDate-Mon Jan 22 06:00:00 UTC 2018; ToDate-Thu Feb 22 01:53:31 UTC 2018 ChangeTypes-{Empty}; Class types-{Empty}; End2 Class types-{Empty}; Attributes Condition-{Empty};
2018-02-22 01:52:51,073  INFO   [qtp1607453282-120099] - --- Get Changes input: layout=<SimpleHistEventLayoutImpl{_isIncludePrevValue=true, _isIncludeEnd2Info=true}>; filter=<HistoryFilter includes: Changer-null; FromDate-Mon Jan 22 06:00:00 UTC 2018; ToDate-Thu Feb 22 01:53:31 UTC 2018 ChangeTypes-{Empty}; Class types-{Empty}; End2 Class types-{Empty}; Attributes Condition-{Empty};>; id condition size=<1>
2018-02-22 01:52:51,097  INFO   [qtp1607453282-120099] - Going to bring events for class types: node
2018-02-22 01:52:51,098  INFO   [qtp1607453282-120099] - Changes for class=[node]; table name=HDM_180110NODE_1; layout=<SimpleHistEventLayoutImpl{_isIncludePrevValue=true, _isIncludeEnd2Info=true}>; filter=<HistoryFilter includes: Changer-null; FromDate-Mon Jan 22 06:00:00 UTC 2018; ToDate-Thu Feb 22 01:53:31 UTC 2018 ChangeTypes-{Empty}; Class types-{Empty}; End2 Class types-{Empty}; Attributes Condition-{Empty};>; id condition size=<1>
2018-02-22 01:52:51,102  INFO   [qtp1607453282-120099] - Finished changes for class=[node]; table name=HDM_180110NODE_1
2018-02-22 01:52:51,119  INFO   [qtp1607453282-120099] - Changes for class=[node]; table name=HDM_180210NODE_1; layout=<SimpleHistEventLayoutImpl{_isIncludePrevValue=true, _isIncludeEnd2Info=true}>; filter=<HistoryFilter includes: Changer-null; FromDate-Mon Jan 22 06:00:00 UTC 2018; ToDate-Thu Feb 22 01:53:31 UTC 2018 ChangeTypes-{Empty}; Class types-{Empty}; End2 Class types-{Empty}; Attributes Condition-{Empty};>; id condition size=<1>
2018-02-22 01:52:51,219  INFO   [qtp1607453282-120099] - Finished changes for class=[node]; table name=HDM_180210NODE_1
2018-02-22 01:52:51,239  INFO   [qtp1607453282-120099] - Brought 1 events for classes in 142 ms
2018-02-22 01:52:51,239  INFO   [qtp1607453282-120099] - Start to calculate related events, shouldGetEnd2Info=true, input end1 ids=[449b291de51a9d3ba6f9699459d44242]
2018-02-22 01:52:51,713  INFO   [qtp1607453282-120099] - Found 0 links in 116 tables in 472 ms
2018-02-22 01:52:51,713  INFO   [qtp1607453282-120099] - not found events of add/remove links for given filter, return no related events
2018-02-22 01:52:51,728  INFO   [qtp1607453282-120099] - Brought 0 Related events in 488 ms
2018-02-22 01:52:51,728  INFO   [qtp1607453282-120099] - Going to process collected events
2018-02-22 01:52:51,728  INFO   [qtp1607453282-120099] - Starting to calculate initial data and previous values from collected events if needed.
2018-02-22 01:52:51,728  INFO   [qtp1607453282-120099] - Finished to calculate initial data and previous values from collected events.
2018-02-22 01:52:51,728  INFO   [qtp1607453282-120099] - Starting to load from DB initial data and previous values if needed.
2018-02-22 01:52:51,728  INFO   [qtp1607453282-120099] - Finished to load from DB initial data and previous values if needed.
2018-02-22 01:52:51,728  INFO   [qtp1607453282-120099] - Processed events in 0 ms
2018-02-22 01:52:51,728  INFO   [qtp1607453282-120099] - --- Finished get changes
2018-02-22 01:52:51,755  INFO   [qtp1607453282-120099] - Operation:[hist query: get data changes] ;Results: 1 events were returned.
2018-02-22 01:52:51,755  INFO   [qtp1607453282-120099] - HistQueryGetDataChanges took 682 [ms]
2018-02-22 01:52:51,774  INFO   [qtp1607453282-120105] - Operation:[HistQueryGetDataLayout] ;Number of requested CMDB IDs: 1; Requested date: 2/21/18 5:16 PM; Request layout: Typed layout: [Default layout = Simple layout: [All = true, keys = []], ]
2018-02-22 01:52:51,809  INFO   [qtp1607453282-120105] - Get [node] history data from table [HDM_180210NODE_1]; Number of requested CMDB IDs: 1; Number of changes IDs: 1; Request layout: Simple layout: [keys = [data_testisnew, snmp_sys_name, ud_unique_id, processor_family, discovered_os_vendor, data_operationstate, bios_asset_tag, data_operationisnew, host_isvirtual, host_osaccuracy, data_origin, primary_ip_address, serial_number, language, host_osinstalltype, digest, name, root_iscandidatefordeletion, bios_date, discovered_location, node_family, user_label, memory_size, discovered_contact, root_enableageing, host_nnm_uid, global_id, discovered_os_version, os_vendor, host_osrelease, country, cloud_instance_id, extended_os_family, os_family, data_note, swap_memory_size, vendor, credentials_id, dns_servers, bios_version, state, calculated_location, bios_source, os_description, extended_node_family, data_adminstate, node_model, lic_type_udi, data_updated_by, net_bios_name, primary_mac_address, city, node_os_description, data_operationcorrstate, create_time, platform_vendor, root_container, data_externalid, default_gateway_ip_address, description, discovered_vendor, root_lastaccesstime, ack_cleared_time, data_changestate, data_changeisnew, codepage, contextmenu, sys_object_id, domain_name, track_changes, node_role, display_label, bios_uuid, data_changecorrstate, data_allow_auto_discovery, lic_type, discovered_os_name, root_actualdeletetime, chassis_type, data_testcorrstate, primary_dns_name, bios_serial_number, internal_name, calculated_id, ack_id, root_iconproperties, root_candidatefordeletetime, last_modified_time, host_last_boot_time, data_source, host_isroute, root_class, host_key, host_iscomplete, is_save_persistency, host_isdesktop, root_system, discovered_model, host_nnm_internal_key, discovered_description, default_gateway_ip_address_type, document_list, data_teststate, lic_type_udf, host_servertype]]
2018-02-22 01:52:51,912  INFO   [qtp1607453282-120105] - Operation:[HistQueryGetDataLayout] ;Results: 1 layouts were returned.
2018-02-22 01:52:51,912  INFO   [qtp1607453282-120105] - HistQueryGetDataLayout took 138 [ms]
2018-02-22 01:54:04,456  INFO   [qtp1607453282-120113] - Operation:[HistQueryGetDataLayout] ;Number of requested CMDB IDs: 1; Requested date: 1/22/18 6:00 AM; Request layout: Typed layout: [Default layout = Simple layout: [All = true, keys = []], ]
2018-02-22 01:54:04,584  INFO   [qtp1607453282-120113] - Get [ip_address] history data from table [HDM_180110IP_ADDRESS_1]; Number of requested CMDB IDs: 1; Number of changes IDs: 1; Request layout: Simple layout: [keys = [data_testisnew, data_updated_by, ip_isbroadcast, city, ip_isdhcp, data_operationcorrstate, data_operationstate, create_time, ip_probename, ip_netclass, data_operationisnew, ip_netmask, root_container, data_externalid, data_origin, ip_nettype, description, root_lastaccesstime, ip_address, ack_cleared_time, ip_ismanaged, language, digest, data_changestate, ip_dhcpdomainname, codepage, data_changeisnew, contextmenu, track_changes, display_label, name, root_iscandidatefordeletion, isvirtual, ip_lease_time, data_changecorrstate, data_allow_auto_discovery, authoritative_dns_name, user_label, root_actualdeletetime, data_testcorrstate, root_enableageing, calculated_id, global_id, routing_domain, ip_netaddr, ack_id, root_iconproperties, root_candidatefordeletetime, last_modified_time, arp_mac, country, data_source, root_class, data_note, credentials_id, is_save_persistency, state, ip_address_type, root_system, ip_address_property, ip_address_value, data_adminstate, document_list, data_teststate]]
2018-02-22 01:54:04,637  INFO   [qtp1607453282-120113] - Operation:[HistQueryGetDataLayout] ;Results: 1 layouts were returned.
2018-02-22 01:54:04,637  INFO   [qtp1607453282-120113] - HistQueryGetDataLayout took 181 [ms]
2018-02-22 01:54:04,651  INFO   [qtp1607453282-120099] - Operation:[hist query: get data changes] ;Number of requested CMDB IDs: 1; Request layout: SimpleHistEventLayoutImpl{_isIncludePrevValue=true, _isIncludeEnd2Info=true}; Request filter: HistoryFilter includes: Changer-null; FromDate-Mon Jan 22 06:00:00 UTC 2018; ToDate-Thu Feb 22 01:54:45 UTC 2018 ChangeTypes-{Empty}; Class types-{Empty}; End2 Class types-{Empty}; Attributes Condition-{Empty};
2018-02-22 01:54:04,652  INFO   [qtp1607453282-120099] - --- Get Changes input: layout=<SimpleHistEventLayoutImpl{_isIncludePrevValue=true, _isIncludeEnd2Info=true}>; filter=<HistoryFilter includes: Changer-null; FromDate-Mon Jan 22 06:00:00 UTC 2018; ToDate-Thu Feb 22 01:54:45 UTC 2018 ChangeTypes-{Empty}; Class types-{Empty}; End2 Class types-{Empty}; Attributes Condition-{Empty};>; id condition size=<1>
2018-02-22 01:54:04,674  INFO   [qtp1607453282-120099] - Going to bring events for class types: ip_address
2018-02-22 01:54:04,675  INFO   [qtp1607453282-120099] - Changes for class=[ip_address]; table name=HDM_180110IP_ADDRESS_1; layout=<SimpleHistEventLayoutImpl{_isIncludePrevValue=true, _isIncludeEnd2Info=true}>; filter=<HistoryFilter includes: Changer-null; FromDate-Mon Jan 22 06:00:00 UTC 2018; ToDate-Thu Feb 22 01:54:45 UTC 2018 ChangeTypes-{Empty}; Class types-{Empty}; End2 Class types-{Empty}; Attributes Condition-{Empty};>; id condition size=<1>
2018-02-22 01:54:04,676  INFO   [qtp1607453282-120099] - Finished changes for class=[ip_address]; table name=HDM_180110IP_ADDRESS_1
2018-02-22 01:54:04,692  INFO   [qtp1607453282-120099] - Changes for class=[ip_address]; table name=HDM_180210IP_ADDRESS_1; layout=<SimpleHistEventLayoutImpl{_isIncludePrevValue=true, _isIncludeEnd2Info=true}>; filter=<HistoryFilter includes: Changer-null; FromDate-Mon Jan 22 06:00:00 UTC 2018; ToDate-Thu Feb 22 01:54:45 UTC 2018 ChangeTypes-{Empty}; Class types-{Empty}; End2 Class types-{Empty}; Attributes Condition-{Empty};>; id condition size=<1>
2018-02-22 01:54:04,788  INFO   [qtp1607453282-120099] - Finished changes for class=[ip_address]; table name=HDM_180210IP_ADDRESS_1
2018-02-22 01:54:04,804  INFO   [qtp1607453282-120099] - Brought 0 events for classes in 129 ms
2018-02-22 01:54:04,804  INFO   [qtp1607453282-120099] - Start to calculate related events, shouldGetEnd2Info=true, input end1 ids=[47f280fbdb0af4a6aed668c359992bb3]
2018-02-22 01:54:05,115  INFO   [qtp1607453282-120099] - Found 0 links in 116 tables in 310 ms
2018-02-22 01:54:05,115  INFO   [qtp1607453282-120099] - not found events of add/remove links for given filter, return no related events
2018-02-22 01:54:05,130  INFO   [qtp1607453282-120099] - Brought 0 Related events in 326 ms
2018-02-22 01:54:05,130  INFO   [qtp1607453282-120099] - Going to process collected events
2018-02-22 01:54:05,130  INFO   [qtp1607453282-120099] - Starting to calculate initial data and previous values from collected events if needed.
2018-02-22 01:54:05,130  INFO   [qtp1607453282-120099] - Finished to calculate initial data and previous values from collected events.
2018-02-22 01:54:05,130  INFO   [qtp1607453282-120099] - Starting to load from DB initial data and previous values if needed.
2018-02-22 01:54:05,130  INFO   [qtp1607453282-120099] - Finished to load from DB initial data and previous values if needed.
2018-02-22 01:54:05,130  INFO   [qtp1607453282-120099] - Processed events in 0 ms
2018-02-22 01:54:05,130  INFO   [qtp1607453282-120099] - --- Finished get changes
2018-02-22 01:54:05,152  INFO   [qtp1607453282-120099] - Operation:[hist query: get data changes] ;Results: 0 events were returned.
2018-02-22 01:54:05,152  INFO   [qtp1607453282-120099] - HistQueryGetDataChanges took 501 [ms]
