2017-12-12 14:31:40,510  INFO   [Starter for "tql_res_utils" (during Writer server startup). (customer 1, id name: Default Client)] - Thread pool size for customer 1, id name: Default Client is 8
2017-12-12 14:35:43,648  INFO   [notification_publish_task4-371] - Creating State Machine for TQL J2EE Cluster - ESX Compliance
2017-12-12 14:35:48,902  INFO   [notification_publish_task4-371] - Creating State Machine for TQL Virtualized J2EE Cluster
2017-12-12 14:35:48,935  INFO   [notification_publish_task4-371] - Creating State Machine for TQL Virtualized MS Cluster
2017-12-12 14:35:49,057  INFO   [notification_publish_task4-371] - Creating State Machine for TQL Non-virtualized Sun Cluster
2017-12-12 14:35:49,157  INFO   [notification_publish_task4-371] - Creating State Machine for TQL Non-virtualized Service Guard Cluster
2017-12-12 14:35:49,222  INFO   [notification_publish_task4-371] - Creating State Machine for TQL Non-virtualized J2EE Cluster
2017-12-12 14:35:49,285  INFO   [notification_publish_task4-371] - Creating State Machine for TQL Non-virtualized HACMP Cluster
2017-12-12 14:35:49,506  INFO   [notification_publish_task4-371] - Creating State Machine for TQL MS SQL Servers
2017-12-12 14:35:49,529  INFO   [notification_publish_task4-371] - Creating State Machine for TQL Virtualized HACMP Cluster
2017-12-12 14:35:49,590  INFO   [notification_publish_task4-371] - Creating State Machine for TQL Virtualized Veritas Cluster
2017-12-12 14:35:49,696  INFO   [notification_publish_task4-371] - Creating State Machine for TQL Non-virtualized Veritas Cluster
2017-12-12 14:35:49,793  INFO   [notification_publish_task4-371] - Creating State Machine for TQL Virtualized Sun Cluster
2017-12-12 14:35:49,907  INFO   [notification_publish_task4-371] - Creating State Machine for TQL Oracle Servers
2017-12-12 14:35:50,232  INFO   [notification_publish_task4-371] - Creating State Machine for TQL Non-virtualized MS Cluster
2017-12-12 14:35:50,371  INFO   [notification_publish_task4-371] - Creating State Machine for TQL Virtualized Service Guard Cluster
2017-12-12 14:35:54,127  INFO   [notification_publish_task4-371] - Creating State Machine for TQL SAW_Computer
2017-12-12 14:35:57,806  INFO   [Enrichment Calculator Task-399] - Creating State Machine for TQL OracleConnectWebservices
2017-12-12 14:35:57,863  INFO   [Enrichment Calculator Task-455] - Creating State Machine for TQL Siebel_Web_To_Middle_Tier
2017-12-12 14:35:58,020  INFO   [Enrichment Calculator Task-456] - Creating State Machine for TQL Link Sender and Receiver Channels
2017-12-12 14:35:58,064  INFO   [Enrichment Calculator Task-399] - Creating State Machine for TQL Solaris Zones Networking
2017-12-12 14:35:58,101  INFO   [Enrichment Calculator Task-457] - Creating State Machine for TQL Update_Broadcast_IP
2017-12-12 14:35:58,218  INFO   [Enrichment Calculator Task-456] - Creating State Machine for TQL SAP_Double_Stack_Instance
2017-12-12 14:35:58,264  INFO   [Enrichment Calculator Task-455] - Creating State Machine for TQL IISConnectWebservice
2017-12-12 14:35:58,367  INFO   [Enrichment Calculator Task-399] - Creating State Machine for TQL Remove ip to Mainframe if Lpar
2017-12-12 14:35:58,411  INFO   [Enrichment Calculator Task-457] - Creating State Machine for TQL Build Layer2 CIs using PortNextMAC
2017-12-12 14:35:58,544  INFO   [Enrichment Calculator Task-456] - Creating State Machine for TQL WeblogicConnectWebservice
2017-12-12 14:35:58,585  INFO   [Enrichment Calculator Task-455] - Creating State Machine for TQL JDBCDataSrc_Database
2017-12-12 14:35:58,623  INFO   [Enrichment Calculator Task-399] - Creating State Machine for TQL WebService_WebModule
2017-12-12 14:36:01,937  INFO   [notification_publish_task4-371] - gate received new gate definition GateDefinition{name='Gate10', tqls=[Virtualized Veritas Cluster]} in customer 1, id name: Default Client
2017-12-12 14:36:04,070  INFO   [notification_publish_task4-371] - gate received new gate definition GateDefinition{name='Gate4', tqls=[Non-virtualized Sun Cluster]} in customer 1, id name: Default Client
2017-12-12 14:36:04,211  INFO   [notification_publish_task4-371] - gate received new gate definition GateDefinition{name='Gate1', tqls=[J2EE Cluster - ESX Compliance]} in customer 1, id name: Default Client
2017-12-12 14:36:04,469  INFO   [notification_publish_task4-371] - gate received new gate definition GateDefinition{name='Gate6', tqls=[Non-virtualized J2EE Cluster]} in customer 1, id name: Default Client
2017-12-12 14:36:04,996  INFO   [notification_publish_task4-371] - gate received new gate definition GateDefinition{name='Gate13', tqls=[Oracle Servers]} in customer 1, id name: Default Client
2017-12-12 14:36:05,174  INFO   [notification_publish_task4-371] - gate received new gate definition GateDefinition{name='Gate11', tqls=[Non-virtualized Veritas Cluster]} in customer 1, id name: Default Client
2017-12-12 14:36:05,494  INFO   [notification_publish_task4-371] - gate received new gate definition GateDefinition{name='Gate7', tqls=[Non-virtualized HACMP Cluster]} in customer 1, id name: Default Client
2017-12-12 14:36:06,641  INFO   [notification_publish_task4-371] - gate received new gate definition GateDefinition{name='Gate12', tqls=[Virtualized Sun Cluster]} in customer 1, id name: Default Client
2017-12-12 14:36:06,672  INFO   [notification_publish_task4-371] - gate received new gate definition GateDefinition{name='Gate5', tqls=[Non-virtualized Service Guard Cluster]} in customer 1, id name: Default Client
2017-12-12 14:36:06,892  INFO   [notification_publish_task4-371] - gate received new gate definition GateDefinition{name='Gate9', tqls=[Virtualized HACMP Cluster]} in customer 1, id name: Default Client
2017-12-12 14:36:07,066  INFO   [notification_publish_task4-371] - gate received new gate definition GateDefinition{name='Gate2', tqls=[Virtualized J2EE Cluster]} in customer 1, id name: Default Client
2017-12-12 14:36:07,976  INFO   [notification_publish_task4-371] - gate received new gate definition GateDefinition{name='Gate14', tqls=[Non-virtualized MS Cluster]} in customer 1, id name: Default Client
2017-12-12 14:36:08,124  INFO   [notification_publish_task4-371] - gate received new gate definition GateDefinition{name='Gate8', tqls=[MS SQL Servers]} in customer 1, id name: Default Client
2017-12-12 14:36:08,472  INFO   [notification_publish_task4-371] - gate received new gate definition GateDefinition{name='Gate3', tqls=[Virtualized MS Cluster]} in customer 1, id name: Default Client
2017-12-12 14:36:08,567  INFO   [notification_publish_task4-371] - gate received new gate definition GateDefinition{name='Gate15', tqls=[Virtualized Service Guard Cluster]} in customer 1, id name: Default Client
2017-12-12 19:59:26,665  INFO   [Starter for "tql_res_utils" (during Writer server startup). (customer 1, id name: Default Client)] - Thread pool size for customer 1, id name: Default Client is 8
2017-12-12 19:59:26,902  INFO   [Starter for "tql_res_utils" (during Writer server startup). (customer 1, id name: Default Client)] - Creating State Machine for TQL MS SQL Servers
2017-12-12 19:59:26,951  INFO   [Starter for "tql_res_utils" (during Writer server startup). (customer 1, id name: Default Client)] - Creating State Machine for TQL Non-virtualized MS Cluster
2017-12-12 19:59:26,966  INFO   [Starter for "tql_res_utils" (during Writer server startup). (customer 1, id name: Default Client)] - Creating State Machine for TQL Non-virtualized J2EE Cluster
2017-12-12 19:59:26,971  INFO   [Starter for "tql_res_utils" (during Writer server startup). (customer 1, id name: Default Client)] - Creating State Machine for TQL Non-virtualized Service Guard Cluster
2017-12-12 19:59:26,996  INFO   [Starter for "tql_res_utils" (during Writer server startup). (customer 1, id name: Default Client)] - Creating State Machine for TQL Virtualized Sun Cluster
2017-12-12 19:59:26,998  INFO   [Starter for "tql_res_utils" (during Writer server startup). (customer 1, id name: Default Client)] - Creating State Machine for TQL Oracle Servers
2017-12-12 19:59:27,012  INFO   [Starter for "tql_res_utils" (during Writer server startup). (customer 1, id name: Default Client)] - Creating State Machine for TQL J2EE Cluster - ESX Compliance
2017-12-12 19:59:27,033  INFO   [Starter for "tql_res_utils" (during Writer server startup). (customer 1, id name: Default Client)] - Creating State Machine for TQL Virtualized Veritas Cluster
2017-12-12 19:59:27,063  INFO   [Starter for "tql_res_utils" (during Writer server startup). (customer 1, id name: Default Client)] - Creating State Machine for TQL Virtualized J2EE Cluster
2017-12-12 19:59:27,077  INFO   [Starter for "tql_res_utils" (during Writer server startup). (customer 1, id name: Default Client)] - Creating State Machine for TQL SAW_Computer
2017-12-12 19:59:27,121  INFO   [Starter for "tql_res_utils" (during Writer server startup). (customer 1, id name: Default Client)] - Creating State Machine for TQL Virtualized MS Cluster
2017-12-12 19:59:27,129  INFO   [Starter for "tql_res_utils" (during Writer server startup). (customer 1, id name: Default Client)] - Creating State Machine for TQL Non-virtualized Sun Cluster
2017-12-12 19:59:27,138  INFO   [Starter for "tql_res_utils" (during Writer server startup). (customer 1, id name: Default Client)] - Creating State Machine for TQL Non-virtualized Veritas Cluster
2017-12-12 19:59:27,152  INFO   [Starter for "tql_res_utils" (during Writer server startup). (customer 1, id name: Default Client)] - Creating State Machine for TQL Virtualized Service Guard Cluster
2017-12-12 19:59:27,183  INFO   [Starter for "tql_res_utils" (during Writer server startup). (customer 1, id name: Default Client)] - Creating State Machine for TQL Virtualized HACMP Cluster
2017-12-12 19:59:27,193  INFO   [Starter for "tql_res_utils" (during Writer server startup). (customer 1, id name: Default Client)] - Creating State Machine for TQL Non-virtualized HACMP Cluster
2017-12-12 19:59:28,215  INFO   [Enrichment Calculator Task-436] - Creating State Machine for TQL IISConnectWebservice
2017-12-12 19:59:29,192  INFO   [Enrichment Calculator Task-436] - Creating State Machine for TQL Remove ip to Mainframe if Lpar
2017-12-12 19:59:29,402  INFO   [Enrichment Calculator Task-436] - Creating State Machine for TQL WebService_WebModule
2017-12-12 19:59:29,549  INFO   [Enrichment Calculator Task-436] - Creating State Machine for TQL Link Sender and Receiver Channels
2017-12-12 19:59:29,669  INFO   [Enrichment Calculator Task-436] - Creating State Machine for TQL OracleConnectWebservices
2017-12-12 19:59:29,808  INFO   [Enrichment Calculator Task-436] - Creating State Machine for TQL SAP_Double_Stack_Instance
2017-12-12 19:59:29,971  INFO   [Enrichment Calculator Task-436] - Creating State Machine for TQL Siebel_Web_To_Middle_Tier
2017-12-12 19:59:30,509  INFO   [Enrichment Calculator Task-436] - Creating State Machine for TQL F5FwdAnyPortHandler
2017-12-12 19:59:30,520  INFO   [Enrichment Calculator Task-436] - Creating State Machine for TQL Update_Broadcast_IP
2017-12-12 19:59:30,950  INFO   [Enrichment Calculator Task-436] - Creating State Machine for TQL Solaris Zones Networking
2017-12-12 19:59:31,198  INFO   [Enrichment Calculator Task-436] - Creating State Machine for TQL JDBCDataSrc_Database
2017-12-12 19:59:31,299  INFO   [Enrichment Calculator Task-436] - Creating State Machine for TQL Build Layer2 CIs using PortNextMAC
2017-12-12 19:59:31,460  INFO   [Enrichment Calculator Task-436] - Creating State Machine for TQL WeblogicConnectWebservice
2017-12-12 20:22:34,079  INFO   [Starter for "tql_res_utils" (during Writer server startup). (customer 1, id name: Default Client)] - Thread pool size for customer 1, id name: Default Client is 8
2017-12-12 20:22:34,355  INFO   [Starter for "tql_res_utils" (during Writer server startup). (customer 1, id name: Default Client)] - Creating State Machine for TQL MS SQL Servers
2017-12-12 20:22:34,410  INFO   [Starter for "tql_res_utils" (during Writer server startup). (customer 1, id name: Default Client)] - Creating State Machine for TQL Non-virtualized MS Cluster
2017-12-12 20:22:34,428  INFO   [Starter for "tql_res_utils" (during Writer server startup). (customer 1, id name: Default Client)] - Creating State Machine for TQL Non-virtualized J2EE Cluster
2017-12-12 20:22:34,445  INFO   [Starter for "tql_res_utils" (during Writer server startup). (customer 1, id name: Default Client)] - Creating State Machine for TQL Non-virtualized Service Guard Cluster
2017-12-12 20:22:34,456  INFO   [Starter for "tql_res_utils" (during Writer server startup). (customer 1, id name: Default Client)] - Creating State Machine for TQL Virtualized Sun Cluster
2017-12-12 20:22:34,459  INFO   [Starter for "tql_res_utils" (during Writer server startup). (customer 1, id name: Default Client)] - Creating State Machine for TQL Oracle Servers
2017-12-12 20:22:34,470  INFO   [Starter for "tql_res_utils" (during Writer server startup). (customer 1, id name: Default Client)] - Creating State Machine for TQL J2EE Cluster - ESX Compliance
2017-12-12 20:22:34,493  INFO   [Starter for "tql_res_utils" (during Writer server startup). (customer 1, id name: Default Client)] - Creating State Machine for TQL Virtualized Veritas Cluster
2017-12-12 20:22:34,527  INFO   [Starter for "tql_res_utils" (during Writer server startup). (customer 1, id name: Default Client)] - Creating State Machine for TQL Virtualized J2EE Cluster
2017-12-12 20:22:34,537  INFO   [Starter for "tql_res_utils" (during Writer server startup). (customer 1, id name: Default Client)] - Creating State Machine for TQL SAW_Computer
2017-12-12 20:22:34,569  INFO   [Starter for "tql_res_utils" (during Writer server startup). (customer 1, id name: Default Client)] - Creating State Machine for TQL Virtualized MS Cluster
2017-12-12 20:22:34,573  INFO   [Starter for "tql_res_utils" (during Writer server startup). (customer 1, id name: Default Client)] - Creating State Machine for TQL Non-virtualized Sun Cluster
2017-12-12 20:22:34,578  INFO   [Starter for "tql_res_utils" (during Writer server startup). (customer 1, id name: Default Client)] - Creating State Machine for TQL Non-virtualized Veritas Cluster
2017-12-12 20:22:34,586  INFO   [Starter for "tql_res_utils" (during Writer server startup). (customer 1, id name: Default Client)] - Creating State Machine for TQL Virtualized Service Guard Cluster
2017-12-12 20:22:34,607  INFO   [Starter for "tql_res_utils" (during Writer server startup). (customer 1, id name: Default Client)] - Creating State Machine for TQL Virtualized HACMP Cluster
2017-12-12 20:22:34,611  INFO   [Starter for "tql_res_utils" (during Writer server startup). (customer 1, id name: Default Client)] - Creating State Machine for TQL Non-virtualized HACMP Cluster
2017-12-12 20:22:35,673  INFO   [Enrichment Calculator Task-430] - Creating State Machine for TQL IISConnectWebservice
2017-12-12 20:22:36,600  INFO   [Enrichment Calculator Task-430] - Creating State Machine for TQL Remove ip to Mainframe if Lpar
2017-12-12 20:22:36,754  INFO   [Enrichment Calculator Task-430] - Creating State Machine for TQL WebService_WebModule
2017-12-12 20:22:36,880  INFO   [Enrichment Calculator Task-430] - Creating State Machine for TQL Link Sender and Receiver Channels
2017-12-12 20:22:37,013  INFO   [Enrichment Calculator Task-430] - Creating State Machine for TQL OracleConnectWebservices
2017-12-12 20:22:37,288  INFO   [Enrichment Calculator Task-430] - Creating State Machine for TQL SAP_Double_Stack_Instance
2017-12-12 20:22:37,560  INFO   [Enrichment Calculator Task-430] - Creating State Machine for TQL Siebel_Web_To_Middle_Tier
2017-12-12 20:22:38,341  INFO   [Enrichment Calculator Task-430] - Creating State Machine for TQL F5FwdAnyPortHandler
2017-12-12 20:22:38,358  INFO   [Enrichment Calculator Task-430] - Creating State Machine for TQL Update_Broadcast_IP
2017-12-12 20:22:38,776  INFO   [Enrichment Calculator Task-430] - Creating State Machine for TQL Solaris Zones Networking
2017-12-12 20:22:39,015  INFO   [Enrichment Calculator Task-430] - Creating State Machine for TQL JDBCDataSrc_Database
2017-12-12 20:22:39,140  INFO   [Enrichment Calculator Task-430] - Creating State Machine for TQL Build Layer2 CIs using PortNextMAC
2017-12-12 20:22:39,298  INFO   [Enrichment Calculator Task-430] - Creating State Machine for TQL WeblogicConnectWebservice
2017-12-14 10:26:05,009  INFO   [Starter for "tql_res_utils" (during Writer server startup). (customer 1, id name: Default Client)] - Thread pool size for customer 1, id name: Default Client is 8
2017-12-14 10:26:05,336  INFO   [Starter for "tql_res_utils" (during Writer server startup). (customer 1, id name: Default Client)] - Creating State Machine for TQL MS SQL Servers
2017-12-14 10:26:05,394  INFO   [Starter for "tql_res_utils" (during Writer server startup). (customer 1, id name: Default Client)] - Creating State Machine for TQL Non-virtualized MS Cluster
2017-12-14 10:26:05,403  INFO   [Starter for "tql_res_utils" (during Writer server startup). (customer 1, id name: Default Client)] - Creating State Machine for TQL Non-virtualized J2EE Cluster
2017-12-14 10:26:05,410  INFO   [Starter for "tql_res_utils" (during Writer server startup). (customer 1, id name: Default Client)] - Creating State Machine for TQL Non-virtualized Service Guard Cluster
2017-12-14 10:26:05,426  INFO   [Starter for "tql_res_utils" (during Writer server startup). (customer 1, id name: Default Client)] - Creating State Machine for TQL Virtualized Sun Cluster
2017-12-14 10:26:05,429  INFO   [Starter for "tql_res_utils" (during Writer server startup). (customer 1, id name: Default Client)] - Creating State Machine for TQL Oracle Servers
2017-12-14 10:26:05,439  INFO   [Starter for "tql_res_utils" (during Writer server startup). (customer 1, id name: Default Client)] - Creating State Machine for TQL J2EE Cluster - ESX Compliance
2017-12-14 10:26:05,463  INFO   [Starter for "tql_res_utils" (during Writer server startup). (customer 1, id name: Default Client)] - Creating State Machine for TQL Virtualized Veritas Cluster
2017-12-14 10:26:05,498  INFO   [Starter for "tql_res_utils" (during Writer server startup). (customer 1, id name: Default Client)] - Creating State Machine for TQL Virtualized J2EE Cluster
2017-12-14 10:26:05,512  INFO   [Starter for "tql_res_utils" (during Writer server startup). (customer 1, id name: Default Client)] - Creating State Machine for TQL SAW_Computer
2017-12-14 10:26:05,560  INFO   [Starter for "tql_res_utils" (during Writer server startup). (customer 1, id name: Default Client)] - Creating State Machine for TQL Virtualized MS Cluster
2017-12-14 10:26:05,563  INFO   [Starter for "tql_res_utils" (during Writer server startup). (customer 1, id name: Default Client)] - Creating State Machine for TQL Non-virtualized Sun Cluster
2017-12-14 10:26:05,567  INFO   [Starter for "tql_res_utils" (during Writer server startup). (customer 1, id name: Default Client)] - Creating State Machine for TQL Non-virtualized Veritas Cluster
2017-12-14 10:26:05,573  INFO   [Starter for "tql_res_utils" (during Writer server startup). (customer 1, id name: Default Client)] - Creating State Machine for TQL Virtualized Service Guard Cluster
2017-12-14 10:26:05,586  INFO   [Starter for "tql_res_utils" (during Writer server startup). (customer 1, id name: Default Client)] - Creating State Machine for TQL Virtualized HACMP Cluster
2017-12-14 10:26:05,589  INFO   [Starter for "tql_res_utils" (during Writer server startup). (customer 1, id name: Default Client)] - Creating State Machine for TQL Non-virtualized HACMP Cluster
2017-12-14 10:26:06,720  INFO   [Enrichment Calculator Task-434] - Creating State Machine for TQL IISConnectWebservice
2017-12-14 10:26:07,493  INFO   [Enrichment Calculator Task-434] - Creating State Machine for TQL Remove ip to Mainframe if Lpar
2017-12-14 10:26:07,928  INFO   [Enrichment Calculator Task-434] - Creating State Machine for TQL WebService_WebModule
2017-12-14 10:26:08,142  INFO   [Enrichment Calculator Task-434] - Creating State Machine for TQL Link Sender and Receiver Channels
2017-12-14 10:26:08,448  INFO   [Enrichment Calculator Task-434] - Creating State Machine for TQL OracleConnectWebservices
2017-12-14 10:26:08,666  INFO   [Enrichment Calculator Task-434] - Creating State Machine for TQL SAP_Double_Stack_Instance
2017-12-14 10:26:09,095  INFO   [Enrichment Calculator Task-434] - Creating State Machine for TQL Siebel_Web_To_Middle_Tier
2017-12-14 10:26:09,717  INFO   [Enrichment Calculator Task-434] - Creating State Machine for TQL F5FwdAnyPortHandler
2017-12-14 10:26:09,729  INFO   [Enrichment Calculator Task-434] - Creating State Machine for TQL Update_Broadcast_IP
2017-12-14 10:26:10,296  INFO   [Enrichment Calculator Task-434] - Creating State Machine for TQL Solaris Zones Networking
2017-12-14 10:26:10,577  INFO   [Enrichment Calculator Task-434] - Creating State Machine for TQL JDBCDataSrc_Database
2017-12-14 10:26:10,662  INFO   [Enrichment Calculator Task-434] - Creating State Machine for TQL Build Layer2 CIs using PortNextMAC
2017-12-14 10:26:10,762  INFO   [Enrichment Calculator Task-434] - Creating State Machine for TQL WeblogicConnectWebservice
2017-12-14 15:51:34,469  INFO   [Starter for "tql_res_utils" (during Writer server startup). (customer 1, id name: Default Client)] - Thread pool size for customer 1, id name: Default Client is 8
2017-12-14 15:51:34,624  INFO   [Starter for "tql_res_utils" (during Writer server startup). (customer 1, id name: Default Client)] - Creating State Machine for TQL MS SQL Servers
2017-12-14 15:51:34,655  INFO   [Starter for "tql_res_utils" (during Writer server startup). (customer 1, id name: Default Client)] - Creating State Machine for TQL Non-virtualized MS Cluster
2017-12-14 15:51:34,660  INFO   [Starter for "tql_res_utils" (during Writer server startup). (customer 1, id name: Default Client)] - Creating State Machine for TQL Non-virtualized J2EE Cluster
2017-12-14 15:51:34,662  INFO   [Starter for "tql_res_utils" (during Writer server startup). (customer 1, id name: Default Client)] - Creating State Machine for TQL Non-virtualized Service Guard Cluster
2017-12-14 15:51:34,666  INFO   [Starter for "tql_res_utils" (during Writer server startup). (customer 1, id name: Default Client)] - Creating State Machine for TQL Virtualized Sun Cluster
2017-12-14 15:51:34,672  INFO   [Starter for "tql_res_utils" (during Writer server startup). (customer 1, id name: Default Client)] - Creating State Machine for TQL Oracle Servers
2017-12-14 15:51:34,676  INFO   [Starter for "tql_res_utils" (during Writer server startup). (customer 1, id name: Default Client)] - Creating State Machine for TQL J2EE Cluster - ESX Compliance
2017-12-14 15:51:34,682  INFO   [Starter for "tql_res_utils" (during Writer server startup). (customer 1, id name: Default Client)] - Creating State Machine for TQL Virtualized Veritas Cluster
2017-12-14 15:51:34,696  INFO   [Starter for "tql_res_utils" (during Writer server startup). (customer 1, id name: Default Client)] - Creating State Machine for TQL Virtualized J2EE Cluster
2017-12-14 15:51:34,700  INFO   [Starter for "tql_res_utils" (during Writer server startup). (customer 1, id name: Default Client)] - Creating State Machine for TQL SAW_Computer
2017-12-14 15:51:34,724  INFO   [Starter for "tql_res_utils" (during Writer server startup). (customer 1, id name: Default Client)] - Creating State Machine for TQL Virtualized MS Cluster
2017-12-14 15:51:34,726  INFO   [Starter for "tql_res_utils" (during Writer server startup). (customer 1, id name: Default Client)] - Creating State Machine for TQL Non-virtualized Sun Cluster
2017-12-14 15:51:34,729  INFO   [Starter for "tql_res_utils" (during Writer server startup). (customer 1, id name: Default Client)] - Creating State Machine for TQL Non-virtualized Veritas Cluster
2017-12-14 15:51:34,732  INFO   [Starter for "tql_res_utils" (during Writer server startup). (customer 1, id name: Default Client)] - Creating State Machine for TQL Virtualized Service Guard Cluster
2017-12-14 15:51:34,740  INFO   [Starter for "tql_res_utils" (during Writer server startup). (customer 1, id name: Default Client)] - Creating State Machine for TQL Virtualized HACMP Cluster
2017-12-14 15:51:34,742  INFO   [Starter for "tql_res_utils" (during Writer server startup). (customer 1, id name: Default Client)] - Creating State Machine for TQL Non-virtualized HACMP Cluster
2017-12-14 15:51:35,200  INFO   [Enrichment Calculator Task-434] - Creating State Machine for TQL IISConnectWebservice
2017-12-14 15:51:35,515  INFO   [Enrichment Calculator Task-434] - Creating State Machine for TQL Remove ip to Mainframe if Lpar
2017-12-14 15:51:35,668  INFO   [Enrichment Calculator Task-434] - Creating State Machine for TQL WebService_WebModule
2017-12-14 15:51:35,771  INFO   [Enrichment Calculator Task-434] - Creating State Machine for TQL Link Sender and Receiver Channels
2017-12-14 15:51:35,869  INFO   [Enrichment Calculator Task-434] - Creating State Machine for TQL OracleConnectWebservices
2017-12-14 15:51:35,962  INFO   [Enrichment Calculator Task-434] - Creating State Machine for TQL SAP_Double_Stack_Instance
2017-12-14 15:51:36,121  INFO   [Enrichment Calculator Task-434] - Creating State Machine for TQL Siebel_Web_To_Middle_Tier
2017-12-14 15:51:37,095  INFO   [Enrichment Calculator Task-434] - Creating State Machine for TQL F5FwdAnyPortHandler
2017-12-14 15:51:37,099  INFO   [Enrichment Calculator Task-434] - Creating State Machine for TQL Update_Broadcast_IP
2017-12-14 15:51:37,341  INFO   [Enrichment Calculator Task-434] - Creating State Machine for TQL Solaris Zones Networking
2017-12-14 15:51:37,551  INFO   [Enrichment Calculator Task-434] - Creating State Machine for TQL JDBCDataSrc_Database
2017-12-14 15:51:37,603  INFO   [Enrichment Calculator Task-434] - Creating State Machine for TQL Build Layer2 CIs using PortNextMAC
2017-12-14 15:51:37,664  INFO   [Enrichment Calculator Task-434] - Creating State Machine for TQL WeblogicConnectWebservice
2017-12-19 11:13:12,076  WARN   [UCMDB - scheduler for customer 1, id name: Default Client] - Wake Up for TQL Scheduler was dropped. Previous wake up finished 343 ms ago (<1000)
2017-12-22 02:49:02,029  WARN   [UCMDB - scheduler for customer 1, id name: Default Client] - Wake Up for TQL Scheduler was dropped. Previous wake up finished 933 ms ago (<1000)
2018-01-04 15:30:16,024  INFO   [Starter for "tql_res_utils" (during Writer server startup). (customer 1, id name: Default Client)] - Thread pool size for customer 1, id name: Default Client is 8
2018-01-04 15:30:16,484  INFO   [Starter for "tql_res_utils" (during Writer server startup). (customer 1, id name: Default Client)] - Creating State Machine for TQL MS SQL Servers
2018-01-04 15:30:16,537  INFO   [Starter for "tql_res_utils" (during Writer server startup). (customer 1, id name: Default Client)] - Creating State Machine for TQL Non-virtualized MS Cluster
2018-01-04 15:30:16,544  INFO   [Starter for "tql_res_utils" (during Writer server startup). (customer 1, id name: Default Client)] - Creating State Machine for TQL Non-virtualized J2EE Cluster
2018-01-04 15:30:16,586  INFO   [Starter for "tql_res_utils" (during Writer server startup). (customer 1, id name: Default Client)] - Creating State Machine for TQL Non-virtualized Service Guard Cluster
2018-01-04 15:30:16,596  INFO   [Starter for "tql_res_utils" (during Writer server startup). (customer 1, id name: Default Client)] - Creating State Machine for TQL Virtualized Sun Cluster
2018-01-04 15:30:16,599  INFO   [Starter for "tql_res_utils" (during Writer server startup). (customer 1, id name: Default Client)] - Creating State Machine for TQL Oracle Servers
2018-01-04 15:30:16,612  INFO   [Starter for "tql_res_utils" (during Writer server startup). (customer 1, id name: Default Client)] - Creating State Machine for TQL J2EE Cluster - ESX Compliance
2018-01-04 15:30:16,636  INFO   [Starter for "tql_res_utils" (during Writer server startup). (customer 1, id name: Default Client)] - Creating State Machine for TQL Virtualized Veritas Cluster
2018-01-04 15:30:16,672  INFO   [Starter for "tql_res_utils" (during Writer server startup). (customer 1, id name: Default Client)] - Creating State Machine for TQL Virtualized J2EE Cluster
2018-01-04 15:30:16,714  INFO   [Starter for "tql_res_utils" (during Writer server startup). (customer 1, id name: Default Client)] - Creating State Machine for TQL SAW_Computer
2018-01-04 15:30:16,798  INFO   [Starter for "tql_res_utils" (during Writer server startup). (customer 1, id name: Default Client)] - Creating State Machine for TQL Virtualized MS Cluster
2018-01-04 15:30:16,801  INFO   [Starter for "tql_res_utils" (during Writer server startup). (customer 1, id name: Default Client)] - Creating State Machine for TQL Non-virtualized Sun Cluster
2018-01-04 15:30:16,812  INFO   [Starter for "tql_res_utils" (during Writer server startup). (customer 1, id name: Default Client)] - Creating State Machine for TQL Non-virtualized Veritas Cluster
2018-01-04 15:30:16,820  INFO   [Starter for "tql_res_utils" (during Writer server startup). (customer 1, id name: Default Client)] - Creating State Machine for TQL Virtualized Service Guard Cluster
2018-01-04 15:30:16,836  INFO   [Starter for "tql_res_utils" (during Writer server startup). (customer 1, id name: Default Client)] - Creating State Machine for TQL Virtualized HACMP Cluster
2018-01-04 15:30:16,839  INFO   [Starter for "tql_res_utils" (during Writer server startup). (customer 1, id name: Default Client)] - Creating State Machine for TQL Non-virtualized HACMP Cluster
2018-01-04 15:30:18,381  INFO   [Enrichment Calculator Task-434] - Creating State Machine for TQL IISConnectWebservice
2018-01-04 15:30:19,214  INFO   [Enrichment Calculator Task-434] - Creating State Machine for TQL Remove ip to Mainframe if Lpar
2018-01-04 15:30:19,513  INFO   [Enrichment Calculator Task-434] - Creating State Machine for TQL WebService_WebModule
2018-01-04 15:30:19,670  INFO   [Enrichment Calculator Task-434] - Creating State Machine for TQL Link Sender and Receiver Channels
2018-01-04 15:30:19,809  INFO   [Enrichment Calculator Task-434] - Creating State Machine for TQL OracleConnectWebservices
2018-01-04 15:30:20,010  INFO   [Enrichment Calculator Task-434] - Creating State Machine for TQL SAP_Double_Stack_Instance
2018-01-04 15:30:20,224  INFO   [Enrichment Calculator Task-434] - Creating State Machine for TQL Siebel_Web_To_Middle_Tier
2018-01-04 15:30:20,713  INFO   [Enrichment Calculator Task-434] - Creating State Machine for TQL F5FwdAnyPortHandler
2018-01-04 15:30:20,720  INFO   [Enrichment Calculator Task-434] - Creating State Machine for TQL Update_Broadcast_IP
2018-01-04 15:30:21,075  INFO   [Enrichment Calculator Task-434] - Creating State Machine for TQL Solaris Zones Networking
2018-01-04 15:30:21,832  INFO   [Enrichment Calculator Task-434] - Creating State Machine for TQL JDBCDataSrc_Database
2018-01-04 15:30:21,984  INFO   [Enrichment Calculator Task-434] - Creating State Machine for TQL Build Layer2 CIs using PortNextMAC
2018-01-04 15:30:22,128  INFO   [Enrichment Calculator Task-434] - Creating State Machine for TQL WeblogicConnectWebservice
2018-01-12 14:57:39,209  INFO   [Starter for "tql_res_utils" (during Writer server startup). (customer 1, id name: Default Client)] - Thread pool size for customer 1, id name: Default Client is 8
2018-01-12 14:57:40,257  INFO   [Starter for "tql_res_utils" (during Writer server startup). (customer 1, id name: Default Client)] - Creating State Machine for TQL MS SQL Servers
2018-01-12 14:57:40,339  INFO   [Starter for "tql_res_utils" (during Writer server startup). (customer 1, id name: Default Client)] - Creating State Machine for TQL Non-virtualized MS Cluster
2018-01-12 14:57:40,353  INFO   [Starter for "tql_res_utils" (during Writer server startup). (customer 1, id name: Default Client)] - Creating State Machine for TQL Non-virtualized J2EE Cluster
2018-01-12 14:57:40,360  INFO   [Starter for "tql_res_utils" (during Writer server startup). (customer 1, id name: Default Client)] - Creating State Machine for TQL Non-virtualized Service Guard Cluster
2018-01-12 14:57:40,374  INFO   [Starter for "tql_res_utils" (during Writer server startup). (customer 1, id name: Default Client)] - Creating State Machine for TQL Virtualized Sun Cluster
2018-01-12 14:57:40,379  INFO   [Starter for "tql_res_utils" (during Writer server startup). (customer 1, id name: Default Client)] - Creating State Machine for TQL Oracle Servers
2018-01-12 14:57:40,393  INFO   [Starter for "tql_res_utils" (during Writer server startup). (customer 1, id name: Default Client)] - Creating State Machine for TQL J2EE Cluster - ESX Compliance
2018-01-12 14:57:40,408  INFO   [Starter for "tql_res_utils" (during Writer server startup). (customer 1, id name: Default Client)] - Creating State Machine for TQL Virtualized Veritas Cluster
2018-01-12 14:57:40,464  INFO   [Starter for "tql_res_utils" (during Writer server startup). (customer 1, id name: Default Client)] - Creating State Machine for TQL Virtualized J2EE Cluster
2018-01-12 14:57:40,505  INFO   [Starter for "tql_res_utils" (during Writer server startup). (customer 1, id name: Default Client)] - Creating State Machine for TQL SAW_Computer
2018-01-12 14:57:40,556  INFO   [Starter for "tql_res_utils" (during Writer server startup). (customer 1, id name: Default Client)] - Creating State Machine for TQL Virtualized MS Cluster
2018-01-12 14:57:40,562  INFO   [Starter for "tql_res_utils" (during Writer server startup). (customer 1, id name: Default Client)] - Creating State Machine for TQL Non-virtualized Sun Cluster
2018-01-12 14:57:40,589  INFO   [Starter for "tql_res_utils" (during Writer server startup). (customer 1, id name: Default Client)] - Creating State Machine for TQL Non-virtualized Veritas Cluster
2018-01-12 14:57:40,607  INFO   [Starter for "tql_res_utils" (during Writer server startup). (customer 1, id name: Default Client)] - Creating State Machine for TQL Virtualized Service Guard Cluster
2018-01-12 14:57:40,621  INFO   [Starter for "tql_res_utils" (during Writer server startup). (customer 1, id name: Default Client)] - Creating State Machine for TQL Virtualized HACMP Cluster
2018-01-12 14:57:40,624  INFO   [Starter for "tql_res_utils" (during Writer server startup). (customer 1, id name: Default Client)] - Creating State Machine for TQL Non-virtualized HACMP Cluster
2018-01-12 14:57:41,773  INFO   [Enrichment Calculator Task-434] - Creating State Machine for TQL IISConnectWebservice
2018-01-12 14:57:42,392  INFO   [Enrichment Calculator Task-434] - Creating State Machine for TQL Remove ip to Mainframe if Lpar
2018-01-12 14:57:42,661  INFO   [Enrichment Calculator Task-434] - Creating State Machine for TQL WebService_WebModule
2018-01-12 14:57:42,998  INFO   [Enrichment Calculator Task-434] - Creating State Machine for TQL Link Sender and Receiver Channels
2018-01-12 14:57:43,212  INFO   [Enrichment Calculator Task-434] - Creating State Machine for TQL OracleConnectWebservices
2018-01-12 14:57:43,421  INFO   [Enrichment Calculator Task-434] - Creating State Machine for TQL SAP_Double_Stack_Instance
2018-01-12 14:57:43,886  INFO   [Enrichment Calculator Task-434] - Creating State Machine for TQL Siebel_Web_To_Middle_Tier
2018-01-12 14:57:44,763  INFO   [Enrichment Calculator Task-434] - Creating State Machine for TQL F5FwdAnyPortHandler
2018-01-12 14:57:44,770  INFO   [Enrichment Calculator Task-434] - Creating State Machine for TQL Update_Broadcast_IP
2018-01-12 14:57:45,512  INFO   [Enrichment Calculator Task-434] - Creating State Machine for TQL Solaris Zones Networking
2018-01-12 14:57:45,878  INFO   [Enrichment Calculator Task-434] - Creating State Machine for TQL JDBCDataSrc_Database
2018-01-12 14:57:45,991  INFO   [Enrichment Calculator Task-434] - Creating State Machine for TQL Build Layer2 CIs using PortNextMAC
2018-01-12 14:57:46,114  INFO   [Enrichment Calculator Task-434] - Creating State Machine for TQL WeblogicConnectWebservice
2018-01-12 18:12:43,111  INFO   [Starter for "tql_res_utils" (during Writer server startup). (customer 1, id name: Default Client)] - Thread pool size for customer 1, id name: Default Client is 8
2018-01-12 18:12:43,409  INFO   [Starter for "tql_res_utils" (during Writer server startup). (customer 1, id name: Default Client)] - Creating State Machine for TQL MS SQL Servers
2018-01-12 18:12:43,467  INFO   [Starter for "tql_res_utils" (during Writer server startup). (customer 1, id name: Default Client)] - Creating State Machine for TQL Non-virtualized MS Cluster
2018-01-12 18:12:43,477  INFO   [Starter for "tql_res_utils" (during Writer server startup). (customer 1, id name: Default Client)] - Creating State Machine for TQL Non-virtualized J2EE Cluster
2018-01-12 18:12:43,482  INFO   [Starter for "tql_res_utils" (during Writer server startup). (customer 1, id name: Default Client)] - Creating State Machine for TQL Non-virtualized Service Guard Cluster
2018-01-12 18:12:43,487  INFO   [Starter for "tql_res_utils" (during Writer server startup). (customer 1, id name: Default Client)] - Creating State Machine for TQL Virtualized Sun Cluster
2018-01-12 18:12:43,490  INFO   [Starter for "tql_res_utils" (during Writer server startup). (customer 1, id name: Default Client)] - Creating State Machine for TQL Oracle Servers
2018-01-12 18:12:43,496  INFO   [Starter for "tql_res_utils" (during Writer server startup). (customer 1, id name: Default Client)] - Creating State Machine for TQL J2EE Cluster - ESX Compliance
2018-01-12 18:12:43,502  INFO   [Starter for "tql_res_utils" (during Writer server startup). (customer 1, id name: Default Client)] - Creating State Machine for TQL Virtualized Veritas Cluster
2018-01-12 18:12:43,529  INFO   [Starter for "tql_res_utils" (during Writer server startup). (customer 1, id name: Default Client)] - Creating State Machine for TQL Virtualized J2EE Cluster
2018-01-12 18:12:43,538  INFO   [Starter for "tql_res_utils" (during Writer server startup). (customer 1, id name: Default Client)] - Creating State Machine for TQL SAW_Computer
2018-01-12 18:12:43,604  INFO   [Starter for "tql_res_utils" (during Writer server startup). (customer 1, id name: Default Client)] - Creating State Machine for TQL Virtualized MS Cluster
2018-01-12 18:12:43,614  INFO   [Starter for "tql_res_utils" (during Writer server startup). (customer 1, id name: Default Client)] - Creating State Machine for TQL Non-virtualized Sun Cluster
2018-01-12 18:12:43,619  INFO   [Starter for "tql_res_utils" (during Writer server startup). (customer 1, id name: Default Client)] - Creating State Machine for TQL Non-virtualized Veritas Cluster
2018-01-12 18:12:43,631  INFO   [Starter for "tql_res_utils" (during Writer server startup). (customer 1, id name: Default Client)] - Creating State Machine for TQL Virtualized Service Guard Cluster
2018-01-12 18:12:43,646  INFO   [Starter for "tql_res_utils" (during Writer server startup). (customer 1, id name: Default Client)] - Creating State Machine for TQL Virtualized HACMP Cluster
2018-01-12 18:12:43,649  INFO   [Starter for "tql_res_utils" (during Writer server startup). (customer 1, id name: Default Client)] - Creating State Machine for TQL Non-virtualized HACMP Cluster
2018-01-12 18:12:44,511  INFO   [Enrichment Calculator Task-434] - Creating State Machine for TQL IISConnectWebservice
2018-01-12 18:12:45,142  INFO   [Enrichment Calculator Task-434] - Creating State Machine for TQL Remove ip to Mainframe if Lpar
2018-01-12 18:12:45,367  INFO   [Enrichment Calculator Task-434] - Creating State Machine for TQL WebService_WebModule
2018-01-12 18:12:45,543  INFO   [Enrichment Calculator Task-434] - Creating State Machine for TQL Link Sender and Receiver Channels
2018-01-12 18:12:45,704  INFO   [Enrichment Calculator Task-434] - Creating State Machine for TQL OracleConnectWebservices
2018-01-12 18:12:45,815  INFO   [Enrichment Calculator Task-434] - Creating State Machine for TQL SAP_Double_Stack_Instance
2018-01-12 18:12:46,042  INFO   [Enrichment Calculator Task-434] - Creating State Machine for TQL Siebel_Web_To_Middle_Tier
2018-01-12 18:12:46,797  INFO   [Enrichment Calculator Task-434] - Creating State Machine for TQL F5FwdAnyPortHandler
2018-01-12 18:12:46,817  INFO   [Enrichment Calculator Task-434] - Creating State Machine for TQL Update_Broadcast_IP
2018-01-12 18:12:47,123  INFO   [Enrichment Calculator Task-434] - Creating State Machine for TQL Solaris Zones Networking
2018-01-12 18:12:47,383  INFO   [Enrichment Calculator Task-434] - Creating State Machine for TQL JDBCDataSrc_Database
2018-01-12 18:12:47,476  INFO   [Enrichment Calculator Task-434] - Creating State Machine for TQL Build Layer2 CIs using PortNextMAC
2018-01-12 18:12:47,649  INFO   [Enrichment Calculator Task-434] - Creating State Machine for TQL WeblogicConnectWebservice
2018-01-12 18:34:49,212  INFO   [Starter for "tql_res_utils" (during Writer server startup). (customer 1, id name: Default Client)] - Thread pool size for customer 1, id name: Default Client is 8
2018-01-12 18:34:49,466  INFO   [Starter for "tql_res_utils" (during Writer server startup). (customer 1, id name: Default Client)] - Creating State Machine for TQL MS SQL Servers
2018-01-12 18:34:49,520  INFO   [Starter for "tql_res_utils" (during Writer server startup). (customer 1, id name: Default Client)] - Creating State Machine for TQL Non-virtualized MS Cluster
2018-01-12 18:34:49,529  INFO   [Starter for "tql_res_utils" (during Writer server startup). (customer 1, id name: Default Client)] - Creating State Machine for TQL Non-virtualized J2EE Cluster
2018-01-12 18:34:49,534  INFO   [Starter for "tql_res_utils" (during Writer server startup). (customer 1, id name: Default Client)] - Creating State Machine for TQL Non-virtualized Service Guard Cluster
2018-01-12 18:34:49,544  INFO   [Starter for "tql_res_utils" (during Writer server startup). (customer 1, id name: Default Client)] - Creating State Machine for TQL Virtualized Sun Cluster
2018-01-12 18:34:49,551  INFO   [Starter for "tql_res_utils" (during Writer server startup). (customer 1, id name: Default Client)] - Creating State Machine for TQL Oracle Servers
2018-01-12 18:34:49,559  INFO   [Starter for "tql_res_utils" (during Writer server startup). (customer 1, id name: Default Client)] - Creating State Machine for TQL J2EE Cluster - ESX Compliance
2018-01-12 18:34:49,569  INFO   [Starter for "tql_res_utils" (during Writer server startup). (customer 1, id name: Default Client)] - Creating State Machine for TQL Virtualized Veritas Cluster
2018-01-12 18:34:49,611  INFO   [Starter for "tql_res_utils" (during Writer server startup). (customer 1, id name: Default Client)] - Creating State Machine for TQL Virtualized J2EE Cluster
2018-01-12 18:34:49,619  INFO   [Starter for "tql_res_utils" (during Writer server startup). (customer 1, id name: Default Client)] - Creating State Machine for TQL SAW_Computer
2018-01-12 18:34:49,672  INFO   [Starter for "tql_res_utils" (during Writer server startup). (customer 1, id name: Default Client)] - Creating State Machine for TQL Virtualized MS Cluster
2018-01-12 18:34:49,679  INFO   [Starter for "tql_res_utils" (during Writer server startup). (customer 1, id name: Default Client)] - Creating State Machine for TQL Non-virtualized Sun Cluster
2018-01-12 18:34:49,688  INFO   [Starter for "tql_res_utils" (during Writer server startup). (customer 1, id name: Default Client)] - Creating State Machine for TQL Non-virtualized Veritas Cluster
2018-01-12 18:34:49,699  INFO   [Starter for "tql_res_utils" (during Writer server startup). (customer 1, id name: Default Client)] - Creating State Machine for TQL Virtualized Service Guard Cluster
2018-01-12 18:34:49,718  INFO   [Starter for "tql_res_utils" (during Writer server startup). (customer 1, id name: Default Client)] - Creating State Machine for TQL Virtualized HACMP Cluster
2018-01-12 18:34:49,722  INFO   [Starter for "tql_res_utils" (during Writer server startup). (customer 1, id name: Default Client)] - Creating State Machine for TQL Non-virtualized HACMP Cluster
2018-01-12 18:34:50,509  INFO   [Enrichment Calculator Task-435] - Creating State Machine for TQL IISConnectWebservice
2018-01-12 18:34:51,025  INFO   [Enrichment Calculator Task-435] - Creating State Machine for TQL Remove ip to Mainframe if Lpar
2018-01-12 18:34:51,198  INFO   [Enrichment Calculator Task-435] - Creating State Machine for TQL WebService_WebModule
2018-01-12 18:34:51,317  INFO   [Enrichment Calculator Task-435] - Creating State Machine for TQL Link Sender and Receiver Channels
2018-01-12 18:34:51,425  INFO   [Enrichment Calculator Task-435] - Creating State Machine for TQL OracleConnectWebservices
2018-01-12 18:34:51,525  INFO   [Enrichment Calculator Task-435] - Creating State Machine for TQL SAP_Double_Stack_Instance
2018-01-12 18:34:51,692  INFO   [Enrichment Calculator Task-435] - Creating State Machine for TQL Siebel_Web_To_Middle_Tier
2018-01-12 18:34:52,075  INFO   [Enrichment Calculator Task-435] - Creating State Machine for TQL F5FwdAnyPortHandler
2018-01-12 18:34:52,083  INFO   [Enrichment Calculator Task-435] - Creating State Machine for TQL Update_Broadcast_IP
2018-01-12 18:34:52,437  INFO   [Enrichment Calculator Task-435] - Creating State Machine for TQL Solaris Zones Networking
2018-01-12 18:34:52,719  INFO   [Enrichment Calculator Task-435] - Creating State Machine for TQL JDBCDataSrc_Database
2018-01-12 18:34:52,790  INFO   [Enrichment Calculator Task-435] - Creating State Machine for TQL Build Layer2 CIs using PortNextMAC
2018-01-12 18:34:52,878  INFO   [Enrichment Calculator Task-435] - Creating State Machine for TQL WeblogicConnectWebservice
2018-01-15 18:18:27,205  INFO   [Starter for "tql_res_utils" (during Writer server startup). (customer 1, id name: Default Client)] - Thread pool size for customer 1, id name: Default Client is 8
2018-01-15 18:18:27,391  INFO   [Starter for "tql_res_utils" (during Writer server startup). (customer 1, id name: Default Client)] - Creating State Machine for TQL MS SQL Servers
2018-01-15 18:18:27,427  INFO   [Starter for "tql_res_utils" (during Writer server startup). (customer 1, id name: Default Client)] - Creating State Machine for TQL Non-virtualized MS Cluster
2018-01-15 18:18:27,437  INFO   [Starter for "tql_res_utils" (during Writer server startup). (customer 1, id name: Default Client)] - Creating State Machine for TQL Non-virtualized J2EE Cluster
2018-01-15 18:18:27,443  INFO   [Starter for "tql_res_utils" (during Writer server startup). (customer 1, id name: Default Client)] - Creating State Machine for TQL Non-virtualized Service Guard Cluster
2018-01-15 18:18:27,453  INFO   [Starter for "tql_res_utils" (during Writer server startup). (customer 1, id name: Default Client)] - Creating State Machine for TQL Virtualized Sun Cluster
2018-01-15 18:18:27,455  INFO   [Starter for "tql_res_utils" (during Writer server startup). (customer 1, id name: Default Client)] - Creating State Machine for TQL Oracle Servers
2018-01-15 18:18:27,460  INFO   [Starter for "tql_res_utils" (during Writer server startup). (customer 1, id name: Default Client)] - Creating State Machine for TQL J2EE Cluster - ESX Compliance
2018-01-15 18:18:27,466  INFO   [Starter for "tql_res_utils" (during Writer server startup). (customer 1, id name: Default Client)] - Creating State Machine for TQL Virtualized Veritas Cluster
2018-01-15 18:18:27,486  INFO   [Starter for "tql_res_utils" (during Writer server startup). (customer 1, id name: Default Client)] - Creating State Machine for TQL Virtualized J2EE Cluster
2018-01-15 18:18:27,492  INFO   [Starter for "tql_res_utils" (during Writer server startup). (customer 1, id name: Default Client)] - Creating State Machine for TQL SAW_Computer
2018-01-15 18:18:27,511  INFO   [Starter for "tql_res_utils" (during Writer server startup). (customer 1, id name: Default Client)] - Creating State Machine for TQL Virtualized MS Cluster
2018-01-15 18:18:27,514  INFO   [Starter for "tql_res_utils" (during Writer server startup). (customer 1, id name: Default Client)] - Creating State Machine for TQL Non-virtualized Sun Cluster
2018-01-15 18:18:27,517  INFO   [Starter for "tql_res_utils" (during Writer server startup). (customer 1, id name: Default Client)] - Creating State Machine for TQL Non-virtualized Veritas Cluster
2018-01-15 18:18:27,530  INFO   [Starter for "tql_res_utils" (during Writer server startup). (customer 1, id name: Default Client)] - Creating State Machine for TQL Virtualized Service Guard Cluster
2018-01-15 18:18:27,539  INFO   [Starter for "tql_res_utils" (during Writer server startup). (customer 1, id name: Default Client)] - Creating State Machine for TQL Virtualized HACMP Cluster
2018-01-15 18:18:27,541  INFO   [Starter for "tql_res_utils" (during Writer server startup). (customer 1, id name: Default Client)] - Creating State Machine for TQL Non-virtualized HACMP Cluster
2018-01-15 18:18:27,916  INFO   [Enrichment Calculator Task-428] - Creating State Machine for TQL IISConnectWebservice
2018-01-15 18:18:28,281  INFO   [Enrichment Calculator Task-428] - Creating State Machine for TQL Remove ip to Mainframe if Lpar
2018-01-15 18:18:28,387  INFO   [Enrichment Calculator Task-428] - Creating State Machine for TQL WebService_WebModule
2018-01-15 18:18:28,527  INFO   [Enrichment Calculator Task-428] - Creating State Machine for TQL Link Sender and Receiver Channels
2018-01-15 18:18:28,609  INFO   [Enrichment Calculator Task-428] - Creating State Machine for TQL OracleConnectWebservices
2018-01-15 18:18:28,806  INFO   [Enrichment Calculator Task-428] - Creating State Machine for TQL SAP_Double_Stack_Instance
2018-01-15 18:18:28,953  INFO   [Enrichment Calculator Task-428] - Creating State Machine for TQL Siebel_Web_To_Middle_Tier
2018-01-15 18:18:29,586  INFO   [Enrichment Calculator Task-428] - Creating State Machine for TQL F5FwdAnyPortHandler
2018-01-15 18:18:29,592  INFO   [Enrichment Calculator Task-428] - Creating State Machine for TQL Update_Broadcast_IP
2018-01-15 18:18:29,840  INFO   [Enrichment Calculator Task-428] - Creating State Machine for TQL Solaris Zones Networking
2018-01-15 18:18:29,981  INFO   [Enrichment Calculator Task-428] - Creating State Machine for TQL JDBCDataSrc_Database
2018-01-15 18:18:30,038  INFO   [Enrichment Calculator Task-428] - Creating State Machine for TQL Build Layer2 CIs using PortNextMAC
2018-01-15 18:18:30,089  INFO   [Enrichment Calculator Task-428] - Creating State Machine for TQL WeblogicConnectWebservice
2018-01-25 10:43:22,657  INFO   [Starter for "tql_res_utils" (during Writer server startup). (customer 1, id name: Default Client)] - Thread pool size for customer 1, id name: Default Client is 8
2018-01-25 10:43:22,984  INFO   [Starter for "tql_res_utils" (during Writer server startup). (customer 1, id name: Default Client)] - Creating State Machine for TQL MS SQL Servers
2018-01-25 10:43:23,035  INFO   [Starter for "tql_res_utils" (during Writer server startup). (customer 1, id name: Default Client)] - Creating State Machine for TQL Non-virtualized MS Cluster
2018-01-25 10:43:23,041  INFO   [Starter for "tql_res_utils" (during Writer server startup). (customer 1, id name: Default Client)] - Creating State Machine for TQL Non-virtualized J2EE Cluster
2018-01-25 10:43:23,047  INFO   [Starter for "tql_res_utils" (during Writer server startup). (customer 1, id name: Default Client)] - Creating State Machine for TQL Non-virtualized Service Guard Cluster
2018-01-25 10:43:23,050  INFO   [Starter for "tql_res_utils" (during Writer server startup). (customer 1, id name: Default Client)] - Creating State Machine for TQL Virtualized Sun Cluster
2018-01-25 10:43:23,052  INFO   [Starter for "tql_res_utils" (during Writer server startup). (customer 1, id name: Default Client)] - Creating State Machine for TQL Oracle Servers
2018-01-25 10:43:23,057  INFO   [Starter for "tql_res_utils" (during Writer server startup). (customer 1, id name: Default Client)] - Creating State Machine for TQL J2EE Cluster - ESX Compliance
2018-01-25 10:43:23,072  INFO   [Starter for "tql_res_utils" (during Writer server startup). (customer 1, id name: Default Client)] - Creating State Machine for TQL Virtualized Veritas Cluster
2018-01-25 10:43:23,121  INFO   [Starter for "tql_res_utils" (during Writer server startup). (customer 1, id name: Default Client)] - Creating State Machine for TQL Virtualized J2EE Cluster
2018-01-25 10:43:23,142  INFO   [Starter for "tql_res_utils" (during Writer server startup). (customer 1, id name: Default Client)] - Creating State Machine for TQL SAW_Computer
2018-01-25 10:43:23,177  INFO   [Starter for "tql_res_utils" (during Writer server startup). (customer 1, id name: Default Client)] - Creating State Machine for TQL Virtualized MS Cluster
2018-01-25 10:43:23,180  INFO   [Starter for "tql_res_utils" (during Writer server startup). (customer 1, id name: Default Client)] - Creating State Machine for TQL Non-virtualized Sun Cluster
2018-01-25 10:43:23,185  INFO   [Starter for "tql_res_utils" (during Writer server startup). (customer 1, id name: Default Client)] - Creating State Machine for TQL Non-virtualized Veritas Cluster
2018-01-25 10:43:23,240  INFO   [Starter for "tql_res_utils" (during Writer server startup). (customer 1, id name: Default Client)] - Creating State Machine for TQL Virtualized Service Guard Cluster
2018-01-25 10:43:23,330  INFO   [Starter for "tql_res_utils" (during Writer server startup). (customer 1, id name: Default Client)] - Creating State Machine for TQL Virtualized HACMP Cluster
2018-01-25 10:43:23,333  INFO   [Starter for "tql_res_utils" (during Writer server startup). (customer 1, id name: Default Client)] - Creating State Machine for TQL Non-virtualized HACMP Cluster
2018-01-25 10:43:25,111  INFO   [Enrichment Calculator Task-435] - Creating State Machine for TQL IISConnectWebservice
2018-01-25 10:43:26,606  INFO   [Enrichment Calculator Task-435] - Creating State Machine for TQL Remove ip to Mainframe if Lpar
2018-01-25 10:43:27,070  INFO   [Enrichment Calculator Task-435] - Creating State Machine for TQL WebService_WebModule
2018-01-25 10:43:27,400  INFO   [Enrichment Calculator Task-435] - Creating State Machine for TQL Link Sender and Receiver Channels
2018-01-25 10:43:27,716  INFO   [Enrichment Calculator Task-435] - Creating State Machine for TQL OracleConnectWebservices
2018-01-25 10:43:28,074  INFO   [Enrichment Calculator Task-435] - Creating State Machine for TQL SAP_Double_Stack_Instance
2018-01-25 10:43:28,500  INFO   [Enrichment Calculator Task-435] - Creating State Machine for TQL Siebel_Web_To_Middle_Tier
2018-01-25 10:43:29,729  INFO   [Enrichment Calculator Task-435] - Creating State Machine for TQL F5FwdAnyPortHandler
2018-01-25 10:43:29,740  INFO   [Enrichment Calculator Task-435] - Creating State Machine for TQL Update_Broadcast_IP
2018-01-25 10:43:30,282  INFO   [Enrichment Calculator Task-435] - Creating State Machine for TQL Solaris Zones Networking
2018-01-25 10:43:30,541  INFO   [Enrichment Calculator Task-435] - Creating State Machine for TQL JDBCDataSrc_Database
2018-01-25 10:43:30,694  INFO   [Enrichment Calculator Task-435] - Creating State Machine for TQL Build Layer2 CIs using PortNextMAC
2018-01-25 10:43:30,786  INFO   [Enrichment Calculator Task-435] - Creating State Machine for TQL WeblogicConnectWebservice
2018-02-01 21:55:01,847  INFO   [Starter for "tql_res_utils" (during Writer server startup). (customer 1, id name: Default Client)] - Thread pool size for customer 1, id name: Default Client is 8
2018-02-01 21:55:02,085  INFO   [Starter for "tql_res_utils" (during Writer server startup). (customer 1, id name: Default Client)] - Creating State Machine for TQL MS SQL Servers
2018-02-01 21:55:02,125  INFO   [Starter for "tql_res_utils" (during Writer server startup). (customer 1, id name: Default Client)] - Creating State Machine for TQL Non-virtualized MS Cluster
2018-02-01 21:55:02,135  INFO   [Starter for "tql_res_utils" (during Writer server startup). (customer 1, id name: Default Client)] - Creating State Machine for TQL Non-virtualized J2EE Cluster
2018-02-01 21:55:02,139  INFO   [Starter for "tql_res_utils" (during Writer server startup). (customer 1, id name: Default Client)] - Creating State Machine for TQL Non-virtualized Service Guard Cluster
2018-02-01 21:55:02,152  INFO   [Starter for "tql_res_utils" (during Writer server startup). (customer 1, id name: Default Client)] - Creating State Machine for TQL Virtualized Sun Cluster
2018-02-01 21:55:02,154  INFO   [Starter for "tql_res_utils" (during Writer server startup). (customer 1, id name: Default Client)] - Creating State Machine for TQL Oracle Servers
2018-02-01 21:55:02,159  INFO   [Starter for "tql_res_utils" (during Writer server startup). (customer 1, id name: Default Client)] - Creating State Machine for TQL J2EE Cluster - ESX Compliance
2018-02-01 21:55:02,164  INFO   [Starter for "tql_res_utils" (during Writer server startup). (customer 1, id name: Default Client)] - Creating State Machine for TQL Virtualized Veritas Cluster
2018-02-01 21:55:02,183  INFO   [Starter for "tql_res_utils" (during Writer server startup). (customer 1, id name: Default Client)] - Creating State Machine for TQL Virtualized J2EE Cluster
2018-02-01 21:55:02,189  INFO   [Starter for "tql_res_utils" (during Writer server startup). (customer 1, id name: Default Client)] - Creating State Machine for TQL SAW_Computer
2018-02-01 21:55:02,225  INFO   [Starter for "tql_res_utils" (during Writer server startup). (customer 1, id name: Default Client)] - Creating State Machine for TQL Virtualized MS Cluster
2018-02-01 21:55:02,229  INFO   [Starter for "tql_res_utils" (during Writer server startup). (customer 1, id name: Default Client)] - Creating State Machine for TQL Non-virtualized Sun Cluster
2018-02-01 21:55:02,233  INFO   [Starter for "tql_res_utils" (during Writer server startup). (customer 1, id name: Default Client)] - Creating State Machine for TQL Non-virtualized Veritas Cluster
2018-02-01 21:55:02,239  INFO   [Starter for "tql_res_utils" (during Writer server startup). (customer 1, id name: Default Client)] - Creating State Machine for TQL Virtualized Service Guard Cluster
2018-02-01 21:55:02,249  INFO   [Starter for "tql_res_utils" (during Writer server startup). (customer 1, id name: Default Client)] - Creating State Machine for TQL Virtualized HACMP Cluster
2018-02-01 21:55:02,251  INFO   [Starter for "tql_res_utils" (during Writer server startup). (customer 1, id name: Default Client)] - Creating State Machine for TQL Non-virtualized HACMP Cluster
2018-02-01 21:55:03,215  INFO   [Enrichment Calculator Task-434] - Creating State Machine for TQL IISConnectWebservice
2018-02-01 21:55:03,730  INFO   [Enrichment Calculator Task-434] - Creating State Machine for TQL Remove ip to Mainframe if Lpar
2018-02-01 21:55:03,897  INFO   [Enrichment Calculator Task-434] - Creating State Machine for TQL WebService_WebModule
2018-02-01 21:55:04,098  INFO   [Enrichment Calculator Task-434] - Creating State Machine for TQL Link Sender and Receiver Channels
2018-02-01 21:55:04,215  INFO   [Enrichment Calculator Task-434] - Creating State Machine for TQL OracleConnectWebservices
2018-02-01 21:55:04,290  INFO   [Enrichment Calculator Task-434] - Creating State Machine for TQL SAP_Double_Stack_Instance
2018-02-01 21:55:04,471  INFO   [Enrichment Calculator Task-434] - Creating State Machine for TQL Siebel_Web_To_Middle_Tier
2018-02-01 21:55:05,410  INFO   [Enrichment Calculator Task-434] - Creating State Machine for TQL F5FwdAnyPortHandler
2018-02-01 21:55:05,415  INFO   [Enrichment Calculator Task-434] - Creating State Machine for TQL Update_Broadcast_IP
2018-02-01 21:55:05,728  INFO   [Enrichment Calculator Task-434] - Creating State Machine for TQL Solaris Zones Networking
2018-02-01 21:55:05,956  INFO   [Enrichment Calculator Task-434] - Creating State Machine for TQL JDBCDataSrc_Database
2018-02-01 21:55:05,994  INFO   [Enrichment Calculator Task-434] - Creating State Machine for TQL Build Layer2 CIs using PortNextMAC
2018-02-01 21:55:06,036  INFO   [Enrichment Calculator Task-434] - Creating State Machine for TQL WeblogicConnectWebservice
2018-02-21 17:52:08,833  INFO   [qtp1607453282-104841] - Creating State Machine for TQL Azure Topology
2018-02-21 18:19:13,584  INFO   [qtp1607453282-104958] - Creating State Machine for TQL Amazon Cloud EC2
2018-02-21 18:19:24,364  INFO   [qtp1607453282-104948] - Creating State Machine for TQL All My Unix Servers
2018-02-23 08:22:02,542  INFO   [Starter for "tql_res_utils" (during Writer server startup). (customer 1, id name: Default Client)] - Thread pool size for customer 1, id name: Default Client is 8
2018-02-23 08:22:02,735  INFO   [Starter for "tql_res_utils" (during Writer server startup). (customer 1, id name: Default Client)] - Creating State Machine for TQL MS SQL Servers
2018-02-23 08:22:02,778  INFO   [Starter for "tql_res_utils" (during Writer server startup). (customer 1, id name: Default Client)] - Creating State Machine for TQL Non-virtualized MS Cluster
2018-02-23 08:22:02,784  INFO   [Starter for "tql_res_utils" (during Writer server startup). (customer 1, id name: Default Client)] - Creating State Machine for TQL Non-virtualized J2EE Cluster
2018-02-23 08:22:02,791  INFO   [Starter for "tql_res_utils" (during Writer server startup). (customer 1, id name: Default Client)] - Creating State Machine for TQL Non-virtualized Service Guard Cluster
2018-02-23 08:22:02,802  INFO   [Starter for "tql_res_utils" (during Writer server startup). (customer 1, id name: Default Client)] - Creating State Machine for TQL Virtualized Sun Cluster
2018-02-23 08:22:02,807  INFO   [Starter for "tql_res_utils" (during Writer server startup). (customer 1, id name: Default Client)] - Creating State Machine for TQL Oracle Servers
2018-02-23 08:22:02,813  INFO   [Starter for "tql_res_utils" (during Writer server startup). (customer 1, id name: Default Client)] - Creating State Machine for TQL J2EE Cluster - ESX Compliance
2018-02-23 08:22:02,819  INFO   [Starter for "tql_res_utils" (during Writer server startup). (customer 1, id name: Default Client)] - Creating State Machine for TQL Virtualized Veritas Cluster
2018-02-23 08:22:02,834  INFO   [Starter for "tql_res_utils" (during Writer server startup). (customer 1, id name: Default Client)] - Creating State Machine for TQL Virtualized J2EE Cluster
2018-02-23 08:22:02,840  INFO   [Starter for "tql_res_utils" (during Writer server startup). (customer 1, id name: Default Client)] - Creating State Machine for TQL SAW_Computer
2018-02-23 08:22:02,880  INFO   [Starter for "tql_res_utils" (during Writer server startup). (customer 1, id name: Default Client)] - Creating State Machine for TQL Virtualized MS Cluster
2018-02-23 08:22:02,882  INFO   [Starter for "tql_res_utils" (during Writer server startup). (customer 1, id name: Default Client)] - Creating State Machine for TQL Non-virtualized Sun Cluster
2018-02-23 08:22:02,886  INFO   [Starter for "tql_res_utils" (during Writer server startup). (customer 1, id name: Default Client)] - Creating State Machine for TQL Non-virtualized Veritas Cluster
2018-02-23 08:22:02,891  INFO   [Starter for "tql_res_utils" (during Writer server startup). (customer 1, id name: Default Client)] - Creating State Machine for TQL Virtualized Service Guard Cluster
2018-02-23 08:22:02,900  INFO   [Starter for "tql_res_utils" (during Writer server startup). (customer 1, id name: Default Client)] - Creating State Machine for TQL Virtualized HACMP Cluster
2018-02-23 08:22:02,902  INFO   [Starter for "tql_res_utils" (during Writer server startup). (customer 1, id name: Default Client)] - Creating State Machine for TQL Non-virtualized HACMP Cluster
2018-02-23 08:22:03,388  INFO   [Enrichment Calculator Task-434] - Creating State Machine for TQL IISConnectWebservice
2018-02-23 08:22:03,697  INFO   [Enrichment Calculator Task-434] - Creating State Machine for TQL Remove ip to Mainframe if Lpar
2018-02-23 08:22:03,817  INFO   [Enrichment Calculator Task-434] - Creating State Machine for TQL WebService_WebModule
2018-02-23 08:22:03,961  INFO   [Enrichment Calculator Task-434] - Creating State Machine for TQL Link Sender and Receiver Channels
2018-02-23 08:22:04,069  INFO   [Enrichment Calculator Task-434] - Creating State Machine for TQL OracleConnectWebservices
2018-02-23 08:22:04,160  INFO   [Enrichment Calculator Task-434] - Creating State Machine for TQL SAP_Double_Stack_Instance
2018-02-23 08:22:04,398  INFO   [Enrichment Calculator Task-434] - Creating State Machine for TQL Siebel_Web_To_Middle_Tier
2018-02-23 08:22:05,076  INFO   [Enrichment Calculator Task-434] - Creating State Machine for TQL F5FwdAnyPortHandler
2018-02-23 08:22:05,083  INFO   [Enrichment Calculator Task-434] - Creating State Machine for TQL Update_Broadcast_IP
2018-02-23 08:22:05,356  INFO   [Enrichment Calculator Task-434] - Creating State Machine for TQL Solaris Zones Networking
2018-02-23 08:22:05,548  INFO   [Enrichment Calculator Task-434] - Creating State Machine for TQL JDBCDataSrc_Database
2018-02-23 08:22:05,597  INFO   [Enrichment Calculator Task-434] - Creating State Machine for TQL Build Layer2 CIs using PortNextMAC
2018-02-23 08:22:05,656  INFO   [Enrichment Calculator Task-434] - Creating State Machine for TQL WeblogicConnectWebservice
2018-02-23 10:18:35,324  INFO   [Starter for "tql_res_utils" (during Writer server startup). (customer 1, id name: Default Client)] - Thread pool size for customer 1, id name: Default Client is 8
2018-02-23 10:18:35,480  INFO   [Starter for "tql_res_utils" (during Writer server startup). (customer 1, id name: Default Client)] - Creating State Machine for TQL MS SQL Servers
2018-02-23 10:18:35,512  INFO   [Starter for "tql_res_utils" (during Writer server startup). (customer 1, id name: Default Client)] - Creating State Machine for TQL Non-virtualized MS Cluster
2018-02-23 10:18:35,518  INFO   [Starter for "tql_res_utils" (during Writer server startup). (customer 1, id name: Default Client)] - Creating State Machine for TQL Non-virtualized J2EE Cluster
2018-02-23 10:18:35,524  INFO   [Starter for "tql_res_utils" (during Writer server startup). (customer 1, id name: Default Client)] - Creating State Machine for TQL Non-virtualized Service Guard Cluster
2018-02-23 10:18:35,534  INFO   [Starter for "tql_res_utils" (during Writer server startup). (customer 1, id name: Default Client)] - Creating State Machine for TQL Virtualized Sun Cluster
2018-02-23 10:18:35,535  INFO   [Starter for "tql_res_utils" (during Writer server startup). (customer 1, id name: Default Client)] - Creating State Machine for TQL Oracle Servers
2018-02-23 10:18:35,538  INFO   [Starter for "tql_res_utils" (during Writer server startup). (customer 1, id name: Default Client)] - Creating State Machine for TQL J2EE Cluster - ESX Compliance
2018-02-23 10:18:35,546  INFO   [Starter for "tql_res_utils" (during Writer server startup). (customer 1, id name: Default Client)] - Creating State Machine for TQL Virtualized Veritas Cluster
2018-02-23 10:18:35,568  INFO   [Starter for "tql_res_utils" (during Writer server startup). (customer 1, id name: Default Client)] - Creating State Machine for TQL Virtualized J2EE Cluster
2018-02-23 10:18:35,573  INFO   [Starter for "tql_res_utils" (during Writer server startup). (customer 1, id name: Default Client)] - Creating State Machine for TQL SAW_Computer
2018-02-23 10:18:35,588  INFO   [Starter for "tql_res_utils" (during Writer server startup). (customer 1, id name: Default Client)] - Creating State Machine for TQL Virtualized MS Cluster
2018-02-23 10:18:35,591  INFO   [Starter for "tql_res_utils" (during Writer server startup). (customer 1, id name: Default Client)] - Creating State Machine for TQL Non-virtualized Sun Cluster
2018-02-23 10:18:35,593  INFO   [Starter for "tql_res_utils" (during Writer server startup). (customer 1, id name: Default Client)] - Creating State Machine for TQL Non-virtualized Veritas Cluster
2018-02-23 10:18:35,597  INFO   [Starter for "tql_res_utils" (during Writer server startup). (customer 1, id name: Default Client)] - Creating State Machine for TQL Virtualized Service Guard Cluster
2018-02-23 10:18:35,606  INFO   [Starter for "tql_res_utils" (during Writer server startup). (customer 1, id name: Default Client)] - Creating State Machine for TQL Virtualized HACMP Cluster
2018-02-23 10:18:35,608  INFO   [Starter for "tql_res_utils" (during Writer server startup). (customer 1, id name: Default Client)] - Creating State Machine for TQL Non-virtualized HACMP Cluster
2018-02-23 10:18:35,999  INFO   [Enrichment Calculator Task-429] - Creating State Machine for TQL IISConnectWebservice
2018-02-23 10:18:36,342  INFO   [Enrichment Calculator Task-429] - Creating State Machine for TQL Remove ip to Mainframe if Lpar
2018-02-23 10:18:36,433  INFO   [Enrichment Calculator Task-429] - Creating State Machine for TQL WebService_WebModule
2018-02-23 10:18:36,506  INFO   [Enrichment Calculator Task-429] - Creating State Machine for TQL Link Sender and Receiver Channels
2018-02-23 10:18:36,600  INFO   [Enrichment Calculator Task-429] - Creating State Machine for TQL OracleConnectWebservices
2018-02-23 10:18:36,687  INFO   [Enrichment Calculator Task-429] - Creating State Machine for TQL SAP_Double_Stack_Instance
2018-02-23 10:18:36,788  INFO   [Enrichment Calculator Task-429] - Creating State Machine for TQL Siebel_Web_To_Middle_Tier
2018-02-23 10:18:37,303  INFO   [Enrichment Calculator Task-429] - Creating State Machine for TQL F5FwdAnyPortHandler
2018-02-23 10:18:37,306  INFO   [Enrichment Calculator Task-429] - Creating State Machine for TQL Update_Broadcast_IP
2018-02-23 10:18:37,700  INFO   [Enrichment Calculator Task-429] - Creating State Machine for TQL Solaris Zones Networking
2018-02-23 10:18:37,893  INFO   [Enrichment Calculator Task-429] - Creating State Machine for TQL JDBCDataSrc_Database
2018-02-23 10:18:37,941  INFO   [Enrichment Calculator Task-429] - Creating State Machine for TQL Build Layer2 CIs using PortNextMAC
2018-02-23 10:18:37,996  INFO   [Enrichment Calculator Task-429] - Creating State Machine for TQL WeblogicConnectWebservice
2018-02-26 15:58:23,160  INFO   [Starter for "tql_res_utils" (during Writer server startup). (customer 1, id name: Default Client)] - Thread pool size for customer 1, id name: Default Client is 8
2018-02-26 15:58:23,328  INFO   [Starter for "tql_res_utils" (during Writer server startup). (customer 1, id name: Default Client)] - Creating State Machine for TQL MS SQL Servers
2018-02-26 15:58:23,362  INFO   [Starter for "tql_res_utils" (during Writer server startup). (customer 1, id name: Default Client)] - Creating State Machine for TQL Non-virtualized MS Cluster
2018-02-26 15:58:23,367  INFO   [Starter for "tql_res_utils" (during Writer server startup). (customer 1, id name: Default Client)] - Creating State Machine for TQL Non-virtualized J2EE Cluster
2018-02-26 15:58:23,372  INFO   [Starter for "tql_res_utils" (during Writer server startup). (customer 1, id name: Default Client)] - Creating State Machine for TQL Non-virtualized Service Guard Cluster
2018-02-26 15:58:23,378  INFO   [Starter for "tql_res_utils" (during Writer server startup). (customer 1, id name: Default Client)] - Creating State Machine for TQL Virtualized Sun Cluster
2018-02-26 15:58:23,380  INFO   [Starter for "tql_res_utils" (during Writer server startup). (customer 1, id name: Default Client)] - Creating State Machine for TQL Oracle Servers
2018-02-26 15:58:23,384  INFO   [Starter for "tql_res_utils" (during Writer server startup). (customer 1, id name: Default Client)] - Creating State Machine for TQL J2EE Cluster - ESX Compliance
2018-02-26 15:58:23,394  INFO   [Starter for "tql_res_utils" (during Writer server startup). (customer 1, id name: Default Client)] - Creating State Machine for TQL Virtualized Veritas Cluster
2018-02-26 15:58:23,405  INFO   [Starter for "tql_res_utils" (during Writer server startup). (customer 1, id name: Default Client)] - Creating State Machine for TQL Virtualized J2EE Cluster
2018-02-26 15:58:23,412  INFO   [Starter for "tql_res_utils" (during Writer server startup). (customer 1, id name: Default Client)] - Creating State Machine for TQL SAW_Computer
2018-02-26 15:58:23,429  INFO   [Starter for "tql_res_utils" (during Writer server startup). (customer 1, id name: Default Client)] - Creating State Machine for TQL Virtualized MS Cluster
2018-02-26 15:58:23,431  INFO   [Starter for "tql_res_utils" (during Writer server startup). (customer 1, id name: Default Client)] - Creating State Machine for TQL Non-virtualized Sun Cluster
2018-02-26 15:58:23,434  INFO   [Starter for "tql_res_utils" (during Writer server startup). (customer 1, id name: Default Client)] - Creating State Machine for TQL Non-virtualized Veritas Cluster
2018-02-26 15:58:23,438  INFO   [Starter for "tql_res_utils" (during Writer server startup). (customer 1, id name: Default Client)] - Creating State Machine for TQL Virtualized Service Guard Cluster
2018-02-26 15:58:23,445  INFO   [Starter for "tql_res_utils" (during Writer server startup). (customer 1, id name: Default Client)] - Creating State Machine for TQL Virtualized HACMP Cluster
2018-02-26 15:58:23,447  INFO   [Starter for "tql_res_utils" (during Writer server startup). (customer 1, id name: Default Client)] - Creating State Machine for TQL Non-virtualized HACMP Cluster
2018-02-26 15:58:24,100  INFO   [Enrichment Calculator Task-436] - Creating State Machine for TQL IISConnectWebservice
2018-02-26 15:58:24,608  INFO   [Enrichment Calculator Task-436] - Creating State Machine for TQL Remove ip to Mainframe if Lpar
2018-02-26 15:58:24,904  INFO   [Enrichment Calculator Task-436] - Creating State Machine for TQL WebService_WebModule
2018-02-26 15:58:25,182  INFO   [Enrichment Calculator Task-436] - Creating State Machine for TQL Link Sender and Receiver Channels
2018-02-26 15:58:25,609  INFO   [Enrichment Calculator Task-436] - Creating State Machine for TQL OracleConnectWebservices
2018-02-26 15:58:25,864  INFO   [Enrichment Calculator Task-436] - Creating State Machine for TQL SAP_Double_Stack_Instance
2018-02-26 15:58:25,981  INFO   [Enrichment Calculator Task-436] - Creating State Machine for TQL Siebel_Web_To_Middle_Tier
2018-02-26 15:58:26,477  INFO   [Enrichment Calculator Task-436] - Creating State Machine for TQL F5FwdAnyPortHandler
2018-02-26 15:58:26,482  INFO   [Enrichment Calculator Task-436] - Creating State Machine for TQL Update_Broadcast_IP
2018-02-26 15:58:26,845  INFO   [Enrichment Calculator Task-436] - Creating State Machine for TQL Solaris Zones Networking
2018-02-26 15:58:27,130  INFO   [Enrichment Calculator Task-436] - Creating State Machine for TQL JDBCDataSrc_Database
2018-02-26 15:58:27,203  INFO   [Enrichment Calculator Task-436] - Creating State Machine for TQL Build Layer2 CIs using PortNextMAC
2018-02-26 15:58:27,276  INFO   [Enrichment Calculator Task-436] - Creating State Machine for TQL WeblogicConnectWebservice
2018-02-26 16:41:41,656  INFO   [Starter for "tql_res_utils" (during Writer server startup). (customer 1, id name: Default Client)] - Thread pool size for customer 1, id name: Default Client is 8
2018-02-26 16:41:42,089  INFO   [Starter for "tql_res_utils" (during Writer server startup). (customer 1, id name: Default Client)] - Creating State Machine for TQL MS SQL Servers
2018-02-26 16:41:42,150  INFO   [Starter for "tql_res_utils" (during Writer server startup). (customer 1, id name: Default Client)] - Creating State Machine for TQL Non-virtualized MS Cluster
2018-02-26 16:41:42,170  INFO   [Starter for "tql_res_utils" (during Writer server startup). (customer 1, id name: Default Client)] - Creating State Machine for TQL Non-virtualized J2EE Cluster
2018-02-26 16:41:42,179  INFO   [Starter for "tql_res_utils" (during Writer server startup). (customer 1, id name: Default Client)] - Creating State Machine for TQL Non-virtualized Service Guard Cluster
2018-02-26 16:41:42,189  INFO   [Starter for "tql_res_utils" (during Writer server startup). (customer 1, id name: Default Client)] - Creating State Machine for TQL Virtualized Sun Cluster
2018-02-26 16:41:42,197  INFO   [Starter for "tql_res_utils" (during Writer server startup). (customer 1, id name: Default Client)] - Creating State Machine for TQL Oracle Servers
2018-02-26 16:41:42,221  INFO   [Starter for "tql_res_utils" (during Writer server startup). (customer 1, id name: Default Client)] - Creating State Machine for TQL J2EE Cluster - ESX Compliance
2018-02-26 16:41:42,240  INFO   [Starter for "tql_res_utils" (during Writer server startup). (customer 1, id name: Default Client)] - Creating State Machine for TQL Virtualized Veritas Cluster
2018-02-26 16:41:42,270  INFO   [Starter for "tql_res_utils" (during Writer server startup). (customer 1, id name: Default Client)] - Creating State Machine for TQL Virtualized J2EE Cluster
2018-02-26 16:41:42,282  INFO   [Starter for "tql_res_utils" (during Writer server startup). (customer 1, id name: Default Client)] - Creating State Machine for TQL SAW_Computer
2018-02-26 16:41:42,318  INFO   [Starter for "tql_res_utils" (during Writer server startup). (customer 1, id name: Default Client)] - Creating State Machine for TQL Virtualized MS Cluster
2018-02-26 16:41:42,323  INFO   [Starter for "tql_res_utils" (during Writer server startup). (customer 1, id name: Default Client)] - Creating State Machine for TQL Non-virtualized Sun Cluster
2018-02-26 16:41:42,330  INFO   [Starter for "tql_res_utils" (during Writer server startup). (customer 1, id name: Default Client)] - Creating State Machine for TQL Non-virtualized Veritas Cluster
2018-02-26 16:41:42,339  INFO   [Starter for "tql_res_utils" (during Writer server startup). (customer 1, id name: Default Client)] - Creating State Machine for TQL Virtualized Service Guard Cluster
2018-02-26 16:41:42,360  INFO   [Starter for "tql_res_utils" (during Writer server startup). (customer 1, id name: Default Client)] - Creating State Machine for TQL Virtualized HACMP Cluster
2018-02-26 16:41:42,365  INFO   [Starter for "tql_res_utils" (during Writer server startup). (customer 1, id name: Default Client)] - Creating State Machine for TQL Non-virtualized HACMP Cluster
2018-02-26 16:41:43,394  INFO   [Enrichment Calculator Task-431] - Creating State Machine for TQL IISConnectWebservice
2018-02-26 16:41:43,947  INFO   [Enrichment Calculator Task-431] - Creating State Machine for TQL Remove ip to Mainframe if Lpar
2018-02-26 16:41:44,191  INFO   [Enrichment Calculator Task-431] - Creating State Machine for TQL WebService_WebModule
2018-02-26 16:41:44,340  INFO   [Enrichment Calculator Task-431] - Creating State Machine for TQL Link Sender and Receiver Channels
2018-02-26 16:41:44,529  INFO   [Enrichment Calculator Task-431] - Creating State Machine for TQL OracleConnectWebservices
2018-02-26 16:41:44,754  INFO   [Enrichment Calculator Task-431] - Creating State Machine for TQL SAP_Double_Stack_Instance
2018-02-26 16:41:45,028  INFO   [Enrichment Calculator Task-431] - Creating State Machine for TQL Siebel_Web_To_Middle_Tier
2018-02-26 16:41:45,633  INFO   [Enrichment Calculator Task-431] - Creating State Machine for TQL F5FwdAnyPortHandler
2018-02-26 16:41:45,658  INFO   [Enrichment Calculator Task-431] - Creating State Machine for TQL Update_Broadcast_IP
2018-02-26 16:41:46,087  INFO   [Enrichment Calculator Task-431] - Creating State Machine for TQL Solaris Zones Networking
2018-02-26 16:41:46,372  INFO   [Enrichment Calculator Task-431] - Creating State Machine for TQL JDBCDataSrc_Database
2018-02-26 16:41:46,468  INFO   [Enrichment Calculator Task-431] - Creating State Machine for TQL Build Layer2 CIs using PortNextMAC
2018-02-26 16:41:46,583  INFO   [Enrichment Calculator Task-431] - Creating State Machine for TQL WeblogicConnectWebservice
