2017-12-12 14:35:43,680  INFO   [ScenarioLogWriter] - Creating State Machine for TQL J2EE Cluster - ESX Compliance

2017-12-12 14:35:48,903  INFO   [ScenarioLogWriter] - Creating State Machine for TQL Virtualized J2EE Cluster

2017-12-12 14:35:48,936  INFO   [ScenarioLogWriter] - Creating State Machine for TQL Virtualized MS Cluster

2017-12-12 14:35:49,058  INFO   [ScenarioLogWriter] - Creating State Machine for TQL Non-virtualized Sun Cluster

2017-12-12 14:35:49,158  INFO   [ScenarioLogWriter] - Creating State Machine for TQL Non-virtualized Service Guard Cluster

2017-12-12 14:35:49,223  INFO   [ScenarioLogWriter] - Creating State Machine for TQL Non-virtualized J2EE Cluster

2017-12-12 14:35:49,286  INFO   [ScenarioLogWriter] - Creating State Machine for TQL Non-virtualized HACMP Cluster

2017-12-12 14:35:49,507  INFO   [ScenarioLogWriter] - Creating State Machine for TQL MS SQL Servers

2017-12-12 14:35:49,529  INFO   [ScenarioLogWriter] - Creating State Machine for TQL Virtualized HACMP Cluster

2017-12-12 14:35:49,591  INFO   [ScenarioLogWriter] - Creating State Machine for TQL Virtualized Veritas Cluster

2017-12-12 14:35:49,697  INFO   [ScenarioLogWriter] - Creating State Machine for TQL Non-virtualized Veritas Cluster

2017-12-12 14:35:49,794  INFO   [ScenarioLogWriter] - Creating State Machine for TQL Virtualized Sun Cluster

2017-12-12 14:35:49,908  INFO   [ScenarioLogWriter] - Creating State Machine for TQL Oracle Servers

2017-12-12 14:35:50,233  INFO   [ScenarioLogWriter] - Creating State Machine for TQL Non-virtualized MS Cluster

2017-12-12 14:35:50,372  INFO   [ScenarioLogWriter] - Creating State Machine for TQL Virtualized Service Guard Cluster

2017-12-12 14:35:54,127  INFO   [ScenarioLogWriter] - Creating State Machine for TQL SAW_Computer

2017-12-12 14:35:57,809  INFO   [ScenarioLogWriter] - Creating State Machine for TQL OracleConnectWebservices

2017-12-12 14:35:57,864  INFO   [ScenarioLogWriter] - Creating State Machine for TQL Siebel_Web_To_Middle_Tier

2017-12-12 14:35:58,021  INFO   [ScenarioLogWriter] - Creating State Machine for TQL Link Sender and Receiver Channels

2017-12-12 14:35:58,065  INFO   [ScenarioLogWriter] - Creating State Machine for TQL Solaris Zones Networking

2017-12-12 14:35:58,102  INFO   [ScenarioLogWriter] - Creating State Machine for TQL Update_Broadcast_IP

2017-12-12 14:35:58,220  INFO   [ScenarioLogWriter] - Creating State Machine for TQL SAP_Double_Stack_Instance

2017-12-12 14:35:58,266  INFO   [ScenarioLogWriter] - Creating State Machine for TQL IISConnectWebservice

2017-12-12 14:35:58,368  INFO   [ScenarioLogWriter] - Creating State Machine for TQL Remove ip to Mainframe if Lpar

2017-12-12 14:35:58,412  INFO   [ScenarioLogWriter] - Creating State Machine for TQL Build Layer2 CIs using PortNextMAC

2017-12-12 14:35:58,544  INFO   [ScenarioLogWriter] - Creating State Machine for TQL WeblogicConnectWebservice

2017-12-12 14:35:58,586  INFO   [ScenarioLogWriter] - Creating State Machine for TQL JDBCDataSrc_Database

2017-12-12 14:35:58,623  INFO   [ScenarioLogWriter] - Creating State Machine for TQL WebService_WebModule

2017-12-12 14:36:01,941  INFO   [ScenarioLogWriter] - gate received new gate definition GateDefinition{name='Gate10', tqls=[Virtualized Veritas Cluster]} in customer 1, id name: Default Client

2017-12-12 14:36:04,072  INFO   [ScenarioLogWriter] - gate received new gate definition GateDefinition{name='Gate4', tqls=[Non-virtualized Sun Cluster]} in customer 1, id name: Default Client

2017-12-12 14:36:04,212  INFO   [ScenarioLogWriter] - gate received new gate definition GateDefinition{name='Gate1', tqls=[J2EE Cluster - ESX Compliance]} in customer 1, id name: Default Client

2017-12-12 14:36:04,470  INFO   [ScenarioLogWriter] - gate received new gate definition GateDefinition{name='Gate6', tqls=[Non-virtualized J2EE Cluster]} in customer 1, id name: Default Client

2017-12-12 14:36:04,997  INFO   [ScenarioLogWriter] - gate received new gate definition GateDefinition{name='Gate13', tqls=[Oracle Servers]} in customer 1, id name: Default Client

2017-12-12 14:36:05,175  INFO   [ScenarioLogWriter] - gate received new gate definition GateDefinition{name='Gate11', tqls=[Non-virtualized Veritas Cluster]} in customer 1, id name: Default Client

2017-12-12 14:36:05,495  INFO   [ScenarioLogWriter] - gate received new gate definition GateDefinition{name='Gate7', tqls=[Non-virtualized HACMP Cluster]} in customer 1, id name: Default Client

2017-12-12 14:36:06,644  INFO   [ScenarioLogWriter] - gate received new gate definition GateDefinition{name='Gate12', tqls=[Virtualized Sun Cluster]} in customer 1, id name: Default Client

2017-12-12 14:36:06,673  INFO   [ScenarioLogWriter] - gate received new gate definition GateDefinition{name='Gate5', tqls=[Non-virtualized Service Guard Cluster]} in customer 1, id name: Default Client

2017-12-12 14:36:06,893  INFO   [ScenarioLogWriter] - gate received new gate definition GateDefinition{name='Gate9', tqls=[Virtualized HACMP Cluster]} in customer 1, id name: Default Client

2017-12-12 14:36:07,067  INFO   [ScenarioLogWriter] - gate received new gate definition GateDefinition{name='Gate2', tqls=[Virtualized J2EE Cluster]} in customer 1, id name: Default Client

2017-12-12 14:36:07,977  INFO   [ScenarioLogWriter] - gate received new gate definition GateDefinition{name='Gate14', tqls=[Non-virtualized MS Cluster]} in customer 1, id name: Default Client

2017-12-12 14:36:08,125  INFO   [ScenarioLogWriter] - gate received new gate definition GateDefinition{name='Gate8', tqls=[MS SQL Servers]} in customer 1, id name: Default Client

2017-12-12 14:36:08,474  INFO   [ScenarioLogWriter] - gate received new gate definition GateDefinition{name='Gate3', tqls=[Virtualized MS Cluster]} in customer 1, id name: Default Client

2017-12-12 14:36:08,568  INFO   [ScenarioLogWriter] - gate received new gate definition GateDefinition{name='Gate15', tqls=[Virtualized Service Guard Cluster]} in customer 1, id name: Default Client

2017-12-12 19:59:27,214  INFO   [ScenarioLogWriter] - Creating State Machine for TQL MS SQL Servers

2017-12-12 19:59:27,214  INFO   [ScenarioLogWriter] - Creating State Machine for TQL Non-virtualized MS Cluster

2017-12-12 19:59:27,214  INFO   [ScenarioLogWriter] - Creating State Machine for TQL Non-virtualized J2EE Cluster

2017-12-12 19:59:27,214  INFO   [ScenarioLogWriter] - Creating State Machine for TQL Non-virtualized Service Guard Cluster

2017-12-12 19:59:27,214  INFO   [ScenarioLogWriter] - Creating State Machine for TQL Virtualized Sun Cluster

2017-12-12 19:59:27,214  INFO   [ScenarioLogWriter] - Creating State Machine for TQL Oracle Servers

2017-12-12 19:59:27,214  INFO   [ScenarioLogWriter] - Creating State Machine for TQL J2EE Cluster - ESX Compliance

2017-12-12 19:59:27,214  INFO   [ScenarioLogWriter] - Creating State Machine for TQL Virtualized Veritas Cluster

2017-12-12 19:59:27,214  INFO   [ScenarioLogWriter] - Creating State Machine for TQL Virtualized J2EE Cluster

2017-12-12 19:59:27,214  INFO   [ScenarioLogWriter] - Creating State Machine for TQL SAW_Computer

2017-12-12 19:59:27,214  INFO   [ScenarioLogWriter] - Creating State Machine for TQL Virtualized MS Cluster

2017-12-12 19:59:27,214  INFO   [ScenarioLogWriter] - Creating State Machine for TQL Non-virtualized Sun Cluster

2017-12-12 19:59:27,214  INFO   [ScenarioLogWriter] - Creating State Machine for TQL Non-virtualized Veritas Cluster

2017-12-12 19:59:27,214  INFO   [ScenarioLogWriter] - Creating State Machine for TQL Virtualized Service Guard Cluster

2017-12-12 19:59:27,214  INFO   [ScenarioLogWriter] - Creating State Machine for TQL Virtualized HACMP Cluster

2017-12-12 19:59:27,214  INFO   [ScenarioLogWriter] - Creating State Machine for TQL Non-virtualized HACMP Cluster

2017-12-12 19:59:28,226  INFO   [ScenarioLogWriter] - Creating State Machine for TQL IISConnectWebservice

2017-12-12 19:59:29,195  INFO   [ScenarioLogWriter] - Creating State Machine for TQL Remove ip to Mainframe if Lpar

2017-12-12 19:59:29,404  INFO   [ScenarioLogWriter] - Creating State Machine for TQL WebService_WebModule

2017-12-12 19:59:29,555  INFO   [ScenarioLogWriter] - Creating State Machine for TQL Link Sender and Receiver Channels

2017-12-12 19:59:29,671  INFO   [ScenarioLogWriter] - Creating State Machine for TQL OracleConnectWebservices

2017-12-12 19:59:29,809  INFO   [ScenarioLogWriter] - Creating State Machine for TQL SAP_Double_Stack_Instance

2017-12-12 19:59:29,973  INFO   [ScenarioLogWriter] - Creating State Machine for TQL Siebel_Web_To_Middle_Tier

2017-12-12 19:59:30,510  INFO   [ScenarioLogWriter] - Creating State Machine for TQL F5FwdAnyPortHandler

2017-12-12 19:59:30,529  INFO   [ScenarioLogWriter] - Creating State Machine for TQL Update_Broadcast_IP

2017-12-12 19:59:30,953  INFO   [ScenarioLogWriter] - Creating State Machine for TQL Solaris Zones Networking

2017-12-12 19:59:31,202  INFO   [ScenarioLogWriter] - Creating State Machine for TQL JDBCDataSrc_Database

2017-12-12 19:59:31,301  INFO   [ScenarioLogWriter] - Creating State Machine for TQL Build Layer2 CIs using PortNextMAC

2017-12-12 19:59:31,464  INFO   [ScenarioLogWriter] - Creating State Machine for TQL WeblogicConnectWebservice

2017-12-12 20:22:34,622  INFO   [ScenarioLogWriter] - Creating State Machine for TQL MS SQL Servers

2017-12-12 20:22:34,622  INFO   [ScenarioLogWriter] - Creating State Machine for TQL Non-virtualized MS Cluster

2017-12-12 20:22:34,622  INFO   [ScenarioLogWriter] - Creating State Machine for TQL Non-virtualized J2EE Cluster

2017-12-12 20:22:34,622  INFO   [ScenarioLogWriter] - Creating State Machine for TQL Non-virtualized Service Guard Cluster

2017-12-12 20:22:34,622  INFO   [ScenarioLogWriter] - Creating State Machine for TQL Virtualized Sun Cluster

2017-12-12 20:22:34,622  INFO   [ScenarioLogWriter] - Creating State Machine for TQL Oracle Servers

2017-12-12 20:22:34,622  INFO   [ScenarioLogWriter] - Creating State Machine for TQL J2EE Cluster - ESX Compliance

2017-12-12 20:22:34,622  INFO   [ScenarioLogWriter] - Creating State Machine for TQL Virtualized Veritas Cluster

2017-12-12 20:22:34,622  INFO   [ScenarioLogWriter] - Creating State Machine for TQL Virtualized J2EE Cluster

2017-12-12 20:22:34,622  INFO   [ScenarioLogWriter] - Creating State Machine for TQL SAW_Computer

2017-12-12 20:22:34,622  INFO   [ScenarioLogWriter] - Creating State Machine for TQL Virtualized MS Cluster

2017-12-12 20:22:34,622  INFO   [ScenarioLogWriter] - Creating State Machine for TQL Non-virtualized Sun Cluster

2017-12-12 20:22:34,622  INFO   [ScenarioLogWriter] - Creating State Machine for TQL Non-virtualized Veritas Cluster

2017-12-12 20:22:34,622  INFO   [ScenarioLogWriter] - Creating State Machine for TQL Virtualized Service Guard Cluster

2017-12-12 20:22:34,622  INFO   [ScenarioLogWriter] - Creating State Machine for TQL Virtualized HACMP Cluster

2017-12-12 20:22:34,622  INFO   [ScenarioLogWriter] - Creating State Machine for TQL Non-virtualized HACMP Cluster

2017-12-12 20:22:35,682  INFO   [ScenarioLogWriter] - Creating State Machine for TQL IISConnectWebservice

2017-12-12 20:22:36,602  INFO   [ScenarioLogWriter] - Creating State Machine for TQL Remove ip to Mainframe if Lpar

2017-12-12 20:22:36,755  INFO   [ScenarioLogWriter] - Creating State Machine for TQL WebService_WebModule

2017-12-12 20:22:36,888  INFO   [ScenarioLogWriter] - Creating State Machine for TQL Link Sender and Receiver Channels

2017-12-12 20:22:37,017  INFO   [ScenarioLogWriter] - Creating State Machine for TQL OracleConnectWebservices

2017-12-12 20:22:37,293  INFO   [ScenarioLogWriter] - Creating State Machine for TQL SAP_Double_Stack_Instance

2017-12-12 20:22:37,562  INFO   [ScenarioLogWriter] - Creating State Machine for TQL Siebel_Web_To_Middle_Tier

2017-12-12 20:22:38,347  INFO   [ScenarioLogWriter] - Creating State Machine for TQL F5FwdAnyPortHandler

2017-12-12 20:22:38,366  INFO   [ScenarioLogWriter] - Creating State Machine for TQL Update_Broadcast_IP

2017-12-12 20:22:38,777  INFO   [ScenarioLogWriter] - Creating State Machine for TQL Solaris Zones Networking

2017-12-12 20:22:39,022  INFO   [ScenarioLogWriter] - Creating State Machine for TQL JDBCDataSrc_Database

2017-12-12 20:22:39,148  INFO   [ScenarioLogWriter] - Creating State Machine for TQL Build Layer2 CIs using PortNextMAC

2017-12-12 20:22:39,302  INFO   [ScenarioLogWriter] - Creating State Machine for TQL WeblogicConnectWebservice

2017-12-14 10:26:05,598  INFO   [ScenarioLogWriter] - Creating State Machine for TQL MS SQL Servers

2017-12-14 10:26:05,598  INFO   [ScenarioLogWriter] - Creating State Machine for TQL Non-virtualized MS Cluster

2017-12-14 10:26:05,598  INFO   [ScenarioLogWriter] - Creating State Machine for TQL Non-virtualized J2EE Cluster

2017-12-14 10:26:05,598  INFO   [ScenarioLogWriter] - Creating State Machine for TQL Non-virtualized Service Guard Cluster

2017-12-14 10:26:05,599  INFO   [ScenarioLogWriter] - Creating State Machine for TQL Virtualized Sun Cluster

2017-12-14 10:26:05,599  INFO   [ScenarioLogWriter] - Creating State Machine for TQL Oracle Servers

2017-12-14 10:26:05,599  INFO   [ScenarioLogWriter] - Creating State Machine for TQL J2EE Cluster - ESX Compliance

2017-12-14 10:26:05,599  INFO   [ScenarioLogWriter] - Creating State Machine for TQL Virtualized Veritas Cluster

2017-12-14 10:26:05,599  INFO   [ScenarioLogWriter] - Creating State Machine for TQL Virtualized J2EE Cluster

2017-12-14 10:26:05,599  INFO   [ScenarioLogWriter] - Creating State Machine for TQL SAW_Computer

2017-12-14 10:26:05,599  INFO   [ScenarioLogWriter] - Creating State Machine for TQL Virtualized MS Cluster

2017-12-14 10:26:05,599  INFO   [ScenarioLogWriter] - Creating State Machine for TQL Non-virtualized Sun Cluster

2017-12-14 10:26:05,599  INFO   [ScenarioLogWriter] - Creating State Machine for TQL Non-virtualized Veritas Cluster

2017-12-14 10:26:05,599  INFO   [ScenarioLogWriter] - Creating State Machine for TQL Virtualized Service Guard Cluster

2017-12-14 10:26:05,599  INFO   [ScenarioLogWriter] - Creating State Machine for TQL Virtualized HACMP Cluster

2017-12-14 10:26:05,599  INFO   [ScenarioLogWriter] - Creating State Machine for TQL Non-virtualized HACMP Cluster

2017-12-14 10:26:06,730  INFO   [ScenarioLogWriter] - Creating State Machine for TQL IISConnectWebservice

2017-12-14 10:26:07,501  INFO   [ScenarioLogWriter] - Creating State Machine for TQL Remove ip to Mainframe if Lpar

2017-12-14 10:26:07,930  INFO   [ScenarioLogWriter] - Creating State Machine for TQL WebService_WebModule

2017-12-14 10:26:08,143  INFO   [ScenarioLogWriter] - Creating State Machine for TQL Link Sender and Receiver Channels

2017-12-14 10:26:08,450  INFO   [ScenarioLogWriter] - Creating State Machine for TQL OracleConnectWebservices

2017-12-14 10:26:08,667  INFO   [ScenarioLogWriter] - Creating State Machine for TQL SAP_Double_Stack_Instance

2017-12-14 10:26:09,096  INFO   [ScenarioLogWriter] - Creating State Machine for TQL Siebel_Web_To_Middle_Tier

2017-12-14 10:26:09,720  INFO   [ScenarioLogWriter] - Creating State Machine for TQL F5FwdAnyPortHandler

2017-12-14 10:26:09,731  INFO   [ScenarioLogWriter] - Creating State Machine for TQL Update_Broadcast_IP

2017-12-14 10:26:10,297  INFO   [ScenarioLogWriter] - Creating State Machine for TQL Solaris Zones Networking

2017-12-14 10:26:10,578  INFO   [ScenarioLogWriter] - Creating State Machine for TQL JDBCDataSrc_Database

2017-12-14 10:26:10,664  INFO   [ScenarioLogWriter] - Creating State Machine for TQL Build Layer2 CIs using PortNextMAC

2017-12-14 10:26:10,763  INFO   [ScenarioLogWriter] - Creating State Machine for TQL WeblogicConnectWebservice

2017-12-14 15:51:34,748  INFO   [ScenarioLogWriter] - Creating State Machine for TQL MS SQL Servers

2017-12-14 15:51:34,748  INFO   [ScenarioLogWriter] - Creating State Machine for TQL Non-virtualized MS Cluster

2017-12-14 15:51:34,748  INFO   [ScenarioLogWriter] - Creating State Machine for TQL Non-virtualized J2EE Cluster

2017-12-14 15:51:34,748  INFO   [ScenarioLogWriter] - Creating State Machine for TQL Non-virtualized Service Guard Cluster

2017-12-14 15:51:34,748  INFO   [ScenarioLogWriter] - Creating State Machine for TQL Virtualized Sun Cluster

2017-12-14 15:51:34,748  INFO   [ScenarioLogWriter] - Creating State Machine for TQL Oracle Servers

2017-12-14 15:51:34,748  INFO   [ScenarioLogWriter] - Creating State Machine for TQL J2EE Cluster - ESX Compliance

2017-12-14 15:51:34,748  INFO   [ScenarioLogWriter] - Creating State Machine for TQL Virtualized Veritas Cluster

2017-12-14 15:51:34,748  INFO   [ScenarioLogWriter] - Creating State Machine for TQL Virtualized J2EE Cluster

2017-12-14 15:51:34,748  INFO   [ScenarioLogWriter] - Creating State Machine for TQL SAW_Computer

2017-12-14 15:51:34,748  INFO   [ScenarioLogWriter] - Creating State Machine for TQL Virtualized MS Cluster

2017-12-14 15:51:34,748  INFO   [ScenarioLogWriter] - Creating State Machine for TQL Non-virtualized Sun Cluster

2017-12-14 15:51:34,748  INFO   [ScenarioLogWriter] - Creating State Machine for TQL Non-virtualized Veritas Cluster

2017-12-14 15:51:34,748  INFO   [ScenarioLogWriter] - Creating State Machine for TQL Virtualized Service Guard Cluster

2017-12-14 15:51:34,749  INFO   [ScenarioLogWriter] - Creating State Machine for TQL Virtualized HACMP Cluster

2017-12-14 15:51:34,749  INFO   [ScenarioLogWriter] - Creating State Machine for TQL Non-virtualized HACMP Cluster

2017-12-14 15:51:35,205  INFO   [ScenarioLogWriter] - Creating State Machine for TQL IISConnectWebservice

2017-12-14 15:51:35,516  INFO   [ScenarioLogWriter] - Creating State Machine for TQL Remove ip to Mainframe if Lpar

2017-12-14 15:51:35,669  INFO   [ScenarioLogWriter] - Creating State Machine for TQL WebService_WebModule

2017-12-14 15:51:35,772  INFO   [ScenarioLogWriter] - Creating State Machine for TQL Link Sender and Receiver Channels

2017-12-14 15:51:35,872  INFO   [ScenarioLogWriter] - Creating State Machine for TQL OracleConnectWebservices

2017-12-14 15:51:35,963  INFO   [ScenarioLogWriter] - Creating State Machine for TQL SAP_Double_Stack_Instance

2017-12-14 15:51:36,122  INFO   [ScenarioLogWriter] - Creating State Machine for TQL Siebel_Web_To_Middle_Tier

2017-12-14 15:51:37,096  INFO   [ScenarioLogWriter] - Creating State Machine for TQL F5FwdAnyPortHandler

2017-12-14 15:51:37,099  INFO   [ScenarioLogWriter] - Creating State Machine for TQL Update_Broadcast_IP

2017-12-14 15:51:37,343  INFO   [ScenarioLogWriter] - Creating State Machine for TQL Solaris Zones Networking

2017-12-14 15:51:37,553  INFO   [ScenarioLogWriter] - Creating State Machine for TQL JDBCDataSrc_Database

2017-12-14 15:51:37,605  INFO   [ScenarioLogWriter] - Creating State Machine for TQL Build Layer2 CIs using PortNextMAC

2017-12-14 15:51:37,666  INFO   [ScenarioLogWriter] - Creating State Machine for TQL WeblogicConnectWebservice

2017-12-19 11:13:12,317  WARN   [UCMDB - scheduler for customer 1, id name: Default Client] - Wake Up for TQL Scheduler was dropped. Previous wake up finished 343 ms ago (<1000)
2017-12-22 02:49:02,031  WARN   [UCMDB - scheduler for customer 1, id name: Default Client] - Wake Up for TQL Scheduler was dropped. Previous wake up finished 933 ms ago (<1000)
2018-01-04 15:30:16,852  INFO   [ScenarioLogWriter] - Creating State Machine for TQL MS SQL Servers

2018-01-04 15:30:16,852  INFO   [ScenarioLogWriter] - Creating State Machine for TQL Non-virtualized MS Cluster

2018-01-04 15:30:16,852  INFO   [ScenarioLogWriter] - Creating State Machine for TQL Non-virtualized J2EE Cluster

2018-01-04 15:30:16,852  INFO   [ScenarioLogWriter] - Creating State Machine for TQL Non-virtualized Service Guard Cluster

2018-01-04 15:30:16,853  INFO   [ScenarioLogWriter] - Creating State Machine for TQL Virtualized Sun Cluster

2018-01-04 15:30:16,853  INFO   [ScenarioLogWriter] - Creating State Machine for TQL Oracle Servers

2018-01-04 15:30:16,853  INFO   [ScenarioLogWriter] - Creating State Machine for TQL J2EE Cluster - ESX Compliance

2018-01-04 15:30:16,853  INFO   [ScenarioLogWriter] - Creating State Machine for TQL Virtualized Veritas Cluster

2018-01-04 15:30:16,853  INFO   [ScenarioLogWriter] - Creating State Machine for TQL Virtualized J2EE Cluster

2018-01-04 15:30:16,853  INFO   [ScenarioLogWriter] - Creating State Machine for TQL SAW_Computer

2018-01-04 15:30:16,853  INFO   [ScenarioLogWriter] - Creating State Machine for TQL Virtualized MS Cluster

2018-01-04 15:30:16,853  INFO   [ScenarioLogWriter] - Creating State Machine for TQL Non-virtualized Sun Cluster

2018-01-04 15:30:16,853  INFO   [ScenarioLogWriter] - Creating State Machine for TQL Non-virtualized Veritas Cluster

2018-01-04 15:30:16,853  INFO   [ScenarioLogWriter] - Creating State Machine for TQL Virtualized Service Guard Cluster

2018-01-04 15:30:16,853  INFO   [ScenarioLogWriter] - Creating State Machine for TQL Virtualized HACMP Cluster

2018-01-04 15:30:16,853  INFO   [ScenarioLogWriter] - Creating State Machine for TQL Non-virtualized HACMP Cluster

2018-01-04 15:30:18,403  INFO   [ScenarioLogWriter] - Creating State Machine for TQL IISConnectWebservice

2018-01-04 15:30:19,215  INFO   [ScenarioLogWriter] - Creating State Machine for TQL Remove ip to Mainframe if Lpar

2018-01-04 15:30:19,514  INFO   [ScenarioLogWriter] - Creating State Machine for TQL WebService_WebModule

2018-01-04 15:30:19,674  INFO   [ScenarioLogWriter] - Creating State Machine for TQL Link Sender and Receiver Channels

2018-01-04 15:30:19,810  INFO   [ScenarioLogWriter] - Creating State Machine for TQL OracleConnectWebservices

2018-01-04 15:30:20,011  INFO   [ScenarioLogWriter] - Creating State Machine for TQL SAP_Double_Stack_Instance

2018-01-04 15:30:20,226  INFO   [ScenarioLogWriter] - Creating State Machine for TQL Siebel_Web_To_Middle_Tier

2018-01-04 15:30:20,714  INFO   [ScenarioLogWriter] - Creating State Machine for TQL F5FwdAnyPortHandler

2018-01-04 15:30:20,722  INFO   [ScenarioLogWriter] - Creating State Machine for TQL Update_Broadcast_IP

2018-01-04 15:30:21,079  INFO   [ScenarioLogWriter] - Creating State Machine for TQL Solaris Zones Networking

2018-01-04 15:30:21,833  INFO   [ScenarioLogWriter] - Creating State Machine for TQL JDBCDataSrc_Database

2018-01-04 15:30:21,986  INFO   [ScenarioLogWriter] - Creating State Machine for TQL Build Layer2 CIs using PortNextMAC

2018-01-04 15:30:22,130  INFO   [ScenarioLogWriter] - Creating State Machine for TQL WeblogicConnectWebservice

2018-01-12 14:57:40,629  INFO   [ScenarioLogWriter] - Creating State Machine for TQL MS SQL Servers

2018-01-12 14:57:40,629  INFO   [ScenarioLogWriter] - Creating State Machine for TQL Non-virtualized MS Cluster

2018-01-12 14:57:40,629  INFO   [ScenarioLogWriter] - Creating State Machine for TQL Non-virtualized J2EE Cluster

2018-01-12 14:57:40,629  INFO   [ScenarioLogWriter] - Creating State Machine for TQL Non-virtualized Service Guard Cluster

2018-01-12 14:57:40,629  INFO   [ScenarioLogWriter] - Creating State Machine for TQL Virtualized Sun Cluster

2018-01-12 14:57:40,629  INFO   [ScenarioLogWriter] - Creating State Machine for TQL Oracle Servers

2018-01-12 14:57:40,629  INFO   [ScenarioLogWriter] - Creating State Machine for TQL J2EE Cluster - ESX Compliance

2018-01-12 14:57:40,629  INFO   [ScenarioLogWriter] - Creating State Machine for TQL Virtualized Veritas Cluster

2018-01-12 14:57:40,629  INFO   [ScenarioLogWriter] - Creating State Machine for TQL Virtualized J2EE Cluster

2018-01-12 14:57:40,629  INFO   [ScenarioLogWriter] - Creating State Machine for TQL SAW_Computer

2018-01-12 14:57:40,629  INFO   [ScenarioLogWriter] - Creating State Machine for TQL Virtualized MS Cluster

2018-01-12 14:57:40,629  INFO   [ScenarioLogWriter] - Creating State Machine for TQL Non-virtualized Sun Cluster

2018-01-12 14:57:40,629  INFO   [ScenarioLogWriter] - Creating State Machine for TQL Non-virtualized Veritas Cluster

2018-01-12 14:57:40,629  INFO   [ScenarioLogWriter] - Creating State Machine for TQL Virtualized Service Guard Cluster

2018-01-12 14:57:40,629  INFO   [ScenarioLogWriter] - Creating State Machine for TQL Virtualized HACMP Cluster

2018-01-12 14:57:40,629  INFO   [ScenarioLogWriter] - Creating State Machine for TQL Non-virtualized HACMP Cluster

2018-01-12 14:57:41,780  INFO   [ScenarioLogWriter] - Creating State Machine for TQL IISConnectWebservice

2018-01-12 14:57:42,393  INFO   [ScenarioLogWriter] - Creating State Machine for TQL Remove ip to Mainframe if Lpar

2018-01-12 14:57:42,662  INFO   [ScenarioLogWriter] - Creating State Machine for TQL WebService_WebModule

2018-01-12 14:57:43,005  INFO   [ScenarioLogWriter] - Creating State Machine for TQL Link Sender and Receiver Channels

2018-01-12 14:57:43,214  INFO   [ScenarioLogWriter] - Creating State Machine for TQL OracleConnectWebservices

2018-01-12 14:57:43,425  INFO   [ScenarioLogWriter] - Creating State Machine for TQL SAP_Double_Stack_Instance

2018-01-12 14:57:43,898  INFO   [ScenarioLogWriter] - Creating State Machine for TQL Siebel_Web_To_Middle_Tier

2018-01-12 14:57:44,764  INFO   [ScenarioLogWriter] - Creating State Machine for TQL F5FwdAnyPortHandler

2018-01-12 14:57:44,778  INFO   [ScenarioLogWriter] - Creating State Machine for TQL Update_Broadcast_IP

2018-01-12 14:57:45,513  INFO   [ScenarioLogWriter] - Creating State Machine for TQL Solaris Zones Networking

2018-01-12 14:57:45,885  INFO   [ScenarioLogWriter] - Creating State Machine for TQL JDBCDataSrc_Database

2018-01-12 14:57:45,992  INFO   [ScenarioLogWriter] - Creating State Machine for TQL Build Layer2 CIs using PortNextMAC

2018-01-12 14:57:46,116  INFO   [ScenarioLogWriter] - Creating State Machine for TQL WeblogicConnectWebservice

2018-01-12 18:12:43,654  INFO   [ScenarioLogWriter] - Creating State Machine for TQL MS SQL Servers

2018-01-12 18:12:43,654  INFO   [ScenarioLogWriter] - Creating State Machine for TQL Non-virtualized MS Cluster

2018-01-12 18:12:43,654  INFO   [ScenarioLogWriter] - Creating State Machine for TQL Non-virtualized J2EE Cluster

2018-01-12 18:12:43,654  INFO   [ScenarioLogWriter] - Creating State Machine for TQL Non-virtualized Service Guard Cluster

2018-01-12 18:12:43,654  INFO   [ScenarioLogWriter] - Creating State Machine for TQL Virtualized Sun Cluster

2018-01-12 18:12:43,654  INFO   [ScenarioLogWriter] - Creating State Machine for TQL Oracle Servers

2018-01-12 18:12:43,654  INFO   [ScenarioLogWriter] - Creating State Machine for TQL J2EE Cluster - ESX Compliance

2018-01-12 18:12:43,655  INFO   [ScenarioLogWriter] - Creating State Machine for TQL Virtualized Veritas Cluster

2018-01-12 18:12:43,655  INFO   [ScenarioLogWriter] - Creating State Machine for TQL Virtualized J2EE Cluster

2018-01-12 18:12:43,655  INFO   [ScenarioLogWriter] - Creating State Machine for TQL SAW_Computer

2018-01-12 18:12:43,655  INFO   [ScenarioLogWriter] - Creating State Machine for TQL Virtualized MS Cluster

2018-01-12 18:12:43,655  INFO   [ScenarioLogWriter] - Creating State Machine for TQL Non-virtualized Sun Cluster

2018-01-12 18:12:43,655  INFO   [ScenarioLogWriter] - Creating State Machine for TQL Non-virtualized Veritas Cluster

2018-01-12 18:12:43,655  INFO   [ScenarioLogWriter] - Creating State Machine for TQL Virtualized Service Guard Cluster

2018-01-12 18:12:43,655  INFO   [ScenarioLogWriter] - Creating State Machine for TQL Virtualized HACMP Cluster

2018-01-12 18:12:43,655  INFO   [ScenarioLogWriter] - Creating State Machine for TQL Non-virtualized HACMP Cluster

2018-01-12 18:12:44,516  INFO   [ScenarioLogWriter] - Creating State Machine for TQL IISConnectWebservice

2018-01-12 18:12:45,144  INFO   [ScenarioLogWriter] - Creating State Machine for TQL Remove ip to Mainframe if Lpar

2018-01-12 18:12:45,369  INFO   [ScenarioLogWriter] - Creating State Machine for TQL WebService_WebModule

2018-01-12 18:12:45,544  INFO   [ScenarioLogWriter] - Creating State Machine for TQL Link Sender and Receiver Channels

2018-01-12 18:12:45,705  INFO   [ScenarioLogWriter] - Creating State Machine for TQL OracleConnectWebservices

2018-01-12 18:12:45,818  INFO   [ScenarioLogWriter] - Creating State Machine for TQL SAP_Double_Stack_Instance

2018-01-12 18:12:46,044  INFO   [ScenarioLogWriter] - Creating State Machine for TQL Siebel_Web_To_Middle_Tier

2018-01-12 18:12:46,802  INFO   [ScenarioLogWriter] - Creating State Machine for TQL F5FwdAnyPortHandler

2018-01-12 18:12:46,819  INFO   [ScenarioLogWriter] - Creating State Machine for TQL Update_Broadcast_IP

2018-01-12 18:12:47,127  INFO   [ScenarioLogWriter] - Creating State Machine for TQL Solaris Zones Networking

2018-01-12 18:12:47,384  INFO   [ScenarioLogWriter] - Creating State Machine for TQL JDBCDataSrc_Database

2018-01-12 18:12:47,477  INFO   [ScenarioLogWriter] - Creating State Machine for TQL Build Layer2 CIs using PortNextMAC

2018-01-12 18:12:47,651  INFO   [ScenarioLogWriter] - Creating State Machine for TQL WeblogicConnectWebservice

2018-01-12 18:34:49,728  INFO   [ScenarioLogWriter] - Creating State Machine for TQL MS SQL Servers

2018-01-12 18:34:49,728  INFO   [ScenarioLogWriter] - Creating State Machine for TQL Non-virtualized MS Cluster

2018-01-12 18:34:49,728  INFO   [ScenarioLogWriter] - Creating State Machine for TQL Non-virtualized J2EE Cluster

2018-01-12 18:34:49,728  INFO   [ScenarioLogWriter] - Creating State Machine for TQL Non-virtualized Service Guard Cluster

2018-01-12 18:34:49,728  INFO   [ScenarioLogWriter] - Creating State Machine for TQL Virtualized Sun Cluster

2018-01-12 18:34:49,728  INFO   [ScenarioLogWriter] - Creating State Machine for TQL Oracle Servers

2018-01-12 18:34:49,728  INFO   [ScenarioLogWriter] - Creating State Machine for TQL J2EE Cluster - ESX Compliance

2018-01-12 18:34:49,729  INFO   [ScenarioLogWriter] - Creating State Machine for TQL Virtualized Veritas Cluster

2018-01-12 18:34:49,729  INFO   [ScenarioLogWriter] - Creating State Machine for TQL Virtualized J2EE Cluster

2018-01-12 18:34:49,729  INFO   [ScenarioLogWriter] - Creating State Machine for TQL SAW_Computer

2018-01-12 18:34:49,729  INFO   [ScenarioLogWriter] - Creating State Machine for TQL Virtualized MS Cluster

2018-01-12 18:34:49,729  INFO   [ScenarioLogWriter] - Creating State Machine for TQL Non-virtualized Sun Cluster

2018-01-12 18:34:49,729  INFO   [ScenarioLogWriter] - Creating State Machine for TQL Non-virtualized Veritas Cluster

2018-01-12 18:34:49,729  INFO   [ScenarioLogWriter] - Creating State Machine for TQL Virtualized Service Guard Cluster

2018-01-12 18:34:49,732  INFO   [ScenarioLogWriter] - Creating State Machine for TQL Virtualized HACMP Cluster

2018-01-12 18:34:49,732  INFO   [ScenarioLogWriter] - Creating State Machine for TQL Non-virtualized HACMP Cluster

2018-01-12 18:34:50,515  INFO   [ScenarioLogWriter] - Creating State Machine for TQL IISConnectWebservice

2018-01-12 18:34:51,028  INFO   [ScenarioLogWriter] - Creating State Machine for TQL Remove ip to Mainframe if Lpar

2018-01-12 18:34:51,201  INFO   [ScenarioLogWriter] - Creating State Machine for TQL WebService_WebModule

2018-01-12 18:34:51,319  INFO   [ScenarioLogWriter] - Creating State Machine for TQL Link Sender and Receiver Channels

2018-01-12 18:34:51,426  INFO   [ScenarioLogWriter] - Creating State Machine for TQL OracleConnectWebservices

2018-01-12 18:34:51,526  INFO   [ScenarioLogWriter] - Creating State Machine for TQL SAP_Double_Stack_Instance

2018-01-12 18:34:51,694  INFO   [ScenarioLogWriter] - Creating State Machine for TQL Siebel_Web_To_Middle_Tier

2018-01-12 18:34:52,076  INFO   [ScenarioLogWriter] - Creating State Machine for TQL F5FwdAnyPortHandler

2018-01-12 18:34:52,085  INFO   [ScenarioLogWriter] - Creating State Machine for TQL Update_Broadcast_IP

2018-01-12 18:34:52,442  INFO   [ScenarioLogWriter] - Creating State Machine for TQL Solaris Zones Networking

2018-01-12 18:34:52,723  INFO   [ScenarioLogWriter] - Creating State Machine for TQL JDBCDataSrc_Database

2018-01-12 18:34:52,791  INFO   [ScenarioLogWriter] - Creating State Machine for TQL Build Layer2 CIs using PortNextMAC

2018-01-12 18:34:52,879  INFO   [ScenarioLogWriter] - Creating State Machine for TQL WeblogicConnectWebservice

2018-01-15 18:18:27,545  INFO   [ScenarioLogWriter] - Creating State Machine for TQL MS SQL Servers

2018-01-15 18:18:27,545  INFO   [ScenarioLogWriter] - Creating State Machine for TQL Non-virtualized MS Cluster

2018-01-15 18:18:27,545  INFO   [ScenarioLogWriter] - Creating State Machine for TQL Non-virtualized J2EE Cluster

2018-01-15 18:18:27,545  INFO   [ScenarioLogWriter] - Creating State Machine for TQL Non-virtualized Service Guard Cluster

2018-01-15 18:18:27,545  INFO   [ScenarioLogWriter] - Creating State Machine for TQL Virtualized Sun Cluster

2018-01-15 18:18:27,545  INFO   [ScenarioLogWriter] - Creating State Machine for TQL Oracle Servers

2018-01-15 18:18:27,545  INFO   [ScenarioLogWriter] - Creating State Machine for TQL J2EE Cluster - ESX Compliance

2018-01-15 18:18:27,545  INFO   [ScenarioLogWriter] - Creating State Machine for TQL Virtualized Veritas Cluster

2018-01-15 18:18:27,545  INFO   [ScenarioLogWriter] - Creating State Machine for TQL Virtualized J2EE Cluster

2018-01-15 18:18:27,545  INFO   [ScenarioLogWriter] - Creating State Machine for TQL SAW_Computer

2018-01-15 18:18:27,545  INFO   [ScenarioLogWriter] - Creating State Machine for TQL Virtualized MS Cluster

2018-01-15 18:18:27,545  INFO   [ScenarioLogWriter] - Creating State Machine for TQL Non-virtualized Sun Cluster

2018-01-15 18:18:27,545  INFO   [ScenarioLogWriter] - Creating State Machine for TQL Non-virtualized Veritas Cluster

2018-01-15 18:18:27,545  INFO   [ScenarioLogWriter] - Creating State Machine for TQL Virtualized Service Guard Cluster

2018-01-15 18:18:27,545  INFO   [ScenarioLogWriter] - Creating State Machine for TQL Virtualized HACMP Cluster

2018-01-15 18:18:27,545  INFO   [ScenarioLogWriter] - Creating State Machine for TQL Non-virtualized HACMP Cluster

2018-01-15 18:18:27,920  INFO   [ScenarioLogWriter] - Creating State Machine for TQL IISConnectWebservice

2018-01-15 18:18:28,282  INFO   [ScenarioLogWriter] - Creating State Machine for TQL Remove ip to Mainframe if Lpar

2018-01-15 18:18:28,387  INFO   [ScenarioLogWriter] - Creating State Machine for TQL WebService_WebModule

2018-01-15 18:18:28,528  INFO   [ScenarioLogWriter] - Creating State Machine for TQL Link Sender and Receiver Channels

2018-01-15 18:18:28,610  INFO   [ScenarioLogWriter] - Creating State Machine for TQL OracleConnectWebservices

2018-01-15 18:18:28,807  INFO   [ScenarioLogWriter] - Creating State Machine for TQL SAP_Double_Stack_Instance

2018-01-15 18:18:28,954  INFO   [ScenarioLogWriter] - Creating State Machine for TQL Siebel_Web_To_Middle_Tier

2018-01-15 18:18:29,588  INFO   [ScenarioLogWriter] - Creating State Machine for TQL F5FwdAnyPortHandler

2018-01-15 18:18:29,593  INFO   [ScenarioLogWriter] - Creating State Machine for TQL Update_Broadcast_IP

2018-01-15 18:18:29,840  INFO   [ScenarioLogWriter] - Creating State Machine for TQL Solaris Zones Networking

2018-01-15 18:18:29,982  INFO   [ScenarioLogWriter] - Creating State Machine for TQL JDBCDataSrc_Database

2018-01-15 18:18:30,039  INFO   [ScenarioLogWriter] - Creating State Machine for TQL Build Layer2 CIs using PortNextMAC

2018-01-15 18:18:30,090  INFO   [ScenarioLogWriter] - Creating State Machine for TQL WeblogicConnectWebservice

2018-01-25 10:43:23,339  INFO   [ScenarioLogWriter] - Creating State Machine for TQL MS SQL Servers

2018-01-25 10:43:23,339  INFO   [ScenarioLogWriter] - Creating State Machine for TQL Non-virtualized MS Cluster

2018-01-25 10:43:23,339  INFO   [ScenarioLogWriter] - Creating State Machine for TQL Non-virtualized J2EE Cluster

2018-01-25 10:43:23,339  INFO   [ScenarioLogWriter] - Creating State Machine for TQL Non-virtualized Service Guard Cluster

2018-01-25 10:43:23,339  INFO   [ScenarioLogWriter] - Creating State Machine for TQL Virtualized Sun Cluster

2018-01-25 10:43:23,339  INFO   [ScenarioLogWriter] - Creating State Machine for TQL Oracle Servers

2018-01-25 10:43:23,339  INFO   [ScenarioLogWriter] - Creating State Machine for TQL J2EE Cluster - ESX Compliance

2018-01-25 10:43:23,339  INFO   [ScenarioLogWriter] - Creating State Machine for TQL Virtualized Veritas Cluster

2018-01-25 10:43:23,339  INFO   [ScenarioLogWriter] - Creating State Machine for TQL Virtualized J2EE Cluster

2018-01-25 10:43:23,339  INFO   [ScenarioLogWriter] - Creating State Machine for TQL SAW_Computer

2018-01-25 10:43:23,339  INFO   [ScenarioLogWriter] - Creating State Machine for TQL Virtualized MS Cluster

2018-01-25 10:43:23,339  INFO   [ScenarioLogWriter] - Creating State Machine for TQL Non-virtualized Sun Cluster

2018-01-25 10:43:23,339  INFO   [ScenarioLogWriter] - Creating State Machine for TQL Non-virtualized Veritas Cluster

2018-01-25 10:43:23,339  INFO   [ScenarioLogWriter] - Creating State Machine for TQL Virtualized Service Guard Cluster

2018-01-25 10:43:23,339  INFO   [ScenarioLogWriter] - Creating State Machine for TQL Virtualized HACMP Cluster

2018-01-25 10:43:23,339  INFO   [ScenarioLogWriter] - Creating State Machine for TQL Non-virtualized HACMP Cluster

2018-01-25 10:43:25,173  INFO   [ScenarioLogWriter] - Creating State Machine for TQL IISConnectWebservice

2018-01-25 10:43:26,615  INFO   [ScenarioLogWriter] - Creating State Machine for TQL Remove ip to Mainframe if Lpar

2018-01-25 10:43:27,071  INFO   [ScenarioLogWriter] - Creating State Machine for TQL WebService_WebModule

2018-01-25 10:43:27,429  INFO   [ScenarioLogWriter] - Creating State Machine for TQL Link Sender and Receiver Channels

2018-01-25 10:43:27,719  INFO   [ScenarioLogWriter] - Creating State Machine for TQL OracleConnectWebservices

2018-01-25 10:43:28,079  INFO   [ScenarioLogWriter] - Creating State Machine for TQL SAP_Double_Stack_Instance

2018-01-25 10:43:28,504  INFO   [ScenarioLogWriter] - Creating State Machine for TQL Siebel_Web_To_Middle_Tier

2018-01-25 10:43:29,731  INFO   [ScenarioLogWriter] - Creating State Machine for TQL F5FwdAnyPortHandler

2018-01-25 10:43:29,741  INFO   [ScenarioLogWriter] - Creating State Machine for TQL Update_Broadcast_IP

2018-01-25 10:43:30,282  INFO   [ScenarioLogWriter] - Creating State Machine for TQL Solaris Zones Networking

2018-01-25 10:43:30,542  INFO   [ScenarioLogWriter] - Creating State Machine for TQL JDBCDataSrc_Database

2018-01-25 10:43:30,696  INFO   [ScenarioLogWriter] - Creating State Machine for TQL Build Layer2 CIs using PortNextMAC

2018-01-25 10:43:30,786  INFO   [ScenarioLogWriter] - Creating State Machine for TQL WeblogicConnectWebservice

2018-02-01 21:55:02,254  INFO   [ScenarioLogWriter] - Creating State Machine for TQL MS SQL Servers

2018-02-01 21:55:02,254  INFO   [ScenarioLogWriter] - Creating State Machine for TQL Non-virtualized MS Cluster

2018-02-01 21:55:02,254  INFO   [ScenarioLogWriter] - Creating State Machine for TQL Non-virtualized J2EE Cluster

2018-02-01 21:55:02,254  INFO   [ScenarioLogWriter] - Creating State Machine for TQL Non-virtualized Service Guard Cluster

2018-02-01 21:55:02,254  INFO   [ScenarioLogWriter] - Creating State Machine for TQL Virtualized Sun Cluster

2018-02-01 21:55:02,254  INFO   [ScenarioLogWriter] - Creating State Machine for TQL Oracle Servers

2018-02-01 21:55:02,255  INFO   [ScenarioLogWriter] - Creating State Machine for TQL J2EE Cluster - ESX Compliance

2018-02-01 21:55:02,255  INFO   [ScenarioLogWriter] - Creating State Machine for TQL Virtualized Veritas Cluster

2018-02-01 21:55:02,255  INFO   [ScenarioLogWriter] - Creating State Machine for TQL Virtualized J2EE Cluster

2018-02-01 21:55:02,255  INFO   [ScenarioLogWriter] - Creating State Machine for TQL SAW_Computer

2018-02-01 21:55:02,255  INFO   [ScenarioLogWriter] - Creating State Machine for TQL Virtualized MS Cluster

2018-02-01 21:55:02,255  INFO   [ScenarioLogWriter] - Creating State Machine for TQL Non-virtualized Sun Cluster

2018-02-01 21:55:02,255  INFO   [ScenarioLogWriter] - Creating State Machine for TQL Non-virtualized Veritas Cluster

2018-02-01 21:55:02,255  INFO   [ScenarioLogWriter] - Creating State Machine for TQL Virtualized Service Guard Cluster

2018-02-01 21:55:02,255  INFO   [ScenarioLogWriter] - Creating State Machine for TQL Virtualized HACMP Cluster

2018-02-01 21:55:02,255  INFO   [ScenarioLogWriter] - Creating State Machine for TQL Non-virtualized HACMP Cluster

2018-02-01 21:55:03,217  INFO   [ScenarioLogWriter] - Creating State Machine for TQL IISConnectWebservice

2018-02-01 21:55:03,732  INFO   [ScenarioLogWriter] - Creating State Machine for TQL Remove ip to Mainframe if Lpar

2018-02-01 21:55:03,898  INFO   [ScenarioLogWriter] - Creating State Machine for TQL WebService_WebModule

2018-02-01 21:55:04,100  INFO   [ScenarioLogWriter] - Creating State Machine for TQL Link Sender and Receiver Channels

2018-02-01 21:55:04,216  INFO   [ScenarioLogWriter] - Creating State Machine for TQL OracleConnectWebservices

2018-02-01 21:55:04,292  INFO   [ScenarioLogWriter] - Creating State Machine for TQL SAP_Double_Stack_Instance

2018-02-01 21:55:04,472  INFO   [ScenarioLogWriter] - Creating State Machine for TQL Siebel_Web_To_Middle_Tier

2018-02-01 21:55:05,411  INFO   [ScenarioLogWriter] - Creating State Machine for TQL F5FwdAnyPortHandler

2018-02-01 21:55:05,416  INFO   [ScenarioLogWriter] - Creating State Machine for TQL Update_Broadcast_IP

2018-02-01 21:55:05,728  INFO   [ScenarioLogWriter] - Creating State Machine for TQL Solaris Zones Networking

2018-02-01 21:55:05,957  INFO   [ScenarioLogWriter] - Creating State Machine for TQL JDBCDataSrc_Database

2018-02-01 21:55:05,994  INFO   [ScenarioLogWriter] - Creating State Machine for TQL Build Layer2 CIs using PortNextMAC

2018-02-01 21:55:06,037  INFO   [ScenarioLogWriter] - Creating State Machine for TQL WeblogicConnectWebservice

2018-02-21 17:52:08,834  INFO   [ScenarioLogWriter] - Creating State Machine for TQL Azure Topology

2018-02-21 18:19:13,585  INFO   [ScenarioLogWriter] - Creating State Machine for TQL Amazon Cloud EC2

2018-02-21 18:19:24,365  INFO   [ScenarioLogWriter] - Creating State Machine for TQL All My Unix Servers

2018-02-23 08:22:02,905  INFO   [ScenarioLogWriter] - Creating State Machine for TQL MS SQL Servers

2018-02-23 08:22:02,905  INFO   [ScenarioLogWriter] - Creating State Machine for TQL Non-virtualized MS Cluster

2018-02-23 08:22:02,906  INFO   [ScenarioLogWriter] - Creating State Machine for TQL Non-virtualized J2EE Cluster

2018-02-23 08:22:02,906  INFO   [ScenarioLogWriter] - Creating State Machine for TQL Non-virtualized Service Guard Cluster

2018-02-23 08:22:02,906  INFO   [ScenarioLogWriter] - Creating State Machine for TQL Virtualized Sun Cluster

2018-02-23 08:22:02,906  INFO   [ScenarioLogWriter] - Creating State Machine for TQL Oracle Servers

2018-02-23 08:22:02,906  INFO   [ScenarioLogWriter] - Creating State Machine for TQL J2EE Cluster - ESX Compliance

2018-02-23 08:22:02,906  INFO   [ScenarioLogWriter] - Creating State Machine for TQL Virtualized Veritas Cluster

2018-02-23 08:22:02,906  INFO   [ScenarioLogWriter] - Creating State Machine for TQL Virtualized J2EE Cluster

2018-02-23 08:22:02,906  INFO   [ScenarioLogWriter] - Creating State Machine for TQL SAW_Computer

2018-02-23 08:22:02,906  INFO   [ScenarioLogWriter] - Creating State Machine for TQL Virtualized MS Cluster

2018-02-23 08:22:02,906  INFO   [ScenarioLogWriter] - Creating State Machine for TQL Non-virtualized Sun Cluster

2018-02-23 08:22:02,906  INFO   [ScenarioLogWriter] - Creating State Machine for TQL Non-virtualized Veritas Cluster

2018-02-23 08:22:02,906  INFO   [ScenarioLogWriter] - Creating State Machine for TQL Virtualized Service Guard Cluster

2018-02-23 08:22:02,906  INFO   [ScenarioLogWriter] - Creating State Machine for TQL Virtualized HACMP Cluster

2018-02-23 08:22:02,906  INFO   [ScenarioLogWriter] - Creating State Machine for TQL Non-virtualized HACMP Cluster

2018-02-23 08:22:03,394  INFO   [ScenarioLogWriter] - Creating State Machine for TQL IISConnectWebservice

2018-02-23 08:22:03,700  INFO   [ScenarioLogWriter] - Creating State Machine for TQL Remove ip to Mainframe if Lpar

2018-02-23 08:22:03,818  INFO   [ScenarioLogWriter] - Creating State Machine for TQL WebService_WebModule

2018-02-23 08:22:03,962  INFO   [ScenarioLogWriter] - Creating State Machine for TQL Link Sender and Receiver Channels

2018-02-23 08:22:04,070  INFO   [ScenarioLogWriter] - Creating State Machine for TQL OracleConnectWebservices

2018-02-23 08:22:04,161  INFO   [ScenarioLogWriter] - Creating State Machine for TQL SAP_Double_Stack_Instance

2018-02-23 08:22:04,399  INFO   [ScenarioLogWriter] - Creating State Machine for TQL Siebel_Web_To_Middle_Tier

2018-02-23 08:22:05,078  INFO   [ScenarioLogWriter] - Creating State Machine for TQL F5FwdAnyPortHandler

2018-02-23 08:22:05,084  INFO   [ScenarioLogWriter] - Creating State Machine for TQL Update_Broadcast_IP

2018-02-23 08:22:05,357  INFO   [ScenarioLogWriter] - Creating State Machine for TQL Solaris Zones Networking

2018-02-23 08:22:05,549  INFO   [ScenarioLogWriter] - Creating State Machine for TQL JDBCDataSrc_Database

2018-02-23 08:22:05,599  INFO   [ScenarioLogWriter] - Creating State Machine for TQL Build Layer2 CIs using PortNextMAC

2018-02-23 08:22:05,657  INFO   [ScenarioLogWriter] - Creating State Machine for TQL WeblogicConnectWebservice

2018-02-23 10:18:35,613  INFO   [ScenarioLogWriter] - Creating State Machine for TQL MS SQL Servers

2018-02-23 10:18:35,613  INFO   [ScenarioLogWriter] - Creating State Machine for TQL Non-virtualized MS Cluster

2018-02-23 10:18:35,613  INFO   [ScenarioLogWriter] - Creating State Machine for TQL Non-virtualized J2EE Cluster

2018-02-23 10:18:35,613  INFO   [ScenarioLogWriter] - Creating State Machine for TQL Non-virtualized Service Guard Cluster

2018-02-23 10:18:35,613  INFO   [ScenarioLogWriter] - Creating State Machine for TQL Virtualized Sun Cluster

2018-02-23 10:18:35,613  INFO   [ScenarioLogWriter] - Creating State Machine for TQL Oracle Servers

2018-02-23 10:18:35,613  INFO   [ScenarioLogWriter] - Creating State Machine for TQL J2EE Cluster - ESX Compliance

2018-02-23 10:18:35,613  INFO   [ScenarioLogWriter] - Creating State Machine for TQL Virtualized Veritas Cluster

2018-02-23 10:18:35,613  INFO   [ScenarioLogWriter] - Creating State Machine for TQL Virtualized J2EE Cluster

2018-02-23 10:18:35,613  INFO   [ScenarioLogWriter] - Creating State Machine for TQL SAW_Computer

2018-02-23 10:18:35,613  INFO   [ScenarioLogWriter] - Creating State Machine for TQL Virtualized MS Cluster

2018-02-23 10:18:35,613  INFO   [ScenarioLogWriter] - Creating State Machine for TQL Non-virtualized Sun Cluster

2018-02-23 10:18:35,613  INFO   [ScenarioLogWriter] - Creating State Machine for TQL Non-virtualized Veritas Cluster

2018-02-23 10:18:35,613  INFO   [ScenarioLogWriter] - Creating State Machine for TQL Virtualized Service Guard Cluster

2018-02-23 10:18:35,613  INFO   [ScenarioLogWriter] - Creating State Machine for TQL Virtualized HACMP Cluster

2018-02-23 10:18:35,613  INFO   [ScenarioLogWriter] - Creating State Machine for TQL Non-virtualized HACMP Cluster

2018-02-23 10:18:36,003  INFO   [ScenarioLogWriter] - Creating State Machine for TQL IISConnectWebservice

2018-02-23 10:18:36,343  INFO   [ScenarioLogWriter] - Creating State Machine for TQL Remove ip to Mainframe if Lpar

2018-02-23 10:18:36,434  INFO   [ScenarioLogWriter] - Creating State Machine for TQL WebService_WebModule

2018-02-23 10:18:36,507  INFO   [ScenarioLogWriter] - Creating State Machine for TQL Link Sender and Receiver Channels

2018-02-23 10:18:36,601  INFO   [ScenarioLogWriter] - Creating State Machine for TQL OracleConnectWebservices

2018-02-23 10:18:36,688  INFO   [ScenarioLogWriter] - Creating State Machine for TQL SAP_Double_Stack_Instance

2018-02-23 10:18:36,788  INFO   [ScenarioLogWriter] - Creating State Machine for TQL Siebel_Web_To_Middle_Tier

2018-02-23 10:18:37,303  INFO   [ScenarioLogWriter] - Creating State Machine for TQL F5FwdAnyPortHandler

2018-02-23 10:18:37,307  INFO   [ScenarioLogWriter] - Creating State Machine for TQL Update_Broadcast_IP

2018-02-23 10:18:37,702  INFO   [ScenarioLogWriter] - Creating State Machine for TQL Solaris Zones Networking

2018-02-23 10:18:37,895  INFO   [ScenarioLogWriter] - Creating State Machine for TQL JDBCDataSrc_Database

2018-02-23 10:18:37,943  INFO   [ScenarioLogWriter] - Creating State Machine for TQL Build Layer2 CIs using PortNextMAC

2018-02-23 10:18:37,997  INFO   [ScenarioLogWriter] - Creating State Machine for TQL WeblogicConnectWebservice

2018-02-26 15:58:23,450  INFO   [ScenarioLogWriter] - Creating State Machine for TQL MS SQL Servers

2018-02-26 15:58:23,450  INFO   [ScenarioLogWriter] - Creating State Machine for TQL Non-virtualized MS Cluster

2018-02-26 15:58:23,450  INFO   [ScenarioLogWriter] - Creating State Machine for TQL Non-virtualized J2EE Cluster

2018-02-26 15:58:23,450  INFO   [ScenarioLogWriter] - Creating State Machine for TQL Non-virtualized Service Guard Cluster

2018-02-26 15:58:23,450  INFO   [ScenarioLogWriter] - Creating State Machine for TQL Virtualized Sun Cluster

2018-02-26 15:58:23,450  INFO   [ScenarioLogWriter] - Creating State Machine for TQL Oracle Servers

2018-02-26 15:58:23,450  INFO   [ScenarioLogWriter] - Creating State Machine for TQL J2EE Cluster - ESX Compliance

2018-02-26 15:58:23,450  INFO   [ScenarioLogWriter] - Creating State Machine for TQL Virtualized Veritas Cluster

2018-02-26 15:58:23,450  INFO   [ScenarioLogWriter] - Creating State Machine for TQL Virtualized J2EE Cluster

2018-02-26 15:58:23,450  INFO   [ScenarioLogWriter] - Creating State Machine for TQL SAW_Computer

2018-02-26 15:58:23,450  INFO   [ScenarioLogWriter] - Creating State Machine for TQL Virtualized MS Cluster

2018-02-26 15:58:23,450  INFO   [ScenarioLogWriter] - Creating State Machine for TQL Non-virtualized Sun Cluster

2018-02-26 15:58:23,450  INFO   [ScenarioLogWriter] - Creating State Machine for TQL Non-virtualized Veritas Cluster

2018-02-26 15:58:23,450  INFO   [ScenarioLogWriter] - Creating State Machine for TQL Virtualized Service Guard Cluster

2018-02-26 15:58:23,450  INFO   [ScenarioLogWriter] - Creating State Machine for TQL Virtualized HACMP Cluster

2018-02-26 15:58:23,450  INFO   [ScenarioLogWriter] - Creating State Machine for TQL Non-virtualized HACMP Cluster

2018-02-26 15:58:24,103  INFO   [ScenarioLogWriter] - Creating State Machine for TQL IISConnectWebservice

2018-02-26 15:58:24,609  INFO   [ScenarioLogWriter] - Creating State Machine for TQL Remove ip to Mainframe if Lpar

2018-02-26 15:58:24,905  INFO   [ScenarioLogWriter] - Creating State Machine for TQL WebService_WebModule

2018-02-26 15:58:25,183  INFO   [ScenarioLogWriter] - Creating State Machine for TQL Link Sender and Receiver Channels

2018-02-26 15:58:25,610  INFO   [ScenarioLogWriter] - Creating State Machine for TQL OracleConnectWebservices

2018-02-26 15:58:25,864  INFO   [ScenarioLogWriter] - Creating State Machine for TQL SAP_Double_Stack_Instance

2018-02-26 15:58:25,982  INFO   [ScenarioLogWriter] - Creating State Machine for TQL Siebel_Web_To_Middle_Tier

2018-02-26 15:58:26,478  INFO   [ScenarioLogWriter] - Creating State Machine for TQL F5FwdAnyPortHandler

2018-02-26 15:58:26,482  INFO   [ScenarioLogWriter] - Creating State Machine for TQL Update_Broadcast_IP

2018-02-26 15:58:26,845  INFO   [ScenarioLogWriter] - Creating State Machine for TQL Solaris Zones Networking

2018-02-26 15:58:27,131  INFO   [ScenarioLogWriter] - Creating State Machine for TQL JDBCDataSrc_Database

2018-02-26 15:58:27,204  INFO   [ScenarioLogWriter] - Creating State Machine for TQL Build Layer2 CIs using PortNextMAC

2018-02-26 15:58:27,276  INFO   [ScenarioLogWriter] - Creating State Machine for TQL WeblogicConnectWebservice

2018-02-26 16:41:42,385  INFO   [ScenarioLogWriter] - Creating State Machine for TQL MS SQL Servers

2018-02-26 16:41:42,385  INFO   [ScenarioLogWriter] - Creating State Machine for TQL Non-virtualized MS Cluster

2018-02-26 16:41:42,385  INFO   [ScenarioLogWriter] - Creating State Machine for TQL Non-virtualized J2EE Cluster

2018-02-26 16:41:42,385  INFO   [ScenarioLogWriter] - Creating State Machine for TQL Non-virtualized Service Guard Cluster

2018-02-26 16:41:42,385  INFO   [ScenarioLogWriter] - Creating State Machine for TQL Virtualized Sun Cluster

2018-02-26 16:41:42,385  INFO   [ScenarioLogWriter] - Creating State Machine for TQL Oracle Servers

2018-02-26 16:41:42,385  INFO   [ScenarioLogWriter] - Creating State Machine for TQL J2EE Cluster - ESX Compliance

2018-02-26 16:41:42,385  INFO   [ScenarioLogWriter] - Creating State Machine for TQL Virtualized Veritas Cluster

2018-02-26 16:41:42,385  INFO   [ScenarioLogWriter] - Creating State Machine for TQL Virtualized J2EE Cluster

2018-02-26 16:41:42,385  INFO   [ScenarioLogWriter] - Creating State Machine for TQL SAW_Computer

2018-02-26 16:41:42,385  INFO   [ScenarioLogWriter] - Creating State Machine for TQL Virtualized MS Cluster

2018-02-26 16:41:42,385  INFO   [ScenarioLogWriter] - Creating State Machine for TQL Non-virtualized Sun Cluster

2018-02-26 16:41:42,385  INFO   [ScenarioLogWriter] - Creating State Machine for TQL Non-virtualized Veritas Cluster

2018-02-26 16:41:42,385  INFO   [ScenarioLogWriter] - Creating State Machine for TQL Virtualized Service Guard Cluster

2018-02-26 16:41:42,385  INFO   [ScenarioLogWriter] - Creating State Machine for TQL Virtualized HACMP Cluster

2018-02-26 16:41:42,385  INFO   [ScenarioLogWriter] - Creating State Machine for TQL Non-virtualized HACMP Cluster

2018-02-26 16:41:43,412  INFO   [ScenarioLogWriter] - Creating State Machine for TQL IISConnectWebservice

2018-02-26 16:41:43,951  INFO   [ScenarioLogWriter] - Creating State Machine for TQL Remove ip to Mainframe if Lpar

2018-02-26 16:41:44,194  INFO   [ScenarioLogWriter] - Creating State Machine for TQL WebService_WebModule

2018-02-26 16:41:44,342  INFO   [ScenarioLogWriter] - Creating State Machine for TQL Link Sender and Receiver Channels

2018-02-26 16:41:44,531  INFO   [ScenarioLogWriter] - Creating State Machine for TQL OracleConnectWebservices

2018-02-26 16:41:44,758  INFO   [ScenarioLogWriter] - Creating State Machine for TQL SAP_Double_Stack_Instance

2018-02-26 16:41:45,030  INFO   [ScenarioLogWriter] - Creating State Machine for TQL Siebel_Web_To_Middle_Tier

2018-02-26 16:41:45,647  INFO   [ScenarioLogWriter] - Creating State Machine for TQL F5FwdAnyPortHandler

2018-02-26 16:41:45,671  INFO   [ScenarioLogWriter] - Creating State Machine for TQL Update_Broadcast_IP

2018-02-26 16:41:46,088  INFO   [ScenarioLogWriter] - Creating State Machine for TQL Solaris Zones Networking

2018-02-26 16:41:46,374  INFO   [ScenarioLogWriter] - Creating State Machine for TQL JDBCDataSrc_Database

2018-02-26 16:41:46,469  INFO   [ScenarioLogWriter] - Creating State Machine for TQL Build Layer2 CIs using PortNextMAC

2018-02-26 16:41:46,584  INFO   [ScenarioLogWriter] - Creating State Machine for TQL WeblogicConnectWebservice

