2017-12-12 14:32:37,357  ERROR  [Starter for "packaging" (during Writer server startup). (customer 1, id name: Default Client)] - Replacing attribute override classification with regular attribute for class rac.
2017-12-12 14:32:37,358  ERROR  [Starter for "packaging" (during Writer server startup). (customer 1, id name: Default Client)] - Replacing attribute override MENU with regular attribute for class sap_double_stack_instance.
2017-12-12 14:32:37,358  ERROR  [Starter for "packaging" (during Writer server startup). (customer 1, id name: Default Client)] - Replacing attribute override BODY_ICON with regular attribute for class registrarserver.
2017-12-12 14:32:37,358  ERROR  [Starter for "packaging" (during Writer server startup). (customer 1, id name: Default Client)] - Replacing attribute override BODY_ICON with regular attribute for class iseriessubsystem.
2017-12-12 14:32:37,358  ERROR  [Starter for "packaging" (during Writer server startup). (customer 1, id name: Default Client)] - Replacing attribute override MENU with regular attribute for class audit_document.
2017-12-12 14:32:37,358  ERROR  [Starter for "packaging" (during Writer server startup). (customer 1, id name: Default Client)] - Replacing attribute override BODY_ICON with regular attribute for class avconferencingserver.
2017-12-12 14:32:37,358  ERROR  [Starter for "packaging" (during Writer server startup). (customer 1, id name: Default Client)] - Replacing attribute override BODY_ICON with regular attribute for class ms_exchange_dag.
2017-12-12 14:32:37,359  ERROR  [Starter for "packaging" (during Writer server startup). (customer 1, id name: Default Client)] - Replacing attribute override BODY_ICON with regular attribute for class monitoringserver.
2017-12-12 14:32:37,359  ERROR  [Starter for "packaging" (during Writer server startup). (customer 1, id name: Default Client)] - Replacing attribute override BODY_ICON with regular attribute for class windows_device_driver.
2017-12-12 14:32:37,359  ERROR  [Starter for "packaging" (during Writer server startup). (customer 1, id name: Default Client)] - Replacing attribute override classification with regular attribute for class vmware_cluster.
2017-12-12 14:32:37,359  ERROR  [Starter for "packaging" (during Writer server startup). (customer 1, id name: Default Client)] - Replacing attribute override layer with regular attribute for class vmware_cluster.
2017-12-12 14:32:37,359  ERROR  [Starter for "packaging" (during Writer server startup). (customer 1, id name: Default Client)] - Replacing attribute override BODY_ICON with regular attribute for class logicalvolume_snapshot.
2017-12-12 14:32:37,359  ERROR  [Starter for "packaging" (during Writer server startup). (customer 1, id name: Default Client)] - Replacing attribute override BODY_ICON with regular attribute for class centralmanagementserver.
2017-12-12 14:32:37,359  ERROR  [Starter for "packaging" (during Writer server startup). (customer 1, id name: Default Client)] - Replacing attribute override BODY_ICON with regular attribute for class docker_daemon.
2017-12-12 14:32:37,359  ERROR  [Starter for "packaging" (during Writer server startup). (customer 1, id name: Default Client)] - Replacing attribute override MENU with regular attribute for class docker_daemon.
2017-12-12 14:32:37,359  ERROR  [Starter for "packaging" (during Writer server startup). (customer 1, id name: Default Client)] - Replacing attribute override BODY_ICON with regular attribute for class docker_repository.
2017-12-12 14:32:37,359  ERROR  [Starter for "packaging" (during Writer server startup). (customer 1, id name: Default Client)] - Replacing attribute override MENU with regular attribute for class docker_repository.
2017-12-12 14:32:37,359  ERROR  [Starter for "packaging" (during Writer server startup). (customer 1, id name: Default Client)] - Replacing attribute override MENU with regular attribute for class quorum_server.
2017-12-12 14:32:37,360  ERROR  [Starter for "packaging" (during Writer server startup). (customer 1, id name: Default Client)] - Replacing attribute override classification with regular attribute for class vmware_resource_pool.
2017-12-12 14:32:37,360  ERROR  [Starter for "packaging" (during Writer server startup). (customer 1, id name: Default Client)] - Replacing attribute override layer with regular attribute for class vmware_resource_pool.
2017-12-12 14:32:37,360  ERROR  [Starter for "packaging" (during Writer server startup). (customer 1, id name: Default Client)] - Replacing attribute override classification with regular attribute for class rhevm_cluster.
2017-12-12 14:32:37,360  ERROR  [Starter for "packaging" (during Writer server startup). (customer 1, id name: Default Client)] - Replacing attribute override layer with regular attribute for class rhevm_cluster.
2017-12-12 14:32:37,360  ERROR  [Starter for "packaging" (during Writer server startup). (customer 1, id name: Default Client)] - Replacing attribute override MENU with regular attribute for class sybase_device.
2017-12-12 14:32:37,360  ERROR  [Starter for "packaging" (during Writer server startup). (customer 1, id name: Default Client)] - Replacing attribute override BODY_ICON with regular attribute for class amazon_asg.
2017-12-12 14:32:37,361  ERROR  [Starter for "packaging" (during Writer server startup). (customer 1, id name: Default Client)] - Replacing attribute override MENU with regular attribute for class amazon_asg.
2017-12-12 14:32:37,361  ERROR  [Starter for "packaging" (during Writer server startup). (customer 1, id name: Default Client)] - Replacing attribute override BODY_ICON with regular attribute for class edgeserver.
2017-12-12 14:32:37,361  ERROR  [Starter for "packaging" (during Writer server startup). (customer 1, id name: Default Client)] - Replacing attribute override BODY_ICON with regular attribute for class mediationserver.
2017-12-12 14:32:37,361  ERROR  [Starter for "packaging" (during Writer server startup). (customer 1, id name: Default Client)] - Attribute override destination_name without parent attribute.
2017-12-12 14:32:37,361  ERROR  [Starter for "packaging" (during Writer server startup). (customer 1, id name: Default Client)] - Replacing attribute override BODY_ICON with regular attribute for class amazon_ebs.
2017-12-12 14:32:37,361  ERROR  [Starter for "packaging" (during Writer server startup). (customer 1, id name: Default Client)] - Replacing attribute override MENU with regular attribute for class amazon_ebs.
2017-12-12 14:32:37,361  ERROR  [Starter for "packaging" (during Writer server startup). (customer 1, id name: Default Client)] - Replacing attribute override BODY_ICON with regular attribute for class frontendserver.
2017-12-12 14:32:37,361  ERROR  [Starter for "packaging" (during Writer server startup). (customer 1, id name: Default Client)] - Replacing attribute override BODY_ICON with regular attribute for class ldom_config.
2017-12-12 14:32:37,361  ERROR  [Starter for "packaging" (during Writer server startup). (customer 1, id name: Default Client)] - Replacing attribute override MENU with regular attribute for class sybase_segment.
2017-12-12 14:32:37,361  ERROR  [Starter for "packaging" (during Writer server startup). (customer 1, id name: Default Client)] - Replacing attribute override MENU with regular attribute for class consumer_provider.
2017-12-12 14:32:37,361  ERROR  [Starter for "packaging" (during Writer server startup). (customer 1, id name: Default Client)] - Replacing attribute override BODY_ICON with regular attribute for class lyncserver.
2017-12-12 14:32:37,361  ERROR  [Starter for "packaging" (during Writer server startup). (customer 1, id name: Default Client)] - Replacing attribute override BODY_ICON with regular attribute for class directorserver.
2017-12-12 14:32:37,361  ERROR  [Starter for "packaging" (during Writer server startup). (customer 1, id name: Default Client)] - Replacing attribute override BODY_ICON with regular attribute for class oracle_data_guard.
2017-12-12 14:32:37,362  ERROR  [Starter for "packaging" (during Writer server startup). (customer 1, id name: Default Client)] - Replacing attribute override MENU with regular attribute for class oracle_data_guard.
2017-12-12 14:32:37,362  ERROR  [Starter for "packaging" (during Writer server startup). (customer 1, id name: Default Client)] - Replacing attribute override BODY_ICON with regular attribute for class docker_registry_system.
2017-12-12 14:32:37,362  ERROR  [Starter for "packaging" (during Writer server startup). (customer 1, id name: Default Client)] - Replacing attribute override MENU with regular attribute for class docker_registry_system.
2017-12-12 14:32:37,362  ERROR  [Starter for "packaging" (during Writer server startup). (customer 1, id name: Default Client)] - Replacing attribute override BODY_ICON with regular attribute for class docker_image_tag.
2017-12-12 14:32:37,362  ERROR  [Starter for "packaging" (during Writer server startup). (customer 1, id name: Default Client)] - Replacing attribute override MENU with regular attribute for class docker_image_tag.
2017-12-12 14:32:37,362  ERROR  [Starter for "packaging" (during Writer server startup). (customer 1, id name: Default Client)] - Replacing attribute override BODY_ICON with regular attribute for class lyncpool.
2017-12-12 14:32:37,362  ERROR  [Starter for "packaging" (during Writer server startup). (customer 1, id name: Default Client)] - Replacing attribute override BODY_ICON with regular attribute for class tapelibrary.
2017-12-12 14:32:37,362  ERROR  [Starter for "packaging" (during Writer server startup). (customer 1, id name: Default Client)] - Replacing attribute override BODY_ICON with regular attribute for class docker_image.
2017-12-12 14:32:37,362  ERROR  [Starter for "packaging" (during Writer server startup). (customer 1, id name: Default Client)] - Replacing attribute override MENU with regular attribute for class docker_image.
2017-12-12 14:32:37,362  ERROR  [Starter for "packaging" (during Writer server startup). (customer 1, id name: Default Client)] - Replacing attribute override classification with regular attribute for class rhevm_resource_pool.
2017-12-12 14:32:37,362  ERROR  [Starter for "packaging" (during Writer server startup). (customer 1, id name: Default Client)] - Replacing attribute override layer with regular attribute for class rhevm_resource_pool.
2017-12-12 14:32:37,362  ERROR  [Starter for "packaging" (during Writer server startup). (customer 1, id name: Default Client)] - Replacing attribute override BODY_ICON with regular attribute for class device_driver.
2017-12-12 14:32:37,363  ERROR  [Starter for "packaging" (during Writer server startup). (customer 1, id name: Default Client)] - Replacing attribute override MENU with regular attribute for class device_driver.
2017-12-12 14:32:37,363  ERROR  [Starter for "packaging" (during Writer server startup). (customer 1, id name: Default Client)] - Replacing attribute override BODY_ICON with regular attribute for class docker_swarm_daemon.
2017-12-12 14:32:37,363  ERROR  [Starter for "packaging" (during Writer server startup). (customer 1, id name: Default Client)] - Replacing attribute override MENU with regular attribute for class docker_swarm_daemon.
2017-12-12 14:32:37,363  ERROR  [Starter for "packaging" (during Writer server startup). (customer 1, id name: Default Client)] - Replacing attribute override BODY_ICON with regular attribute for class docker.
2017-12-12 14:32:37,363  ERROR  [Starter for "packaging" (during Writer server startup). (customer 1, id name: Default Client)] - Replacing attribute override MENU with regular attribute for class docker.
2017-12-12 14:32:37,363  ERROR  [Starter for "packaging" (during Writer server startup). (customer 1, id name: Default Client)] - Replacing attribute override BODY_ICON with regular attribute for class docker_swarm_cluster.
2017-12-12 14:32:37,363  ERROR  [Starter for "packaging" (during Writer server startup). (customer 1, id name: Default Client)] - Replacing attribute override MENU with regular attribute for class docker_swarm_cluster.
2017-12-12 14:32:37,363  ERROR  [Starter for "packaging" (during Writer server startup). (customer 1, id name: Default Client)] - Replacing attribute override BODY_ICON with regular attribute for class openstack.
2017-12-12 14:32:37,363  ERROR  [Starter for "packaging" (during Writer server startup). (customer 1, id name: Default Client)] - Replacing attribute override MENU with regular attribute for class openstack.
2017-12-12 14:32:37,363  ERROR  [Starter for "packaging" (during Writer server startup). (customer 1, id name: Default Client)] - Replacing attribute override BODY_ICON with regular attribute for class lyncsite.
2017-12-12 14:32:37,363  ERROR  [Starter for "packaging" (during Writer server startup). (customer 1, id name: Default Client)] - Replacing attribute override BODY_ICON with regular attribute for class docker_container.
2017-12-12 14:32:37,363  ERROR  [Starter for "packaging" (during Writer server startup). (customer 1, id name: Default Client)] - Replacing attribute override MENU with regular attribute for class docker_container.
2017-12-12 14:32:37,363  ERROR  [Starter for "packaging" (during Writer server startup). (customer 1, id name: Default Client)] - Replacing attribute override BODY_ICON with regular attribute for class docker_resource.
2017-12-12 14:32:37,363  ERROR  [Starter for "packaging" (during Writer server startup). (customer 1, id name: Default Client)] - Replacing attribute override MENU with regular attribute for class docker_resource.
2017-12-12 14:32:37,363  ERROR  [Starter for "packaging" (during Writer server startup). (customer 1, id name: Default Client)] - Replacing attribute override BODY_ICON with regular attribute for class archivingserver.
2017-12-12 14:32:37,363  ERROR  [Starter for "packaging" (during Writer server startup). (customer 1, id name: Default Client)] - Replacing attribute override BODY_ICON with regular attribute for class ibm_wpar_profile.
2017-12-12 14:32:37,364  ERROR  [Starter for "packaging" (during Writer server startup). (customer 1, id name: Default Client)] - Replacing attribute override MENU with regular attribute for class ibm_wpar_profile.
2017-12-12 14:32:37,568  ERROR  [Starter for "packaging" (during Writer server startup). (customer 1, id name: Default Client)] - Attribute override destination_name without parent attribute.
