
************************ Statistics from 2018-02-26 06:00:00.008 until 2018-02-26 06:15:00.003 ************************
Operations executed: 570
Different operation types executed: 7
Operations average time (in millis): 0
The 10 worst operations are:
# Millis:       5 # On: 2018-02-26 06:03:32.616 # UPDATE HA_WRITER SET SERVER_ID=?,TIMESTAMP=?,SUGGESTED_SERVER_ID=?,SUGGESTION_TIMESTAMP=?
null
# Millis:       4 # On: 2018-02-26 06:09:32.615 # SELECT * FROM HA_WRITER for update
null
# Millis:       4 # On: 2018-02-26 06:14:55.853 # select * from CUSTOMER_REGISTRATION order by ID
null
# Millis:       4 # On: 2018-02-26 06:07:02.613 # SELECT * FROM HA_WRITER for update
null
# Millis:       3 # On: 2018-02-26 06:03:32.613 # SELECT * FROM HA_WRITER for update
null
# Millis:       3 # On: 2018-02-26 06:05:47.613 # SELECT * FROM HA_WRITER for update
null
# Millis:       3 # On: 2018-02-26 06:00:47.613 # SELECT * FROM HA_WRITER for update
null
# Millis:       3 # On: 2018-02-26 06:06:47.614 # SELECT * FROM HA_WRITER for update
null
# Millis:       3 # On: 2018-02-26 06:07:17.614 # SELECT * FROM HA_WRITER for update
null
# Millis:       3 # On: 2018-02-26 06:08:47.614 # SELECT * FROM HA_WRITER for update
null
 *** All operations statistics ***
# Avg (ms):       1 # Max (ms):       5 # Count:    60 # Last called: 2018-02-26 06:14:47.621 # UPDATE HA_WRITER SET SERVER_ID=?,TIMESTAMP=?,SUGGESTED_SERVER_ID=?,SUGGESTION_TIMESTAMP=?
# Avg (ms):       1 # Max (ms):       4 # Count:    60 # Last called: 2018-02-26 06:14:47.618 # SELECT * FROM HA_WRITER for update
# Avg (ms):       0 # Max (ms):       1 # Count:   140 # Last called: 2018-02-26 06:14:55.875 # select IS_ACTIVE from CUSTOMER_REGISTRATION where ID=?
# Avg (ms):       0 # Max (ms):       4 # Count:   140 # Last called: 2018-02-26 06:14:55.871 # select * from CUSTOMER_REGISTRATION order by ID
# Avg (ms):       0 # Max (ms):       1 # Count:    60 # Last called: 2018-02-26 06:14:47.621 # SELECT ((EXTRACT(EPOCH FROM now())) :: bigint)
# Avg (ms):       0 # Max (ms):       1 # Count:    30 # Last called: 2018-02-26 06:14:35.126 # SELECT VERSION FROM CONTENT_PACKS ORDER BY VERSION ASC
# Avg (ms):       0 # Max (ms):       1 # Count:    80 # Last called: 2018-02-26 06:14:55.873 # select * from DB_CONTEXT
