
************************ Statistics from 2018-02-26 09:00:00.001 until 2018-02-26 09:15:00.004 ************************
Operations executed: 570
Different operation types executed: 7
Operations average time (in millis): 0
The 10 worst operations are:
# Millis:    1433 # On: 2018-02-26 09:00:31.308 # select * from CUSTOMER_REGISTRATION order by ID
null
# Millis:     164 # On: 2018-02-26 09:03:32.678 # SELECT * FROM HA_WRITER for update
null
# Millis:      91 # On: 2018-02-26 09:06:13.229 # SELECT VERSION FROM CONTENT_PACKS ORDER BY VERSION ASC
null
# Millis:      76 # On: 2018-02-26 09:00:32.678 # SELECT * FROM HA_WRITER for update
null
# Millis:       7 # On: 2018-02-26 09:00:32.745 # select * from DB_CONTEXT
null
# Millis:       4 # On: 2018-02-26 09:03:17.678 # SELECT * FROM HA_WRITER for update
null
# Millis:       4 # On: 2018-02-26 09:04:17.679 # SELECT * FROM HA_WRITER for update
null
# Millis:       4 # On: 2018-02-26 09:04:02.679 # SELECT * FROM HA_WRITER for update
null
# Millis:       3 # On: 2018-02-26 09:01:17.679 # SELECT * FROM HA_WRITER for update
null
# Millis:       3 # On: 2018-02-26 09:02:17.679 # SELECT * FROM HA_WRITER for update
null
 *** All operations statistics ***
# Avg (ms):       1 # Max (ms):       3 # Count:    60 # Last called: 2018-02-26 09:14:47.685 # UPDATE HA_WRITER SET SERVER_ID=?,TIMESTAMP=?,SUGGESTED_SERVER_ID=?,SUGGESTION_TIMESTAMP=?
# Avg (ms):       1 # Max (ms):     164 # Count:    60 # Last called: 2018-02-26 09:14:47.682 # SELECT * FROM HA_WRITER for update
# Avg (ms):       0 # Max (ms):       1 # Count:    60 # Last called: 2018-02-26 09:14:47.684 # SELECT ((EXTRACT(EPOCH FROM now())) :: bigint)
# Avg (ms):       0 # Max (ms):       1 # Count:   140 # Last called: 2018-02-26 09:14:49.387 # select IS_ACTIVE from CUSTOMER_REGISTRATION where ID=?
# Avg (ms):       0 # Max (ms):      91 # Count:    30 # Last called: 2018-02-26 09:14:43.229 # SELECT VERSION FROM CONTENT_PACKS ORDER BY VERSION ASC
# Avg (ms):       0 # Max (ms):       7 # Count:    80 # Last called: 2018-02-26 09:14:33.209 # select * from DB_CONTEXT
# Avg (ms):       0 # Max (ms):    1433 # Count:   140 # Last called: 2018-02-26 09:14:49.385 # select * from CUSTOMER_REGISTRATION order by ID
