
************************ Statistics from 2018-02-26 03:30:00.006 until 2018-02-26 03:45:00.006 ************************
Operations executed: 570
Different operation types executed: 7
Operations average time (in millis): 0
The 10 worst operations are:
# Millis:       4 # On: 2018-02-26 03:30:50.644 # select * from CUSTOMER_REGISTRATION order by ID
null
# Millis:       4 # On: 2018-02-26 03:35:32.574 # SELECT * FROM HA_WRITER for update
null
# Millis:       4 # On: 2018-02-26 03:43:32.575 # SELECT * FROM HA_WRITER for update
null
# Millis:       3 # On: 2018-02-26 03:41:32.575 # SELECT * FROM HA_WRITER for update
null
# Millis:       3 # On: 2018-02-26 03:34:32.573 # SELECT * FROM HA_WRITER for update
null
# Millis:       3 # On: 2018-02-26 03:39:32.575 # SELECT * FROM HA_WRITER for update
null
# Millis:       3 # On: 2018-02-26 03:40:32.575 # SELECT * FROM HA_WRITER for update
null
# Millis:       3 # On: 2018-02-26 03:34:17.573 # SELECT * FROM HA_WRITER for update
null
# Millis:       3 # On: 2018-02-26 03:31:32.574 # SELECT * FROM HA_WRITER for update
null
# Millis:       3 # On: 2018-02-26 03:33:47.573 # SELECT * FROM HA_WRITER for update
null
 *** All operations statistics ***
# Avg (ms):       1 # Max (ms):       4 # Count:    60 # Last called: 2018-02-26 03:44:47.576 # SELECT * FROM HA_WRITER for update
# Avg (ms):       0 # Max (ms):       1 # Count:    30 # Last called: 2018-02-26 03:44:35.105 # SELECT VERSION FROM CONTENT_PACKS ORDER BY VERSION ASC
# Avg (ms):       0 # Max (ms):       2 # Count:    80 # Last called: 2018-02-26 03:44:51.104 # select * from DB_CONTEXT
# Avg (ms):       0 # Max (ms):       1 # Count:   140 # Last called: 2018-02-26 03:44:51.107 # select IS_ACTIVE from CUSTOMER_REGISTRATION where ID=?
# Avg (ms):       0 # Max (ms):       4 # Count:   140 # Last called: 2018-02-26 03:44:51.102 # select * from CUSTOMER_REGISTRATION order by ID
# Avg (ms):       0 # Max (ms):       2 # Count:    60 # Last called: 2018-02-26 03:44:47.578 # UPDATE HA_WRITER SET SERVER_ID=?,TIMESTAMP=?,SUGGESTED_SERVER_ID=?,SUGGESTION_TIMESTAMP=?
# Avg (ms):       0 # Max (ms):       1 # Count:    60 # Last called: 2018-02-26 03:44:47.578 # SELECT ((EXTRACT(EPOCH FROM now())) :: bigint)
