
************************ Statistics from 2018-02-26 13:45:00.006 until 2018-02-26 14:00:00.009 ************************
Operations executed: 570
Different operation types executed: 7
Operations average time (in millis): 117
The 10 worst operations are:
# Millis:    9842 # On: 2018-02-26 13:56:28.187 # SELECT * FROM HA_WRITER for update
null
# Millis:    9126 # On: 2018-02-26 13:48:38.875 # SELECT * FROM HA_WRITER for update
null
# Millis:    8154 # On: 2018-02-26 13:45:08.871 # SELECT * FROM HA_WRITER for update
null
# Millis:    7138 # On: 2018-02-26 13:59:13.189 # SELECT * FROM HA_WRITER for update
null
# Millis:    6663 # On: 2018-02-26 13:45:09.971 # select * from CUSTOMER_REGISTRATION order by ID
null
# Millis:    6224 # On: 2018-02-26 13:45:10.411 # select * from CUSTOMER_REGISTRATION order by ID
null
# Millis:    5265 # On: 2018-02-26 13:48:10.413 # select * from CUSTOMER_REGISTRATION order by ID
null
# Millis:    3264 # On: 2018-02-26 13:56:24.955 # select * from DB_CONTEXT
null
# Millis:    3203 # On: 2018-02-26 13:54:18.773 # select * from CUSTOMER_REGISTRATION order by ID
null
# Millis:    2514 # On: 2018-02-26 13:56:22.433 # select * from CUSTOMER_REGISTRATION order by ID
null
 *** All operations statistics ***
# Avg (ms):     639 # Max (ms):    9842 # Count:    60 # Last called: 2018-02-26 13:59:58.190 # SELECT * FROM HA_WRITER for update
# Avg (ms):     193 # Max (ms):    2097 # Count:    30 # Last called: 2018-02-26 13:59:46.644 # SELECT VERSION FROM CONTENT_PACKS ORDER BY VERSION ASC
# Avg (ms):     135 # Max (ms):    6663 # Count:   140 # Last called: 2018-02-26 13:59:58.315 # select * from CUSTOMER_REGISTRATION order by ID
# Avg (ms):      52 # Max (ms):    3264 # Count:    80 # Last called: 2018-02-26 13:59:58.317 # select * from DB_CONTEXT
# Avg (ms):       0 # Max (ms):       1 # Count:   140 # Last called: 2018-02-26 13:59:58.319 # select IS_ACTIVE from CUSTOMER_REGISTRATION where ID=?
# Avg (ms):       0 # Max (ms):       1 # Count:    60 # Last called: 2018-02-26 13:59:58.191 # SELECT ((EXTRACT(EPOCH FROM now())) :: bigint)
# Avg (ms):       0 # Max (ms):      11 # Count:    60 # Last called: 2018-02-26 13:59:58.191 # UPDATE HA_WRITER SET SERVER_ID=?,TIMESTAMP=?,SUGGESTED_SERVER_ID=?,SUGGESTION_TIMESTAMP=?
