
************************ Statistics from 2018-02-26 00:45:00.007 until 2018-02-26 01:00:00.007 ************************
Operations executed: 570
Different operation types executed: 7
Operations average time (in millis): 0
The 10 worst operations are:
# Millis:       6 # On: 2018-02-26 00:56:45.754 # select * from CUSTOMER_REGISTRATION order by ID
null
# Millis:       4 # On: 2018-02-26 00:57:32.530 # UPDATE HA_WRITER SET SERVER_ID=?,TIMESTAMP=?,SUGGESTED_SERVER_ID=?,SUGGESTION_TIMESTAMP=?
null
# Millis:       3 # On: 2018-02-26 00:55:45.722 # select IS_ACTIVE from CUSTOMER_REGISTRATION where ID=?
null
# Millis:       3 # On: 2018-02-26 00:58:02.530 # SELECT * FROM HA_WRITER for update
null
# Millis:       3 # On: 2018-02-26 00:59:02.531 # SELECT * FROM HA_WRITER for update
null
# Millis:       3 # On: 2018-02-26 00:49:02.528 # SELECT * FROM HA_WRITER for update
null
# Millis:       3 # On: 2018-02-26 00:46:47.527 # SELECT * FROM HA_WRITER for update
null
# Millis:       3 # On: 2018-02-26 00:55:02.528 # SELECT * FROM HA_WRITER for update
null
# Millis:       3 # On: 2018-02-26 00:45:02.527 # SELECT * FROM HA_WRITER for update
null
# Millis:       3 # On: 2018-02-26 00:54:47.528 # SELECT * FROM HA_WRITER for update
null
 *** All operations statistics ***
# Avg (ms):       1 # Max (ms):       3 # Count:    60 # Last called: 2018-02-26 00:59:47.530 # SELECT * FROM HA_WRITER for update
# Avg (ms):       1 # Max (ms):       4 # Count:    60 # Last called: 2018-02-26 00:59:47.532 # UPDATE HA_WRITER SET SERVER_ID=?,TIMESTAMP=?,SUGGESTED_SERVER_ID=?,SUGGESTION_TIMESTAMP=?
# Avg (ms):       0 # Max (ms):       6 # Count:   140 # Last called: 2018-02-26 00:59:49.242 # select * from CUSTOMER_REGISTRATION order by ID
# Avg (ms):       0 # Max (ms):       1 # Count:    60 # Last called: 2018-02-26 00:59:47.532 # SELECT ((EXTRACT(EPOCH FROM now())) :: bigint)
# Avg (ms):       0 # Max (ms):       1 # Count:    80 # Last called: 2018-02-26 00:59:45.873 # select * from DB_CONTEXT
# Avg (ms):       0 # Max (ms):       1 # Count:    30 # Last called: 2018-02-26 00:59:35.075 # SELECT VERSION FROM CONTENT_PACKS ORDER BY VERSION ASC
# Avg (ms):       0 # Max (ms):       3 # Count:   140 # Last called: 2018-02-26 00:59:49.244 # select IS_ACTIVE from CUSTOMER_REGISTRATION where ID=?
