
************************ Statistics from 2018-02-26 03:15:00.006 until 2018-02-26 03:30:00.006 ************************
Operations executed: 581
Different operation types executed: 18
Operations average time (in millis): 0
The 10 worst operations are:
# Millis:      12 # On: 2018-02-26 03:18:35.308 # SELECT COUNT(*) FROM MANAGED_RELATIONSHIP_1
null
# Millis:       5 # On: 2018-02-26 03:18:35.285 # SELECT COUNT(*) FROM USAGE_1
null
# Millis:       3 # On: 2018-02-26 03:17:47.571 # SELECT * FROM HA_WRITER for update
null
# Millis:       3 # On: 2018-02-26 03:20:17.572 # SELECT * FROM HA_WRITER for update
null
# Millis:       3 # On: 2018-02-26 03:22:17.572 # SELECT * FROM HA_WRITER for update
null
# Millis:       3 # On: 2018-02-26 03:16:17.571 # SELECT * FROM HA_WRITER for update
null
# Millis:       3 # On: 2018-02-26 03:18:17.572 # SELECT * FROM HA_WRITER for update
null
# Millis:       3 # On: 2018-02-26 03:22:47.572 # SELECT * FROM HA_WRITER for update
null
# Millis:       3 # On: 2018-02-26 03:18:35.292 # SELECT COUNT(*) FROM DEPENDENCY_1
null
# Millis:       3 # On: 2018-02-26 03:17:17.572 # SELECT * FROM HA_WRITER for update
null
 *** All operations statistics ***
# Avg (ms):      12 # Max (ms):      12 # Count:     1 # Last called: 2018-02-26 03:18:35.308 # SELECT COUNT(*) FROM MANAGED_RELATIONSHIP_1
# Avg (ms):       5 # Max (ms):       5 # Count:     1 # Last called: 2018-02-26 03:18:35.285 # SELECT COUNT(*) FROM USAGE_1
# Avg (ms):       3 # Max (ms):       3 # Count:     1 # Last called: 2018-02-26 03:18:35.292 # SELECT COUNT(*) FROM DEPENDENCY_1
# Avg (ms):       1 # Max (ms):       1 # Count:     1 # Last called: 2018-02-26 03:18:35.300 # SELECT COUNT(*) FROM COMPOSITION_1
# Avg (ms):       1 # Max (ms):       3 # Count:    60 # Last called: 2018-02-26 03:29:47.576 # UPDATE HA_WRITER SET SERVER_ID=?,TIMESTAMP=?,SUGGESTED_SERVER_ID=?,SUGGESTION_TIMESTAMP=?
# Avg (ms):       1 # Max (ms):       3 # Count:    60 # Last called: 2018-02-26 03:29:47.574 # SELECT * FROM HA_WRITER for update
# Avg (ms):       1 # Max (ms):       1 # Count:     1 # Last called: 2018-02-26 03:18:35.326 # SELECT COUNT(*) FROM HISTORY_LINK_1
# Avg (ms):       1 # Max (ms):       1 # Count:     1 # Last called: 2018-02-26 03:18:35.297 # SELECT COUNT(*) FROM CONTAINMENT_1
# Avg (ms):       1 # Max (ms):       1 # Count:     1 # Last called: 2018-02-26 03:18:35.324 # SELECT COUNT(*) FROM MEMBERSHIP_1
# Avg (ms):       1 # Max (ms):       1 # Count:     1 # Last called: 2018-02-26 03:18:35.305 # SELECT COUNT(*) FROM OWNERSHIP_1
# Avg (ms):       0 # Max (ms):       2 # Count:    80 # Last called: 2018-02-26 03:29:50.618 # select * from DB_CONTEXT
# Avg (ms):       0 # Max (ms):       1 # Count:    30 # Last called: 2018-02-26 03:29:35.099 # SELECT VERSION FROM CONTENT_PACKS ORDER BY VERSION ASC
# Avg (ms):       0 # Max (ms):       0 # Count:     1 # Last called: 2018-02-26 03:18:35.329 # SELECT COUNT(*) FROM REALIZATION_1
# Avg (ms):       0 # Max (ms):       1 # Count:   140 # Last called: 2018-02-26 03:29:50.620 # select IS_ACTIVE from CUSTOMER_REGISTRATION where ID=?
# Avg (ms):       0 # Max (ms):       0 # Count:     1 # Last called: 2018-02-26 03:18:35.322 # SELECT COUNT(*) FROM EXECUTION_ENVIRONMENT_1
# Avg (ms):       0 # Max (ms):       1 # Count:   140 # Last called: 2018-02-26 03:29:50.616 # select * from CUSTOMER_REGISTRATION order by ID
# Avg (ms):       0 # Max (ms):       1 # Count:    60 # Last called: 2018-02-26 03:29:47.576 # SELECT ((EXTRACT(EPOCH FROM now())) :: bigint)
# Avg (ms):       0 # Max (ms):       0 # Count:     1 # Last called: 2018-02-26 03:18:35.303 # SELECT COUNT(*) FROM FCMDB_CONF_AGGREGATION_1
