
************************ Statistics from 2018-02-26 06:30:00.008 until 2018-02-26 06:45:00.002 ************************
Operations executed: 570
Different operation types executed: 7
Operations average time (in millis): 0
The 10 worst operations are:
# Millis:       8 # On: 2018-02-26 06:35:02.627 # SELECT ((EXTRACT(EPOCH FROM now())) :: bigint)
null
# Millis:       3 # On: 2018-02-26 06:34:02.624 # SELECT * FROM HA_WRITER for update
null
# Millis:       3 # On: 2018-02-26 06:33:02.623 # SELECT * FROM HA_WRITER for update
null
# Millis:       3 # On: 2018-02-26 06:35:02.635 # UPDATE HA_WRITER SET SERVER_ID=?,TIMESTAMP=?,SUGGESTED_SERVER_ID=?,SUGGESTION_TIMESTAMP=?
null
# Millis:       3 # On: 2018-02-26 06:36:02.626 # SELECT * FROM HA_WRITER for update
null
# Millis:       3 # On: 2018-02-26 06:32:17.622 # SELECT * FROM HA_WRITER for update
null
# Millis:       3 # On: 2018-02-26 06:32:02.623 # SELECT * FROM HA_WRITER for update
null
# Millis:       3 # On: 2018-02-26 06:30:02.621 # SELECT * FROM HA_WRITER for update
null
# Millis:       3 # On: 2018-02-26 06:30:17.621 # SELECT * FROM HA_WRITER for update
null
# Millis:       3 # On: 2018-02-26 06:35:02.624 # SELECT * FROM HA_WRITER for update
null
 *** All operations statistics ***
# Avg (ms):       1 # Max (ms):       3 # Count:    60 # Last called: 2018-02-26 06:44:47.630 # SELECT * FROM HA_WRITER for update
# Avg (ms):       0 # Max (ms):       1 # Count:    80 # Last called: 2018-02-26 06:44:56.815 # select * from DB_CONTEXT
# Avg (ms):       0 # Max (ms):       1 # Count:   140 # Last called: 2018-02-26 06:44:56.817 # select IS_ACTIVE from CUSTOMER_REGISTRATION where ID=?
# Avg (ms):       0 # Max (ms):       8 # Count:    60 # Last called: 2018-02-26 06:44:47.632 # SELECT ((EXTRACT(EPOCH FROM now())) :: bigint)
# Avg (ms):       0 # Max (ms):       1 # Count:   140 # Last called: 2018-02-26 06:44:56.813 # select * from CUSTOMER_REGISTRATION order by ID
# Avg (ms):       0 # Max (ms):       1 # Count:    30 # Last called: 2018-02-26 06:44:35.130 # SELECT VERSION FROM CONTENT_PACKS ORDER BY VERSION ASC
# Avg (ms):       0 # Max (ms):       3 # Count:    60 # Last called: 2018-02-26 06:44:47.632 # UPDATE HA_WRITER SET SERVER_ID=?,TIMESTAMP=?,SUGGESTED_SERVER_ID=?,SUGGESTION_TIMESTAMP=?
