
************************ Statistics from 2018-02-26 13:15:00.008 until 2018-02-26 13:30:00.002 ************************
Operations executed: 575
Different operation types executed: 18
Operations average time (in millis): 86
The 10 worst operations are:
# Millis:   12390 # On: 2018-02-26 13:27:08.864 # SELECT * FROM HA_WRITER for update
null
# Millis:    7581 # On: 2018-02-26 13:19:08.861 # SELECT * FROM HA_WRITER for update
null
# Millis:    7572 # On: 2018-02-26 13:27:13.677 # SELECT VERSION FROM CONTENT_PACKS ORDER BY VERSION ASC
null
# Millis:    6430 # On: 2018-02-26 13:15:53.860 # SELECT * FROM HA_WRITER for update
null
# Millis:    4892 # On: 2018-02-26 13:15:55.396 # select * from CUSTOMER_REGISTRATION order by ID
null
# Millis:    4838 # On: 2018-02-26 13:15:55.450 # select * from CUSTOMER_REGISTRATION order by ID
null
# Millis:    3226 # On: 2018-02-26 13:27:01.861 # select * from CUSTOMER_REGISTRATION order by ID
null
# Millis:    2755 # On: 2018-02-26 13:19:13.677 # SELECT VERSION FROM CONTENT_PACKS ORDER BY VERSION ASC
null
# Millis:    2051 # On: 2018-02-26 13:29:43.676 # SELECT VERSION FROM CONTENT_PACKS ORDER BY VERSION ASC
null
# Millis:    1061 # On: 2018-02-26 13:19:00.564 # select * from DB_CONTEXT
null
 *** All operations statistics ***
# Avg (ms):     461 # Max (ms):   12390 # Count:    60 # Last called: 2018-02-26 13:29:53.864 # SELECT * FROM HA_WRITER for update
# Avg (ms):     407 # Max (ms):    7572 # Count:    30 # Last called: 2018-02-26 13:29:43.676 # SELECT VERSION FROM CONTENT_PACKS ORDER BY VERSION ASC
# Avg (ms):     399 # Max (ms):     399 # Count:     1 # Last called: 2018-02-26 13:18:35.600 # SELECT COUNT(*) FROM MANAGED_RELATIONSHIP_1
# Avg (ms):     256 # Max (ms):     256 # Count:     1 # Last called: 2018-02-26 13:18:35.329 # SELECT COUNT(*) FROM DEPENDENCY_1
# Avg (ms):      68 # Max (ms):    4892 # Count:   138 # Last called: 2018-02-26 13:29:55.401 # select * from CUSTOMER_REGISTRATION order by ID
# Avg (ms):      37 # Max (ms):      37 # Count:     1 # Last called: 2018-02-26 13:18:35.290 # SELECT COUNT(*) FROM USAGE_1
# Avg (ms):       2 # Max (ms):       2 # Count:     1 # Last called: 2018-02-26 13:18:35.591 # SELECT COUNT(*) FROM COMPOSITION_1
# Avg (ms):       1 # Max (ms):       1 # Count:     1 # Last called: 2018-02-26 13:18:36.004 # SELECT COUNT(*) FROM MEMBERSHIP_1
# Avg (ms):       1 # Max (ms):       1 # Count:     1 # Last called: 2018-02-26 13:18:35.595 # SELECT COUNT(*) FROM FCMDB_CONF_AGGREGATION_1
# Avg (ms):       1 # Max (ms):       1 # Count:     1 # Last called: 2018-02-26 13:18:36.006 # SELECT COUNT(*) FROM HISTORY_LINK_1
# Avg (ms):       1 # Max (ms):       1 # Count:     1 # Last called: 2018-02-26 13:18:35.589 # SELECT COUNT(*) FROM CONTAINMENT_1
# Avg (ms):       1 # Max (ms):       1 # Count:     1 # Last called: 2018-02-26 13:18:35.597 # SELECT COUNT(*) FROM OWNERSHIP_1
# Avg (ms):       0 # Max (ms):       0 # Count:     1 # Last called: 2018-02-26 13:18:36.009 # SELECT COUNT(*) FROM REALIZATION_1
# Avg (ms):       0 # Max (ms):       0 # Count:     1 # Last called: 2018-02-26 13:18:36.002 # SELECT COUNT(*) FROM EXECUTION_ENVIRONMENT_1
# Avg (ms):       0 # Max (ms):      23 # Count:    60 # Last called: 2018-02-26 13:29:53.866 # UPDATE HA_WRITER SET SERVER_ID=?,TIMESTAMP=?,SUGGESTED_SERVER_ID=?,SUGGESTION_TIMESTAMP=?
# Avg (ms):       0 # Max (ms):       1 # Count:    60 # Last called: 2018-02-26 13:29:53.866 # SELECT ((EXTRACT(EPOCH FROM now())) :: bigint)
# Avg (ms):       0 # Max (ms):    1061 # Count:    78 # Last called: 2018-02-26 13:29:35.207 # select * from DB_CONTEXT
# Avg (ms):       0 # Max (ms):       1 # Count:   138 # Last called: 2018-02-26 13:29:55.403 # select IS_ACTIVE from CUSTOMER_REGISTRATION where ID=?
