
************************ Statistics from 2018-02-26 13:30:00.002 until 2018-02-26 13:45:00.006 ************************
Operations executed: 570
Different operation types executed: 7
Operations average time (in millis): 72
The 10 worst operations are:
# Millis:    9075 # On: 2018-02-26 13:34:53.867 # SELECT * FROM HA_WRITER for update
null
# Millis:    6680 # On: 2018-02-26 13:32:23.866 # SELECT * FROM HA_WRITER for update
null
# Millis:    4826 # On: 2018-02-26 13:32:43.677 # SELECT VERSION FROM CONTENT_PACKS ORDER BY VERSION ASC
null
# Millis:    4096 # On: 2018-02-26 13:43:08.868 # SELECT * FROM HA_WRITER for update
null
# Millis:    4075 # On: 2018-02-26 13:43:05.590 # select * from CUSTOMER_REGISTRATION order by ID
null
# Millis:    3129 # On: 2018-02-26 13:31:38.865 # SELECT * FROM HA_WRITER for update
null
# Millis:    3000 # On: 2018-02-26 13:39:53.868 # SELECT * FROM HA_WRITER for update
null
# Millis:    2893 # On: 2018-02-26 13:31:43.677 # SELECT VERSION FROM CONTENT_PACKS ORDER BY VERSION ASC
null
# Millis:    2374 # On: 2018-02-26 13:37:13.677 # SELECT VERSION FROM CONTENT_PACKS ORDER BY VERSION ASC
null
# Millis:    2075 # On: 2018-02-26 13:35:23.866 # SELECT * FROM HA_WRITER for update
null
 *** All operations statistics ***
# Avg (ms):     469 # Max (ms):    9075 # Count:    60 # Last called: 2018-02-26 13:44:53.870 # SELECT * FROM HA_WRITER for update
# Avg (ms):     370 # Max (ms):    4826 # Count:    30 # Last called: 2018-02-26 13:44:43.679 # SELECT VERSION FROM CONTENT_PACKS ORDER BY VERSION ASC
# Avg (ms):      14 # Max (ms):    4075 # Count:   140 # Last called: 2018-02-26 13:44:55.410 # select * from CUSTOMER_REGISTRATION order by ID
# Avg (ms):       0 # Max (ms):       4 # Count:    60 # Last called: 2018-02-26 13:44:53.872 # UPDATE HA_WRITER SET SERVER_ID=?,TIMESTAMP=?,SUGGESTED_SERVER_ID=?,SUGGESTION_TIMESTAMP=?
# Avg (ms):       0 # Max (ms):       3 # Count:    60 # Last called: 2018-02-26 13:44:53.872 # SELECT ((EXTRACT(EPOCH FROM now())) :: bigint)
# Avg (ms):       0 # Max (ms):     245 # Count:    80 # Last called: 2018-02-26 13:44:39.965 # select * from DB_CONTEXT
# Avg (ms):       0 # Max (ms):       1 # Count:   140 # Last called: 2018-02-26 13:44:55.411 # select IS_ACTIVE from CUSTOMER_REGISTRATION where ID=?
