
************************ Statistics from 2018-02-26 08:00:00.008 until 2018-02-26 08:15:00.001 ************************
Operations executed: 570
Different operation types executed: 7
Operations average time (in millis): 0
The 10 worst operations are:
# Millis:       5 # On: 2018-02-26 08:14:02.669 # SELECT ((EXTRACT(EPOCH FROM now())) :: bigint)
null
# Millis:       5 # On: 2018-02-26 08:07:02.667 # UPDATE HA_WRITER SET SERVER_ID=?,TIMESTAMP=?,SUGGESTED_SERVER_ID=?,SUGGESTION_TIMESTAMP=?
null
# Millis:       4 # On: 2018-02-26 08:06:32.664 # SELECT * FROM HA_WRITER for update
null
# Millis:       3 # On: 2018-02-26 08:10:35.145 # SELECT VERSION FROM CONTENT_PACKS ORDER BY VERSION ASC
null
# Millis:       3 # On: 2018-02-26 08:08:02.665 # SELECT ((EXTRACT(EPOCH FROM now())) :: bigint)
null
# Millis:       3 # On: 2018-02-26 08:11:47.664 # SELECT * FROM HA_WRITER for update
null
# Millis:       3 # On: 2018-02-26 08:00:17.662 # SELECT * FROM HA_WRITER for update
null
# Millis:       3 # On: 2018-02-26 08:09:47.663 # SELECT * FROM HA_WRITER for update
null
# Millis:       3 # On: 2018-02-26 08:07:32.663 # SELECT * FROM HA_WRITER for update
null
# Millis:       3 # On: 2018-02-26 08:04:17.662 # SELECT * FROM HA_WRITER for update
null
 *** All operations statistics ***
# Avg (ms):       1 # Max (ms):       4 # Count:    60 # Last called: 2018-02-26 08:14:47.665 # SELECT * FROM HA_WRITER for update
# Avg (ms):       0 # Max (ms):       2 # Count:   140 # Last called: 2018-02-26 08:14:59.689 # select IS_ACTIVE from CUSTOMER_REGISTRATION where ID=?
# Avg (ms):       0 # Max (ms):       3 # Count:    30 # Last called: 2018-02-26 08:14:35.144 # SELECT VERSION FROM CONTENT_PACKS ORDER BY VERSION ASC
# Avg (ms):       0 # Max (ms):       5 # Count:    60 # Last called: 2018-02-26 08:14:47.667 # UPDATE HA_WRITER SET SERVER_ID=?,TIMESTAMP=?,SUGGESTED_SERVER_ID=?,SUGGESTION_TIMESTAMP=?
# Avg (ms):       0 # Max (ms):       1 # Count:    80 # Last called: 2018-02-26 08:14:59.687 # select * from DB_CONTEXT
# Avg (ms):       0 # Max (ms):       5 # Count:    60 # Last called: 2018-02-26 08:14:47.667 # SELECT ((EXTRACT(EPOCH FROM now())) :: bigint)
# Avg (ms):       0 # Max (ms):       2 # Count:   140 # Last called: 2018-02-26 08:14:59.684 # select * from CUSTOMER_REGISTRATION order by ID
