
************************ Statistics from 2018-02-26 00:30:00.006 until 2018-02-26 00:45:00.006 ************************
Operations executed: 570
Different operation types executed: 7
Operations average time (in millis): 0
The 10 worst operations are:
# Millis:      10 # On: 2018-02-26 00:43:17.284 # select * from DB_CONTEXT
null
# Millis:       3 # On: 2018-02-26 00:32:47.523 # SELECT * FROM HA_WRITER for update
null
# Millis:       3 # On: 2018-02-26 00:33:17.524 # UPDATE HA_WRITER SET SERVER_ID=?,TIMESTAMP=?,SUGGESTED_SERVER_ID=?,SUGGESTION_TIMESTAMP=?
null
# Millis:       3 # On: 2018-02-26 00:31:02.521 # SELECT * FROM HA_WRITER for update
null
# Millis:       3 # On: 2018-02-26 00:33:47.522 # SELECT * FROM HA_WRITER for update
null
# Millis:       3 # On: 2018-02-26 00:33:02.523 # SELECT * FROM HA_WRITER for update
null
# Millis:       3 # On: 2018-02-26 00:34:02.523 # SELECT * FROM HA_WRITER for update
null
# Millis:       3 # On: 2018-02-26 00:30:02.522 # SELECT * FROM HA_WRITER for update
null
# Millis:       3 # On: 2018-02-26 00:35:02.522 # SELECT * FROM HA_WRITER for update
null
# Millis:       3 # On: 2018-02-26 00:37:32.525 # SELECT * FROM HA_WRITER for update
null
 *** All operations statistics ***
# Avg (ms):       1 # Max (ms):       3 # Count:    60 # Last called: 2018-02-26 00:44:47.527 # SELECT * FROM HA_WRITER for update
# Avg (ms):       0 # Max (ms):       1 # Count:   140 # Last called: 2018-02-26 00:44:49.237 # select * from CUSTOMER_REGISTRATION order by ID
# Avg (ms):       0 # Max (ms):       2 # Count:    30 # Last called: 2018-02-26 00:44:35.073 # SELECT VERSION FROM CONTENT_PACKS ORDER BY VERSION ASC
# Avg (ms):       0 # Max (ms):       3 # Count:    60 # Last called: 2018-02-26 00:44:47.529 # UPDATE HA_WRITER SET SERVER_ID=?,TIMESTAMP=?,SUGGESTED_SERVER_ID=?,SUGGESTION_TIMESTAMP=?
# Avg (ms):       0 # Max (ms):       1 # Count:   140 # Last called: 2018-02-26 00:44:49.239 # select IS_ACTIVE from CUSTOMER_REGISTRATION where ID=?
# Avg (ms):       0 # Max (ms):       1 # Count:    60 # Last called: 2018-02-26 00:44:47.529 # SELECT ((EXTRACT(EPOCH FROM now())) :: bigint)
# Avg (ms):       0 # Max (ms):      10 # Count:    80 # Last called: 2018-02-26 00:44:45.391 # select * from DB_CONTEXT
