
************************ Statistics from 2018-02-26 02:30:00.002 until 2018-02-26 02:45:00.006 ************************
Operations executed: 570
Different operation types executed: 7
Operations average time (in millis): 0
The 10 worst operations are:
# Millis:       4 # On: 2018-02-26 02:37:49.276 # select * from CUSTOMER_REGISTRATION order by ID
null
# Millis:       4 # On: 2018-02-26 02:30:02.554 # SELECT * FROM HA_WRITER for update
null
# Millis:       3 # On: 2018-02-26 02:41:02.559 # SELECT * FROM HA_WRITER for update
null
# Millis:       3 # On: 2018-02-26 02:36:02.556 # SELECT * FROM HA_WRITER for update
null
# Millis:       3 # On: 2018-02-26 02:34:17.555 # SELECT * FROM HA_WRITER for update
null
# Millis:       3 # On: 2018-02-26 02:32:02.555 # SELECT * FROM HA_WRITER for update
null
# Millis:       3 # On: 2018-02-26 02:39:02.556 # SELECT * FROM HA_WRITER for update
null
# Millis:       3 # On: 2018-02-26 02:38:02.556 # SELECT * FROM HA_WRITER for update
null
# Millis:       3 # On: 2018-02-26 02:42:02.558 # SELECT * FROM HA_WRITER for update
null
# Millis:       3 # On: 2018-02-26 02:35:02.555 # SELECT * FROM HA_WRITER for update
null
 *** All operations statistics ***
# Avg (ms):       1 # Max (ms):       4 # Count:    60 # Last called: 2018-02-26 02:44:47.560 # SELECT * FROM HA_WRITER for update
# Avg (ms):       0 # Max (ms):       1 # Count:    80 # Last called: 2018-02-26 02:44:49.210 # select * from DB_CONTEXT
# Avg (ms):       0 # Max (ms):       1 # Count:   140 # Last called: 2018-02-26 02:44:49.275 # select IS_ACTIVE from CUSTOMER_REGISTRATION where ID=?
# Avg (ms):       0 # Max (ms):       2 # Count:    60 # Last called: 2018-02-26 02:44:47.562 # UPDATE HA_WRITER SET SERVER_ID=?,TIMESTAMP=?,SUGGESTED_SERVER_ID=?,SUGGESTION_TIMESTAMP=?
# Avg (ms):       0 # Max (ms):       4 # Count:   140 # Last called: 2018-02-26 02:44:49.272 # select * from CUSTOMER_REGISTRATION order by ID
# Avg (ms):       0 # Max (ms):       2 # Count:    30 # Last called: 2018-02-26 02:44:35.094 # SELECT VERSION FROM CONTENT_PACKS ORDER BY VERSION ASC
# Avg (ms):       0 # Max (ms):       1 # Count:    60 # Last called: 2018-02-26 02:44:47.561 # SELECT ((EXTRACT(EPOCH FROM now())) :: bigint)
