
************************ Statistics from 2018-02-26 14:00:00.009 until 2018-02-26 14:15:01.978 ************************
Operations executed: 561
Different operation types executed: 7
Operations average time (in millis): 195
The 10 worst operations are:
# Millis:   17052 # On: 2018-02-26 14:14:13.467 # SELECT * FROM HA_WRITER for update
null
# Millis:   12347 # On: 2018-02-26 14:01:43.190 # SELECT * FROM HA_WRITER for update
null
# Millis:    8755 # On: 2018-02-26 14:01:46.645 # SELECT VERSION FROM CONTENT_PACKS ORDER BY VERSION ASC
null
# Millis:    7736 # On: 2018-02-26 14:11:28.465 # SELECT * FROM HA_WRITER for update
null
# Millis:    7447 # On: 2018-02-26 14:07:43.463 # SELECT * FROM HA_WRITER for update
null
# Millis:    7028 # On: 2018-02-26 14:09:32.369 # select * from CUSTOMER_REGISTRATION order by ID
null
# Millis:    6456 # On: 2018-02-26 14:14:16.649 # SELECT VERSION FROM CONTENT_PACKS ORDER BY VERSION ASC
null
# Millis:    6147 # On: 2018-02-26 14:10:39.442 # select * from CUSTOMER_REGISTRATION order by ID
null
# Millis:    6063 # On: 2018-02-26 14:12:45.748 # select * from DB_CONTEXT
null
# Millis:    5172 # On: 2018-02-26 14:10:40.417 # select * from CUSTOMER_REGISTRATION order by ID
null
 *** All operations statistics ***
# Avg (ms):    1049 # Max (ms):   17052 # Count:    59 # Last called: 2018-02-26 14:14:45.547 # SELECT * FROM HA_WRITER for update
# Avg (ms):     667 # Max (ms):    8755 # Count:    30 # Last called: 2018-02-26 14:14:46.648 # SELECT VERSION FROM CONTENT_PACKS ORDER BY VERSION ASC
# Avg (ms):     136 # Max (ms):    7028 # Count:   138 # Last called: 2018-02-26 14:14:55.418 # select * from CUSTOMER_REGISTRATION order by ID
# Avg (ms):     112 # Max (ms):    6063 # Count:    78 # Last called: 2018-02-26 14:14:54.104 # select * from DB_CONTEXT
# Avg (ms):       0 # Max (ms):      10 # Count:    59 # Last called: 2018-02-26 14:14:45.549 # UPDATE HA_WRITER SET SERVER_ID=?,TIMESTAMP=?,SUGGESTED_SERVER_ID=?,SUGGESTION_TIMESTAMP=?
# Avg (ms):       0 # Max (ms):       2 # Count:    59 # Last called: 2018-02-26 14:14:45.549 # SELECT ((EXTRACT(EPOCH FROM now())) :: bigint)
# Avg (ms):       0 # Max (ms):      17 # Count:   138 # Last called: 2018-02-26 14:14:55.421 # select IS_ACTIVE from CUSTOMER_REGISTRATION where ID=?
