
************************ Statistics from 2018-02-26 09:45:00.002 until 2018-02-26 10:00:00.005 ************************
Operations executed: 570
Different operation types executed: 7
Operations average time (in millis): 0
The 10 worst operations are:
# Millis:       3 # On: 2018-02-26 09:45:47.691 # SELECT * FROM HA_WRITER for update
null
# Millis:       3 # On: 2018-02-26 09:56:02.702 # SELECT * FROM HA_WRITER for update
null
# Millis:       3 # On: 2018-02-26 09:53:02.692 # SELECT * FROM HA_WRITER for update
null
# Millis:       3 # On: 2018-02-26 09:48:17.691 # SELECT * FROM HA_WRITER for update
null
# Millis:       3 # On: 2018-02-26 09:52:17.692 # SELECT * FROM HA_WRITER for update
null
# Millis:       3 # On: 2018-02-26 09:51:02.691 # UPDATE HA_WRITER SET SERVER_ID=?,TIMESTAMP=?,SUGGESTED_SERVER_ID=?,SUGGESTION_TIMESTAMP=?
null
# Millis:       3 # On: 2018-02-26 09:49:17.690 # SELECT * FROM HA_WRITER for update
null
# Millis:       3 # On: 2018-02-26 09:47:17.691 # SELECT * FROM HA_WRITER for update
null
# Millis:       3 # On: 2018-02-26 09:52:47.691 # SELECT * FROM HA_WRITER for update
null
# Millis:       3 # On: 2018-02-26 09:50:47.690 # SELECT * FROM HA_WRITER for update
null
 *** All operations statistics ***
# Avg (ms):       1 # Max (ms):       3 # Count:    60 # Last called: 2018-02-26 09:59:47.704 # SELECT * FROM HA_WRITER for update
# Avg (ms):       0 # Max (ms):       2 # Count:   140 # Last called: 2018-02-26 09:59:49.398 # select * from CUSTOMER_REGISTRATION order by ID
# Avg (ms):       0 # Max (ms):       1 # Count:    30 # Last called: 2018-02-26 09:59:43.239 # SELECT VERSION FROM CONTENT_PACKS ORDER BY VERSION ASC
# Avg (ms):       0 # Max (ms):       2 # Count:    80 # Last called: 2018-02-26 09:59:36.678 # select * from DB_CONTEXT
# Avg (ms):       0 # Max (ms):       1 # Count:   140 # Last called: 2018-02-26 09:59:49.400 # select IS_ACTIVE from CUSTOMER_REGISTRATION where ID=?
# Avg (ms):       0 # Max (ms):       1 # Count:    60 # Last called: 2018-02-26 09:59:47.706 # SELECT ((EXTRACT(EPOCH FROM now())) :: bigint)
# Avg (ms):       0 # Max (ms):       3 # Count:    60 # Last called: 2018-02-26 09:59:47.706 # UPDATE HA_WRITER SET SERVER_ID=?,TIMESTAMP=?,SUGGESTED_SERVER_ID=?,SUGGESTION_TIMESTAMP=?
