
************************ Statistics from 2018-02-26 01:30:00.006 until 2018-02-26 01:45:00.006 ************************
Operations executed: 570
Different operation types executed: 7
Operations average time (in millis): 0
The 10 worst operations are:
# Millis:      10 # On: 2018-02-26 01:37:17.035 # select * from DB_CONTEXT
null
# Millis:       3 # On: 2018-02-26 01:31:02.541 # SELECT * FROM HA_WRITER for update
null
# Millis:       3 # On: 2018-02-26 01:40:02.544 # SELECT * FROM HA_WRITER for update
null
# Millis:       3 # On: 2018-02-26 01:35:02.542 # SELECT * FROM HA_WRITER for update
null
# Millis:       3 # On: 2018-02-26 01:32:02.541 # SELECT * FROM HA_WRITER for update
null
# Millis:       3 # On: 2018-02-26 01:41:17.544 # SELECT * FROM HA_WRITER for update
null
# Millis:       3 # On: 2018-02-26 01:34:17.542 # SELECT * FROM HA_WRITER for update
null
# Millis:       3 # On: 2018-02-26 01:42:02.544 # SELECT * FROM HA_WRITER for update
null
# Millis:       3 # On: 2018-02-26 01:37:02.542 # SELECT * FROM HA_WRITER for update
null
# Millis:       3 # On: 2018-02-26 01:41:02.544 # SELECT * FROM HA_WRITER for update
null
 *** All operations statistics ***
# Avg (ms):       1 # Max (ms):       3 # Count:    60 # Last called: 2018-02-26 01:44:47.544 # SELECT * FROM HA_WRITER for update
# Avg (ms):       0 # Max (ms):       2 # Count:    60 # Last called: 2018-02-26 01:44:47.546 # UPDATE HA_WRITER SET SERVER_ID=?,TIMESTAMP=?,SUGGESTED_SERVER_ID=?,SUGGESTION_TIMESTAMP=?
# Avg (ms):       0 # Max (ms):      10 # Count:    80 # Last called: 2018-02-26 01:44:47.296 # select * from DB_CONTEXT
# Avg (ms):       0 # Max (ms):       1 # Count:   140 # Last called: 2018-02-26 01:44:49.257 # select IS_ACTIVE from CUSTOMER_REGISTRATION where ID=?
# Avg (ms):       0 # Max (ms):       2 # Count:    30 # Last called: 2018-02-26 01:44:35.081 # SELECT VERSION FROM CONTENT_PACKS ORDER BY VERSION ASC
# Avg (ms):       0 # Max (ms):       1 # Count:    60 # Last called: 2018-02-26 01:44:47.546 # SELECT ((EXTRACT(EPOCH FROM now())) :: bigint)
# Avg (ms):       0 # Max (ms):       2 # Count:   140 # Last called: 2018-02-26 01:44:49.254 # select * from CUSTOMER_REGISTRATION order by ID
