
************************ Statistics from 2018-02-26 05:30:00.001 until 2018-02-26 05:45:00.004 ************************
Operations executed: 570
Different operation types executed: 7
Operations average time (in millis): 0
The 10 worst operations are:
# Millis:       4 # On: 2018-02-26 05:41:47.607 # SELECT * FROM HA_WRITER for update
null
# Millis:       3 # On: 2018-02-26 05:39:17.606 # SELECT * FROM HA_WRITER for update
null
# Millis:       3 # On: 2018-02-26 05:35:47.606 # SELECT * FROM HA_WRITER for update
null
# Millis:       3 # On: 2018-02-26 05:37:47.608 # UPDATE HA_WRITER SET SERVER_ID=?,TIMESTAMP=?,SUGGESTED_SERVER_ID=?,SUGGESTION_TIMESTAMP=?
null
# Millis:       3 # On: 2018-02-26 05:32:47.605 # SELECT * FROM HA_WRITER for update
null
# Millis:       3 # On: 2018-02-26 05:39:47.605 # SELECT * FROM HA_WRITER for update
null
# Millis:       3 # On: 2018-02-26 05:36:47.606 # SELECT * FROM HA_WRITER for update
null
# Millis:       3 # On: 2018-02-26 05:40:47.606 # SELECT * FROM HA_WRITER for update
null
# Millis:       3 # On: 2018-02-26 05:33:47.605 # SELECT * FROM HA_WRITER for update
null
# Millis:       3 # On: 2018-02-26 05:31:32.607 # UPDATE HA_WRITER SET SERVER_ID=?,TIMESTAMP=?,SUGGESTED_SERVER_ID=?,SUGGESTION_TIMESTAMP=?
null
 *** All operations statistics ***
# Avg (ms):       1 # Max (ms):       4 # Count:    60 # Last called: 2018-02-26 05:44:47.609 # SELECT * FROM HA_WRITER for update
# Avg (ms):       0 # Max (ms):       1 # Count:    30 # Last called: 2018-02-26 05:44:35.121 # SELECT VERSION FROM CONTENT_PACKS ORDER BY VERSION ASC
# Avg (ms):       0 # Max (ms):       1 # Count:    80 # Last called: 2018-02-26 05:44:54.948 # select * from DB_CONTEXT
# Avg (ms):       0 # Max (ms):       3 # Count:    60 # Last called: 2018-02-26 05:44:47.612 # UPDATE HA_WRITER SET SERVER_ID=?,TIMESTAMP=?,SUGGESTED_SERVER_ID=?,SUGGESTION_TIMESTAMP=?
# Avg (ms):       0 # Max (ms):       1 # Count:   140 # Last called: 2018-02-26 05:44:54.950 # select IS_ACTIVE from CUSTOMER_REGISTRATION where ID=?
# Avg (ms):       0 # Max (ms):       1 # Count:    60 # Last called: 2018-02-26 05:44:47.612 # SELECT ((EXTRACT(EPOCH FROM now())) :: bigint)
# Avg (ms):       0 # Max (ms):       2 # Count:   140 # Last called: 2018-02-26 05:44:54.945 # select * from CUSTOMER_REGISTRATION order by ID
