
************************ Statistics from 2018-02-26 03:45:00.006 until 2018-02-26 04:00:00.006 ************************
Operations executed: 570
Different operation types executed: 7
Operations average time (in millis): 0
The 10 worst operations are:
# Millis:       4 # On: 2018-02-26 03:55:32.578 # SELECT * FROM HA_WRITER for update
null
# Millis:       3 # On: 2018-02-26 03:57:32.577 # SELECT * FROM HA_WRITER for update
null
# Millis:       3 # On: 2018-02-26 03:46:32.576 # SELECT * FROM HA_WRITER for update
null
# Millis:       3 # On: 2018-02-26 03:46:51.181 # select * from CUSTOMER_REGISTRATION order by ID
null
# Millis:       3 # On: 2018-02-26 03:54:32.576 # SELECT * FROM HA_WRITER for update
null
# Millis:       3 # On: 2018-02-26 03:56:32.577 # SELECT * FROM HA_WRITER for update
null
# Millis:       3 # On: 2018-02-26 03:47:17.578 # UPDATE HA_WRITER SET SERVER_ID=?,TIMESTAMP=?,SUGGESTED_SERVER_ID=?,SUGGESTION_TIMESTAMP=?
null
# Millis:       3 # On: 2018-02-26 03:47:32.576 # SELECT * FROM HA_WRITER for update
null
# Millis:       3 # On: 2018-02-26 03:51:32.576 # SELECT * FROM HA_WRITER for update
null
# Millis:       3 # On: 2018-02-26 03:53:32.576 # SELECT * FROM HA_WRITER for update
null
 *** All operations statistics ***
# Avg (ms):       1 # Max (ms):       4 # Count:    60 # Last called: 2018-02-26 03:59:47.578 # SELECT * FROM HA_WRITER for update
# Avg (ms):       0 # Max (ms):       1 # Count:    30 # Last called: 2018-02-26 03:59:35.105 # SELECT VERSION FROM CONTENT_PACKS ORDER BY VERSION ASC
# Avg (ms):       0 # Max (ms):       2 # Count:    80 # Last called: 2018-02-26 03:59:51.611 # select * from DB_CONTEXT
# Avg (ms):       0 # Max (ms):       2 # Count:   140 # Last called: 2018-02-26 03:59:51.613 # select IS_ACTIVE from CUSTOMER_REGISTRATION where ID=?
# Avg (ms):       0 # Max (ms):       3 # Count:    60 # Last called: 2018-02-26 03:59:47.580 # UPDATE HA_WRITER SET SERVER_ID=?,TIMESTAMP=?,SUGGESTED_SERVER_ID=?,SUGGESTION_TIMESTAMP=?
# Avg (ms):       0 # Max (ms):       2 # Count:    60 # Last called: 2018-02-26 03:59:47.579 # SELECT ((EXTRACT(EPOCH FROM now())) :: bigint)
# Avg (ms):       0 # Max (ms):       3 # Count:   140 # Last called: 2018-02-26 03:59:51.609 # select * from CUSTOMER_REGISTRATION order by ID
