
************************ Statistics from 2018-02-26 01:15:00.020 until 2018-02-26 01:30:00.006 ************************
Operations executed: 581
Different operation types executed: 18
Operations average time (in millis): 0
The 10 worst operations are:
# Millis:     152 # On: 2018-02-26 01:18:35.391 # SELECT COUNT(*) FROM MANAGED_RELATIONSHIP_1
null
# Millis:      48 # On: 2018-02-26 01:18:35.284 # SELECT COUNT(*) FROM USAGE_1
null
# Millis:      35 # On: 2018-02-26 01:18:35.334 # SELECT COUNT(*) FROM DEPENDENCY_1
null
# Millis:       4 # On: 2018-02-26 01:24:02.539 # SELECT * FROM HA_WRITER for update
null
# Millis:       4 # On: 2018-02-26 01:21:47.541 # UPDATE HA_WRITER SET SERVER_ID=?,TIMESTAMP=?,SUGGESTED_SERVER_ID=?,SUGGESTION_TIMESTAMP=?
null
# Millis:       3 # On: 2018-02-26 01:17:02.538 # SELECT * FROM HA_WRITER for update
null
# Millis:       3 # On: 2018-02-26 01:21:02.539 # SELECT * FROM HA_WRITER for update
null
# Millis:       3 # On: 2018-02-26 01:20:17.538 # SELECT * FROM HA_WRITER for update
null
# Millis:       3 # On: 2018-02-26 01:16:02.538 # SELECT * FROM HA_WRITER for update
null
# Millis:       3 # On: 2018-02-26 01:18:35.381 # SELECT COUNT(*) FROM FCMDB_CONF_AGGREGATION_1
null
 *** All operations statistics ***
# Avg (ms):     152 # Max (ms):     152 # Count:     1 # Last called: 2018-02-26 01:18:35.391 # SELECT COUNT(*) FROM MANAGED_RELATIONSHIP_1
# Avg (ms):      48 # Max (ms):      48 # Count:     1 # Last called: 2018-02-26 01:18:35.284 # SELECT COUNT(*) FROM USAGE_1
# Avg (ms):      35 # Max (ms):      35 # Count:     1 # Last called: 2018-02-26 01:18:35.334 # SELECT COUNT(*) FROM DEPENDENCY_1
# Avg (ms):       3 # Max (ms):       3 # Count:     1 # Last called: 2018-02-26 01:18:35.371 # SELECT COUNT(*) FROM CONTAINMENT_1
# Avg (ms):       3 # Max (ms):       3 # Count:     1 # Last called: 2018-02-26 01:18:35.376 # SELECT COUNT(*) FROM COMPOSITION_1
# Avg (ms):       3 # Max (ms):       3 # Count:     1 # Last called: 2018-02-26 01:18:35.381 # SELECT COUNT(*) FROM FCMDB_CONF_AGGREGATION_1
# Avg (ms):       2 # Max (ms):       2 # Count:     1 # Last called: 2018-02-26 01:18:35.550 # SELECT COUNT(*) FROM MEMBERSHIP_1
# Avg (ms):       2 # Max (ms):       2 # Count:     1 # Last called: 2018-02-26 01:18:35.386 # SELECT COUNT(*) FROM OWNERSHIP_1
# Avg (ms):       1 # Max (ms):       4 # Count:    60 # Last called: 2018-02-26 01:29:47.541 # SELECT * FROM HA_WRITER for update
# Avg (ms):       1 # Max (ms):       1 # Count:     1 # Last called: 2018-02-26 01:18:35.547 # SELECT COUNT(*) FROM EXECUTION_ENVIRONMENT_1
# Avg (ms):       1 # Max (ms):       4 # Count:    60 # Last called: 2018-02-26 01:29:47.543 # UPDATE HA_WRITER SET SERVER_ID=?,TIMESTAMP=?,SUGGESTED_SERVER_ID=?,SUGGESTION_TIMESTAMP=?
# Avg (ms):       0 # Max (ms):       0 # Count:     1 # Last called: 2018-02-26 01:18:35.557 # SELECT COUNT(*) FROM REALIZATION_1
# Avg (ms):       0 # Max (ms):       2 # Count:   140 # Last called: 2018-02-26 01:29:49.250 # select * from CUSTOMER_REGISTRATION order by ID
# Avg (ms):       0 # Max (ms):       1 # Count:    60 # Last called: 2018-02-26 01:29:47.542 # SELECT ((EXTRACT(EPOCH FROM now())) :: bigint)
# Avg (ms):       0 # Max (ms):       2 # Count:    30 # Last called: 2018-02-26 01:29:35.078 # SELECT VERSION FROM CONTENT_PACKS ORDER BY VERSION ASC
# Avg (ms):       0 # Max (ms):       2 # Count:    80 # Last called: 2018-02-26 01:29:46.796 # select * from DB_CONTEXT
# Avg (ms):       0 # Max (ms):       1 # Count:   140 # Last called: 2018-02-26 01:29:49.252 # select IS_ACTIVE from CUSTOMER_REGISTRATION where ID=?
# Avg (ms):       0 # Max (ms):       0 # Count:     1 # Last called: 2018-02-26 01:18:35.554 # SELECT COUNT(*) FROM HISTORY_LINK_1
