
************************ Statistics from 2018-02-26 06:45:00.002 until 2018-02-26 07:00:00.004 ************************
Operations executed: 570
Different operation types executed: 7
Operations average time (in millis): 0
The 10 worst operations are:
# Millis:       4 # On: 2018-02-26 06:49:02.632 # SELECT * FROM HA_WRITER for update
null
# Millis:       4 # On: 2018-02-26 06:46:02.630 # SELECT * FROM HA_WRITER for update
null
# Millis:       3 # On: 2018-02-26 06:51:17.631 # SELECT * FROM HA_WRITER for update
null
# Millis:       3 # On: 2018-02-26 06:51:47.631 # SELECT * FROM HA_WRITER for update
null
# Millis:       3 # On: 2018-02-26 06:49:32.632 # SELECT * FROM HA_WRITER for update
null
# Millis:       3 # On: 2018-02-26 06:48:17.631 # SELECT * FROM HA_WRITER for update
null
# Millis:       3 # On: 2018-02-26 06:49:17.631 # SELECT * FROM HA_WRITER for update
null
# Millis:       3 # On: 2018-02-26 06:47:32.631 # SELECT * FROM HA_WRITER for update
null
# Millis:       3 # On: 2018-02-26 06:47:02.630 # SELECT * FROM HA_WRITER for update
null
# Millis:       3 # On: 2018-02-26 06:45:32.630 # SELECT * FROM HA_WRITER for update
null
 *** All operations statistics ***
# Avg (ms):       1 # Max (ms):       2 # Count:    60 # Last called: 2018-02-26 06:59:47.635 # UPDATE HA_WRITER SET SERVER_ID=?,TIMESTAMP=?,SUGGESTED_SERVER_ID=?,SUGGESTION_TIMESTAMP=?
# Avg (ms):       1 # Max (ms):       4 # Count:    60 # Last called: 2018-02-26 06:59:47.633 # SELECT * FROM HA_WRITER for update
# Avg (ms):       0 # Max (ms):       1 # Count:    60 # Last called: 2018-02-26 06:59:47.635 # SELECT ((EXTRACT(EPOCH FROM now())) :: bigint)
# Avg (ms):       0 # Max (ms):       3 # Count:   140 # Last called: 2018-02-26 06:59:57.316 # select * from CUSTOMER_REGISTRATION order by ID
# Avg (ms):       0 # Max (ms):       2 # Count:   140 # Last called: 2018-02-26 06:59:57.320 # select IS_ACTIVE from CUSTOMER_REGISTRATION where ID=?
# Avg (ms):       0 # Max (ms):       1 # Count:    80 # Last called: 2018-02-26 06:59:57.318 # select * from DB_CONTEXT
# Avg (ms):       0 # Max (ms):       2 # Count:    30 # Last called: 2018-02-26 06:59:35.132 # SELECT VERSION FROM CONTENT_PACKS ORDER BY VERSION ASC
