
************************ Statistics from 2018-02-26 14:30:00.006 until 2018-02-26 14:45:05.663 ************************
Operations executed: 573
Different operation types executed: 7
Operations average time (in millis): 120
The 10 worst operations are:
# Millis:    8141 # On: 2018-02-26 14:30:15.553 # SELECT * FROM HA_WRITER for update
null
# Millis:    7899 # On: 2018-02-26 14:35:45.555 # SELECT * FROM HA_WRITER for update
null
# Millis:    6963 # On: 2018-02-26 14:42:16.856 # select * from CUSTOMER_REGISTRATION order by ID
null
# Millis:    6763 # On: 2018-02-26 14:42:17.056 # SELECT VERSION FROM CONTENT_PACKS ORDER BY VERSION ASC
null
# Millis:    6626 # On: 2018-02-26 14:30:17.055 # SELECT VERSION FROM CONTENT_PACKS ORDER BY VERSION ASC
null
# Millis:    5463 # On: 2018-02-26 14:30:10.426 # select * from CUSTOMER_REGISTRATION order by ID
null
# Millis:    5101 # On: 2018-02-26 14:45:00.558 # UPDATE HA_WRITER SET SERVER_ID=?,TIMESTAMP=?,SUGGESTED_SERVER_ID=?,SUGGESTION_TIMESTAMP=?
null
# Millis:    4943 # On: 2018-02-26 14:30:09.366 # select * from CUSTOMER_REGISTRATION order by ID
null
# Millis:    4188 # On: 2018-02-26 14:35:53.455 # UPDATE HA_WRITER SET SERVER_ID=?,TIMESTAMP=?,SUGGESTED_SERVER_ID=?,SUGGESTION_TIMESTAMP=?
null
# Millis:    3333 # On: 2018-02-26 14:39:30.562 # SELECT * FROM HA_WRITER for update
null
 *** All operations statistics ***
# Avg (ms):     550 # Max (ms):    6763 # Count:    30 # Last called: 2018-02-26 14:44:47.055 # SELECT VERSION FROM CONTENT_PACKS ORDER BY VERSION ASC
# Avg (ms):     389 # Max (ms):    8141 # Count:    61 # Last called: 2018-02-26 14:45:00.556 # SELECT * FROM HA_WRITER for update
# Avg (ms):     207 # Max (ms):    5101 # Count:    61 # Last called: 2018-02-26 14:45:00.558 # UPDATE HA_WRITER SET SERVER_ID=?,TIMESTAMP=?,SUGGESTED_SERVER_ID=?,SUGGESTION_TIMESTAMP=?
# Avg (ms):     103 # Max (ms):    6963 # Count:   140 # Last called: 2018-02-26 14:44:55.837 # select * from CUSTOMER_REGISTRATION order by ID
# Avg (ms):      20 # Max (ms):    2161 # Count:    80 # Last called: 2018-02-26 14:44:55.839 # select * from DB_CONTEXT
# Avg (ms):       0 # Max (ms):       3 # Count:    61 # Last called: 2018-02-26 14:45:00.558 # SELECT ((EXTRACT(EPOCH FROM now())) :: bigint)
# Avg (ms):       0 # Max (ms):       8 # Count:   140 # Last called: 2018-02-26 14:44:55.841 # select IS_ACTIVE from CUSTOMER_REGISTRATION where ID=?
