
************************ Statistics from 2018-02-26 05:45:00.004 until 2018-02-26 06:00:00.008 ************************
Operations executed: 570
Different operation types executed: 7
Operations average time (in millis): 0
The 10 worst operations are:
# Millis:       3 # On: 2018-02-26 05:52:17.610 # SELECT * FROM HA_WRITER for update
null
# Millis:       3 # On: 2018-02-26 05:50:47.608 # SELECT * FROM HA_WRITER for update
null
# Millis:       3 # On: 2018-02-26 05:49:47.609 # SELECT * FROM HA_WRITER for update
null
# Millis:       3 # On: 2018-02-26 05:48:47.609 # SELECT * FROM HA_WRITER for update
null
# Millis:       3 # On: 2018-02-26 05:53:47.611 # SELECT * FROM HA_WRITER for update
null
# Millis:       3 # On: 2018-02-26 05:55:32.611 # SELECT * FROM HA_WRITER for update
null
# Millis:       3 # On: 2018-02-26 05:55:02.611 # SELECT * FROM HA_WRITER for update
null
# Millis:       3 # On: 2018-02-26 05:48:32.611 # UPDATE HA_WRITER SET SERVER_ID=?,TIMESTAMP=?,SUGGESTED_SERVER_ID=?,SUGGESTION_TIMESTAMP=?
null
# Millis:       3 # On: 2018-02-26 05:45:47.609 # SELECT * FROM HA_WRITER for update
null
# Millis:       3 # On: 2018-02-26 05:49:17.608 # SELECT * FROM HA_WRITER for update
null
 *** All operations statistics ***
# Avg (ms):       1 # Max (ms):       3 # Count:    60 # Last called: 2018-02-26 05:59:47.615 # UPDATE HA_WRITER SET SERVER_ID=?,TIMESTAMP=?,SUGGESTED_SERVER_ID=?,SUGGESTION_TIMESTAMP=?
# Avg (ms):       1 # Max (ms):       3 # Count:    60 # Last called: 2018-02-26 05:59:47.613 # SELECT * FROM HA_WRITER for update
# Avg (ms):       0 # Max (ms):       1 # Count:    30 # Last called: 2018-02-26 05:59:35.124 # SELECT VERSION FROM CONTENT_PACKS ORDER BY VERSION ASC
# Avg (ms):       0 # Max (ms):       1 # Count:    60 # Last called: 2018-02-26 05:59:47.615 # SELECT ((EXTRACT(EPOCH FROM now())) :: bigint)
# Avg (ms):       0 # Max (ms):       1 # Count:   140 # Last called: 2018-02-26 05:59:55.400 # select * from CUSTOMER_REGISTRATION order by ID
# Avg (ms):       0 # Max (ms):       1 # Count:   140 # Last called: 2018-02-26 05:59:55.404 # select IS_ACTIVE from CUSTOMER_REGISTRATION where ID=?
# Avg (ms):       0 # Max (ms):       2 # Count:    80 # Last called: 2018-02-26 05:59:55.402 # select * from DB_CONTEXT
