
************************ Statistics from 2018-02-26 09:30:00.008 until 2018-02-26 09:45:00.002 ************************
Operations executed: 570
Different operation types executed: 7
Operations average time (in millis): 0
The 10 worst operations are:
# Millis:       8 # On: 2018-02-26 09:30:03.695 # select * from CUSTOMER_REGISTRATION order by ID
null
# Millis:       5 # On: 2018-02-26 09:37:33.968 # select * from CUSTOMER_REGISTRATION order by ID
null
# Millis:       3 # On: 2018-02-26 09:37:17.687 # SELECT * FROM HA_WRITER for update
null
# Millis:       3 # On: 2018-02-26 09:31:32.686 # SELECT * FROM HA_WRITER for update
null
# Millis:       3 # On: 2018-02-26 09:35:17.688 # SELECT * FROM HA_WRITER for update
null
# Millis:       3 # On: 2018-02-26 09:32:17.687 # SELECT * FROM HA_WRITER for update
null
# Millis:       3 # On: 2018-02-26 09:36:17.688 # SELECT * FROM HA_WRITER for update
null
# Millis:       3 # On: 2018-02-26 09:30:17.686 # SELECT * FROM HA_WRITER for update
null
# Millis:       3 # On: 2018-02-26 09:30:02.688 # UPDATE HA_WRITER SET SERVER_ID=?,TIMESTAMP=?,SUGGESTED_SERVER_ID=?,SUGGESTION_TIMESTAMP=?
null
# Millis:       3 # On: 2018-02-26 09:33:17.687 # SELECT * FROM HA_WRITER for update
null
 *** All operations statistics ***
# Avg (ms):       1 # Max (ms):       3 # Count:    60 # Last called: 2018-02-26 09:44:47.693 # UPDATE HA_WRITER SET SERVER_ID=?,TIMESTAMP=?,SUGGESTED_SERVER_ID=?,SUGGESTION_TIMESTAMP=?
# Avg (ms):       1 # Max (ms):       3 # Count:    60 # Last called: 2018-02-26 09:44:47.691 # SELECT * FROM HA_WRITER for update
# Avg (ms):       0 # Max (ms):       1 # Count:    60 # Last called: 2018-02-26 09:44:47.693 # SELECT ((EXTRACT(EPOCH FROM now())) :: bigint)
# Avg (ms):       0 # Max (ms):       1 # Count:    80 # Last called: 2018-02-26 09:44:34.210 # select * from DB_CONTEXT
# Avg (ms):       0 # Max (ms):       8 # Count:   140 # Last called: 2018-02-26 09:44:49.393 # select * from CUSTOMER_REGISTRATION order by ID
# Avg (ms):       0 # Max (ms):       1 # Count:    30 # Last called: 2018-02-26 09:44:43.236 # SELECT VERSION FROM CONTENT_PACKS ORDER BY VERSION ASC
# Avg (ms):       0 # Max (ms):       2 # Count:   140 # Last called: 2018-02-26 09:44:49.396 # select IS_ACTIVE from CUSTOMER_REGISTRATION where ID=?
