
************************ Statistics from 2018-02-26 04:30:00.008 until 2018-02-26 04:45:00.002 ************************
Operations executed: 570
Different operation types executed: 7
Operations average time (in millis): 0
The 10 worst operations are:
# Millis:       8 # On: 2018-02-26 04:32:22.652 # select * from DB_CONTEXT
null
# Millis:       3 # On: 2018-02-26 04:42:32.591 # SELECT * FROM HA_WRITER for update
null
# Millis:       3 # On: 2018-02-26 04:31:47.588 # SELECT * FROM HA_WRITER for update
null
# Millis:       3 # On: 2018-02-26 04:34:02.589 # SELECT * FROM HA_WRITER for update
null
# Millis:       3 # On: 2018-02-26 04:44:32.592 # SELECT * FROM HA_WRITER for update
null
# Millis:       3 # On: 2018-02-26 04:37:02.589 # SELECT * FROM HA_WRITER for update
null
# Millis:       3 # On: 2018-02-26 04:34:32.588 # SELECT * FROM HA_WRITER for update
null
# Millis:       3 # On: 2018-02-26 04:35:47.592 # UPDATE HA_WRITER SET SERVER_ID=?,TIMESTAMP=?,SUGGESTED_SERVER_ID=?,SUGGESTION_TIMESTAMP=?
null
# Millis:       3 # On: 2018-02-26 04:40:32.592 # SELECT * FROM HA_WRITER for update
null
# Millis:       3 # On: 2018-02-26 04:43:32.592 # SELECT * FROM HA_WRITER for update
null
 *** All operations statistics ***
# Avg (ms):       1 # Max (ms):       3 # Count:    60 # Last called: 2018-02-26 04:44:47.592 # SELECT * FROM HA_WRITER for update
# Avg (ms):       1 # Max (ms):       3 # Count:    60 # Last called: 2018-02-26 04:44:47.594 # UPDATE HA_WRITER SET SERVER_ID=?,TIMESTAMP=?,SUGGESTED_SERVER_ID=?,SUGGESTION_TIMESTAMP=?
# Avg (ms):       0 # Max (ms):       2 # Count:   140 # Last called: 2018-02-26 04:44:53.056 # select * from CUSTOMER_REGISTRATION order by ID
# Avg (ms):       0 # Max (ms):       1 # Count:   140 # Last called: 2018-02-26 04:44:53.061 # select IS_ACTIVE from CUSTOMER_REGISTRATION where ID=?
# Avg (ms):       0 # Max (ms):       8 # Count:    80 # Last called: 2018-02-26 04:44:53.058 # select * from DB_CONTEXT
# Avg (ms):       0 # Max (ms):       1 # Count:    30 # Last called: 2018-02-26 04:44:35.111 # SELECT VERSION FROM CONTENT_PACKS ORDER BY VERSION ASC
# Avg (ms):       0 # Max (ms):       1 # Count:    60 # Last called: 2018-02-26 04:44:47.593 # SELECT ((EXTRACT(EPOCH FROM now())) :: bigint)
