
************************ Statistics from 2018-02-26 05:00:00.004 until 2018-02-26 05:15:00.008 ************************
Operations executed: 634
Different operation types executed: 19
Operations average time (in millis): 8
The 10 worst operations are:
# Millis:    5194 # On: 2018-02-26 05:01:17.597 # SELECT * FROM HA_WRITER for update
null
# Millis:     200 # On: 2018-02-26 05:00:00.131 # SELECT NODE_1.CMDB_ID FROM NODE_1 NODE_1 WHERE 1=1 AND NODE_1.A_ROOT_CLASS IN (?, ?, ?, ?, ?, ?, ?, ?, ?, ?) AND  ( NOT EXISTS (SELECT 1 FROM CDM_LIST_ATTR_PRIMITIVE_1 T  WHERE ( T.PATH='AAAAABAEAAABAGAB' OR T.PATH='AAAAABAEAAABAGABAG' OR T.PATH='AAAAABAEAAABAGABAE' OR T.PATH='AAAAABAEAAABAGABAL' OR T.PATH='AAAAABAEAAABAGABAD' OR T.PATH='AAAAABAEAAABAGABAH' OR T.PATH='AAAAABAEAAABAGABAB' OR T.PATH='AAAAABAEAAABAGABAK' OR T.PATH='AAAAABAEAAABAG' OR T.PATH='AAAAABAEAAABAGABAF') AND T.CMDB_ID=NODE_1.CMDB_ID AND T.ATTR_NAME=? AND ATTR_VALUE=?) AND  NOT NODE_1.A_OS_FAMILY IS NULL  AND NODE_1.A_LIC_TYPE_UDF = ? ) 
null
# Millis:     143 # On: 2018-02-26 05:00:00.997 # SELECT NODE_1.CMDB_ID FROM NODE_1 NODE_1 WHERE 1=1 AND NODE_1.A_ROOT_CLASS IN (?, ?, ?, ?, ?, ?, ?, ?, ?, ?) AND  ( ( NOT NODE_1.A_LIC_TYPE_UDF = ?  OR NODE_1.A_LIC_TYPE_UDF IS NULL )  AND  NOT EXISTS (SELECT 1 FROM CDM_LIST_ATTR_PRIMITIVE_1 T  WHERE ( T.PATH='AAAAABAEAAABAGAB' OR T.PATH='AAAAABAEAAABAGABAG' OR T.PATH='AAAAABAEAAABAGABAE' OR T.PATH='AAAAABAEAAABAGABAL' OR T.PATH='AAAAABAEAAABAGABAD' OR T.PATH='AAAAABAEAAABAGABAH' OR T.PATH='AAAAABAEAAABAGABAB' OR T.PATH='AAAAABAEAAABAGABAK' OR T.PATH='AAAAABAEAAABAG' OR T.PATH='AAAAABAEAAABAGABAF') AND T.CMDB_ID=NODE_1.CMDB_ID AND T.ATTR_NAME=? AND ATTR_VALUE=?) AND  NOT NODE_1.A_OS_FAMILY IS NULL  AND NODE_1.A_LIC_TYPE_UDI = ? ) 
null
# Millis:     100 # On: 2018-02-26 05:01:22.792 # UPDATE HA_WRITER SET SERVER_ID=?,TIMESTAMP=?,SUGGESTED_SERVER_ID=?,SUGGESTION_TIMESTAMP=?
null
# Millis:      29 # On: 2018-02-26 05:00:00.012 # SELECT * FROM INFORMATION_SCHEMA.TABLES WHERE table_name=lower(?) and (table_schema=current_schema() or table_type like '%TEMPORARY%')
null
# Millis:      27 # On: 2018-02-26 05:00:00.331 # SELECT * FROM INFORMATION_SCHEMA.TABLES WHERE table_name=lower(?) and (table_schema=current_schema() or table_type like '%TEMPORARY%')
null
# Millis:      27 # On: 2018-02-26 05:00:00.707 # SELECT * FROM INFORMATION_SCHEMA.TABLES WHERE table_name=lower(?) and (table_schema=current_schema() or table_type like '%TEMPORARY%')
null
# Millis:      26 # On: 2018-02-26 05:00:00.064 # SELECT * FROM INFORMATION_SCHEMA.TABLES WHERE table_name=lower(?) and (table_schema=current_schema() or table_type like '%TEMPORARY%')
null
# Millis:      26 # On: 2018-02-26 05:00:00.439 # SELECT * FROM INFORMATION_SCHEMA.TABLES WHERE table_name=lower(?) and (table_schema=current_schema() or table_type like '%TEMPORARY%')
null
# Millis:      26 # On: 2018-02-26 05:00:00.505 # SELECT * FROM INFORMATION_SCHEMA.TABLES WHERE table_name=lower(?) and (table_schema=current_schema() or table_type like '%TEMPORARY%')
null
 *** All operations statistics ***
# Avg (ms):     200 # Max (ms):     200 # Count:     1 # Last called: 2018-02-26 05:00:00.131 # SELECT NODE_1.CMDB_ID FROM NODE_1 NODE_1 WHERE 1=1 AND NODE_1.A_ROOT_CLASS IN (?, ?, ?, ?, ?, ?, ?, ?, ?, ?) AND  ( NOT EXISTS (SELECT 1 FROM CDM_LIST_ATTR_PRIMITIVE_1 T  WHERE ( T.PATH='AAAAABAEAAABAGAB' OR T.PATH='AAAAABAEAAABAGABAG' OR T.PATH='AAAAABAEAAABAGABAE' OR T.PATH='AAAAABAEAAABAGABAL' OR T.PATH='AAAAABAEAAABAGABAD' OR T.PATH='AAAAABAEAAABAGABAH' OR T.PATH='AAAAABAEAAABAGABAB' OR T.PATH='AAAAABAEAAABAGABAK' OR T.PATH='AAAAABAEAAABAG' OR T.PATH='AAAAABAEAAABAGABAF') AND T.CMDB_ID=NODE_1.CMDB_ID AND T.ATTR_NAME=? AND ATTR_VALUE=?) AND  NOT NODE_1.A_OS_FAMILY IS NULL  AND NODE_1.A_LIC_TYPE_UDF = ? ) 
# Avg (ms):     143 # Max (ms):     143 # Count:     1 # Last called: 2018-02-26 05:00:00.997 # SELECT NODE_1.CMDB_ID FROM NODE_1 NODE_1 WHERE 1=1 AND NODE_1.A_ROOT_CLASS IN (?, ?, ?, ?, ?, ?, ?, ?, ?, ?) AND  ( ( NOT NODE_1.A_LIC_TYPE_UDF = ?  OR NODE_1.A_LIC_TYPE_UDF IS NULL )  AND  NOT EXISTS (SELECT 1 FROM CDM_LIST_ATTR_PRIMITIVE_1 T  WHERE ( T.PATH='AAAAABAEAAABAGAB' OR T.PATH='AAAAABAEAAABAGABAG' OR T.PATH='AAAAABAEAAABAGABAE' OR T.PATH='AAAAABAEAAABAGABAL' OR T.PATH='AAAAABAEAAABAGABAD' OR T.PATH='AAAAABAEAAABAGABAH' OR T.PATH='AAAAABAEAAABAGABAB' OR T.PATH='AAAAABAEAAABAGABAK' OR T.PATH='AAAAABAEAAABAG' OR T.PATH='AAAAABAEAAABAGABAF') AND T.CMDB_ID=NODE_1.CMDB_ID AND T.ATTR_NAME=? AND ATTR_VALUE=?) AND  NOT NODE_1.A_OS_FAMILY IS NULL  AND NODE_1.A_LIC_TYPE_UDI = ? ) 
# Avg (ms):      73 # Max (ms):    5194 # Count:    60 # Last called: 2018-02-26 05:14:47.601 # SELECT * FROM HA_WRITER for update
# Avg (ms):      22 # Max (ms):      22 # Count:     1 # Last called: 2018-02-26 05:00:00.773 # SELECT HOST_NODE_1.CMDB_ID FROM HOST_NODE_1 HOST_NODE_1 WHERE 1=1 AND HOST_NODE_1.A_ROOT_CLASS IN (?, ?, ?, ?, ?, ?, ?, ?, ?) AND  ( ( NOT HOST_NODE_1.A_LIC_TYPE_UDF = ?  OR HOST_NODE_1.A_LIC_TYPE_UDF IS NULL )  AND HOST_NODE_1.A_LIC_TYPE_UDI = ? ) 
# Avg (ms):      22 # Max (ms):      22 # Count:     1 # Last called: 2018-02-26 05:00:00.541 # SELECT HOST_NODE_1.CMDB_ID FROM HOST_NODE_1 HOST_NODE_1 WHERE 1=1 AND HOST_NODE_1.A_ROOT_CLASS IN (?, ?, ?, ?, ?, ?, ?, ?, ?) AND  (HOST_NODE_1.A_LIC_TYPE_UDF = ? ) 
# Avg (ms):      21 # Max (ms):      29 # Count:    24 # Last called: 2018-02-26 05:00:01.181 # SELECT * FROM INFORMATION_SCHEMA.TABLES WHERE table_name=lower(?) and (table_schema=current_schema() or table_type like '%TEMPORARY%')
# Avg (ms):       8 # Max (ms):      23 # Count:     8 # Last called: 2018-02-26 05:00:01.162 # truncate table CDM_TMP_STR
# Avg (ms):       6 # Max (ms):      11 # Count:     8 # Last called: 2018-02-26 05:00:01.199 # truncate table CDM_TMP_OBJID
# Avg (ms):       1 # Max (ms):       4 # Count:     8 # Last called: 2018-02-26 05:00:01.179 # truncate table CDM_TMP_INT
# Avg (ms):       1 # Max (ms):       2 # Count:     3 # Last called: 2018-02-26 05:00:02.480 # SELECT SEQUENCE_VALUE FROM SEQUENCES WHERE SEQUENCE_KEY=? and SEQUENCE_CUSTOMER_ID=? for update
# Avg (ms):       1 # Max (ms):       2 # Count:     3 # Last called: 2018-02-26 05:00:02.485 # INSERT INTO URM_RESOURCES_HISTORY (REAL_ID,CUSTOMER_ID,TYPE,RESOURCE_ID,SPEC_VERSION,RESOURCE_NAME,TEXT_DATA,BINARY_DATA,LAST_UPDATED,UPDATED_BY,COMMIT_REVISION, IS_DELETE_EVENT) 
 ( SELECT REAL_ID,CUSTOMER_ID,TYPE,RESOURCE_ID,SPEC_VERSION,RESOURCE_NAME,TEXT_DATA,BINARY_DATA,LAST_UPDATED,UPDATED_BY,COMMIT_REVISION, ?  
 FROM URM_RESOURCES 
 WHERE 1=1  AND REAL_ID in (?) AND TYPE NOT IN ('Settings_PROPERTY_SETTING','History_HIST_FAILURE','UI_USER_PREFERENCES','UI_DASHBOARD_SETTINGS'))
# Avg (ms):       0 # Max (ms):       1 # Count:   140 # Last called: 2018-02-26 05:14:54.006 # select IS_ACTIVE from CUSTOMER_REGISTRATION where ID=?
# Avg (ms):       0 # Max (ms):       2 # Count:   140 # Last called: 2018-02-26 05:14:54.002 # select * from CUSTOMER_REGISTRATION order by ID
# Avg (ms):       0 # Max (ms):       0 # Count:     3 # Last called: 2018-02-26 05:00:02.481 # update SEQUENCES set SEQUENCE_VALUE=? where SEQUENCE_KEY=? and SEQUENCE_CUSTOMER_ID=?
# Avg (ms):       0 # Max (ms):       6 # Count:    30 # Last called: 2018-02-26 05:14:35.119 # SELECT VERSION FROM CONTENT_PACKS ORDER BY VERSION ASC
# Avg (ms):       0 # Max (ms):       1 # Count:     3 # Last called: 2018-02-26 05:00:02.487 # SELECT MODEL_ID, REVISION FROM HA_REVISIONS WHERE MODEL_ID IN ('URM_customerId_1') for update
# Avg (ms):       0 # Max (ms):       1 # Count:    60 # Last called: 2018-02-26 05:14:47.604 # SELECT ((EXTRACT(EPOCH FROM now())) :: bigint)
# Avg (ms):       0 # Max (ms):       4 # Count:    80 # Last called: 2018-02-26 05:14:54.004 # select * from DB_CONTEXT
# Avg (ms):       0 # Max (ms):     100 # Count:    60 # Last called: 2018-02-26 05:14:47.605 # UPDATE HA_WRITER SET SERVER_ID=?,TIMESTAMP=?,SUGGESTED_SERVER_ID=?,SUGGESTION_TIMESTAMP=?
