
************************ Statistics from 2018-02-26 14:45:05.663 until 2018-02-26 15:00:00.001 ************************
Operations executed: 561
Different operation types executed: 7
Operations average time (in millis): 48
The 10 worst operations are:
# Millis:    7503 # On: 2018-02-26 14:52:25.439 # select * from CUSTOMER_REGISTRATION order by ID
null
# Millis:    6893 # On: 2018-02-26 14:52:26.049 # select * from CUSTOMER_REGISTRATION order by ID
null
# Millis:    4492 # On: 2018-02-26 14:55:15.557 # SELECT * FROM HA_WRITER for update
null
# Millis:    3105 # On: 2018-02-26 14:57:47.076 # SELECT VERSION FROM CONTENT_PACKS ORDER BY VERSION ASC
null
# Millis:    2958 # On: 2018-02-26 14:55:17.076 # SELECT VERSION FROM CONTENT_PACKS ORDER BY VERSION ASC
null
# Millis:    2819 # On: 2018-02-26 14:58:30.558 # SELECT * FROM HA_WRITER for update
null
# Millis:    2726 # On: 2018-02-26 14:52:30.556 # SELECT * FROM HA_WRITER for update
null
# Millis:     328 # On: 2018-02-26 14:52:32.946 # select * from DB_CONTEXT
null
# Millis:      49 # On: 2018-02-26 14:58:33.454 # select * from CUSTOMER_REGISTRATION order by ID
null
# Millis:      41 # On: 2018-02-26 14:58:33.506 # select * from DB_CONTEXT
null
 *** All operations statistics ***
# Avg (ms):     198 # Max (ms):    3105 # Count:    30 # Last called: 2018-02-26 14:59:47.076 # SELECT VERSION FROM CONTENT_PACKS ORDER BY VERSION ASC
# Avg (ms):     160 # Max (ms):    4492 # Count:    59 # Last called: 2018-02-26 14:59:45.558 # SELECT * FROM HA_WRITER for update
# Avg (ms):      84 # Max (ms):    7503 # Count:   138 # Last called: 2018-02-26 14:59:55.440 # select * from CUSTOMER_REGISTRATION order by ID
# Avg (ms):       0 # Max (ms):       1 # Count:    59 # Last called: 2018-02-26 14:59:45.560 # SELECT ((EXTRACT(EPOCH FROM now())) :: bigint)
# Avg (ms):       0 # Max (ms):       2 # Count:   138 # Last called: 2018-02-26 14:59:55.442 # select IS_ACTIVE from CUSTOMER_REGISTRATION where ID=?
# Avg (ms):       0 # Max (ms):     328 # Count:    78 # Last called: 2018-02-26 14:59:33.585 # select * from DB_CONTEXT
# Avg (ms):       0 # Max (ms):       2 # Count:    59 # Last called: 2018-02-26 14:59:45.561 # UPDATE HA_WRITER SET SERVER_ID=?,TIMESTAMP=?,SUGGESTED_SERVER_ID=?,SUGGESTION_TIMESTAMP=?
