
************************ Statistics from 2018-02-26 07:30:00.002 until 2018-02-26 07:45:00.004 ************************
Operations executed: 570
Different operation types executed: 7
Operations average time (in millis): 0
The 10 worst operations are:
# Millis:       3 # On: 2018-02-26 07:30:17.650 # SELECT * FROM HA_WRITER for update
null
# Millis:       3 # On: 2018-02-26 07:38:17.652 # SELECT * FROM HA_WRITER for update
null
# Millis:       3 # On: 2018-02-26 07:39:17.654 # SELECT * FROM HA_WRITER for update
null
# Millis:       3 # On: 2018-02-26 07:32:02.653 # SELECT * FROM HA_WRITER for update
null
# Millis:       3 # On: 2018-02-26 07:33:17.656 # SELECT * FROM HA_WRITER for update
null
# Millis:       3 # On: 2018-02-26 07:31:17.651 # SELECT * FROM HA_WRITER for update
null
# Millis:       3 # On: 2018-02-26 07:36:17.653 # SELECT * FROM HA_WRITER for update
null
# Millis:       3 # On: 2018-02-26 07:34:02.653 # SELECT * FROM HA_WRITER for update
null
# Millis:       3 # On: 2018-02-26 07:34:17.653 # SELECT * FROM HA_WRITER for update
null
# Millis:       3 # On: 2018-02-26 07:35:17.653 # SELECT * FROM HA_WRITER for update
null
 *** All operations statistics ***
# Avg (ms):       0 # Max (ms):       1 # Count:    30 # Last called: 2018-02-26 07:44:35.138 # SELECT VERSION FROM CONTENT_PACKS ORDER BY VERSION ASC
# Avg (ms):       0 # Max (ms):       1 # Count:    80 # Last called: 2018-02-26 07:44:58.755 # select * from DB_CONTEXT
# Avg (ms):       0 # Max (ms):       1 # Count:    60 # Last called: 2018-02-26 07:44:47.658 # SELECT ((EXTRACT(EPOCH FROM now())) :: bigint)
# Avg (ms):       0 # Max (ms):       3 # Count:    60 # Last called: 2018-02-26 07:44:47.656 # SELECT * FROM HA_WRITER for update
# Avg (ms):       0 # Max (ms):       2 # Count:    60 # Last called: 2018-02-26 07:44:47.659 # UPDATE HA_WRITER SET SERVER_ID=?,TIMESTAMP=?,SUGGESTED_SERVER_ID=?,SUGGESTION_TIMESTAMP=?
# Avg (ms):       0 # Max (ms):       1 # Count:   140 # Last called: 2018-02-26 07:44:58.758 # select IS_ACTIVE from CUSTOMER_REGISTRATION where ID=?
# Avg (ms):       0 # Max (ms):       2 # Count:   140 # Last called: 2018-02-26 07:44:58.753 # select * from CUSTOMER_REGISTRATION order by ID
