
************************ Statistics from 2018-02-26 07:45:00.004 until 2018-02-26 08:00:00.008 ************************
Operations executed: 570
Different operation types executed: 7
Operations average time (in millis): 0
The 10 worst operations are:
# Millis:       4 # On: 2018-02-26 07:50:17.655 # SELECT * FROM HA_WRITER for update
null
# Millis:       3 # On: 2018-02-26 07:53:17.657 # SELECT * FROM HA_WRITER for update
null
# Millis:       3 # On: 2018-02-26 07:50:32.658 # UPDATE HA_WRITER SET SERVER_ID=?,TIMESTAMP=?,SUGGESTED_SERVER_ID=?,SUGGESTION_TIMESTAMP=?
null
# Millis:       3 # On: 2018-02-26 07:54:17.658 # SELECT * FROM HA_WRITER for update
null
# Millis:       3 # On: 2018-02-26 07:53:32.657 # SELECT * FROM HA_WRITER for update
null
# Millis:       3 # On: 2018-02-26 07:49:47.658 # UPDATE HA_WRITER SET SERVER_ID=?,TIMESTAMP=?,SUGGESTED_SERVER_ID=?,SUGGESTION_TIMESTAMP=?
null
# Millis:       3 # On: 2018-02-26 07:52:17.657 # SELECT * FROM HA_WRITER for update
null
# Millis:       3 # On: 2018-02-26 07:46:17.656 # SELECT * FROM HA_WRITER for update
null
# Millis:       3 # On: 2018-02-26 07:51:17.655 # SELECT * FROM HA_WRITER for update
null
# Millis:       3 # On: 2018-02-26 07:55:17.658 # SELECT * FROM HA_WRITER for update
null
 *** All operations statistics ***
# Avg (ms):       1 # Max (ms):       4 # Count:    60 # Last called: 2018-02-26 07:59:47.661 # SELECT * FROM HA_WRITER for update
# Avg (ms):       0 # Max (ms):       2 # Count:   140 # Last called: 2018-02-26 07:59:59.220 # select * from CUSTOMER_REGISTRATION order by ID
# Avg (ms):       0 # Max (ms):       3 # Count:    60 # Last called: 2018-02-26 07:59:47.663 # UPDATE HA_WRITER SET SERVER_ID=?,TIMESTAMP=?,SUGGESTED_SERVER_ID=?,SUGGESTION_TIMESTAMP=?
# Avg (ms):       0 # Max (ms):       1 # Count:   140 # Last called: 2018-02-26 07:59:59.224 # select IS_ACTIVE from CUSTOMER_REGISTRATION where ID=?
# Avg (ms):       0 # Max (ms):       1 # Count:    80 # Last called: 2018-02-26 07:59:59.222 # select * from DB_CONTEXT
# Avg (ms):       0 # Max (ms):       1 # Count:    30 # Last called: 2018-02-26 07:59:35.139 # SELECT VERSION FROM CONTENT_PACKS ORDER BY VERSION ASC
# Avg (ms):       0 # Max (ms):       1 # Count:    60 # Last called: 2018-02-26 07:59:47.663 # SELECT ((EXTRACT(EPOCH FROM now())) :: bigint)
