
************************ Statistics from 2018-02-26 01:45:00.006 until 2018-02-26 02:00:00.006 ************************
Operations executed: 570
Different operation types executed: 7
Operations average time (in millis): 0
The 10 worst operations are:
# Millis:       4 # On: 2018-02-26 01:51:47.544 # SELECT * FROM HA_WRITER for update
null
# Millis:       4 # On: 2018-02-26 01:52:49.257 # select * from CUSTOMER_REGISTRATION order by ID
null
# Millis:       3 # On: 2018-02-26 01:46:02.548 # UPDATE HA_WRITER SET SERVER_ID=?,TIMESTAMP=?,SUGGESTED_SERVER_ID=?,SUGGESTION_TIMESTAMP=?
null
# Millis:       3 # On: 2018-02-26 01:47:02.544 # SELECT * FROM HA_WRITER for update
null
# Millis:       3 # On: 2018-02-26 01:50:32.547 # UPDATE HA_WRITER SET SERVER_ID=?,TIMESTAMP=?,SUGGESTED_SERVER_ID=?,SUGGESTION_TIMESTAMP=?
null
# Millis:       3 # On: 2018-02-26 01:53:32.544 # SELECT * FROM HA_WRITER for update
null
# Millis:       3 # On: 2018-02-26 01:45:02.545 # SELECT * FROM HA_WRITER for update
null
# Millis:       3 # On: 2018-02-26 01:52:02.545 # SELECT * FROM HA_WRITER for update
null
# Millis:       3 # On: 2018-02-26 01:46:02.545 # SELECT * FROM HA_WRITER for update
null
# Millis:       3 # On: 2018-02-26 01:52:32.544 # SELECT * FROM HA_WRITER for update
null
 *** All operations statistics ***
# Avg (ms):       1 # Max (ms):       3 # Count:    60 # Last called: 2018-02-26 01:59:47.548 # UPDATE HA_WRITER SET SERVER_ID=?,TIMESTAMP=?,SUGGESTED_SERVER_ID=?,SUGGESTION_TIMESTAMP=?
# Avg (ms):       1 # Max (ms):       4 # Count:    60 # Last called: 2018-02-26 01:59:47.546 # SELECT * FROM HA_WRITER for update
# Avg (ms):       0 # Max (ms):       1 # Count:    60 # Last called: 2018-02-26 01:59:47.548 # SELECT ((EXTRACT(EPOCH FROM now())) :: bigint)
# Avg (ms):       0 # Max (ms):       1 # Count:   140 # Last called: 2018-02-26 01:59:49.260 # select IS_ACTIVE from CUSTOMER_REGISTRATION where ID=?
# Avg (ms):       0 # Max (ms):       1 # Count:    80 # Last called: 2018-02-26 01:59:47.786 # select * from DB_CONTEXT
# Avg (ms):       0 # Max (ms):       4 # Count:   140 # Last called: 2018-02-26 01:59:49.258 # select * from CUSTOMER_REGISTRATION order by ID
# Avg (ms):       0 # Max (ms):       1 # Count:    30 # Last called: 2018-02-26 01:59:35.085 # SELECT VERSION FROM CONTENT_PACKS ORDER BY VERSION ASC
