
************************ Statistics from 2018-02-26 16:00:00.067 until 2018-02-26 16:15:00.002 ************************
Operations executed: 3012
Different operation types executed: 118
Operations average time (in millis): 69
The 10 worst operations are:
# Millis:   22358 # On: 2018-02-26 16:04:54.967 # Class: appilog.framework.shared.core.operation.query.impl.CoreOperationGetLicenseMiscInformation # CallerApp: UCMDB Browser on hcm-ucmdb-browser-608055954-fqxdr: integration user,loggedInUser:{UISysadmin###UCMDB} # CustomerID: 1
RequestID: 4f53cdf2ebc343a0a3e9eb397a15ac9c # Name: CoreOperationGetLicenseMiscInformation
# Millis:   22298 # On: 2018-02-26 16:04:54.961 # Class: appilog.framework.shared.core.operation.query.impl.CoreOperationGetLicenseMiscInformation # CallerApp: UCMDB Browser on hcm-ucmdb-browser-608055954-fqxdr: integration user,loggedInUser:{UISysadmin###UCMDB} # CustomerID: 1
RequestID: 466f9a7e23200415976ce3958a76ccdf # Name: CoreOperationGetLicenseMiscInformation
# Millis:   21907 # On: 2018-02-26 16:04:54.969 # Class: appilog.framework.shared.core.operation.query.impl.CoreOperationGetLicenseMiscInformation # CallerApp: UCMDB Browser on hcm-ucmdb-browser-608055954-fqxdr: integration user,loggedInUser:{UISysadmin###UCMDB} # CustomerID: 1
RequestID: 4e0ae82547c1ed3bb96e94ca40101e98 # Name: CoreOperationGetLicenseMiscInformation
# Millis:   17374 # On: 2018-02-26 16:12:37.348 # Class: appilog.framework.shared.core.operation.query.impl.CoreOperationGetLicenseMiscInformation # CallerApp: UCMDB-UI,loggedInUser:{UISysadmin###UCMDB} # CustomerID: 1
RequestID: 427425c543d57daa93a2621d63f6d7ec # Name: CoreOperationGetLicenseMiscInformation
# Millis:   17357 # On: 2018-02-26 16:12:37.239 # Class: appilog.framework.shared.core.operation.query.impl.CoreOperationGetLicenseMiscInformation # CallerApp: UCMDB-UI,loggedInUser:{UISysadmin###UCMDB} # CustomerID: 1
RequestID: 480ae6db38a73989b96243a75f5ced90 # Name: CoreOperationGetLicenseMiscInformation
# Millis:   13037 # On: 2018-02-26 16:02:53.163 # Class: com.mercury.topaz.cmdb.shared.tql.operation.query.impl.TqlQueryGetAdHocMap # CallerApp: UCMDB Browser on hcm-ucmdb-browser-608055954-fqxdr: User - ITAdmin,loggedInUser:{ITAdmin###10.3.61.31} # CustomerID: 1
RequestID: 400df2b277c20b5d84ed294c218fbb91 # Name: Tql Query: Get Ad Hoc Map (By Pattern ID). Pattern [bringAdditionalLayoutForTrackedCIs]
# Millis:   11377 # On: 2018-02-26 16:10:54.969 # Class: appilog.framework.shared.core.operation.query.impl.CoreOperationGetLicenseMiscInformation # CallerApp: UCMDB Browser on hcm-ucmdb-browser-608055954-fqxdr: integration user,loggedInUser:{UISysadmin###UCMDB} # CustomerID: 1
RequestID: 4e54f81e1569c2bb83298b469ddf7e8a # Name: CoreOperationGetLicenseMiscInformation
# Millis:   11327 # On: 2018-02-26 16:10:54.963 # Class: appilog.framework.shared.core.operation.query.impl.CoreOperationGetLicenseMiscInformation # CallerApp: UCMDB Browser on hcm-ucmdb-browser-608055954-fqxdr: integration user,loggedInUser:{UISysadmin###UCMDB} # CustomerID: 1
RequestID: 48febf064dc64c1da570bcd3fe3b6279 # Name: CoreOperationGetLicenseMiscInformation
# Millis:   11067 # On: 2018-02-26 16:10:54.970 # Class: appilog.framework.shared.core.operation.query.impl.CoreOperationGetLicenseMiscInformation # CallerApp: UCMDB Browser on hcm-ucmdb-browser-608055954-fqxdr: integration user,loggedInUser:{UISysadmin###UCMDB} # CustomerID: 1
RequestID: 40ad71699f0285a284dc66ac4858088b # Name: CoreOperationGetLicenseMiscInformation
# Millis:    6545 # On: 2018-02-26 16:14:30.232 # Class: appilog.framework.shared.core.operation.query.impl.CoreOperationGetLicenseMiscInformation # CallerApp: UCMDB-UI,loggedInUser:{UISysadmin###UCMDB} # CustomerID: 1
RequestID: 496a2a874033ccf2b2ad6996fc952f3f # Name: CoreOperationGetLicenseMiscInformation
 *** All operations statistics ***
# Avg (ms):    7248 # Max (ms):   13037 # Count:     2 # Last called: 2018-02-26 16:05:16.619 # Class: com.mercury.topaz.cmdb.shared.tql.operation.query.impl.TqlQueryGetAdHocMap # CallerApp: UCMDB Browser on hcm-ucmdb-browser-608055954-fqxdr: User - ITAdmin,loggedInUser:{ITAdmin###10.3.61.31} # CustomerID: 1
# Avg (ms):    4963 # Max (ms):   22358 # Count:    23 # Last called: 2018-02-26 16:13:54.974 # Class: appilog.framework.shared.core.operation.query.impl.CoreOperationGetLicenseMiscInformation # CallerApp: UCMDB Browser on hcm-ucmdb-browser-608055954-fqxdr: integration user,loggedInUser:{UISysadmin###UCMDB} # CustomerID: 1
# Avg (ms):    2001 # Max (ms):   17374 # Count:    32 # Last called: 2018-02-26 16:14:48.378 # Class: appilog.framework.shared.core.operation.query.impl.CoreOperationGetLicenseMiscInformation # CallerApp: UCMDB-UI,loggedInUser:{UISysadmin###UCMDB} # CustomerID: 1
# Avg (ms):     131 # Max (ms):     131 # Count:     1 # Last called: 2018-02-26 16:00:00.056 # Class: appilog.framework.shared.scheduler.operation.execute.impl.SchedulerOperationRunExecution # CallerApp: MAM_ # CustomerID: 1
# Avg (ms):     128 # Max (ms):     128 # Count:     1 # Last called: 2018-02-26 16:00:00.058 # Class: com.hp.ucmdb.systemhealth.operations.DumpKpiDashboardOperation # CallerApp: CMDB # CustomerID: 1
# Avg (ms):     111 # Max (ms):    3199 # Count:    58 # Last called: 2018-02-26 16:14:30.552 # Class: com.mercury.topaz.cmdb.shared.manage.customer.operation.query.impl.CmdbCustomerQueryGetAllCustomerConfigs # CallerApp: UIServer # CustomerID: -2147483648
# Avg (ms):      91 # Max (ms):      91 # Count:     1 # Last called: 2018-02-26 16:12:22.204 # Class: com.mercury.topaz.cmdb.server.monitors.operation.command.impl.MonitorsCommandCollectInfo # CallerApp: CMDB # CustomerID: -2147483648
# Avg (ms):      88 # Max (ms):    5230 # Count:    58 # Last called: 2018-02-26 16:14:30.550 # Class: com.mercury.topaz.cmdb.shared.manage.customer.operation.query.impl.CmdbCustomerQueryGetAllCustomers # CallerApp: UIServer # CustomerID: -2147483648
# Avg (ms):      74 # Max (ms):     524 # Count:    13 # Last called: 2018-02-26 16:14:48.350 # Class: appilog.framework.shared.core.operation.query.impl.CoreOperationGetInstalledLicenseFeatures # CallerApp: UCMDB-UI,loggedInUser:{UISysadmin###UCMDB} # CustomerID: 1
# Avg (ms):      61 # Max (ms):     155 # Count:    15 # Last called: 2018-02-26 16:02:33.052 # Class: appilog.common.foldering.impl.FoldersFacadeImpl$CreateOrUpdateDefinition # CallerApp: UCMDB Browser on hcm-ucmdb-browser-608055954-fqxdr: integration user,loggedInUser:{UISysadmin###UCMDB} # CustomerID: 1
# Avg (ms):      60 # Max (ms):      60 # Count:     1 # Last called: 2018-02-26 16:02:30.876 # Class: appilog.framework.shared.core.operation.query.impl.CoreOperationSPSetSetting # CallerApp: UCMDB Browser on hcm-ucmdb-browser-608055954-fqxdr: integration user,loggedInUser:{UISysadmin###UCMDB} # CustomerID: 1
# Avg (ms):      57 # Max (ms):    1335 # Count:    23 # Last called: 2018-02-26 16:13:56.026 # Class: com.mercury.topaz.cmdb.shared.manage.customer.operation.query.impl.CmdbCustomerQueryGetAllCustomers # CallerApp: UCMDB Browser on hcm-ucmdb-browser-608055954-fqxdr: integration user,loggedInUser:{UISysadmin###UCMDB} # CustomerID: -2147483648
# Avg (ms):      18 # Max (ms):      18 # Count:     1 # Last called: 2018-02-26 16:12:21.304 # Class: com.mercury.topaz.cmdb.shared.manage.quota.operation.update.impl.QuotaUpdateCollectCounts # CallerApp: CMDB # CustomerID: -2147483648
# Avg (ms):      17 # Max (ms):      25 # Count:    98 # Last called: 2018-02-26 16:13:56.001 # Class: appilog.framework.shared.core.operation.query.impl.CoreOperationSPGetAllSettings # CallerApp: UCMDB Browser on hcm-ucmdb-browser-608055954-fqxdr: integration user,loggedInUser:{UISysadmin###UCMDB} # CustomerID: 1
# Avg (ms):      14 # Max (ms):      14 # Count:     1 # Last called: 2018-02-26 16:08:23.154 # Class: com.mercury.topaz.cmdb.server.tql.operation.command.impl.TqlCommandResultRepositoryPassivation # CallerApp: Periodic task result_repository_passivate_timer # CustomerID: 1
# Avg (ms):      14 # Max (ms):      16 # Count:     2 # Last called: 2018-02-26 16:12:22.208 # Class: com.mercury.topaz.cmdb.shared.tql.operation.query.impl.TqlQueryGetPatterns # CallerApp: CMDB # CustomerID: 1
# Avg (ms):      13 # Max (ms):      13 # Count:     1 # Last called: 2018-02-26 16:08:23.155 # Class: com.mercury.topaz.cmdb.shared.tql.operation.query.impl.TqlQueryGetPatterns # CallerApp: Periodic task result_repository_passivate_timer # CustomerID: 1
# Avg (ms):       9 # Max (ms):       9 # Count:     1 # Last called: 2018-02-26 16:12:22.286 # Class: com.mercury.topaz.cmdb.server.tql.operation.query.impl.TqlQueryGetFailedTqls # CallerApp: CMDB # CustomerID: 1
# Avg (ms):       5 # Max (ms):       5 # Count:     1 # Last called: 2018-02-26 16:02:33.321 # Class: com.hp.ucmdb.authorization.permissions.operation.query.resource.impl.AuthorizationBulkGetPermittedActionsOnResources # CallerApp: UCMDB Browser on hcm-ucmdb-browser-608055954-fqxdr: User - ITAdmin,loggedInUser:{ITAdmin###10.3.61.31} # CustomerID: 1
# Avg (ms):       2 # Max (ms):       5 # Count:    15 # Last called: 2018-02-26 16:02:33.049 # Class: com.hp.ucmdb.view.facade.impl.ViewPersistenceManagerFacadeImpl$1ViewQueryGetSingleMatchingViewForTqlName # CallerApp: UCMDB Browser on hcm-ucmdb-browser-608055954-fqxdr: integration user,loggedInUser:{UISysadmin###UCMDB} # CustomerID: 1
# Avg (ms):       2 # Max (ms):       6 # Count:    15 # Last called: 2018-02-26 16:02:33.083 # Class: com.hp.ucmdb.view.facade.impl.ViewPersistenceManagerFacadeImpl$1ViewQueryGetAllViewDefinitionsOperation # CallerApp: UCMDB Browser on hcm-ucmdb-browser-608055954-fqxdr: integration user,loggedInUser:{UISysadmin###UCMDB} # CustomerID: 1
# Avg (ms):       2 # Max (ms):       4 # Count:     2 # Last called: 2018-02-26 16:02:33.218 # Class: appilog.common.foldering.impl.AuthorizedFoldersFacadeImpl$GetAuthorizedResourceTree # CallerApp: UCMDB Browser on hcm-ucmdb-browser-608055954-fqxdr: integration user,loggedInUser:{UISysadmin###UCMDB} # CustomerID: 1
# Avg (ms):       2 # Max (ms):       5 # Count:    23 # Last called: 2018-02-26 16:13:56.029 # Class: com.mercury.topaz.cmdb.shared.manage.customer.operation.query.impl.CmdbCustomerQueryGetAllCustomerConfigs # CallerApp: UCMDB Browser on hcm-ucmdb-browser-608055954-fqxdr: integration user,loggedInUser:{UISysadmin###UCMDB} # CustomerID: -2147483648
# Avg (ms):       2 # Max (ms):       3 # Count:     2 # Last called: 2018-02-26 16:05:16.620 # Class: com.mercury.topaz.cmdb.server.tql.operation.command.impl.TqlCommandProcessAdHocCalculate # CallerApp: UCMDB Browser on hcm-ucmdb-browser-608055954-fqxdr: User - ITAdmin,loggedInUser:{ITAdmin###10.3.61.31} # CustomerID: 1
# Avg (ms):       2 # Max (ms):       2 # Count:     2 # Last called: 2018-02-26 16:05:16.620 # Class: com.mercury.topaz.cmdb.server.model.operation.command.topology.impl.ModelCommandCalculatePattern # CallerApp: UCMDB Browser on hcm-ucmdb-browser-608055954-fqxdr: User - ITAdmin,loggedInUser:{ITAdmin###10.3.61.31} # CustomerID: 1
# Avg (ms):       1 # Max (ms):       1 # Count:     2 # Last called: 2018-02-26 16:05:16.621 # Class: com.mercury.topaz.cmdb.server.model.operation.query.topology.memory.ModelMemoryTopologyQueryGetObjectsByType # CallerApp: UCMDB Browser on hcm-ucmdb-browser-608055954-fqxdr: User - ITAdmin,loggedInUser:{ITAdmin###10.3.61.31} # CustomerID: 1
# Avg (ms):       1 # Max (ms):       1 # Count:     1 # Last called: 2018-02-26 16:12:21.305 # Class: com.mercury.topaz.cmdb.server.model.operation.query.topology.separation.ModelTopologyQueryGetCountByTypes # CallerApp: CMDB # CustomerID: 1
# Avg (ms):       1 # Max (ms):       1 # Count:     1 # Last called: 2018-02-26 16:02:29.660 # Class: com.hp.ucmdb.authorization.model.operation.query.impl.AuthorizationGetUserByLoginName # CallerApp: UCMDB Browser on hcm-ucmdb-browser-608055954-fqxdr: integration user,loggedInUser:{UISysadmin###UCMDB} # CustomerID: 1
# Avg (ms):       1 # Max (ms):       2 # Count:     6 # Last called: 2018-02-26 16:14:18.533 # Class: com.hp.ucmdb.authorization.permissions.operation.query.resource.impl.AuthorizationBulkGetPermittedActionsOnResources # CallerApp: UCMDB-UI,loggedInUser:{ITAdmin###10.3.61.31} # CustomerID: 1
# Avg (ms):       1 # Max (ms):       1 # Count:     1 # Last called: 2018-02-26 16:02:33.545 # Class: com.hp.ucmdb.authorization.permissions.operation.query.impl.AuthorizationIsGeneralOnResourceOrCIActionPermittedIgnoreSecurityDomains # CallerApp: UCMDB Browser on hcm-ucmdb-browser-608055954-fqxdr: User - ITAdmin,loggedInUser:{ITAdmin###10.3.61.31} # CustomerID: 1
# Avg (ms):       1 # Max (ms):       2 # Count:     2 # Last called: 2018-02-26 16:05:16.621 # Class: com.mercury.topaz.cmdb.server.model.operation.query.topology.separation.ModelTopologyQueryGetObjectsByType # CallerApp: UCMDB Browser on hcm-ucmdb-browser-608055954-fqxdr: User - ITAdmin,loggedInUser:{ITAdmin###10.3.61.31} # CustomerID: 1
# Avg (ms):       1 # Max (ms):       1 # Count:     3 # Last called: 2018-02-26 16:14:45.077 # Class: com.hp.ucmdb.authorization.permissions.operation.query.global.AuthorizationGetGlobalPermittedActions # CallerApp: UCMDB-UI,loggedInUser:{sysadmin###UCMDB} # CustomerID: 1
# Avg (ms):       1 # Max (ms):       1 # Count:     1 # Last called: 2018-02-26 16:02:33.147 # Class: com.hp.ucmdb.authorization.permissions.operation.query.resource.impl.AuthorizationBulkIsActionPermittedOnResourcesIgnoreDependencies # CallerApp: UCMDB Browser on hcm-ucmdb-browser-608055954-fqxdr: integration user,loggedInUser:{UISysadmin###UCMDB} # CustomerID: 1
# Avg (ms):       1 # Max (ms):       7 # Count:     4 # Last called: 2018-02-26 16:01:30.697 # Class: com.hp.ucmdb.authorization.permissions.operation.query.global.AuthorizationIsGlobalActionPermitted # CallerApp: SDK connect,loggedInUser:{UISysadmin###UCMDB} # CustomerID: 1
# Avg (ms):       1 # Max (ms):       1 # Count:     4 # Last called: 2018-02-26 16:01:08.875 # Class: com.hp.ucmdb.authorization.permissions.operation.query.global.AuthorizationIsGlobalActionPermitted # CallerApp: SDK,loggedInUser:{UISysadmin###UCMDB} # CustomerID: 1
# Avg (ms):       1 # Max (ms):       1 # Count:     1 # Last called: 2018-02-26 16:12:21.305 # Class: com.mercury.topaz.cmdb.server.model.operation.query.topology.memory.ModelMemoryTopologyQueryGetObjectsCount # CallerApp: CMDB # CustomerID: 1
# Avg (ms):       1 # Max (ms):       1 # Count:     1 # Last called: 2018-02-26 16:12:22.204 # Class: com.mercury.topaz.cmdb.shared.manage.quota.operation.query.impl.QuotaQueryGetQuotaAndCountInfo # CallerApp: CMDB # CustomerID: -2147483648
# Avg (ms):       1 # Max (ms):       1 # Count:     1 # Last called: 2018-02-26 16:12:21.305 # Class: com.mercury.topaz.cmdb.server.model.operation.query.topology.separation.ModelTopologyQueryGetObjectsCount # CallerApp: CMDB # CustomerID: 1
# Avg (ms):       1 # Max (ms):       2 # Count:     4 # Last called: 2018-02-26 16:14:45.079 # Class: com.hp.ucmdb.authorization.permissions.operation.query.resource.impl.AuthorizationBulkGetPermittedActionsOnResources # CallerApp: UCMDB-UI,loggedInUser:{sysadmin###UCMDB} # CustomerID: 1
# Avg (ms):       0 # Max (ms):       0 # Count:     1 # Last called: 2018-02-26 16:02:33.730 # Class: com.hp.ucmdb.browser.operation.categories.impl.BrowserResourcesGetCategories # CallerApp: UCMDB Browser on hcm-ucmdb-browser-608055954-fqxdr: User - ITAdmin,loggedInUser:{ITAdmin###10.3.61.31} # CustomerID: 1
# Avg (ms):       0 # Max (ms):       1 # Count:    16 # Last called: 2018-02-26 16:05:16.842 # Class: com.mercury.topaz.cmdb.server.model.operation.query.topology.memory.ModelMemoryTopologyQueryGetObjectsByIDs # CallerApp: UCMDB Browser on hcm-ucmdb-browser-608055954-fqxdr: User - ITAdmin,loggedInUser:{ITAdmin###10.3.61.31} # CustomerID: 1
# Avg (ms):       0 # Max (ms):       1 # Count:     2 # Last called: 2018-02-26 16:02:33.434 # Class: com.mercury.topaz.cmdb.shared.grouping.operation.query.ResourceGroupingQueryGetAllBundlesWithResources # CallerApp: UCMDB Browser on hcm-ucmdb-browser-608055954-fqxdr: integration user,loggedInUser:{UISysadmin###UCMDB} # CustomerID: 1
# Avg (ms):       0 # Max (ms):       0 # Count:     1 # Last called: 2018-02-26 16:14:45.086 # Class: com.hp.ucmdb.authorization.model.operation.query.impl.AuthorizationGetUser # CallerApp: UCMDB-UI,loggedInUser:{UISysadmin###UCMDB},loggedInUser:{sysadmin###UCMDB} # CustomerID: 1
# Avg (ms):       0 # Max (ms):       0 # Count:     6 # Last called: 2018-02-26 16:08:05.000 # Class: com.hp.ucmdb.authorization.model.operation.query.impl.AuthorizationGetUser # CallerApp: JMX,loggedInUser:{sysadmin###UCMDB} # CustomerID: 1
# Avg (ms):       0 # Max (ms):       1 # Count:    97 # Last called: 2018-02-26 16:14:48.377 # Class: appilog.framework.shared.core.operation.query.impl.CoreOperationSPGetSetting # CallerApp: UCMDB-UI,loggedInUser:{UISysadmin###UCMDB} # CustomerID: 1
# Avg (ms):       0 # Max (ms):       1 # Count:    20 # Last called: 2018-02-26 16:14:45.075 # Class: com.hp.ucmdb.authorization.model.operation.query.impl.AuthorizationGetAllSecurityDomainsMap # CallerApp: UCMDB-UI,loggedInUser:{UISysadmin###UCMDB} # CustomerID: 1
# Avg (ms):       0 # Max (ms):       4 # Count:    15 # Last called: 2018-02-26 16:02:33.056 # Class: com.mercury.topaz.cmdb.shared.tql.operation.update.impl.TqlUpdatePatternCreateOrUpdate # CallerApp: UCMDB Browser on hcm-ucmdb-browser-608055954-fqxdr: integration user,loggedInUser:{UISysadmin###UCMDB} # CustomerID: 1
# Avg (ms):       0 # Max (ms):       1 # Count:    15 # Last called: 2018-02-26 16:02:33.076 # Class: com.mercury.topaz.cmdb.server.tql.newscheduler.internal.operations.TqlSchedulerOperationGetAuthorizedTqls # CallerApp: UCMDB Browser on hcm-ucmdb-browser-608055954-fqxdr: integration user,loggedInUser:{UISysadmin###UCMDB} # CustomerID: 1
# Avg (ms):       0 # Max (ms):       1 # Count:    15 # Last called: 2018-02-26 16:02:33.076 # Class: com.mercury.topaz.cmdb.server.tql.newscheduler.internal.operations.TqlSchedulerOperationPatternChanges # CallerApp: CMDB # CustomerID: 1
# Avg (ms):       0 # Max (ms):       1 # Count:     3 # Last called: 2018-02-26 16:13:23.146 # Class: com.hp.ucmdb.widgettracker.operations.CmdbWidgetClearNotificationsCache # CallerApp: Periodic task Cmdb-Widget-Tracker: Clean Notifications Cache Task # CustomerID: 1
# Avg (ms):       0 # Max (ms):       1 # Count:     2 # Last called: 2018-02-26 16:05:16.619 # Class: com.hp.ucmdb.widgettracker.operations.CmdbWidgetTrackerGetAllUserRegistrations # CallerApp: UCMDB Browser on hcm-ucmdb-browser-608055954-fqxdr: User - ITAdmin,loggedInUser:{ITAdmin###10.3.61.31} # CustomerID: 1
# Avg (ms):       0 # Max (ms):       1 # Count:     4 # Last called: 2018-02-26 16:12:22.285 # Class: com.mercury.topaz.cmdb.shared.manage.customer.operation.query.impl.CmdbCustomerQueryGetLoadedCustomerIDs # CallerApp: CMDB # CustomerID: -2147483648
# Avg (ms):       0 # Max (ms):       1 # Count:     6 # Last called: 2018-02-26 16:02:33.525 # Class: com.hp.ucmdb.authorization.permissions.operation.query.resource.impl.AuthorizationIsActionPermittedOnResource # CallerApp: UCMDB Browser on hcm-ucmdb-browser-608055954-fqxdr: User - ITAdmin,loggedInUser:{ITAdmin###10.3.61.31} # CustomerID: 1
# Avg (ms):       0 # Max (ms):       1 # Count:     6 # Last called: 2018-02-26 16:08:05.000 # Class: com.hp.ucmdb.authorization.permissions.operation.query.global.AuthorizationIsGlobalActionDirectlySetOnUserPermissions # CallerApp: JMX,loggedInUser:{sysadmin###UCMDB} # CustomerID: 1
# Avg (ms):       0 # Max (ms):       0 # Count:     5 # Last called: 2018-02-26 16:14:18.524 # Class: com.hp.ucmdb.authorization.model.operation.query.impl.AuthorizationGetAllUsersGroupsMap # CallerApp: UCMDB-UI,loggedInUser:{ITAdmin###10.3.61.31} # CustomerID: 1
# Avg (ms):       0 # Max (ms):       1 # Count:    30 # Last called: 2018-02-26 16:02:33.093 # Class: com.mercury.topaz.cmdb.shared.notification.operation.command.impl.DeploymentCommandPublishChanges # CallerApp: UCMDB Browser on hcm-ucmdb-browser-608055954-fqxdr: integration user,loggedInUser:{UISysadmin###UCMDB} # CustomerID: 1
# Avg (ms):       0 # Max (ms):       1 # Count:    45 # Last called: 2018-02-26 16:02:33.056 # Class: com.mercury.topaz.cmdb.shared.tql.operation.query.impl.TqlQueryGetPattern # CallerApp: UCMDB Browser on hcm-ucmdb-browser-608055954-fqxdr: integration user,loggedInUser:{UISysadmin###UCMDB} # CustomerID: 1
# Avg (ms):       0 # Max (ms):      10 # Count:    11 # Last called: 2018-02-26 16:02:33.440 # Class: com.hp.ucmdb.authorization.permissions.operation.query.resource.impl.AuthorizationBulkIsActionPermittedOnResources # CallerApp: UCMDB Browser on hcm-ucmdb-browser-608055954-fqxdr: integration user,loggedInUser:{UISysadmin###UCMDB} # CustomerID: 1
# Avg (ms):       0 # Max (ms):       1 # Count:    90 # Last called: 2018-02-26 16:14:53.537 # Class: com.mercury.topaz.cmdb.server.base.dispatcher.command.TimerTickCommand # CallerApp: Periodic task Correlation Actions task # CustomerID: 1
# Avg (ms):       0 # Max (ms):       1 # Count:    15 # Last called: 2018-02-26 16:02:33.082 # Class: com.mercury.topaz.cmdb.shared.enrichment.definition.operation.query.impl.EnrichmentQueryGetEnrichmentDefinitions # CallerApp: UCMDB Browser on hcm-ucmdb-browser-608055954-fqxdr: integration user,loggedInUser:{UISysadmin###UCMDB} # CustomerID: 1
# Avg (ms):       0 # Max (ms):       2 # Count:     5 # Last called: 2018-02-26 16:14:18.524 # Class: com.hp.ucmdb.authorization.permissions.operation.query.global.AuthorizationGetGlobalPermittedActions # CallerApp: UCMDB-UI,loggedInUser:{ITAdmin###10.3.61.31} # CustomerID: 1
# Avg (ms):       0 # Max (ms):       1 # Count:    15 # Last called: 2018-02-26 16:02:33.082 # Class: com.mercury.topaz.cmdb.shared.tql.operation.query.impl.TqlQueryGetVirtualPatternsData # CallerApp: UCMDB Browser on hcm-ucmdb-browser-608055954-fqxdr: integration user,loggedInUser:{UISysadmin###UCMDB} # CustomerID: 1
# Avg (ms):       0 # Max (ms):       1 # Count:    98 # Last called: 2018-02-26 16:13:56.000 # Class: com.hp.ucmdb.authorization.model.operation.query.impl.AuthorizationGetUser # CallerApp: UCMDB Browser on hcm-ucmdb-browser-608055954-fqxdr: integration user,loggedInUser:{UISysadmin###UCMDB} # CustomerID: 1
# Avg (ms):       0 # Max (ms):       0 # Count:     3 # Last called: 2018-02-26 16:14:45.077 # Class: com.hp.ucmdb.authorization.model.operation.query.impl.AuthorizationGetAllUsersGroupsMap # CallerApp: UCMDB-UI,loggedInUser:{sysadmin###UCMDB} # CustomerID: 1
# Avg (ms):       0 # Max (ms):       1 # Count:    14 # Last called: 2018-02-26 16:02:31.011 # Class: appilog.framework.shared.packaging.operation.query.impl.PackageOperationGetPackages # CallerApp: UCMDB Browser on hcm-ucmdb-browser-608055954-fqxdr: integration user,loggedInUser:{UISysadmin###UCMDB} # CustomerID: 1
# Avg (ms):       0 # Max (ms):       1 # Count:   335 # Last called: 2018-02-26 16:12:22.285 # Class: com.mercury.topaz.cmdb.server.tql.operation.query.impl.TqlQueryGetResultFromRepository # CallerApp: CMDB # CustomerID: 1
# Avg (ms):       0 # Max (ms):       0 # Count:     2 # Last called: 2018-02-26 16:05:16.620 # Class: com.mercury.topaz.cmdb.server.tql.newscheduler.internal.operations.TqlSchedulerOperationGetPatternCompiler # CallerApp: UCMDB Browser on hcm-ucmdb-browser-608055954-fqxdr: User - ITAdmin,loggedInUser:{ITAdmin###10.3.61.31} # CustomerID: 1
# Avg (ms):       0 # Max (ms):       0 # Count:     3 # Last called: 2018-02-26 16:14:45.077 # Class: com.hp.ucmdb.authorization.model.operation.query.impl.AuthorizationUserGetRoleAssignments # CallerApp: UCMDB-UI,loggedInUser:{sysadmin###UCMDB} # CustomerID: 1
# Avg (ms):       0 # Max (ms):       0 # Count:     1 # Last called: 2018-02-26 16:02:29.703 # Class: com.mercury.topaz.cmdb.shared.classmodel.operation.query.impl.ClassModelQueryGetWholeClassModel # CallerApp: UCMDB Browser on hcm-ucmdb-browser-608055954-fqxdr: User - ITAdmin,loggedInUser:{ITAdmin###10.3.61.31} # CustomerID: 1
# Avg (ms):       0 # Max (ms):       1 # Count:    16 # Last called: 2018-02-26 16:14:45.078 # Class: appilog.framework.shared.core.operation.query.impl.CoreOperationSPGetSystemParameters # CallerApp: UCMDB-UI,loggedInUser:{UISysadmin###UCMDB} # CustomerID: 1
# Avg (ms):       0 # Max (ms):       0 # Count:    17 # Last called: 2018-02-26 16:14:45.080 # Class: com.hp.ucmdb.authorization.model.operation.query.impl.AuthorizationGetUser # CallerApp: UCMDB-UI,loggedInUser:{sysadmin###UCMDB} # CustomerID: 1
# Avg (ms):       0 # Max (ms):       0 # Count:     4 # Last called: 2018-02-26 16:01:30.697 # Class: com.hp.ucmdb.authorization.model.operation.query.impl.AuthorizationGetUser # CallerApp: SDK connect,loggedInUser:{UISysadmin###UCMDB} # CustomerID: 1
# Avg (ms):       0 # Max (ms):       1 # Count:     6 # Last called: 2018-02-26 16:08:05.000 # Class: com.hp.ucmdb.authorization.model.operation.query.impl.AuthorizationGetAllUsersGroupsMap # CallerApp: JMX,loggedInUser:{sysadmin###UCMDB} # CustomerID: 1
# Avg (ms):       0 # Max (ms):       1 # Count:     2 # Last called: 2018-02-26 16:05:16.620 # Class: com.hp.ucmdb.authorization.permissions.operation.query.tenants.impl.AuthorizationGetTenantsForGeneralOnResourceOrCIPermittedAction # CallerApp: UCMDB Browser on hcm-ucmdb-browser-608055954-fqxdr: User - ITAdmin,loggedInUser:{ITAdmin###10.3.61.31} # CustomerID: 1
# Avg (ms):       0 # Max (ms):       1 # Count:    60 # Last called: 2018-02-26 16:14:54.184 # Class: com.hp.ucmdb.discovery.framework.probe.operations.AutoDiscoveryOperationUpdateResourceLastUpdateTime # CallerApp: Periodic task update discovery resources last update time # CustomerID: 1
# Avg (ms):       0 # Max (ms):       0 # Count:     4 # Last called: 2018-02-26 16:12:22.295 # Class: com.mercury.topaz.cmdb.server.monitors.operation.update.impl.MonitorsUpdateInfoOperation # CallerApp: CMDB # CustomerID: -2147483648
# Avg (ms):       0 # Max (ms):       3 # Count:    24 # Last called: 2018-02-26 16:14:18.534 # Class: com.hp.ucmdb.authorization.model.operation.query.impl.AuthorizationGetUser # CallerApp: UCMDB-UI,loggedInUser:{ITAdmin###10.3.61.31} # CustomerID: 1
# Avg (ms):       0 # Max (ms):       1 # Count:    20 # Last called: 2018-02-26 16:14:45.075 # Class: com.hp.ucmdb.authorization.model.operation.query.impl.AuthorizationGetAllRolesMap # CallerApp: UCMDB-UI,loggedInUser:{UISysadmin###UCMDB} # CustomerID: 1
# Avg (ms):       0 # Max (ms):       1 # Count:     2 # Last called: 2018-02-26 16:05:16.621 # Class: com.mercury.topaz.cmdb.server.model.operation.query.topology.separation.ModelTopologyQueryGetClassesResidenceInfo # CallerApp: UCMDB Browser on hcm-ucmdb-browser-608055954-fqxdr: User - ITAdmin,loggedInUser:{ITAdmin###10.3.61.31} # CustomerID: 1
# Avg (ms):       0 # Max (ms):       1 # Count:    15 # Last called: 2018-02-26 16:02:33.076 # Class: com.mercury.topaz.cmdb.server.tql.monitoredTql.operation.MonitoredTqlOnTqlChange # CallerApp: UCMDB Browser on hcm-ucmdb-browser-608055954-fqxdr: integration user,loggedInUser:{UISysadmin###UCMDB} # CustomerID: 1
# Avg (ms):       0 # Max (ms):       1 # Count:     3 # Last called: 2018-02-26 16:02:33.226 # Class: com.hp.ucmdb.view.facade.impl.ViewPersistenceManagerFacadeImpl$1ViewQueryGetViewDefinitionOperation # CallerApp: UCMDB Browser on hcm-ucmdb-browser-608055954-fqxdr: integration user,loggedInUser:{UISysadmin###UCMDB} # CustomerID: 1
# Avg (ms):       0 # Max (ms):       1 # Count:    40 # Last called: 2018-02-26 16:14:45.074 # Class: com.hp.ucmdb.authorization.model.operation.query.impl.AuthorizationGetUserByLoginName # CallerApp: UCMDB-UI,loggedInUser:{UISysadmin###UCMDB} # CustomerID: 1
# Avg (ms):       0 # Max (ms):       1 # Count:   306 # Last called: 2018-02-26 16:12:22.285 # Class: com.mercury.topaz.cmdb.shared.tql.operation.query.impl.TqlQueryGetPattern # CallerApp: CMDB # CustomerID: 1
# Avg (ms):       0 # Max (ms):       0 # Count:     4 # Last called: 2018-02-26 16:01:08.875 # Class: com.hp.ucmdb.authorization.model.operation.query.impl.AuthorizationGetUser # CallerApp: SDK,loggedInUser:{UISysadmin###UCMDB} # CustomerID: 1
# Avg (ms):       0 # Max (ms):       1 # Count:    58 # Last called: 2018-02-26 16:14:30.554 # Class: com.mercury.topaz.cmdb.shared.manage.customer.operation.query.impl.CmdbCustomerQueryGetAllCustomerStates # CallerApp: UIServer # CustomerID: -2147483648
# Avg (ms):       0 # Max (ms):       1 # Count:    30 # Last called: 2018-02-26 16:02:33.061 # Class: com.mercury.topaz.cmdb.shared.tql.operation.query.impl.TqlQueryGetPatternIfSatisfiesCondition # CallerApp: UCMDB # CustomerID: 1
# Avg (ms):       0 # Max (ms):       1 # Count:     2 # Last called: 2018-02-26 16:14:18.542 # Class: com.hp.ucmdb.authorization.permissions.operation.query.global.AuthorizationGetGlobalPermittedActions # CallerApp: UCMDB-UI,loggedInUser:{UISysadmin###UCMDB},loggedInUser:{ITAdmin###10.3.61.31} # CustomerID: 1
# Avg (ms):       0 # Max (ms):       0 # Count:     4 # Last called: 2018-02-26 16:01:08.875 # Class: com.hp.ucmdb.authorization.model.operation.query.impl.AuthorizationUserGetRoleAssignments # CallerApp: SDK,loggedInUser:{UISysadmin###UCMDB} # CustomerID: 1
# Avg (ms):       0 # Max (ms):       0 # Count:     1 # Last called: 2018-02-26 16:08:23.527 # Class: com.mercury.topaz.cmdb.server.base.util.cache.operation.CacheUpdateShrink # CallerApp: Periodic task IMPACT_STATE # CustomerID: 1
# Avg (ms):       0 # Max (ms):       1 # Count:    15 # Last called: 2018-02-26 16:02:33.093 # Class: appilog.framework.shared.correlation.operation.conf.CorrOpGetAllCorrelationRules # CallerApp: UCMDB Browser on hcm-ucmdb-browser-608055954-fqxdr: integration user,loggedInUser:{UISysadmin###UCMDB} # CustomerID: 1
# Avg (ms):       0 # Max (ms):       1 # Count:    20 # Last called: 2018-02-26 16:14:45.075 # Class: com.hp.ucmdb.authorization.model.operation.query.impl.AuthorizationGetAllUsersGroupsMap # CallerApp: UCMDB-UI,loggedInUser:{UISysadmin###UCMDB} # CustomerID: 1
# Avg (ms):       0 # Max (ms):       1 # Count:     4 # Last called: 2018-02-26 16:01:30.697 # Class: com.hp.ucmdb.authorization.model.operation.query.impl.AuthorizationGetAllUsersGroupsMap # CallerApp: SDK connect,loggedInUser:{UISysadmin###UCMDB} # CustomerID: 1
# Avg (ms):       0 # Max (ms):       0 # Count:     1 # Last called: 2018-02-26 16:02:30.462 # Class: com.mercury.topaz.cmdb.shared.classmodel.operation.query.impl.ClassModelQueryIsClassModelChanged # CallerApp: UCMDB Browser on hcm-ucmdb-browser-608055954-fqxdr: User - ITAdmin,loggedInUser:{ITAdmin###10.3.61.31} # CustomerID: 1
# Avg (ms):       0 # Max (ms):       1 # Count:    38 # Last called: 2018-02-26 16:14:47.637 # Class: appilog.framework.shared.core.operation.query.impl.CoreGlobalOperationGetSetting # CallerApp: UCMDB-UI,loggedInUser:{UISysadmin###UCMDB} # CustomerID: 1
# Avg (ms):       0 # Max (ms):       1 # Count:    22 # Last called: 2018-02-26 16:14:45.075 # Class: com.hp.ucmdb.authorization.model.operation.query.impl.AuthorizationGetUser # CallerApp: UCMDB-UI,loggedInUser:{UISysadmin###UCMDB} # CustomerID: 1
# Avg (ms):       0 # Max (ms):       1 # Count:    15 # Last called: 2018-02-26 16:02:33.076 # Class: com.mercury.topaz.cmdb.server.tql.authorization.operation.GetAuthorizationRulesByNamesOperation # CallerApp: UCMDB Browser on hcm-ucmdb-browser-608055954-fqxdr: integration user,loggedInUser:{UISysadmin###UCMDB} # CustomerID: 1
# Avg (ms):       0 # Max (ms):       0 # Count:     1 # Last called: 2018-02-26 16:02:30.948 # Class: com.hp.ucmdb.browser.operation.categories.impl.BrowserResourcesGetCategories # CallerApp: UCMDB Browser on hcm-ucmdb-browser-608055954-fqxdr: integration user,loggedInUser:{UISysadmin###UCMDB} # CustomerID: 1
# Avg (ms):       0 # Max (ms):       1 # Count:     9 # Last called: 2018-02-26 16:02:33.744 # Class: com.hp.ucmdb.authorization.permissions.operation.query.global.AuthorizationIsGlobalActionPermitted # CallerApp: UCMDB Browser on hcm-ucmdb-browser-608055954-fqxdr: User - ITAdmin,loggedInUser:{ITAdmin###10.3.61.31} # CustomerID: 1
# Avg (ms):       0 # Max (ms):       1 # Count:    90 # Last called: 2018-02-26 16:14:53.173 # Class: com.mercury.topaz.cmdb.server.tql.operation.command.impl.TqlCommandResultRepositoryRemoveTemporary # CallerApp: Periodic task result_repository_timer # CustomerID: 1
# Avg (ms):       0 # Max (ms):       0 # Count:     1 # Last called: 2018-02-26 16:01:08.934 # Class: com.hp.ucmdb.authorization.model.operation.query.impl.AuthorizationGetAllUsers # CallerApp: UCMDB Browser on hcm-ucmdb-browser-608055954-fqxdr: integration user,loggedInUser:{UISysadmin###UCMDB} # CustomerID: 1
# Avg (ms):       0 # Max (ms):       1 # Count:     4 # Last called: 2018-02-26 16:01:08.875 # Class: com.hp.ucmdb.authorization.model.operation.query.impl.AuthorizationGetAllUsersGroupsMap # CallerApp: SDK,loggedInUser:{UISysadmin###UCMDB} # CustomerID: 1
# Avg (ms):       0 # Max (ms):       0 # Count:     2 # Last called: 2018-02-26 16:14:18.542 # Class: com.hp.ucmdb.authorization.model.operation.query.impl.AuthorizationGetAllUsersGroupsMap # CallerApp: UCMDB-UI,loggedInUser:{UISysadmin###UCMDB},loggedInUser:{ITAdmin###10.3.61.31} # CustomerID: 1
# Avg (ms):       0 # Max (ms):       0 # Count:     1 # Last called: 2018-02-26 16:14:45.086 # Class: com.hp.ucmdb.authorization.model.operation.query.impl.AuthorizationGetAllUsersGroupsMap # CallerApp: UCMDB-UI,loggedInUser:{UISysadmin###UCMDB},loggedInUser:{sysadmin###UCMDB} # CustomerID: 1
# Avg (ms):       0 # Max (ms):       0 # Count:     1 # Last called: 2018-02-26 16:14:45.086 # Class: com.hp.ucmdb.authorization.permissions.operation.query.global.AuthorizationGetGlobalPermittedActions # CallerApp: UCMDB-UI,loggedInUser:{UISysadmin###UCMDB},loggedInUser:{sysadmin###UCMDB} # CustomerID: 1
# Avg (ms):       0 # Max (ms):       0 # Count:     1 # Last called: 2018-02-26 16:14:45.086 # Class: com.hp.ucmdb.authorization.model.operation.query.impl.AuthorizationUserGetRoleAssignments # CallerApp: UCMDB-UI,loggedInUser:{UISysadmin###UCMDB},loggedInUser:{sysadmin###UCMDB} # CustomerID: 1
# Avg (ms):       0 # Max (ms):       1 # Count:     3 # Last called: 2018-02-26 16:13:24.132 # Class: com.hp.ucmdb.discovery.framework.probe.operations.AutoDiscoveryOperationClearDownloadResourcesCache # CallerApp: Periodic task Resources Cache Clean # CustomerID: 1
# Avg (ms):       0 # Max (ms):       0 # Count:     4 # Last called: 2018-02-26 16:01:30.697 # Class: com.hp.ucmdb.authorization.model.operation.query.impl.AuthorizationUserGetRoleAssignments # CallerApp: SDK connect,loggedInUser:{UISysadmin###UCMDB} # CustomerID: 1
# Avg (ms):       0 # Max (ms):       6 # Count:    33 # Last called: 2018-02-26 16:02:33.226 # Class: com.mercury.topaz.cmdb.shared.grouping.operation.query.ResourceGroupingQueryGetBundleNamesOfResource # CallerApp: UCMDB Browser on hcm-ucmdb-browser-608055954-fqxdr: integration user,loggedInUser:{UISysadmin###UCMDB} # CustomerID: 1
# Avg (ms):       0 # Max (ms):       0 # Count:     1 # Last called: 2018-02-26 16:02:33.149 # Class: com.hp.ucmdb.authorization.permissions.operation.query.resource.impl.AuthorizationBulkIsActionPermittedOnResourcesByDependencies # CallerApp: UCMDB Browser on hcm-ucmdb-browser-608055954-fqxdr: integration user,loggedInUser:{UISysadmin###UCMDB} # CustomerID: 1
# Avg (ms):       0 # Max (ms):       1 # Count:    23 # Last called: 2018-02-26 16:13:56.031 # Class: com.mercury.topaz.cmdb.shared.manage.customer.operation.query.impl.CmdbCustomerQueryGetAllCustomerStates # CallerApp: UCMDB Browser on hcm-ucmdb-browser-608055954-fqxdr: integration user,loggedInUser:{UISysadmin###UCMDB} # CustomerID: -2147483648
# Avg (ms):       0 # Max (ms):       1 # Count:   335 # Last called: 2018-02-26 16:12:22.285 # Class: com.hp.ucmdb.authorization.permissions.operation.query.tenants.impl.AuthorizationGetTenantsForGeneralOnResourceOrCIPermittedAction # CallerApp: CMDB # CustomerID: 1
# Avg (ms):       0 # Max (ms):       1 # Count:     9 # Last called: 2018-02-26 16:02:33.744 # Class: com.hp.ucmdb.authorization.model.operation.query.impl.AuthorizationGetAllUsersGroupsMap # CallerApp: UCMDB Browser on hcm-ucmdb-browser-608055954-fqxdr: User - ITAdmin,loggedInUser:{ITAdmin###10.3.61.31} # CustomerID: 1
# Avg (ms):       0 # Max (ms):       0 # Count:     6 # Last called: 2018-02-26 16:08:05.000 # Class: com.hp.ucmdb.authorization.model.operation.query.impl.AuthorizationUserGetRoleAssignments # CallerApp: JMX,loggedInUser:{sysadmin###UCMDB} # CustomerID: 1
# Avg (ms):       0 # Max (ms):       0 # Count:     2 # Last called: 2018-02-26 16:05:16.620 # Class: com.hp.ucmdb.transformation.facade.ModelTransformationServerFacade$GetTransformationModel # CallerApp: UCMDB Browser on hcm-ucmdb-browser-608055954-fqxdr: User - ITAdmin,loggedInUser:{ITAdmin###10.3.61.31} # CustomerID: 1
# Avg (ms):       0 # Max (ms):       1 # Count:    15 # Last called: 2018-02-26 16:02:33.060 # Class: com.mercury.topaz.cmdb.shared.grouping.operation.update.ResourceGroupingUpdateResource # CallerApp: UCMDB Browser on hcm-ucmdb-browser-608055954-fqxdr: integration user,loggedInUser:{UISysadmin###UCMDB} # CustomerID: 1
# Avg (ms):       0 # Max (ms):      77 # Count:    83 # Last called: 2018-02-26 16:02:33.085 # Class: com.mercury.topaz.cmdb.shared.tql.operation.query.impl.TqlQueryGetPatterns # CallerApp: UCMDB Browser on hcm-ucmdb-browser-608055954-fqxdr: integration user,loggedInUser:{UISysadmin###UCMDB} # CustomerID: 1
# Avg (ms):       0 # Max (ms):       2 # Count:    15 # Last called: 2018-02-26 16:02:33.076 # Class: com.mercury.topaz.cmdb.server.notification.task.publish.operation.command.impl.NotificationPublishCommandPublishCorseGrained # CallerApp: UCMDB Browser on hcm-ucmdb-browser-608055954-fqxdr: integration user,loggedInUser:{UISysadmin###UCMDB} # CustomerID: 1
# Avg (ms):       0 # Max (ms):       1 # Count:   335 # Last called: 2018-02-26 16:12:22.285 # Class: com.mercury.topaz.cmdb.server.tql.operation.query.impl.TqlQueryGetResultFromCache # CallerApp: CMDB # CustomerID: 1
