
************************ Statistics from 2018-02-26 11:15:00.004 until 2018-02-26 11:30:00.009 ************************
Operations executed: 2275
Different operation types executed: 46
Operations average time (in millis): 37
The 10 worst operations are:
# Millis:   14718 # On: 2018-02-26 11:21:53.164 # Class: appilog.framework.shared.core.operation.query.impl.CoreOperationGetLicenseMiscInformation # CallerApp: UCMDB Browser on hcm-ucmdb-browser-608055954-41pjt: integration user,loggedInUser:{UISysadmin###UCMDB} # CustomerID: 1
RequestID: 4ff123d4d2b15f31b46cbf3f86692f0b # Name: CoreOperationGetLicenseMiscInformation
# Millis:    8888 # On: 2018-02-26 11:29:14.693 # Class: com.mercury.topaz.cmdb.shared.manage.customer.operation.query.impl.CmdbCustomerQueryGetAllCustomerConfigs # CallerApp: UIServer # CustomerID: -2147483648
RequestID: 4c7b5f9acd95cb32966f34a33572d312 # Name: CmdbCustomerQueryGetAllCustomerConfigs
# Millis:    8502 # On: 2018-02-26 11:18:35.284 # Class: com.mercury.topaz.cmdb.server.tql.operation.command.impl.TqlCommandConditionCountWakeUp # CallerApp: Periodic task Tql_Statistics_Manager_Timer # CustomerID: 1
RequestID: 49c8f63935be5a4ea7e5847941eaac44 # Name: Tql Command: Scheduler Tql Condition Count Wake Up # Verbose: Tql Command: Scheduler Tql Condition Count Wake Up
# Millis:    8502 # On: 2018-02-26 11:18:35.284 # Class: com.mercury.topaz.cmdb.server.model.operation.query.topology.separation.ModelTopologyQueryGetCountByTypes # CallerApp: Periodic task Tql_Statistics_Manager_Timer # CustomerID: 1
RequestID: 437f13f3d329f32d8b259ba1c4251c7b # Name: Model Query: Get Instances Count
# Millis:    7298 # On: 2018-02-26 11:18:36.439 # Class: com.mercury.topaz.cmdb.server.model.operation.query.impl.ModelQueryGetInstancesCount # CallerApp: Periodic task Tql_Statistics_Manager_Timer # CustomerID: 1
RequestID: 4024ce51e10bbd43a2a3d6f9355ff7fb # Name: Model Query: Get Instances Count for class: dependency
# Millis:    7298 # On: 2018-02-26 11:18:36.439 # Class: com.mercury.topaz.cmdb.server.model.operation.query.topology.memory.ModelMemoryTopologyQueryGetCIsCountByType # CallerApp: Periodic task Tql_Statistics_Manager_Timer # CustomerID: 1
RequestID: 44a7ebb0848c0b4b97df2085fec7a59a # Name: Model Memory Topology Query : ModelMemoryTopologyQueryGetCIsCountByType - operation
# Millis:    4199 # On: 2018-02-26 11:15:53.165 # Class: appilog.framework.shared.core.operation.query.impl.CoreOperationGetLicenseMiscInformation # CallerApp: UCMDB Browser on hcm-ucmdb-browser-608055954-41pjt: integration user,loggedInUser:{UISysadmin###UCMDB} # CustomerID: 1
RequestID: 428d85fd8db21edbbd05457d24903969 # Name: CoreOperationGetLicenseMiscInformation
# Millis:    3422 # On: 2018-02-26 11:27:11.175 # Class: com.mercury.topaz.cmdb.shared.manage.customer.operation.query.impl.CmdbCustomerQueryGetAllCustomerConfigs # CallerApp: UIServer # CustomerID: -2147483648
RequestID: 4e667bdb07749d9f913b737bbc7d9da5 # Name: CmdbCustomerQueryGetAllCustomerConfigs
# Millis:    3340 # On: 2018-02-26 11:24:07.749 # Class: com.mercury.topaz.cmdb.shared.manage.customer.operation.query.impl.CmdbCustomerQueryGetAllCustomerConfigs # CallerApp: UIServer # CustomerID: -2147483648
RequestID: 4237640b402b32699ed7e0c16da345f4 # Name: CmdbCustomerQueryGetAllCustomerConfigs
# Millis:    3262 # On: 2018-02-26 11:22:04.417 # Class: com.mercury.topaz.cmdb.shared.manage.customer.operation.query.impl.CmdbCustomerQueryGetAllCustomers # CallerApp: UIServer # CustomerID: -2147483648
RequestID: 46e42ff04130858a944132cf91eb09ec # Name: CmdbCustomerQueryGetAllCustomers
 *** All operations statistics ***
# Avg (ms):    8502 # Max (ms):    8502 # Count:     1 # Last called: 2018-02-26 11:18:35.284 # Class: com.mercury.topaz.cmdb.server.tql.operation.command.impl.TqlCommandConditionCountWakeUp # CallerApp: Periodic task Tql_Statistics_Manager_Timer # CustomerID: 1
# Avg (ms):    8502 # Max (ms):    8502 # Count:     1 # Last called: 2018-02-26 11:18:35.284 # Class: com.mercury.topaz.cmdb.server.model.operation.query.topology.separation.ModelTopologyQueryGetCountByTypes # CallerApp: Periodic task Tql_Statistics_Manager_Timer # CustomerID: 1
# Avg (ms):    1693 # Max (ms):   14718 # Count:    20 # Last called: 2018-02-26 11:28:16.321 # Class: appilog.framework.shared.core.operation.query.impl.CoreOperationGetLicenseMiscInformation # CallerApp: UCMDB Browser on hcm-ucmdb-browser-608055954-41pjt: integration user,loggedInUser:{UISysadmin###UCMDB} # CustomerID: 1
# Avg (ms):     771 # Max (ms):    7298 # Count:    11 # Last called: 2018-02-26 11:18:43.784 # Class: com.mercury.topaz.cmdb.server.model.operation.query.topology.memory.ModelMemoryTopologyQueryGetCIsCountByType # CallerApp: Periodic task Tql_Statistics_Manager_Timer # CustomerID: 1
# Avg (ms):     771 # Max (ms):    7298 # Count:    11 # Last called: 2018-02-26 11:18:43.784 # Class: com.mercury.topaz.cmdb.server.model.operation.query.impl.ModelQueryGetInstancesCount # CallerApp: Periodic task Tql_Statistics_Manager_Timer # CustomerID: 1
# Avg (ms):     251 # Max (ms):    8888 # Count:    60 # Last called: 2018-02-26 11:29:53.600 # Class: com.mercury.topaz.cmdb.shared.manage.customer.operation.query.impl.CmdbCustomerQueryGetAllCustomerConfigs # CallerApp: UIServer # CustomerID: -2147483648
# Avg (ms):      46 # Max (ms):    3262 # Count:    60 # Last called: 2018-02-26 11:29:53.598 # Class: com.mercury.topaz.cmdb.shared.manage.customer.operation.query.impl.CmdbCustomerQueryGetAllCustomers # CallerApp: UIServer # CustomerID: -2147483648
# Avg (ms):      41 # Max (ms):      41 # Count:     1 # Last called: 2018-02-26 11:17:57.770 # Class: com.mercury.topaz.cmdb.server.monitors.operation.command.impl.MonitorsCommandCollectInfo # CallerApp: CMDB # CustomerID: -2147483648
# Avg (ms):      16 # Max (ms):      27 # Count:    20 # Last called: 2018-02-26 11:28:17.295 # Class: appilog.framework.shared.core.operation.query.impl.CoreOperationSPGetAllSettings # CallerApp: UCMDB Browser on hcm-ucmdb-browser-608055954-41pjt: integration user,loggedInUser:{UISysadmin###UCMDB} # CustomerID: 1
# Avg (ms):      15 # Max (ms):      15 # Count:     1 # Last called: 2018-02-26 11:17:56.880 # Class: com.mercury.topaz.cmdb.shared.manage.quota.operation.update.impl.QuotaUpdateCollectCounts # CallerApp: CMDB # CustomerID: -2147483648
# Avg (ms):      12 # Max (ms):      14 # Count:     2 # Last called: 2018-02-26 11:17:57.771 # Class: com.mercury.topaz.cmdb.shared.tql.operation.query.impl.TqlQueryGetPatterns # CallerApp: CMDB # CustomerID: 1
# Avg (ms):      12 # Max (ms):      12 # Count:     2 # Last called: 2018-02-26 11:28:43.788 # Class: com.mercury.topaz.cmdb.shared.tql.operation.query.impl.TqlQueryGetPatterns # CallerApp: Periodic task result_repository_passivate_timer # CustomerID: 1
# Avg (ms):      12 # Max (ms):      12 # Count:     2 # Last called: 2018-02-26 11:28:43.788 # Class: com.mercury.topaz.cmdb.server.tql.operation.command.impl.TqlCommandResultRepositoryPassivation # CallerApp: Periodic task result_repository_passivate_timer # CustomerID: 1
# Avg (ms):       3 # Max (ms):      28 # Count:    20 # Last called: 2018-02-26 11:28:17.317 # Class: com.mercury.topaz.cmdb.shared.manage.customer.operation.query.impl.CmdbCustomerQueryGetAllCustomers # CallerApp: UCMDB Browser on hcm-ucmdb-browser-608055954-41pjt: integration user,loggedInUser:{UISysadmin###UCMDB} # CustomerID: -2147483648
# Avg (ms):       1 # Max (ms):       1 # Count:     1 # Last called: 2018-02-26 11:18:43.787 # Class: com.mercury.topaz.cmdb.server.tql.operation.command.impl.TqlWriteStatisticsToLog # CallerApp: Periodic task pattern_statistics_log # CustomerID: 1
# Avg (ms):       1 # Max (ms):      13 # Count:    20 # Last called: 2018-02-26 11:28:17.320 # Class: com.mercury.topaz.cmdb.shared.manage.customer.operation.query.impl.CmdbCustomerQueryGetAllCustomerConfigs # CallerApp: UCMDB Browser on hcm-ucmdb-browser-608055954-41pjt: integration user,loggedInUser:{UISysadmin###UCMDB} # CustomerID: -2147483648
# Avg (ms):       1 # Max (ms):       1 # Count:     1 # Last called: 2018-02-26 11:17:57.770 # Class: com.mercury.topaz.cmdb.shared.manage.quota.operation.query.impl.QuotaQueryGetQuotaAndCountInfo # CallerApp: CMDB # CustomerID: -2147483648
# Avg (ms):       0 # Max (ms):       0 # Count:     1 # Last called: 2018-02-26 11:17:56.881 # Class: com.mercury.topaz.cmdb.server.model.operation.query.topology.separation.ModelTopologyQueryGetObjectsCount # CallerApp: CMDB # CustomerID: 1
# Avg (ms):       0 # Max (ms):       0 # Count:     1 # Last called: 2018-02-26 11:18:43.800 # Class: com.hp.ucmdb.discovery.framework.user.operations.troubleshooter.AutoDiscoveryOperationRemoveIdleTroubleshooters # CallerApp: Periodic task Troubleshooter clean up - Remove idle Troubleshooters # CustomerID: 1
# Avg (ms):       0 # Max (ms):       0 # Count:    20 # Last called: 2018-02-26 11:28:17.295 # Class: com.hp.ucmdb.authorization.model.operation.query.impl.AuthorizationGetUser # CallerApp: UCMDB Browser on hcm-ucmdb-browser-608055954-41pjt: integration user,loggedInUser:{UISysadmin###UCMDB} # CustomerID: 1
# Avg (ms):       0 # Max (ms):       0 # Count:     1 # Last called: 2018-02-26 11:18:43.786 # Class: com.mercury.topaz.cmdb.server.model.operation.command.topology.impl.ModelQueryGatherConnectivityStatistics # CallerApp: Periodic task Tql_Statistics_Manager_Timer # CustomerID: 1
# Avg (ms):       0 # Max (ms):       1 # Count:     3 # Last called: 2018-02-26 11:28:43.800 # Class: com.hp.ucmdb.widgettracker.operations.CmdbWidgetClearNotificationsCache # CallerApp: Periodic task Cmdb-Widget-Tracker: Clean Notifications Cache Task # CustomerID: 1
# Avg (ms):       0 # Max (ms):       0 # Count:     1 # Last called: 2018-02-26 11:18:43.787 # Class: com.mercury.topaz.cmdb.shared.tql.operation.query.impl.TqlQueryGetSchedulerStatistics # CallerApp: Periodic task pattern_statistics_log # CustomerID: 1
# Avg (ms):       0 # Max (ms):       1 # Count:   335 # Last called: 2018-02-26 11:17:57.811 # Class: com.hp.ucmdb.authorization.permissions.operation.query.tenants.impl.AuthorizationGetTenantsForGeneralOnResourceOrCIPermittedAction # CallerApp: CMDB # CustomerID: 1
# Avg (ms):       0 # Max (ms):       1 # Count:   163 # Last called: 2018-02-26 11:18:43.786 # Class: com.mercury.topaz.cmdb.server.model.operation.query.topology.memory.ModelMemoryTopologyQueryGetObjectsCount # CallerApp: Periodic task Tql_Statistics_Manager_Timer # CustomerID: 1
# Avg (ms):       0 # Max (ms):       0 # Count:     1 # Last called: 2018-02-26 11:28:35.327 # Class: com.hp.ucmdb.tql.tracker.operations.TqlTrackerRunQueue # CallerApp: Periodic task TQL Tracker task for 1, id name: Default Client # CustomerID: 1
# Avg (ms):       0 # Max (ms):       1 # Count:   306 # Last called: 2018-02-26 11:17:57.811 # Class: com.mercury.topaz.cmdb.shared.tql.operation.query.impl.TqlQueryGetPattern # CallerApp: CMDB # CustomerID: 1
# Avg (ms):       0 # Max (ms):       0 # Count:     1 # Last called: 2018-02-26 11:28:35.327 # Class: com.hp.ucmdb.tql.tracker.operations.TqlTrackerScheduleTick # CallerApp: Periodic task TQL Tracker task for 1, id name: Default Client # CustomerID: 1
# Avg (ms):       0 # Max (ms):       1 # Count:    20 # Last called: 2018-02-26 11:28:17.323 # Class: com.mercury.topaz.cmdb.shared.manage.customer.operation.query.impl.CmdbCustomerQueryGetAllCustomerStates # CallerApp: UCMDB Browser on hcm-ucmdb-browser-608055954-41pjt: integration user,loggedInUser:{UISysadmin###UCMDB} # CustomerID: -2147483648
# Avg (ms):       0 # Max (ms):       1 # Count:    60 # Last called: 2018-02-26 11:29:59.483 # Class: com.hp.ucmdb.discovery.framework.probe.operations.AutoDiscoveryOperationUpdateResourceLastUpdateTime # CallerApp: Periodic task update discovery resources last update time # CustomerID: 1
# Avg (ms):       0 # Max (ms):       0 # Count:     1 # Last called: 2018-02-26 11:17:56.881 # Class: com.mercury.topaz.cmdb.server.model.operation.query.topology.memory.ModelMemoryTopologyQueryGetObjectsCount # CallerApp: CMDB # CustomerID: 1
# Avg (ms):       0 # Max (ms):       1 # Count:   335 # Last called: 2018-02-26 11:17:57.811 # Class: com.mercury.topaz.cmdb.server.tql.operation.query.impl.TqlQueryGetResultFromRepository # CallerApp: CMDB # CustomerID: 1
# Avg (ms):       0 # Max (ms):       0 # Count:     4 # Last called: 2018-02-26 11:17:57.811 # Class: com.mercury.topaz.cmdb.server.monitors.operation.update.impl.MonitorsUpdateInfoOperation # CallerApp: CMDB # CustomerID: -2147483648
# Avg (ms):       0 # Max (ms):       0 # Count:     1 # Last called: 2018-02-26 11:28:35.327 # Class: com.hp.ucmdb.tql.tracker.operations.TqlTrackerAddNewTrackersToQueue # CallerApp: Periodic task TQL Tracker task for 1, id name: Default Client # CustomerID: 1
# Avg (ms):       0 # Max (ms):       0 # Count:     3 # Last called: 2018-02-26 11:28:43.802 # Class: com.hp.ucmdb.discovery.framework.probe.operations.AutoDiscoveryOperationClearDownloadResourcesCache # CallerApp: Periodic task Resources Cache Clean # CustomerID: 1
# Avg (ms):       0 # Max (ms):       0 # Count:     2 # Last called: 2018-02-26 11:28:43.800 # Class: com.mercury.topaz.cmdb.server.base.util.cache.operation.CacheUpdateShrink # CallerApp: Periodic task IMPACT_STATE # CustomerID: 1
# Avg (ms):       0 # Max (ms):       1 # Count:    89 # Last called: 2018-02-26 11:29:53.800 # Class: com.mercury.topaz.cmdb.server.tql.operation.command.impl.TqlCommandResultRepositoryRemoveTemporary # CallerApp: Periodic task result_repository_timer # CustomerID: 1
# Avg (ms):       0 # Max (ms):       1 # Count:    29 # Last called: 2018-02-26 11:18:43.788 # Class: com.hp.ucmdb.authorization.permissions.operation.query.tenants.impl.AuthorizationGetTenantsForGeneralOnResourceOrCIPermittedAction # CallerApp: Periodic task pattern_statistics_log # CustomerID: 1
# Avg (ms):       0 # Max (ms):       0 # Count:    11 # Last called: 2018-02-26 11:18:43.784 # Class: com.hp.ucmdb.authorization.permissions.operation.query.tenants.impl.AuthorizationGetTenantsForGeneralOnResourceOrCIPermittedAction # CallerApp: Periodic task Tql_Statistics_Manager_Timer # CustomerID: 1
# Avg (ms):       0 # Max (ms):       1 # Count:   163 # Last called: 2018-02-26 11:18:43.786 # Class: com.mercury.topaz.cmdb.server.model.operation.query.topology.separation.ModelTopologyQueryGetObjectsCount # CallerApp: Periodic task Tql_Statistics_Manager_Timer # CustomerID: 1
# Avg (ms):       0 # Max (ms):       1 # Count:     4 # Last called: 2018-02-26 11:17:57.811 # Class: com.mercury.topaz.cmdb.shared.manage.customer.operation.query.impl.CmdbCustomerQueryGetLoadedCustomerIDs # CallerApp: CMDB # CustomerID: -2147483648
# Avg (ms):       0 # Max (ms):       1 # Count:    60 # Last called: 2018-02-26 11:29:53.601 # Class: com.mercury.topaz.cmdb.shared.manage.customer.operation.query.impl.CmdbCustomerQueryGetAllCustomerStates # CallerApp: UIServer # CustomerID: -2147483648
# Avg (ms):       0 # Max (ms):       1 # Count:   335 # Last called: 2018-02-26 11:17:57.811 # Class: com.mercury.topaz.cmdb.server.tql.operation.query.impl.TqlQueryGetResultFromCache # CallerApp: CMDB # CustomerID: 1
# Avg (ms):       0 # Max (ms):       0 # Count:     1 # Last called: 2018-02-26 11:17:57.811 # Class: com.mercury.topaz.cmdb.server.tql.operation.query.impl.TqlQueryGetFailedTqls # CallerApp: CMDB # CustomerID: 1
# Avg (ms):       0 # Max (ms):       0 # Count:     1 # Last called: 2018-02-26 11:17:56.881 # Class: com.mercury.topaz.cmdb.server.model.operation.query.topology.separation.ModelTopologyQueryGetCountByTypes # CallerApp: CMDB # CustomerID: 1
# Avg (ms):       0 # Max (ms):       1 # Count:    89 # Last called: 2018-02-26 11:29:53.801 # Class: com.mercury.topaz.cmdb.server.base.dispatcher.command.TimerTickCommand # CallerApp: Periodic task Correlation Actions task # CustomerID: 1
