
************************ Statistics from 2018-02-26 05:15:00.006 until 2018-02-26 05:30:00.005 ************************
Operations executed: 2277
Different operation types executed: 46
Operations average time (in millis): 6
The 10 worst operations are:
# Millis:     975 # On: 2018-02-26 05:28:16.313 # Class: appilog.framework.shared.core.operation.query.impl.CoreOperationGetLicenseMiscInformation # CallerApp: UCMDB Browser on hcm-ucmdb-browser-608055954-41pjt: integration user,loggedInUser:{UISysadmin###UCMDB} # CustomerID: 1
RequestID: 4ade6d71eed811bba59af865c5f43954 # Name: CoreOperationGetLicenseMiscInformation
# Millis:     964 # On: 2018-02-26 05:19:16.310 # Class: appilog.framework.shared.core.operation.query.impl.CoreOperationGetLicenseMiscInformation # CallerApp: UCMDB Browser on hcm-ucmdb-browser-608055954-41pjt: integration user,loggedInUser:{UISysadmin###UCMDB} # CustomerID: 1
RequestID: 4a71e77cedd565d6b0c947822ea69050 # Name: CoreOperationGetLicenseMiscInformation
# Millis:     952 # On: 2018-02-26 05:16:16.313 # Class: appilog.framework.shared.core.operation.query.impl.CoreOperationGetLicenseMiscInformation # CallerApp: UCMDB Browser on hcm-ucmdb-browser-608055954-41pjt: integration user,loggedInUser:{UISysadmin###UCMDB} # CustomerID: 1
RequestID: 4d00dae198ce943698fe8b5db531e21d # Name: CoreOperationGetLicenseMiscInformation
# Millis:     934 # On: 2018-02-26 05:19:16.305 # Class: appilog.framework.shared.core.operation.query.impl.CoreOperationGetLicenseMiscInformation # CallerApp: UCMDB Browser on hcm-ucmdb-browser-608055954-41pjt: integration user,loggedInUser:{UISysadmin###UCMDB} # CustomerID: 1
RequestID: 4f0a7eddabb054b48fdb769b71ed7aa6 # Name: CoreOperationGetLicenseMiscInformation
# Millis:     927 # On: 2018-02-26 05:22:16.313 # Class: appilog.framework.shared.core.operation.query.impl.CoreOperationGetLicenseMiscInformation # CallerApp: UCMDB Browser on hcm-ucmdb-browser-608055954-41pjt: integration user,loggedInUser:{UISysadmin###UCMDB} # CustomerID: 1
RequestID: 44c305727d35d4039aed713a6ff76d90 # Name: CoreOperationGetLicenseMiscInformation
# Millis:     919 # On: 2018-02-26 05:25:16.310 # Class: appilog.framework.shared.core.operation.query.impl.CoreOperationGetLicenseMiscInformation # CallerApp: UCMDB Browser on hcm-ucmdb-browser-608055954-41pjt: integration user,loggedInUser:{UISysadmin###UCMDB} # CustomerID: 1
RequestID: 4cc514da0da49a9b93907c1dda02ccc7 # Name: CoreOperationGetLicenseMiscInformation
# Millis:     861 # On: 2018-02-26 05:16:16.308 # Class: appilog.framework.shared.core.operation.query.impl.CoreOperationGetLicenseMiscInformation # CallerApp: UCMDB Browser on hcm-ucmdb-browser-608055954-41pjt: integration user,loggedInUser:{UISysadmin###UCMDB} # CustomerID: 1
RequestID: 403964bf98f6fe9cb2aebbb67984fb89 # Name: CoreOperationGetLicenseMiscInformation
# Millis:     823 # On: 2018-02-26 05:28:16.308 # Class: appilog.framework.shared.core.operation.query.impl.CoreOperationGetLicenseMiscInformation # CallerApp: UCMDB Browser on hcm-ucmdb-browser-608055954-41pjt: integration user,loggedInUser:{UISysadmin###UCMDB} # CustomerID: 1
RequestID: 4038aeccb112ffe0acac6f9c8234f3a6 # Name: CoreOperationGetLicenseMiscInformation
# Millis:     804 # On: 2018-02-26 05:25:16.318 # Class: appilog.framework.shared.core.operation.query.impl.CoreOperationGetLicenseMiscInformation # CallerApp: UCMDB Browser on hcm-ucmdb-browser-608055954-41pjt: integration user,loggedInUser:{UISysadmin###UCMDB} # CustomerID: 1
RequestID: 4c4bb7c08f99ea4ea25ccf00828621f8 # Name: CoreOperationGetLicenseMiscInformation
# Millis:     775 # On: 2018-02-26 05:22:16.308 # Class: appilog.framework.shared.core.operation.query.impl.CoreOperationGetLicenseMiscInformation # CallerApp: UCMDB Browser on hcm-ucmdb-browser-608055954-41pjt: integration user,loggedInUser:{UISysadmin###UCMDB} # CustomerID: 1
RequestID: 42bcab6ea6fcaa4cbd21e13f617bdb3f # Name: CoreOperationGetLicenseMiscInformation
 *** All operations statistics ***
# Avg (ms):     675 # Max (ms):     975 # Count:    20 # Last called: 2018-02-26 05:28:16.313 # Class: appilog.framework.shared.core.operation.query.impl.CoreOperationGetLicenseMiscInformation # CallerApp: UCMDB Browser on hcm-ucmdb-browser-608055954-41pjt: integration user,loggedInUser:{UISysadmin###UCMDB} # CustomerID: 1
# Avg (ms):      42 # Max (ms):      42 # Count:     1 # Last called: 2018-02-26 05:17:57.769 # Class: com.mercury.topaz.cmdb.server.monitors.operation.command.impl.MonitorsCommandCollectInfo # CallerApp: CMDB # CustomerID: -2147483648
# Avg (ms):      35 # Max (ms):      35 # Count:     1 # Last called: 2018-02-26 05:18:35.279 # Class: com.mercury.topaz.cmdb.server.tql.operation.command.impl.TqlCommandConditionCountWakeUp # CallerApp: Periodic task Tql_Statistics_Manager_Timer # CustomerID: 1
# Avg (ms):      34 # Max (ms):      34 # Count:     1 # Last called: 2018-02-26 05:18:35.279 # Class: com.mercury.topaz.cmdb.server.model.operation.query.topology.separation.ModelTopologyQueryGetCountByTypes # CallerApp: Periodic task Tql_Statistics_Manager_Timer # CustomerID: 1
# Avg (ms):      16 # Max (ms):      26 # Count:    20 # Last called: 2018-02-26 05:28:17.292 # Class: appilog.framework.shared.core.operation.query.impl.CoreOperationSPGetAllSettings # CallerApp: UCMDB Browser on hcm-ucmdb-browser-608055954-41pjt: integration user,loggedInUser:{UISysadmin###UCMDB} # CustomerID: 1
# Avg (ms):      13 # Max (ms):      14 # Count:     2 # Last called: 2018-02-26 05:28:40.001 # Class: com.mercury.topaz.cmdb.server.tql.operation.command.impl.TqlCommandResultRepositoryPassivation # CallerApp: Periodic task result_repository_passivate_timer # CustomerID: 1
# Avg (ms):      13 # Max (ms):      14 # Count:     2 # Last called: 2018-02-26 05:28:40.001 # Class: com.mercury.topaz.cmdb.shared.tql.operation.query.impl.TqlQueryGetPatterns # CallerApp: Periodic task result_repository_passivate_timer # CustomerID: 1
# Avg (ms):      13 # Max (ms):      13 # Count:     1 # Last called: 2018-02-26 05:17:56.876 # Class: com.mercury.topaz.cmdb.shared.manage.quota.operation.update.impl.QuotaUpdateCollectCounts # CallerApp: CMDB # CustomerID: -2147483648
# Avg (ms):      12 # Max (ms):      12 # Count:     2 # Last called: 2018-02-26 05:17:57.770 # Class: com.mercury.topaz.cmdb.shared.tql.operation.query.impl.TqlQueryGetPatterns # CallerApp: CMDB # CustomerID: 1
# Avg (ms):       3 # Max (ms):       6 # Count:    20 # Last called: 2018-02-26 05:28:17.313 # Class: com.mercury.topaz.cmdb.shared.manage.customer.operation.query.impl.CmdbCustomerQueryGetAllCustomers # CallerApp: UCMDB Browser on hcm-ucmdb-browser-608055954-41pjt: integration user,loggedInUser:{UISysadmin###UCMDB} # CustomerID: -2147483648
# Avg (ms):       2 # Max (ms):       4 # Count:    20 # Last called: 2018-02-26 05:28:17.316 # Class: com.mercury.topaz.cmdb.shared.manage.customer.operation.query.impl.CmdbCustomerQueryGetAllCustomerConfigs # CallerApp: UCMDB Browser on hcm-ucmdb-browser-608055954-41pjt: integration user,loggedInUser:{UISysadmin###UCMDB} # CustomerID: -2147483648
# Avg (ms):       2 # Max (ms):       2 # Count:     1 # Last called: 2018-02-26 05:18:39.983 # Class: com.mercury.topaz.cmdb.server.tql.operation.command.impl.TqlWriteStatisticsToLog # CallerApp: Periodic task pattern_statistics_log # CustomerID: 1
# Avg (ms):       2 # Max (ms):       6 # Count:    60 # Last called: 2018-02-26 05:29:54.500 # Class: com.mercury.topaz.cmdb.shared.manage.customer.operation.query.impl.CmdbCustomerQueryGetAllCustomers # CallerApp: UIServer # CustomerID: -2147483648
# Avg (ms):       1 # Max (ms):       1 # Count:     1 # Last called: 2018-02-26 05:28:35.326 # Class: com.hp.ucmdb.tql.tracker.operations.TqlTrackerScheduleTick # CallerApp: Periodic task TQL Tracker task for 1, id name: Default Client # CustomerID: 1
# Avg (ms):       1 # Max (ms):      10 # Count:    60 # Last called: 2018-02-26 05:29:54.503 # Class: com.mercury.topaz.cmdb.shared.manage.customer.operation.query.impl.CmdbCustomerQueryGetAllCustomerConfigs # CallerApp: UIServer # CustomerID: -2147483648
# Avg (ms):       1 # Max (ms):       7 # Count:    11 # Last called: 2018-02-26 05:18:35.312 # Class: com.mercury.topaz.cmdb.server.model.operation.query.topology.memory.ModelMemoryTopologyQueryGetCIsCountByType # CallerApp: Periodic task Tql_Statistics_Manager_Timer # CustomerID: 1
# Avg (ms):       1 # Max (ms):       1 # Count:     1 # Last called: 2018-02-26 05:17:57.769 # Class: com.mercury.topaz.cmdb.shared.manage.quota.operation.query.impl.QuotaQueryGetQuotaAndCountInfo # CallerApp: CMDB # CustomerID: -2147483648
# Avg (ms):       1 # Max (ms):       7 # Count:    11 # Last called: 2018-02-26 05:18:35.312 # Class: com.mercury.topaz.cmdb.server.model.operation.query.impl.ModelQueryGetInstancesCount # CallerApp: Periodic task Tql_Statistics_Manager_Timer # CustomerID: 1
# Avg (ms):       1 # Max (ms):       1 # Count:     1 # Last called: 2018-02-26 05:28:35.326 # Class: com.hp.ucmdb.tql.tracker.operations.TqlTrackerRunQueue # CallerApp: Periodic task TQL Tracker task for 1, id name: Default Client # CustomerID: 1
# Avg (ms):       0 # Max (ms):       1 # Count:    60 # Last called: 2018-02-26 05:29:59.370 # Class: com.hp.ucmdb.discovery.framework.probe.operations.AutoDiscoveryOperationUpdateResourceLastUpdateTime # CallerApp: Periodic task update discovery resources last update time # CustomerID: 1
# Avg (ms):       0 # Max (ms):       0 # Count:     1 # Last called: 2018-02-26 05:17:56.877 # Class: com.mercury.topaz.cmdb.server.model.operation.query.topology.memory.ModelMemoryTopologyQueryGetObjectsCount # CallerApp: CMDB # CustomerID: 1
# Avg (ms):       0 # Max (ms):       1 # Count:   335 # Last called: 2018-02-26 05:17:57.811 # Class: com.hp.ucmdb.authorization.permissions.operation.query.tenants.impl.AuthorizationGetTenantsForGeneralOnResourceOrCIPermittedAction # CallerApp: CMDB # CustomerID: 1
# Avg (ms):       0 # Max (ms):       0 # Count:    11 # Last called: 2018-02-26 05:18:35.312 # Class: com.hp.ucmdb.authorization.permissions.operation.query.tenants.impl.AuthorizationGetTenantsForGeneralOnResourceOrCIPermittedAction # CallerApp: Periodic task Tql_Statistics_Manager_Timer # CustomerID: 1
# Avg (ms):       0 # Max (ms):       0 # Count:     1 # Last called: 2018-02-26 05:17:57.811 # Class: com.mercury.topaz.cmdb.server.tql.operation.query.impl.TqlQueryGetFailedTqls # CallerApp: CMDB # CustomerID: 1
# Avg (ms):       0 # Max (ms):       0 # Count:     1 # Last called: 2018-02-26 05:18:40.015 # Class: com.hp.ucmdb.discovery.framework.user.operations.troubleshooter.AutoDiscoveryOperationRemoveIdleTroubleshooters # CallerApp: Periodic task Troubleshooter clean up - Remove idle Troubleshooters # CustomerID: 1
# Avg (ms):       0 # Max (ms):       1 # Count:    20 # Last called: 2018-02-26 05:28:17.319 # Class: com.mercury.topaz.cmdb.shared.manage.customer.operation.query.impl.CmdbCustomerQueryGetAllCustomerStates # CallerApp: UCMDB Browser on hcm-ucmdb-browser-608055954-41pjt: integration user,loggedInUser:{UISysadmin###UCMDB} # CustomerID: -2147483648
# Avg (ms):       0 # Max (ms):       1 # Count:   163 # Last called: 2018-02-26 05:18:35.313 # Class: com.mercury.topaz.cmdb.server.model.operation.query.topology.memory.ModelMemoryTopologyQueryGetObjectsCount # CallerApp: Periodic task Tql_Statistics_Manager_Timer # CustomerID: 1
# Avg (ms):       0 # Max (ms):       0 # Count:     1 # Last called: 2018-02-26 05:28:35.326 # Class: com.hp.ucmdb.tql.tracker.operations.TqlTrackerAddNewTrackersToQueue # CallerApp: Periodic task TQL Tracker task for 1, id name: Default Client # CustomerID: 1
# Avg (ms):       0 # Max (ms):       0 # Count:    29 # Last called: 2018-02-26 05:18:39.985 # Class: com.hp.ucmdb.authorization.permissions.operation.query.tenants.impl.AuthorizationGetTenantsForGeneralOnResourceOrCIPermittedAction # CallerApp: Periodic task pattern_statistics_log # CustomerID: 1
# Avg (ms):       0 # Max (ms):       0 # Count:     1 # Last called: 2018-02-26 05:17:56.877 # Class: com.mercury.topaz.cmdb.server.model.operation.query.topology.separation.ModelTopologyQueryGetObjectsCount # CallerApp: CMDB # CustomerID: 1
# Avg (ms):       0 # Max (ms):       1 # Count:   335 # Last called: 2018-02-26 05:17:57.811 # Class: com.mercury.topaz.cmdb.server.tql.operation.query.impl.TqlQueryGetResultFromCache # CallerApp: CMDB # CustomerID: 1
# Avg (ms):       0 # Max (ms):       1 # Count:     2 # Last called: 2018-02-26 05:28:40.046 # Class: com.mercury.topaz.cmdb.server.base.util.cache.operation.CacheUpdateShrink # CallerApp: Periodic task IMPACT_STATE # CustomerID: 1
# Avg (ms):       0 # Max (ms):       0 # Count:     1 # Last called: 2018-02-26 05:18:35.314 # Class: com.mercury.topaz.cmdb.server.model.operation.command.topology.impl.ModelQueryGatherConnectivityStatistics # CallerApp: Periodic task Tql_Statistics_Manager_Timer # CustomerID: 1
# Avg (ms):       0 # Max (ms):       0 # Count:     1 # Last called: 2018-02-26 05:17:56.877 # Class: com.mercury.topaz.cmdb.server.model.operation.query.topology.separation.ModelTopologyQueryGetCountByTypes # CallerApp: CMDB # CustomerID: 1
# Avg (ms):       0 # Max (ms):       1 # Count:   306 # Last called: 2018-02-26 05:17:57.811 # Class: com.mercury.topaz.cmdb.shared.tql.operation.query.impl.TqlQueryGetPattern # CallerApp: CMDB # CustomerID: 1
# Avg (ms):       0 # Max (ms):       1 # Count:    90 # Last called: 2018-02-26 05:29:59.430 # Class: com.mercury.topaz.cmdb.server.tql.operation.command.impl.TqlCommandResultRepositoryRemoveTemporary # CallerApp: Periodic task result_repository_timer # CustomerID: 1
# Avg (ms):       0 # Max (ms):       0 # Count:     1 # Last called: 2018-02-26 05:18:39.983 # Class: com.mercury.topaz.cmdb.shared.tql.operation.query.impl.TqlQueryGetSchedulerStatistics # CallerApp: Periodic task pattern_statistics_log # CustomerID: 1
# Avg (ms):       0 # Max (ms):       0 # Count:    20 # Last called: 2018-02-26 05:28:17.292 # Class: com.hp.ucmdb.authorization.model.operation.query.impl.AuthorizationGetUser # CallerApp: UCMDB Browser on hcm-ucmdb-browser-608055954-41pjt: integration user,loggedInUser:{UISysadmin###UCMDB} # CustomerID: 1
# Avg (ms):       0 # Max (ms):       1 # Count:   335 # Last called: 2018-02-26 05:17:57.811 # Class: com.mercury.topaz.cmdb.server.tql.operation.query.impl.TqlQueryGetResultFromRepository # CallerApp: CMDB # CustomerID: 1
# Avg (ms):       0 # Max (ms):       1 # Count:   163 # Last called: 2018-02-26 05:18:35.313 # Class: com.mercury.topaz.cmdb.server.model.operation.query.topology.separation.ModelTopologyQueryGetObjectsCount # CallerApp: Periodic task Tql_Statistics_Manager_Timer # CustomerID: 1
# Avg (ms):       0 # Max (ms):       0 # Count:     3 # Last called: 2018-02-26 05:28:40.058 # Class: com.hp.ucmdb.widgettracker.operations.CmdbWidgetClearNotificationsCache # CallerApp: Periodic task Cmdb-Widget-Tracker: Clean Notifications Cache Task # CustomerID: 1
# Avg (ms):       0 # Max (ms):       0 # Count:     4 # Last called: 2018-02-26 05:17:57.811 # Class: com.mercury.topaz.cmdb.server.monitors.operation.update.impl.MonitorsUpdateInfoOperation # CallerApp: CMDB # CustomerID: -2147483648
# Avg (ms):       0 # Max (ms):       1 # Count:    60 # Last called: 2018-02-26 05:29:54.505 # Class: com.mercury.topaz.cmdb.shared.manage.customer.operation.query.impl.CmdbCustomerQueryGetAllCustomerStates # CallerApp: UIServer # CustomerID: -2147483648
# Avg (ms):       0 # Max (ms):       1 # Count:     4 # Last called: 2018-02-26 05:17:57.811 # Class: com.mercury.topaz.cmdb.shared.manage.customer.operation.query.impl.CmdbCustomerQueryGetLoadedCustomerIDs # CallerApp: CMDB # CustomerID: -2147483648
# Avg (ms):       0 # Max (ms):       0 # Count:     3 # Last called: 2018-02-26 05:28:40.076 # Class: com.hp.ucmdb.discovery.framework.probe.operations.AutoDiscoveryOperationClearDownloadResourcesCache # CallerApp: Periodic task Resources Cache Clean # CustomerID: 1
# Avg (ms):       0 # Max (ms):       1 # Count:    90 # Last called: 2018-02-26 05:29:59.442 # Class: com.mercury.topaz.cmdb.server.base.dispatcher.command.TimerTickCommand # CallerApp: Periodic task Correlation Actions task # CustomerID: 1
