
************************ Statistics from 2018-02-26 15:50:10.767 until 2018-02-26 16:00:00.060 ************************
Operations executed: 2055
Different operation types executed: 119
Operations average time (in millis): 16
The 10 worst operations are:
# Millis:    3244 # On: 2018-02-26 15:58:24.085 # Class: com.mercury.topaz.cmdb.shared.enrichment.calculator.operation.command.impl.EnrichmentsCommandCalculator # CallerApp: Controller # CustomerID: 1
RequestID: 46d8f4187201cdc9bcac868233ebbaf8 # Name: EnrichmentsCommandCalculator [[IISConnectWebservice, Remove ip to Mainframe if Lpar, SetOwnerTenantOfComposedCI, doubleHosts, WebService_WebModule, DeleteCallHomeEventCI, Link Sender and Receiver Channels, OracleConnectWebservices, SAP_Double_Stack_Instance, Siebel_Web_To_Middle_Tier, SAP_Old_Transports, SetConsumerTenantsOfComposedCI, F5FwdAnyPortHandler, F5AnyPortHandler, SoftwareElementDisplayLabelForNewHost, Update_Broadcast_IP, AppendConsumerTenant...
# Millis:    3105 # On: 2018-02-26 15:58:13.329 # Class: com.mercury.topaz.cmdb.shared.manage.customer.operation.query.impl.CmdbCustomerQueryGetAllCustomers # CallerApp: UIServer # CustomerID: -2147483648
RequestID: 4140fbdd2a133557aab8332e1bea405b # Name: CmdbCustomerQueryGetAllCustomers
# Millis:    2011 # On: 2018-02-26 15:58:23.096 # Class: appilog.framework.shared.core.operation.query.impl.CoreOperationGetCombinedLicense # CallerApp: Controller # CustomerID: 1
RequestID: 426a31eb92ee351ea36d726b6da8557b # Name: CoreOperationGetCombinedLicense
# Millis:    1073 # On: 2018-02-26 15:59:13.970 # Class: com.mercury.topaz.cmdb.shared.manage.customer.operation.query.impl.CmdbCustomerQueryGetAllCustomerConfigs # CallerApp: UIServer # CustomerID: -2147483648
RequestID: 472ff2850e8c2557bd83dbcff0eb45eb # Name: CmdbCustomerQueryGetAllCustomerConfigs
# Millis:     797 # On: 2018-02-26 15:58:23.525 # Class: com.mercury.topaz.cmdb.server.model.operation.command.topology.impl.ModelCommandCalculatePattern # CallerApp: Controller # CustomerID: 1
RequestID: 429ec8b0b29691078ffd1479f6f5a048 # Name: Model Calculate Pattern:PatternWithClassAndProperties # Verbose: Model Calculate Pattern:PatternWithClassAndProperties
# Millis:     750 # On: 2018-02-26 15:58:23.571 # Class: com.mercury.topaz.cmdb.server.systemtql.operation.ModelQueryPerformFirstSystemTqlCalc # CallerApp: Controller # CustomerID: 1
RequestID: 479084bfa4d696f49c260c2e4d1288c2 # Name: System Tql Model Query First Calc [class name:AbstractReportDefinition is_derived:false properties:(report_type EQUEL '2'  isProperty:false)]
# Millis:     739 # On: 2018-02-26 15:58:23.582 # Class: com.mercury.topaz.cmdb.server.model.operation.query.impl.ModelQueryGetObjectsByConditionNoObjects # CallerApp: Controller # CustomerID: 1
RequestID: 482dbdc29808e78fa1da25b0e40b56b9 # Name: Model Query: Get Objects By Condition: class name:AbstractReportDefinition is_derived:false properties:(report_type EQUEL '2'  isProperty:false)
# Millis:     561 # On: 2018-02-26 15:58:23.469 # Class: com.mercury.topaz.cmdb.shared.tql.operation.query.impl.TqlQueryGetAdHocGraph # CallerApp: Controller # CustomerID: 1
RequestID: 43328e0730395b95ad4798202966cb9a # Name: Tql Query: Get Ad Hoc Graph (By Pattern ID). Pattern [Load model notification definitions tql]
# Millis:     449 # On: 2018-02-26 15:58:25.980 # Class: com.mercury.topaz.cmdb.shared.tql.operation.query.impl.TqlQueryGetResultMap # CallerApp: Controller # CustomerID: 1
RequestID: 44c847f35d79a71987d149ae3da61ca1 # Name: Tql Query: Get Result Map. Pattern [Siebel_Web_To_Middle_Tier] # Verbose: [Operation Name=Tql Query: Get Result Map. Pattern [Siebel_Web_To_Middle_Tier]] [TQLName=Siebel_Web_To_Middle_Tier]
# Millis:     444 # On: 2018-02-26 15:58:25.982 # Class: com.mercury.topaz.cmdb.server.tql.operation.command.impl.TqlCommandProcessCalculate # CallerApp: Controller # CustomerID: 1
RequestID: 4a1e26480f306d2fafea8fd4ba049587 # Name: Tql Command: Process Calculate. Pattern [Siebel_Web_To_Middle_Tier] # Verbose: Tql Command: Process Calculate. Pattern [Siebel_Web_To_Middle_Tier]
 *** All operations statistics ***
# Avg (ms):    3244 # Max (ms):    3244 # Count:     1 # Last called: 2018-02-26 15:58:24.085 # Class: com.mercury.topaz.cmdb.shared.enrichment.calculator.operation.command.impl.EnrichmentsCommandCalculator # CallerApp: Controller # CustomerID: 1
# Avg (ms):    2011 # Max (ms):    2011 # Count:     1 # Last called: 2018-02-26 15:58:23.096 # Class: appilog.framework.shared.core.operation.query.impl.CoreOperationGetCombinedLicense # CallerApp: Controller # CustomerID: 1
# Avg (ms):     339 # Max (ms):     561 # Count:     2 # Last called: 2018-02-26 15:58:28.899 # Class: com.mercury.topaz.cmdb.shared.tql.operation.query.impl.TqlQueryGetAdHocGraph # CallerApp: Controller # CustomerID: 1
# Avg (ms):     222 # Max (ms):     750 # Count:    12 # Last called: 2018-02-26 15:58:28.901 # Class: com.mercury.topaz.cmdb.server.systemtql.operation.ModelQueryPerformFirstSystemTqlCalc # CallerApp: Controller # CustomerID: 1
# Avg (ms):     221 # Max (ms):     739 # Count:    12 # Last called: 2018-02-26 15:58:28.901 # Class: com.mercury.topaz.cmdb.server.model.operation.query.impl.ModelQueryGetObjectsByConditionNoObjects # CallerApp: Controller # CustomerID: 1
# Avg (ms):     139 # Max (ms):     444 # Count:    29 # Last called: 2018-02-26 15:58:27.276 # Class: com.mercury.topaz.cmdb.server.tql.newscheduler.internal.operations.TqlSchedulerOperationStartCalculation # CallerApp: Controller # CustomerID: 1
# Avg (ms):     135 # Max (ms):     444 # Count:    29 # Last called: 2018-02-26 15:58:27.277 # Class: com.mercury.topaz.cmdb.server.tql.operation.command.impl.TqlCommandProcessCalculate # CallerApp: Controller # CustomerID: 1
# Avg (ms):     135 # Max (ms):     135 # Count:     1 # Last called: 2018-02-26 15:58:28.598 # Class: appilog.framework.shared.scheduler.operation.query.impl.SchedulerOperationGetSchedulerJob # CallerApp: Controller # CustomerID: 1
# Avg (ms):     121 # Max (ms):     121 # Count:     1 # Last called: 2018-02-26 15:58:17.783 # Class: com.mercury.topaz.cmdb.shared.classmodel.operation.update.impl.ClassModelUpdateClassModelDestinationsConfig # CallerApp: Controller # CustomerID: 1
# Avg (ms):     121 # Max (ms):     121 # Count:     1 # Last called: 2018-02-26 15:58:28.897 # Class: com.hp.ucmdb.dataacquisition.framework.operation.query.DataAcquisitionQueryGetDataStoreNames # CallerApp: Controller # CustomerID: 1
# Avg (ms):     112 # Max (ms):     112 # Count:     1 # Last called: 2018-02-26 15:58:28.746 # Class: com.mercury.topaz.cmdb.shared.model.operation.update.impl.object.add.ModelUpdateAddOrUpdateObjects # CallerApp: Controller # CustomerID: 1
# Avg (ms):     108 # Max (ms):     336 # Count:     6 # Last called: 2018-02-26 15:58:40.969 # Class: com.mercury.topaz.cmdb.shared.tql.operation.query.impl.TqlQueryGetAdHocMap # CallerApp: Controller # CustomerID: 1
# Avg (ms):     104 # Max (ms):     797 # Count:    41 # Last called: 2018-02-26 15:58:40.969 # Class: com.mercury.topaz.cmdb.server.model.operation.command.topology.impl.ModelCommandCalculatePattern # CallerApp: Controller # CustomerID: 1
# Avg (ms):     100 # Max (ms):     334 # Count:     8 # Last called: 2018-02-26 15:58:40.969 # Class: com.mercury.topaz.cmdb.server.tql.operation.command.impl.TqlCommandProcessAdHocCalculate # CallerApp: Controller # CustomerID: 1
# Avg (ms):      97 # Max (ms):     449 # Count:    12 # Last called: 2018-02-26 15:58:27.275 # Class: com.mercury.topaz.cmdb.shared.tql.operation.query.impl.TqlQueryGetResultMap # CallerApp: Controller # CustomerID: 1
# Avg (ms):      76 # Max (ms):     379 # Count:    24 # Last called: 2018-02-26 15:58:27.311 # Class: com.mercury.topaz.cmdb.server.enrichment.definition.operation.update.impl.EnrichmentUpdateEnrichmentDefinitionIsCalculated # CallerApp: Controller # CustomerID: 1
# Avg (ms):      70 # Max (ms):    3105 # Count:    42 # Last called: 2018-02-26 15:59:45.071 # Class: com.mercury.topaz.cmdb.shared.manage.customer.operation.query.impl.CmdbCustomerQueryGetAllCustomers # CallerApp: UIServer # CustomerID: -2147483648
# Avg (ms):      51 # Max (ms):      51 # Count:     1 # Last called: 2018-02-26 15:58:23.164 # Class: com.mercury.topaz.cmdb.shared.tql.operation.query.impl.TqlQueryGetPatterns # CallerApp: Controller # CustomerID: 1
# Avg (ms):      39 # Max (ms):      39 # Count:     1 # Last called: 2018-02-26 15:58:43.923 # Class: appilog.framework.shared.core.operation.update.impl.CoreGlobalOperationSetSetting # CallerApp: UCMDB-UI,loggedInUser:{UISysadmin###UCMDB} # CustomerID: 1
# Avg (ms):      37 # Max (ms):      37 # Count:     1 # Last called: 2018-02-26 15:58:17.776 # Class: com.mercury.topaz.cmdb.shared.classmodel.operation.update.impl.cmdbclass.ClassModelUpdateCreateOrUpdateCmdbClasses # CallerApp: Controller # CustomerID: 1
# Avg (ms):      33 # Max (ms):      33 # Count:     1 # Last called: 2018-02-26 15:58:28.861 # Class: appilog.framework.shared.scheduler.operation.query.impl.SchedulerOperationGetAllSchedulerJobs # CallerApp: Controller # CustomerID: 1
# Avg (ms):      26 # Max (ms):    1073 # Count:    42 # Last called: 2018-02-26 15:59:45.073 # Class: com.mercury.topaz.cmdb.shared.manage.customer.operation.query.impl.CmdbCustomerQueryGetAllCustomerConfigs # CallerApp: UIServer # CustomerID: -2147483648
# Avg (ms):      22 # Max (ms):     100 # Count:    17 # Last called: 2018-02-26 15:58:27.855 # Class: com.mercury.topaz.cmdb.server.model.operation.query.impl.ModelQueryGetInstancesCount # CallerApp: Controller # CustomerID: 1
# Avg (ms):      22 # Max (ms):     100 # Count:    17 # Last called: 2018-02-26 15:58:27.855 # Class: com.mercury.topaz.cmdb.server.model.operation.query.topology.memory.ModelMemoryTopologyQueryGetCIsCountByType # CallerApp: Controller # CustomerID: 1
# Avg (ms):      15 # Max (ms):      18 # Count:     2 # Last called: 2018-02-26 15:58:41.358 # Class: appilog.framework.shared.core.operation.update.impl.CoreGlobalOperationSetSetting # CallerApp: UCMDB # CustomerID: 1
# Avg (ms):      15 # Max (ms):      15 # Count:     1 # Last called: 2018-02-26 15:58:16.545 # Class: appilog.framework.shared.core.operation.query.impl.CoreGlobalOperationVerifySensitiveSetting # CallerApp: CheckSensitiveSettingsEncryption # CustomerID: -2147483648
# Avg (ms):      13 # Max (ms):      33 # Count:     8 # Last called: 2018-02-26 15:58:23.546 # Class: com.mercury.topaz.cmdb.server.model.operation.query.impl.IsCostEstimationSupported # CallerApp: Controller # CustomerID: 1
# Avg (ms):      13 # Max (ms):      13 # Count:     1 # Last called: 2018-02-26 15:58:16.546 # Class: com.mercury.topaz.cmdb.shared.manage.customer.operation.query.impl.CmdbCustomerQueryGetAllCustomers # CallerApp: appilog.framework.shared.core.operation.query.impl.CoreGlobalOperationVerifySensitiveSetting # CustomerID: -2147483648
# Avg (ms):      12 # Max (ms):      12 # Count:     1 # Last called: 2018-02-26 15:58:24.117 # Class: com.hp.ucmdb.discovery.framework.user.operations.AutoDiscoveryOperationGetDependencyConceptsConfiguration # CallerApp: Controller # CustomerID: 1
# Avg (ms):      11 # Max (ms):      11 # Count:     1 # Last called: 2018-02-26 15:58:40.894 # Class: appilog.framework.shared.packaging.operation.query.impl.PackageOperationGetPackages # CallerApp: MAM_PACKAGER # CustomerID: 1
# Avg (ms):       6 # Max (ms):      50 # Count:    29 # Last called: 2018-02-26 15:58:27.281 # Class: com.mercury.topaz.cmdb.server.tql.operation.update.impl.TqlUpdateSetResultToRepository # CallerApp: Controller # CustomerID: 1
# Avg (ms):       4 # Max (ms):       4 # Count:     1 # Last called: 2018-02-26 15:58:25.107 # Class: com.mercury.topaz.cmdb.shared.manage.customer.operation.query.impl.CmdbCustomerQueryGetAllCustomers # CallerApp: Controller # CustomerID: 1
# Avg (ms):       4 # Max (ms):       4 # Count:     1 # Last called: 2018-02-26 15:58:40.917 # Class: com.hp.ucmdb.discovery.server.framework.discovery.manager.PackageManagerNotificationListener$1 # CallerApp: Controller # CustomerID: 1
# Avg (ms):       3 # Max (ms):       3 # Count:     1 # Last called: 2018-02-26 15:58:24.080 # Class: com.mercury.topaz.cmdb.shared.enrichment.definition.operation.query.impl.EnrichmentQueryGetEnrichmentDefinitions # CallerApp: Controller # CustomerID: 1
# Avg (ms):       3 # Max (ms):       3 # Count:     1 # Last called: 2018-02-26 15:58:28.855 # Class: com.mercury.topaz.cmdb.server.model.operation.command.notification.impl.CmdbModelNotificationCommandModelChange # CallerApp: CMDB # CustomerID: 1
# Avg (ms):       3 # Max (ms):       3 # Count:     1 # Last called: 2018-02-26 15:58:28.858 # Class: com.mercury.topaz.cmdb.server.tql.newscheduler.internal.operations.TqlSchedulerOperationModelChanges # CallerApp: CMDB # CustomerID: 1
# Avg (ms):       2 # Max (ms):      17 # Count:    29 # Last called: 2018-02-26 15:58:49.485 # Class: com.mercury.topaz.cmdb.server.tql.newscheduler.internal.operations.TqlSchedulerOperationStartCalculation # CallerApp: Periodic task TQL Scheduler tick # CustomerID: 1
# Avg (ms):       2 # Max (ms):       2 # Count:     1 # Last called: 2018-02-26 15:58:28.595 # Class: appilog.framework.shared.scheduler.operation.query.impl.SchedulerOperationCheckCronExpressionValidity # CallerApp: Controller # CustomerID: 1
# Avg (ms):       2 # Max (ms):       2 # Count:     1 # Last called: 2018-02-26 15:58:28.795 # Class: com.mercury.topaz.cmdb.server.model.operation.update.topology.impl.ModelTopologyUpdateUpdatePropertyChangesInformation # CallerApp: Controller # CustomerID: 1
# Avg (ms):       2 # Max (ms):      17 # Count:    29 # Last called: 2018-02-26 15:58:49.485 # Class: com.mercury.topaz.cmdb.server.tql.operation.command.impl.TqlCommandProcessHandleEvents # CallerApp: Periodic task TQL Scheduler tick # CustomerID: 1
# Avg (ms):       2 # Max (ms):      41 # Count:    29 # Last called: 2018-02-26 15:58:27.282 # Class: com.mercury.topaz.cmdb.server.tql.newscheduler.internal.operations.TqlCommandSchedulerCalcEnd # CallerApp: Controller # CustomerID: 1
# Avg (ms):       1 # Max (ms):       1 # Count:     1 # Last called: 2018-02-26 15:58:28.757 # Class: com.mercury.topaz.cmdb.server.model.operation.query.topology.memory.ModelMemoryTopologyQueryCheckObjectsExistence # CallerApp: Controller # CustomerID: 1
# Avg (ms):       1 # Max (ms):       1 # Count:     1 # Last called: 2018-02-26 15:58:28.757 # Class: com.mercury.topaz.cmdb.server.model.operation.query.topology.separation.ModelTopologyQueryCheckObjectsExistence # CallerApp: Controller # CustomerID: 1
# Avg (ms):       1 # Max (ms):       1 # Count:     1 # Last called: 2018-02-26 15:58:28.746 # Class: com.mercury.topaz.cmdb.shared.manage.quota.operation.query.impl.QuotaQueryIsQuotaExceeded # CallerApp: CMDB # CustomerID: -2147483648
# Avg (ms):       1 # Max (ms):       1 # Count:     1 # Last called: 2018-02-26 15:58:43.783 # Class: com.hp.ucmdb.authorization.model.operation.query.impl.AuthorizationGetAllRolesMap # CallerApp: UCMDB-UI,loggedInUser:{UISysadmin###UCMDB} # CustomerID: 1
# Avg (ms):       1 # Max (ms):       1 # Count:     1 # Last called: 2018-02-26 15:58:24.045 # Class: com.mercury.topaz.cmdb.shared.notification.operation.command.impl.DeploymentCommandRegisterCorseGrainedListener # CallerApp: CMDB # CustomerID: 1
# Avg (ms):       1 # Max (ms):       1 # Count:     1 # Last called: 2018-02-26 15:58:43.887 # Class: appilog.framework.shared.core.operation.query.impl.CoreOperationSPGetSetting # CallerApp: UCMDB-UI,loggedInUser:{UISysadmin###UCMDB} # CustomerID: 1
# Avg (ms):       1 # Max (ms):       4 # Count:     4 # Last called: 2018-02-26 15:58:28.858 # Class: com.mercury.topaz.cmdb.server.notification.task.publish.operation.command.impl.NotificationPublishCommandPublishCorseGrained # CallerApp: Controller # CustomerID: 1
# Avg (ms):       1 # Max (ms):       2 # Count:     2 # Last called: 2018-02-26 15:58:23.454 # Class: com.mercury.topaz.cmdb.shared.manage.quota.operation.update.impl.QuotaUpdateAddCountHandler # CallerApp: CMDB # CustomerID: -2147483648
# Avg (ms):       1 # Max (ms):       1 # Count:     1 # Last called: 2018-02-26 15:58:28.859 # Class: com.hp.ucmdb.history.manager.HistUpdateAddCmdbChanges # CallerApp: CMDB # CustomerID: 1
# Avg (ms):       1 # Max (ms):       1 # Count:     1 # Last called: 2018-02-26 15:58:43.782 # Class: com.hp.ucmdb.authorization.model.operation.query.impl.AuthorizationGetAllUsersGroupsMap # CallerApp: UCMDB-UI,loggedInUser:{UISysadmin###UCMDB} # CustomerID: 1
# Avg (ms):       1 # Max (ms):       1 # Count:     2 # Last called: 2018-02-26 15:58:23.454 # Class: com.mercury.topaz.cmdb.shared.manage.quota.operation.update.impl.QuotaUpdateAddCustomerQuotaInfo # CallerApp: CMDB # CustomerID: -2147483648
# Avg (ms):       1 # Max (ms):       1 # Count:     1 # Last called: 2018-02-26 15:58:24.077 # Class: com.mercury.topaz.cmdb.shared.grouping.operation.query.ResourceGroupingQueryGetAllResourceBundleNames # CallerApp: Controller # CustomerID: 1
# Avg (ms):       1 # Max (ms):       1 # Count:     1 # Last called: 2018-02-26 15:58:23.067 # Class: com.mercury.topaz.cmdb.server.model.operation.command.topology.impl.ModelQueryGatherConnectivityStatistics # CallerApp: Controller # CustomerID: 1
# Avg (ms):       0 # Max (ms):      12 # Count:   100 # Last called: 2018-02-26 15:58:27.310 # Class: com.mercury.topaz.cmdb.server.tql.operation.query.impl.TqlQueryGetResultFromCache # CallerApp: Controller # CustomerID: 1
# Avg (ms):       0 # Max (ms):      32 # Count:    29 # Last called: 2018-02-26 15:58:27.281 # Class: com.mercury.topaz.cmdb.server.tql.operation.query.impl.TqlQueryGetListeningTqls # CallerApp: Controller # CustomerID: 1
# Avg (ms):       0 # Max (ms):       2 # Count:    41 # Last called: 2018-02-26 15:58:40.969 # Class: com.hp.ucmdb.transformation.facade.ModelTransformationServerFacade$GetTransformationModel # CallerApp: Controller # CustomerID: 1
# Avg (ms):       0 # Max (ms):       1 # Count:     9 # Last called: 2018-02-26 15:59:53.153 # Class: com.mercury.topaz.cmdb.server.tql.operation.command.impl.TqlCommandResultRepositoryRemoveTemporary # CallerApp: Periodic task result_repository_timer # CustomerID: 1
# Avg (ms):       0 # Max (ms):       4 # Count:    40 # Last called: 2018-02-26 15:58:40.970 # Class: com.mercury.topaz.cmdb.server.model.operation.query.topology.separation.ModelTopologyQueryGetObjectsByType # CallerApp: Controller # CustomerID: 1
# Avg (ms):       0 # Max (ms):       0 # Count:     1 # Last called: 2018-02-26 15:58:28.753 # Class: com.mercury.topaz.cmdb.server.model.operation.update.lock.ModelUpdateLockAcquire # CallerApp: Controller # CustomerID: 1
# Avg (ms):       0 # Max (ms):       3 # Count:    40 # Last called: 2018-02-26 15:58:28.854 # Class: com.mercury.topaz.cmdb.shared.notification.operation.command.impl.DeploymentCommandPublishChanges # CallerApp: Controller # CustomerID: 1
# Avg (ms):       0 # Max (ms):       1 # Count:     6 # Last called: 2018-02-26 15:59:54.176 # Class: com.hp.ucmdb.discovery.framework.probe.operations.AutoDiscoveryOperationUpdateResourceLastUpdateTime # CallerApp: Periodic task update discovery resources last update time # CustomerID: 1
# Avg (ms):       0 # Max (ms):       6 # Count:    29 # Last called: 2018-02-26 15:58:49.485 # Class: com.mercury.topaz.cmdb.server.tql.operation.query.impl.TqlQueryGetResultFromRepository # CallerApp: Periodic task TQL Scheduler tick # CustomerID: 1
# Avg (ms):       0 # Max (ms):      23 # Count:    12 # Last called: 2018-02-26 15:58:28.901 # Class: com.mercury.topaz.cmdb.server.systemtql.operation.SystemTqlUpdateAddConditionToEventProcessor # CallerApp: Controller # CustomerID: 1
# Avg (ms):       0 # Max (ms):       0 # Count:     1 # Last called: 2018-02-26 15:58:28.858 # Class: com.mercury.topaz.cmdb.server.systemtql.operation.SystemTqlEventProcessorNotifyModelChanges # CallerApp: CMDB # CustomerID: 1
# Avg (ms):       0 # Max (ms):       0 # Count:    12 # Last called: 2018-02-26 15:58:28.901 # Class: com.mercury.topaz.cmdb.server.systemtql.operation.SystemTqlCacheQueryIsResultUpdated # CallerApp: Controller # CustomerID: 1
# Avg (ms):       0 # Max (ms):       0 # Count:     1 # Last called: 2018-02-26 15:58:28.191 # Class: com.mercury.topaz.cmdb.server.fcmdb.ftql.operation.impl.FTqlCalculationSetMappingEngineProvider # CallerApp: Controller # CustomerID: 1
# Avg (ms):       0 # Max (ms):       1 # Count:    29 # Last called: 2018-02-26 15:58:49.489 # Class: com.mercury.topaz.cmdb.server.tql.newscheduler.internal.operations.TqlSchedulerOperationNotifyOnGateUnlock # CallerApp: Periodic task TQL Scheduler tick # CustomerID: 1
# Avg (ms):       0 # Max (ms):       1 # Count:    12 # Last called: 2018-02-26 15:58:29.017 # Class: com.mercury.topaz.cmdb.server.systemtql.operation.SystemTqlUpdateRemoveConditionFromEventProcessor # CallerApp: Controller # CustomerID: 1
# Avg (ms):       0 # Max (ms):       8 # Count:    29 # Last called: 2018-02-26 15:58:27.281 # Class: com.mercury.topaz.cmdb.server.tql.operation.command.impl.TqlCommandNotifyResultChange # CallerApp: Controller # CustomerID: 1
# Avg (ms):       0 # Max (ms):       1 # Count:     3 # Last called: 2018-02-26 15:58:29.021 # Class: com.mercury.topaz.cmdb.shared.fcmdb.manage.config.operation.query.impl.ConfigQueryGetAutoSynchronizedConfig # CallerApp: Controller # CustomerID: 1
# Avg (ms):       0 # Max (ms):       1 # Count:     2 # Last called: 2018-02-26 15:58:43.782 # Class: com.hp.ucmdb.authorization.model.operation.query.impl.AuthorizationGetUser # CallerApp: UCMDB-UI,loggedInUser:{UISysadmin###UCMDB} # CustomerID: 1
# Avg (ms):       0 # Max (ms):       1 # Count:    13 # Last called: 2018-02-26 15:58:27.281 # Class: com.mercury.topaz.cmdb.server.tql.monitoredTql.operation.MonitoredTqlOnChunkedChanges # CallerApp: Controller # CustomerID: 1
# Avg (ms):       0 # Max (ms):       1 # Count:     2 # Last called: 2018-02-26 15:58:29.021 # Class: com.hp.ucmdb.dataacquisition.framework.operation.query.DataAcquisitionQueryGetPushData # CallerApp: Controller # CustomerID: 1
# Avg (ms):       0 # Max (ms):       0 # Count:     1 # Last called: 2018-02-26 15:58:28.854 # Class: com.mercury.topaz.cmdb.server.model.operation.update.lock.ModelUpdateLockRelease # CallerApp: Controller # CustomerID: 1
# Avg (ms):       0 # Max (ms):       1 # Count:     2 # Last called: 2018-02-26 15:58:23.457 # Class: com.mercury.topaz.cmdb.server.monitors.operation.update.impl.MonitorsUpdateAddInfosOperation # CallerApp: CMDB # CustomerID: -2147483648
# Avg (ms):       0 # Max (ms):       0 # Count:     2 # Last called: 2018-02-26 15:58:24.143 # Class: com.mercury.topaz.cmdb.shared.tql.operation.update.impl.TqlUpdatePatternRegister # CallerApp: Controller # CustomerID: 1
# Avg (ms):       0 # Max (ms):       1 # Count:    12 # Last called: 2018-02-26 15:58:29.017 # Class: com.mercury.topaz.cmdb.server.systemtql.operation.SystemTqlCacheUpdateRemoveSystemTql # CallerApp: Controller # CustomerID: 1
# Avg (ms):       0 # Max (ms):       4 # Count:    17 # Last called: 2018-02-26 15:58:28.854 # Class: com.mercury.topaz.cmdb.server.notification.task.publish.operation.command.impl.NotificationPublishCommandPublishFineGrained # CallerApp: Controller # CustomerID: 1
# Avg (ms):       0 # Max (ms):       0 # Count:     1 # Last called: 2018-02-26 15:58:28.192 # Class: com.mercury.topaz.cmdb.server.fcmdb.ftql.operation.impl.SetFederationProvider # CallerApp: Controller # CustomerID: 1
# Avg (ms):       0 # Max (ms):       1 # Count:     4 # Last called: 2018-02-26 15:58:24.079 # Class: com.mercury.topaz.cmdb.shared.classmodel.operation.command.impl.RegisterClassModelChangesValidator # CallerApp: Controller # CustomerID: 1
# Avg (ms):       0 # Max (ms):       2 # Count:     7 # Last called: 2018-02-26 15:58:24.170 # Class: com.mercury.topaz.cmdb.shared.notification.operation.command.impl.DeploymentCommandRegisterFineGrainedListener # CallerApp: Controller # CustomerID: 1
# Avg (ms):       0 # Max (ms):       1 # Count:    10 # Last called: 2018-02-26 15:58:28.900 # Class: com.mercury.topaz.cmdb.server.systemtql.operation.SystemTqlCacheQueryGetGraphSysTQLs # CallerApp: Controller # CustomerID: 1
# Avg (ms):       0 # Max (ms):       3 # Count:    55 # Last called: 2018-02-26 15:58:27.855 # Class: com.mercury.topaz.cmdb.server.model.operation.query.topology.memory.ModelMemoryTopologyQueryGetObjectsCount # CallerApp: Controller # CustomerID: 1
# Avg (ms):       0 # Max (ms):       1 # Count:    29 # Last called: 2018-02-26 15:58:49.488 # Class: com.hp.ucmdb.authorization.permissions.operation.query.tenants.impl.AuthorizationGetTenantsForGeneralOnResourceOrCIPermittedAction # CallerApp: Periodic task TQL Scheduler tick # CustomerID: 1
# Avg (ms):       0 # Max (ms):       1 # Count:    18 # Last called: 2018-02-26 15:58:43.922 # Class: appilog.framework.shared.core.operation.query.impl.CoreGlobalOperationGetSetting # CallerApp: UCMDB-UI,loggedInUser:{UISysadmin###UCMDB} # CustomerID: 1
# Avg (ms):       0 # Max (ms):      12 # Count:     9 # Last called: 2018-02-26 15:58:27.310 # Class: com.mercury.topaz.cmdb.shared.tql.operation.query.impl.TqlQueryGetInstances # CallerApp: Controller # CustomerID: 1
# Avg (ms):       0 # Max (ms):       0 # Count:     4 # Last called: 2018-02-26 15:58:28.764 # Class: com.mercury.topaz.cmdb.server.model.operation.query.topology.separation.ModelTopologyQueryGetObjectsByIDs # CallerApp: Controller # CustomerID: 1
# Avg (ms):       0 # Max (ms):       3 # Count:    50 # Last called: 2018-02-26 15:58:40.970 # Class: com.mercury.topaz.cmdb.server.model.operation.query.topology.separation.ModelTopologyQueryGetClassesResidenceInfo # CallerApp: Controller # CustomerID: 1
# Avg (ms):       0 # Max (ms):      10 # Count:    29 # Last called: 2018-02-26 15:58:27.281 # Class: com.mercury.topaz.cmdb.server.tql.operation.update.impl.TqlUpdateSetResultToCache # CallerApp: Controller # CustomerID: 1
# Avg (ms):       0 # Max (ms):       0 # Count:     2 # Last called: 2018-02-26 15:57:31.851 # Class: com.mercury.topaz.cmdb.server.manage.cm.CMGetConfigurationTimestampOperation # CallerApp: UCMDB # CustomerID: 1
# Avg (ms):       0 # Max (ms):       0 # Count:     9 # Last called: 2018-02-26 15:58:42.447 # Class: com.mercury.topaz.cmdb.shared.manage.customer.operation.query.impl.CmdbCustomerQueryGetDbContext # CallerApp: MAM_AutoDiscovery # CustomerID: 1
# Avg (ms):       0 # Max (ms):       2 # Count:    29 # Last called: 2018-02-26 15:58:49.488 # Class: com.mercury.topaz.cmdb.server.tql.newscheduler.internal.operations.TqlCommandSchedulerCalcEnd # CallerApp: Periodic task TQL Scheduler tick # CustomerID: 1
# Avg (ms):       0 # Max (ms):       6 # Count:    29 # Last called: 2018-02-26 15:58:49.485 # Class: com.mercury.topaz.cmdb.server.tql.operation.query.impl.TqlQueryGetResultFromCache # CallerApp: Periodic task TQL Scheduler tick # CustomerID: 1
# Avg (ms):       0 # Max (ms):       7 # Count:    26 # Last called: 2018-02-26 15:58:27.275 # Class: com.mercury.topaz.cmdb.server.tql.newscheduler.internal.operations.TqlSchedulerOperationStartPatterns # CallerApp: Controller # CustomerID: 1
# Avg (ms):       0 # Max (ms):       7 # Count:   143 # Last called: 2018-02-26 15:58:28.899 # Class: com.mercury.topaz.cmdb.shared.tql.operation.query.impl.TqlQueryGetPattern # CallerApp: Controller # CustomerID: 1
# Avg (ms):       0 # Max (ms):       3 # Count:    55 # Last called: 2018-02-26 15:58:27.855 # Class: com.mercury.topaz.cmdb.server.model.operation.query.topology.separation.ModelTopologyQueryGetObjectsCount # CallerApp: Controller # CustomerID: 1
# Avg (ms):       0 # Max (ms):       1 # Count:     2 # Last called: 2018-02-26 15:58:23.457 # Class: com.mercury.topaz.cmdb.server.monitors.operation.command.impl.MonitorsCommandAddCollectors # CallerApp: CMDB # CustomerID: -2147483648
# Avg (ms):       0 # Max (ms):       0 # Count:     1 # Last called: 2018-02-26 15:58:27.852 # Class: com.hp.ucmdb.manage.config.ConfigUpdateCacheSetClassesCapabilities # CallerApp: Controller # CustomerID: 1
# Avg (ms):       0 # Max (ms):       4 # Count:    12 # Last called: 2018-02-26 15:58:28.901 # Class: com.mercury.topaz.cmdb.server.systemtql.operation.SystemTqlCacheUpdateAddSystemTql # CallerApp: Controller # CustomerID: 1
# Avg (ms):       0 # Max (ms):      11 # Count:    26 # Last called: 2018-02-26 15:58:27.275 # Class: com.mercury.topaz.cmdb.server.tql.operation.command.impl.TqlCommandSchedulerStartPattern # CallerApp: Controller # CustomerID: 1
# Avg (ms):       0 # Max (ms):       3 # Count:   146 # Last called: 2018-02-26 15:58:40.969 # Class: com.hp.ucmdb.authorization.permissions.operation.query.tenants.impl.AuthorizationGetTenantsForGeneralOnResourceOrCIPermittedAction # CallerApp: Controller # CustomerID: 1
# Avg (ms):       0 # Max (ms):       4 # Count:    36 # Last called: 2018-02-26 15:58:41.358 # Class: appilog.framework.shared.core.operation.query.impl.CoreGlobalOperationGetSetting # CallerApp: UCMDB # CustomerID: 1
# Avg (ms):       0 # Max (ms):       4 # Count:    29 # Last called: 2018-02-26 15:58:27.276 # Class: com.mercury.topaz.cmdb.shared.tql.operation.update.impl.TqlUpdateUnregisterTqlSchedulerListener # CallerApp: Controller # CustomerID: 1
# Avg (ms):       0 # Max (ms):       1 # Count:    18 # Last called: 2018-02-26 15:58:27.310 # Class: com.mercury.topaz.cmdb.shared.tql.operation.command.impl.TqlCommandMarkTqlResultAsAccessed # CallerApp: Controller # CustomerID: 1
# Avg (ms):       0 # Max (ms):       1 # Count:    40 # Last called: 2018-02-26 15:58:40.970 # Class: com.mercury.topaz.cmdb.server.model.operation.query.topology.memory.ModelMemoryTopologyQueryGetObjectsByType # CallerApp: Controller # CustomerID: 1
# Avg (ms):       0 # Max (ms):       1 # Count:     9 # Last called: 2018-02-26 15:58:28.867 # Class: com.mercury.topaz.cmdb.server.model.operation.query.topology.memory.ModelMemoryTopologyQueryGetObjectsByIDs # CallerApp: Controller # CustomerID: 1
# Avg (ms):       0 # Max (ms):       0 # Count:     1 # Last called: 2018-02-26 15:58:43.784 # Class: com.hp.ucmdb.authorization.model.operation.query.impl.AuthorizationGetAllSecurityDomainsMap # CallerApp: UCMDB-UI,loggedInUser:{UISysadmin###UCMDB} # CustomerID: 1
# Avg (ms):       0 # Max (ms):       1 # Count:     8 # Last called: 2018-02-26 15:58:40.969 # Class: com.mercury.topaz.cmdb.server.tql.newscheduler.internal.operations.TqlSchedulerOperationGetPatternCompiler # CallerApp: Controller # CustomerID: 1
# Avg (ms):       0 # Max (ms):       1 # Count:    42 # Last called: 2018-02-26 15:59:45.075 # Class: com.mercury.topaz.cmdb.shared.manage.customer.operation.query.impl.CmdbCustomerQueryGetAllCustomerStates # CallerApp: UIServer # CustomerID: -2147483648
# Avg (ms):       0 # Max (ms):       4 # Count:     4 # Last called: 2018-02-26 15:58:24.212 # Class: com.mercury.topaz.cmdb.shared.notification.operation.command.impl.DeploymentCommandRegisterCorseGrainedListener # CallerApp: Controller # CustomerID: 1
# Avg (ms):       0 # Max (ms):     100 # Count:    72 # Last called: 2018-02-26 15:58:27.855 # Class: com.mercury.topaz.cmdb.server.model.operation.query.topology.separation.ModelTopologyQueryGetCountByTypes # CallerApp: Controller # CustomerID: 1
# Avg (ms):       0 # Max (ms):       1 # Count:    26 # Last called: 2018-02-26 15:58:27.274 # Class: com.mercury.topaz.cmdb.shared.enrichment.definition.operation.query.impl.EnrichmentQueryGetEnrichmentDefinition # CallerApp: Controller # CustomerID: 1
# Avg (ms):       0 # Max (ms):      15 # Count:    32 # Last called: 2018-02-26 15:58:28.067 # Class: com.mercury.topaz.cmdb.server.model.operation.query.topology.impl.ModelQueryCalculateTopology # CallerApp: Controller # CustomerID: 1
# Avg (ms):       0 # Max (ms):       0 # Count:     9 # Last called: 2018-02-26 15:59:53.532 # Class: com.mercury.topaz.cmdb.server.base.dispatcher.command.TimerTickCommand # CallerApp: Periodic task Correlation Actions task # CustomerID: 1
# Avg (ms):       0 # Max (ms):      11 # Count:    29 # Last called: 2018-02-26 15:58:27.282 # Class: com.mercury.topaz.cmdb.server.tql.newscheduler.internal.operations.TqlSchedulerOperationNotifyOnGateUnlock # CallerApp: Controller # CustomerID: 1
# Avg (ms):       0 # Max (ms):      23 # Count:    71 # Last called: 2018-02-26 15:58:27.310 # Class: com.mercury.topaz.cmdb.server.tql.operation.query.impl.TqlQueryGetResultFromRepository # CallerApp: Controller # CustomerID: 1
# Avg (ms):       0 # Max (ms):       0 # Count:     1 # Last called: 2018-02-26 15:58:23.033 # Class: com.mercury.topaz.cmdb.shared.classmodel.operation.command.impl.RegisterClassModelOperationValidatorCommand # CallerApp: Controller # CustomerID: 1
# Avg (ms):       0 # Max (ms):      14 # Count:    29 # Last called: 2018-02-26 15:58:49.488 # Class: com.mercury.topaz.cmdb.server.model.operation.command.topology.impl.ModelCommandCalculateImmidiatePattern # CallerApp: Periodic task TQL Scheduler tick # CustomerID: 1
