
************************ Statistics from 2018-02-26 09:30:00.002 until 2018-02-26 09:45:00.004 ************************
Operations executed: 1877
Different operation types executed: 31
Operations average time (in millis): 7
The 10 worst operations are:
# Millis:     977 # On: 2018-02-26 09:40:16.314 # Class: appilog.framework.shared.core.operation.query.impl.CoreOperationGetLicenseMiscInformation # CallerApp: UCMDB Browser on hcm-ucmdb-browser-608055954-41pjt: integration user,loggedInUser:{UISysadmin###UCMDB} # CustomerID: 1
RequestID: 43e47a44f816ad46b2b9f2d5967ea641 # Name: CoreOperationGetLicenseMiscInformation
# Millis:     977 # On: 2018-02-26 09:37:16.310 # Class: appilog.framework.shared.core.operation.query.impl.CoreOperationGetLicenseMiscInformation # CallerApp: UCMDB Browser on hcm-ucmdb-browser-608055954-41pjt: integration user,loggedInUser:{UISysadmin###UCMDB} # CustomerID: 1
RequestID: 497f7a8eb0e14fec9cc0266d3771f321 # Name: CoreOperationGetLicenseMiscInformation
# Millis:     970 # On: 2018-02-26 09:34:16.322 # Class: appilog.framework.shared.core.operation.query.impl.CoreOperationGetLicenseMiscInformation # CallerApp: UCMDB Browser on hcm-ucmdb-browser-608055954-41pjt: integration user,loggedInUser:{UISysadmin###UCMDB} # CustomerID: 1
RequestID: 4883dc2b49683ebdac855c682fb53fec # Name: CoreOperationGetLicenseMiscInformation
# Millis:     955 # On: 2018-02-26 09:40:16.308 # Class: appilog.framework.shared.core.operation.query.impl.CoreOperationGetLicenseMiscInformation # CallerApp: UCMDB Browser on hcm-ucmdb-browser-608055954-41pjt: integration user,loggedInUser:{UISysadmin###UCMDB} # CustomerID: 1
RequestID: 44314b1cb42f2e84887c006e603eaac9 # Name: CoreOperationGetLicenseMiscInformation
# Millis:     922 # On: 2018-02-26 09:43:16.317 # Class: appilog.framework.shared.core.operation.query.impl.CoreOperationGetLicenseMiscInformation # CallerApp: UCMDB Browser on hcm-ucmdb-browser-608055954-41pjt: integration user,loggedInUser:{UISysadmin###UCMDB} # CustomerID: 1
RequestID: 406650eba26993f88060c11cc9859485 # Name: CoreOperationGetLicenseMiscInformation
# Millis:     908 # On: 2018-02-26 09:37:16.318 # Class: appilog.framework.shared.core.operation.query.impl.CoreOperationGetLicenseMiscInformation # CallerApp: UCMDB Browser on hcm-ucmdb-browser-608055954-41pjt: integration user,loggedInUser:{UISysadmin###UCMDB} # CustomerID: 1
RequestID: 45c898d48e3d67c48a0f8019527acaac # Name: CoreOperationGetLicenseMiscInformation
# Millis:     879 # On: 2018-02-26 09:31:16.310 # Class: appilog.framework.shared.core.operation.query.impl.CoreOperationGetLicenseMiscInformation # CallerApp: UCMDB Browser on hcm-ucmdb-browser-608055954-41pjt: integration user,loggedInUser:{UISysadmin###UCMDB} # CustomerID: 1
RequestID: 4c24ef173d2cd5bba6309bb63ba91e4e # Name: CoreOperationGetLicenseMiscInformation
# Millis:     867 # On: 2018-02-26 09:34:16.315 # Class: appilog.framework.shared.core.operation.query.impl.CoreOperationGetLicenseMiscInformation # CallerApp: UCMDB Browser on hcm-ucmdb-browser-608055954-41pjt: integration user,loggedInUser:{UISysadmin###UCMDB} # CustomerID: 1
RequestID: 44ffd64dcbd88084ac4e855773ec1a01 # Name: CoreOperationGetLicenseMiscInformation
# Millis:     783 # On: 2018-02-26 09:31:16.304 # Class: appilog.framework.shared.core.operation.query.impl.CoreOperationGetLicenseMiscInformation # CallerApp: UCMDB Browser on hcm-ucmdb-browser-608055954-41pjt: integration user,loggedInUser:{UISysadmin###UCMDB} # CustomerID: 1
RequestID: 4676ac34dfdea870af7b00bdae8bf021 # Name: CoreOperationGetLicenseMiscInformation
# Millis:     775 # On: 2018-02-26 09:43:16.304 # Class: appilog.framework.shared.core.operation.query.impl.CoreOperationGetLicenseMiscInformation # CallerApp: UCMDB Browser on hcm-ucmdb-browser-608055954-41pjt: integration user,loggedInUser:{UISysadmin###UCMDB} # CustomerID: 1
RequestID: 48b6a5153c7d921f82cbfa552bd6813b # Name: CoreOperationGetLicenseMiscInformation
 *** All operations statistics ***
# Avg (ms):     694 # Max (ms):     977 # Count:    20 # Last called: 2018-02-26 09:43:16.317 # Class: appilog.framework.shared.core.operation.query.impl.CoreOperationGetLicenseMiscInformation # CallerApp: UCMDB Browser on hcm-ucmdb-browser-608055954-41pjt: integration user,loggedInUser:{UISysadmin###UCMDB} # CustomerID: 1
# Avg (ms):      42 # Max (ms):      42 # Count:     1 # Last called: 2018-02-26 09:32:57.769 # Class: com.mercury.topaz.cmdb.server.monitors.operation.command.impl.MonitorsCommandCollectInfo # CallerApp: CMDB # CustomerID: -2147483648
# Avg (ms):      16 # Max (ms):      18 # Count:    20 # Last called: 2018-02-26 09:43:17.243 # Class: appilog.framework.shared.core.operation.query.impl.CoreOperationSPGetAllSettings # CallerApp: UCMDB Browser on hcm-ucmdb-browser-608055954-41pjt: integration user,loggedInUser:{UISysadmin###UCMDB} # CustomerID: 1
# Avg (ms):      12 # Max (ms):      12 # Count:     1 # Last called: 2018-02-26 09:32:56.878 # Class: com.mercury.topaz.cmdb.shared.manage.quota.operation.update.impl.QuotaUpdateCollectCounts # CallerApp: CMDB # CustomerID: -2147483648
# Avg (ms):      12 # Max (ms):      12 # Count:     2 # Last called: 2018-02-26 09:32:57.769 # Class: com.mercury.topaz.cmdb.shared.tql.operation.query.impl.TqlQueryGetPatterns # CallerApp: CMDB # CustomerID: 1
# Avg (ms):      11 # Max (ms):      11 # Count:     1 # Last called: 2018-02-26 09:38:40.001 # Class: com.mercury.topaz.cmdb.server.tql.operation.command.impl.TqlCommandResultRepositoryPassivation # CallerApp: Periodic task result_repository_passivate_timer # CustomerID: 1
# Avg (ms):      11 # Max (ms):      11 # Count:     1 # Last called: 2018-02-26 09:38:40.001 # Class: com.mercury.topaz.cmdb.shared.tql.operation.query.impl.TqlQueryGetPatterns # CallerApp: Periodic task result_repository_passivate_timer # CustomerID: 1
# Avg (ms):       3 # Max (ms):       4 # Count:    20 # Last called: 2018-02-26 09:43:17.266 # Class: com.mercury.topaz.cmdb.shared.manage.customer.operation.query.impl.CmdbCustomerQueryGetAllCustomers # CallerApp: UCMDB Browser on hcm-ucmdb-browser-608055954-41pjt: integration user,loggedInUser:{UISysadmin###UCMDB} # CustomerID: -2147483648
# Avg (ms):       2 # Max (ms):       3 # Count:    20 # Last called: 2018-02-26 09:43:17.269 # Class: com.mercury.topaz.cmdb.shared.manage.customer.operation.query.impl.CmdbCustomerQueryGetAllCustomerConfigs # CallerApp: UCMDB Browser on hcm-ucmdb-browser-608055954-41pjt: integration user,loggedInUser:{UISysadmin###UCMDB} # CustomerID: -2147483648
# Avg (ms):       1 # Max (ms):      12 # Count:    60 # Last called: 2018-02-26 09:44:34.209 # Class: com.mercury.topaz.cmdb.shared.manage.customer.operation.query.impl.CmdbCustomerQueryGetAllCustomerConfigs # CallerApp: UIServer # CustomerID: -2147483648
# Avg (ms):       1 # Max (ms):      22 # Count:    60 # Last called: 2018-02-26 09:44:34.207 # Class: com.mercury.topaz.cmdb.shared.manage.customer.operation.query.impl.CmdbCustomerQueryGetAllCustomers # CallerApp: UIServer # CustomerID: -2147483648
# Avg (ms):       1 # Max (ms):       1 # Count:     1 # Last called: 2018-02-26 09:32:57.810 # Class: com.mercury.topaz.cmdb.server.tql.operation.query.impl.TqlQueryGetFailedTqls # CallerApp: CMDB # CustomerID: 1
# Avg (ms):       0 # Max (ms):       0 # Count:     1 # Last called: 2018-02-26 09:32:56.878 # Class: com.mercury.topaz.cmdb.server.model.operation.query.topology.separation.ModelTopologyQueryGetObjectsCount # CallerApp: CMDB # CustomerID: 1
# Avg (ms):       0 # Max (ms):       0 # Count:     3 # Last called: 2018-02-26 09:43:40.078 # Class: com.hp.ucmdb.discovery.framework.probe.operations.AutoDiscoveryOperationClearDownloadResourcesCache # CallerApp: Periodic task Resources Cache Clean # CustomerID: 1
# Avg (ms):       0 # Max (ms):       0 # Count:     1 # Last called: 2018-02-26 09:32:57.769 # Class: com.mercury.topaz.cmdb.shared.manage.quota.operation.query.impl.QuotaQueryGetQuotaAndCountInfo # CallerApp: CMDB # CustomerID: -2147483648
# Avg (ms):       0 # Max (ms):       0 # Count:    20 # Last called: 2018-02-26 09:43:17.243 # Class: com.hp.ucmdb.authorization.model.operation.query.impl.AuthorizationGetUser # CallerApp: UCMDB Browser on hcm-ucmdb-browser-608055954-41pjt: integration user,loggedInUser:{UISysadmin###UCMDB} # CustomerID: 1
# Avg (ms):       0 # Max (ms):       0 # Count:     1 # Last called: 2018-02-26 09:32:56.878 # Class: com.mercury.topaz.cmdb.server.model.operation.query.topology.memory.ModelMemoryTopologyQueryGetObjectsCount # CallerApp: CMDB # CustomerID: 1
# Avg (ms):       0 # Max (ms):       0 # Count:     3 # Last called: 2018-02-26 09:43:40.064 # Class: com.hp.ucmdb.widgettracker.operations.CmdbWidgetClearNotificationsCache # CallerApp: Periodic task Cmdb-Widget-Tracker: Clean Notifications Cache Task # CustomerID: 1
# Avg (ms):       0 # Max (ms):       1 # Count:    90 # Last called: 2018-02-26 09:44:59.550 # Class: com.mercury.topaz.cmdb.server.tql.operation.command.impl.TqlCommandResultRepositoryRemoveTemporary # CallerApp: Periodic task result_repository_timer # CustomerID: 1
# Avg (ms):       0 # Max (ms):       1 # Count:   335 # Last called: 2018-02-26 09:32:57.810 # Class: com.mercury.topaz.cmdb.server.tql.operation.query.impl.TqlQueryGetResultFromRepository # CallerApp: CMDB # CustomerID: 1
# Avg (ms):       0 # Max (ms):       1 # Count:   306 # Last called: 2018-02-26 09:32:57.810 # Class: com.mercury.topaz.cmdb.shared.tql.operation.query.impl.TqlQueryGetPattern # CallerApp: CMDB # CustomerID: 1
# Avg (ms):       0 # Max (ms):       0 # Count:     1 # Last called: 2018-02-26 09:32:56.878 # Class: com.mercury.topaz.cmdb.server.model.operation.query.topology.separation.ModelTopologyQueryGetCountByTypes # CallerApp: CMDB # CustomerID: 1
# Avg (ms):       0 # Max (ms):       1 # Count:   335 # Last called: 2018-02-26 09:32:57.810 # Class: com.mercury.topaz.cmdb.server.tql.operation.query.impl.TqlQueryGetResultFromCache # CallerApp: CMDB # CustomerID: 1
# Avg (ms):       0 # Max (ms):       0 # Count:     1 # Last called: 2018-02-26 09:38:40.048 # Class: com.mercury.topaz.cmdb.server.base.util.cache.operation.CacheUpdateShrink # CallerApp: Periodic task IMPACT_STATE # CustomerID: 1
# Avg (ms):       0 # Max (ms):       0 # Count:     4 # Last called: 2018-02-26 09:32:57.811 # Class: com.mercury.topaz.cmdb.server.monitors.operation.update.impl.MonitorsUpdateInfoOperation # CallerApp: CMDB # CustomerID: -2147483648
# Avg (ms):       0 # Max (ms):       1 # Count:    60 # Last called: 2018-02-26 09:44:59.448 # Class: com.hp.ucmdb.discovery.framework.probe.operations.AutoDiscoveryOperationUpdateResourceLastUpdateTime # CallerApp: Periodic task update discovery resources last update time # CustomerID: 1
# Avg (ms):       0 # Max (ms):       1 # Count:    90 # Last called: 2018-02-26 09:44:59.564 # Class: com.mercury.topaz.cmdb.server.base.dispatcher.command.TimerTickCommand # CallerApp: Periodic task Correlation Actions task # CustomerID: 1
# Avg (ms):       0 # Max (ms):       0 # Count:    20 # Last called: 2018-02-26 09:43:17.271 # Class: com.mercury.topaz.cmdb.shared.manage.customer.operation.query.impl.CmdbCustomerQueryGetAllCustomerStates # CallerApp: UCMDB Browser on hcm-ucmdb-browser-608055954-41pjt: integration user,loggedInUser:{UISysadmin###UCMDB} # CustomerID: -2147483648
# Avg (ms):       0 # Max (ms):       1 # Count:   335 # Last called: 2018-02-26 09:32:57.810 # Class: com.hp.ucmdb.authorization.permissions.operation.query.tenants.impl.AuthorizationGetTenantsForGeneralOnResourceOrCIPermittedAction # CallerApp: CMDB # CustomerID: 1
# Avg (ms):       0 # Max (ms):       0 # Count:     4 # Last called: 2018-02-26 09:32:57.810 # Class: com.mercury.topaz.cmdb.shared.manage.customer.operation.query.impl.CmdbCustomerQueryGetLoadedCustomerIDs # CallerApp: CMDB # CustomerID: -2147483648
# Avg (ms):       0 # Max (ms):       1 # Count:    60 # Last called: 2018-02-26 09:44:34.211 # Class: com.mercury.topaz.cmdb.shared.manage.customer.operation.query.impl.CmdbCustomerQueryGetAllCustomerStates # CallerApp: UIServer # CustomerID: -2147483648
