
************************ Statistics from 2018-02-26 03:00:00.001 until 2018-02-26 03:15:00.004 ************************
Operations executed: 1407
Different operation types executed: 7
Operations average time (in millis): 0
The 10 worst operations are:
# Millis:      10 # On: 2018-02-26 03:02:57.769 # getAll [Topology_TQL]
getAll [Topology_TQL]
# Millis:      10 # On: 2018-02-26 03:02:56.877 # getAll [Topology_TQL]
getAll [Topology_TQL]
# Millis:       9 # On: 2018-02-26 03:08:40.001 # getAll [Topology_TQL]
getAll [Topology_TQL]
# Millis:       1 # On: 2018-02-26 03:04:16.955 # getAll [Settings_LDAP_SETTING]
getAll [Settings_LDAP_SETTING]
# Millis:       1 # On: 2018-02-26 03:06:53.187 # getAll [License_LICENSE]
getAll [License_LICENSE]
# Millis:       1 # On: 2018-02-26 03:01:17.204 # getAll [Settings_LDAP_SETTING]
getAll [Settings_LDAP_SETTING]
# Millis:       1 # On: 2018-02-26 03:03:53.426 # getAll [License_LICENSE]
getAll [License_LICENSE]
# Millis:       1 # On: 2018-02-26 03:06:53.489 # getAll [Settings_LDAP_SETTING]
getAll [Settings_LDAP_SETTING]
# Millis:       1 # On: 2018-02-26 03:04:16.309 # getAll [Settings_LDAP_SETTING]
getAll [Settings_LDAP_SETTING]
# Millis:       1 # On: 2018-02-26 03:07:16.427 # getAll [License_LICENSE]
getAll [License_LICENSE]
 *** All operations statistics ***
# Avg (ms):       9 # Max (ms):      10 # Count:     3 # Last called: 2018-02-26 03:08:40.001 # getAll [Topology_TQL]
# Avg (ms):       0 # Max (ms):       0 # Count:     4 # Last called: 2018-02-26 03:13:40.074 # getAll [Topology_TQL_TRACKER]
# Avg (ms):       0 # Max (ms):       1 # Count:   317 # Last called: 2018-02-26 03:14:55.323 # getAllByIndex [Auth_USER]
# Avg (ms):       0 # Max (ms):       0 # Count:   113 # Last called: 2018-02-26 03:14:55.323 # getAll [Auth_TENANT]
# Avg (ms):       0 # Max (ms):       1 # Count:    20 # Last called: 2018-02-26 03:13:17.251 # getAll [Settings_DYNAMIC_SETTING]
# Avg (ms):       0 # Max (ms):       1 # Count:   770 # Last called: 2018-02-26 03:14:55.323 # getAll [Settings_LDAP_SETTING]
# Avg (ms):       0 # Max (ms):       1 # Count:   180 # Last called: 2018-02-26 03:14:38.191 # getAll [License_LICENSE]
