
************************ Statistics from 2018-02-26 11:00:00.005 until 2018-02-26 11:15:00.008 ************************
Operations executed: 1403
Different operation types executed: 7
Operations average time (in millis): 0
The 10 worst operations are:
# Millis:      10 # On: 2018-02-26 11:02:57.770 # getAll [Topology_TQL]
getAll [Topology_TQL]
# Millis:       9 # On: 2018-02-26 11:02:56.881 # getAll [Topology_TQL]
getAll [Topology_TQL]
# Millis:       8 # On: 2018-02-26 11:08:40.001 # getAll [Topology_TQL]
getAll [Topology_TQL]
# Millis:       1 # On: 2018-02-26 11:07:16.317 # getAllByIndex [Auth_USER]
getAllByIndex [Auth_USER]
# Millis:       1 # On: 2018-02-26 11:07:17.315 # getAll [Settings_LDAP_SETTING]
getAll [Settings_LDAP_SETTING]
# Millis:       1 # On: 2018-02-26 11:07:16.993 # getAllByIndex [Auth_USER]
getAllByIndex [Auth_USER]
# Millis:       1 # On: 2018-02-26 11:09:32.127 # getAll [Auth_TENANT]
getAll [Auth_TENANT]
# Millis:       1 # On: 2018-02-26 11:04:17.281 # getAll [Settings_LDAP_SETTING]
getAll [Settings_LDAP_SETTING]
# Millis:       1 # On: 2018-02-26 11:01:17.460 # getAll [Settings_LDAP_SETTING]
getAll [Settings_LDAP_SETTING]
# Millis:       1 # On: 2018-02-26 11:10:16.384 # getAll [License_LICENSE]
getAll [License_LICENSE]
 *** All operations statistics ***
# Avg (ms):       8 # Max (ms):      10 # Count:     3 # Last called: 2018-02-26 11:08:40.001 # getAll [Topology_TQL]
# Avg (ms):       0 # Max (ms):       1 # Count:   768 # Last called: 2018-02-26 11:14:55.360 # getAll [Settings_LDAP_SETTING]
# Avg (ms):       0 # Max (ms):       1 # Count:   112 # Last called: 2018-02-26 11:14:55.360 # getAll [Auth_TENANT]
# Avg (ms):       0 # Max (ms):       1 # Count:   316 # Last called: 2018-02-26 11:14:55.360 # getAllByIndex [Auth_USER]
# Avg (ms):       0 # Max (ms):       1 # Count:   180 # Last called: 2018-02-26 11:14:38.696 # getAll [License_LICENSE]
# Avg (ms):       0 # Max (ms):       0 # Count:    20 # Last called: 2018-02-26 11:13:17.341 # getAll [Settings_DYNAMIC_SETTING]
# Avg (ms):       0 # Max (ms):       0 # Count:     4 # Last called: 2018-02-26 11:13:40.084 # getAll [Topology_TQL_TRACKER]
