
************************ Statistics from 2018-02-26 06:00:00.002 until 2018-02-26 06:15:00.002 ************************
Operations executed: 1407
Different operation types executed: 7
Operations average time (in millis): 0
The 10 worst operations are:
# Millis:      10 # On: 2018-02-26 06:02:57.769 # getAll [Topology_TQL]
getAll [Topology_TQL]
# Millis:       8 # On: 2018-02-26 06:02:56.878 # getAll [Topology_TQL]
getAll [Topology_TQL]
# Millis:       8 # On: 2018-02-26 06:08:40.001 # getAll [Topology_TQL]
getAll [Topology_TQL]
# Millis:       1 # On: 2018-02-26 06:01:38.362 # getAll [License_LICENSE]
getAll [License_LICENSE]
# Millis:       1 # On: 2018-02-26 06:04:16.738 # getAll [License_LICENSE]
getAll [License_LICENSE]
# Millis:       1 # On: 2018-02-26 06:00:53.456 # getAll [Settings_LDAP_SETTING]
getAll [Settings_LDAP_SETTING]
# Millis:       1 # On: 2018-02-26 06:02:38.363 # getAll [License_LICENSE]
getAll [License_LICENSE]
# Millis:       1 # On: 2018-02-26 06:04:16.667 # getAll [License_LICENSE]
getAll [License_LICENSE]
# Millis:       1 # On: 2018-02-26 06:04:16.308 # getAll [License_LICENSE]
getAll [License_LICENSE]
# Millis:       1 # On: 2018-02-26 06:04:17.269 # getAll [Settings_LDAP_SETTING]
getAll [Settings_LDAP_SETTING]
 *** All operations statistics ***
# Avg (ms):       8 # Max (ms):      10 # Count:     3 # Last called: 2018-02-26 06:08:40.001 # getAll [Topology_TQL]
# Avg (ms):       0 # Max (ms):       0 # Count:     4 # Last called: 2018-02-26 06:13:40.079 # getAll [Topology_TQL_TRACKER]
# Avg (ms):       0 # Max (ms):       0 # Count:   113 # Last called: 2018-02-26 06:14:55.876 # getAll [Auth_TENANT]
# Avg (ms):       0 # Max (ms):       1 # Count:   317 # Last called: 2018-02-26 06:14:55.876 # getAllByIndex [Auth_USER]
# Avg (ms):       0 # Max (ms):       0 # Count:    20 # Last called: 2018-02-26 06:13:17.266 # getAll [Settings_DYNAMIC_SETTING]
# Avg (ms):       0 # Max (ms):       1 # Count:   770 # Last called: 2018-02-26 06:14:55.876 # getAll [Settings_LDAP_SETTING]
# Avg (ms):       0 # Max (ms):       1 # Count:   180 # Last called: 2018-02-26 06:14:38.379 # getAll [License_LICENSE]
