
************************ Statistics from 2018-02-26 05:30:00.003 until 2018-02-26 05:45:00.008 ************************
Operations executed: 1406
Different operation types executed: 7
Operations average time (in millis): 0
The 10 worst operations are:
# Millis:       9 # On: 2018-02-26 05:32:56.877 # getAll [Topology_TQL]
getAll [Topology_TQL]
# Millis:       9 # On: 2018-02-26 05:38:40.001 # getAll [Topology_TQL]
getAll [Topology_TQL]
# Millis:       8 # On: 2018-02-26 05:32:57.769 # getAll [Topology_TQL]
getAll [Topology_TQL]
# Millis:       1 # On: 2018-02-26 05:40:16.945 # getAll [License_LICENSE]
getAll [License_LICENSE]
# Millis:       1 # On: 2018-02-26 05:42:53.493 # getAll [Settings_LDAP_SETTING]
getAll [Settings_LDAP_SETTING]
# Millis:       1 # On: 2018-02-26 05:31:17.067 # getAllByIndex [Auth_USER]
getAllByIndex [Auth_USER]
# Millis:       1 # On: 2018-02-26 05:40:16.847 # getAll [Settings_LDAP_SETTING]
getAll [Settings_LDAP_SETTING]
# Millis:       1 # On: 2018-02-26 05:34:16.792 # getAll [License_LICENSE]
getAll [License_LICENSE]
# Millis:       1 # On: 2018-02-26 05:43:16.907 # getAll [Settings_LDAP_SETTING]
getAll [Settings_LDAP_SETTING]
# Millis:       1 # On: 2018-02-26 05:30:53.210 # getAll [License_LICENSE]
getAll [License_LICENSE]
 *** All operations statistics ***
# Avg (ms):       8 # Max (ms):       9 # Count:     3 # Last called: 2018-02-26 05:38:40.001 # getAll [Topology_TQL]
# Avg (ms):       0 # Max (ms):       0 # Count:    20 # Last called: 2018-02-26 05:43:17.212 # getAll [Settings_DYNAMIC_SETTING]
# Avg (ms):       0 # Max (ms):       1 # Count:   180 # Last called: 2018-02-26 05:44:38.345 # getAll [License_LICENSE]
# Avg (ms):       0 # Max (ms):       1 # Count:   317 # Last called: 2018-02-26 05:44:55.334 # getAllByIndex [Auth_USER]
# Avg (ms):       0 # Max (ms):       1 # Count:   770 # Last called: 2018-02-26 05:44:55.334 # getAll [Settings_LDAP_SETTING]
# Avg (ms):       0 # Max (ms):       0 # Count:     3 # Last called: 2018-02-26 05:43:40.079 # getAll [Topology_TQL_TRACKER]
# Avg (ms):       0 # Max (ms):       0 # Count:   113 # Last called: 2018-02-26 05:44:55.334 # getAll [Auth_TENANT]
