
************************ Statistics from 2018-02-26 04:15:00.008 until 2018-02-26 04:30:00.002 ************************
Operations executed: 1473
Different operation types executed: 7
Operations average time (in millis): 0
The 10 worst operations are:
# Millis:      10 # On: 2018-02-26 04:17:56.877 # getAll [Topology_TQL]
getAll [Topology_TQL]
# Millis:       9 # On: 2018-02-26 04:28:40.001 # getAll [Topology_TQL]
getAll [Topology_TQL]
# Millis:       9 # On: 2018-02-26 04:18:40.001 # getAll [Topology_TQL]
getAll [Topology_TQL]
# Millis:       8 # On: 2018-02-26 04:17:57.770 # getAll [Topology_TQL]
getAll [Topology_TQL]
# Millis:       1 # On: 2018-02-26 04:22:16.314 # getAll [Settings_LDAP_SETTING]
getAll [Settings_LDAP_SETTING]
# Millis:       1 # On: 2018-02-26 04:16:16.314 # getAll [Settings_LDAP_SETTING]
getAll [Settings_LDAP_SETTING]
# Millis:       1 # On: 2018-02-26 04:21:53.161 # getAllByIndex [Auth_USER]
getAllByIndex [Auth_USER]
# Millis:       1 # On: 2018-02-26 04:16:17.267 # getAll [Settings_LDAP_SETTING]
getAll [Settings_LDAP_SETTING]
# Millis:       1 # On: 2018-02-26 04:28:16.902 # getAllByIndex [Auth_USER]
getAllByIndex [Auth_USER]
# Millis:       1 # On: 2018-02-26 04:28:16.330 # getAll [License_LICENSE]
getAll [License_LICENSE]
 *** All operations statistics ***
# Avg (ms):       9 # Max (ms):      10 # Count:     4 # Last called: 2018-02-26 04:28:40.001 # getAll [Topology_TQL]
# Avg (ms):       0 # Max (ms):       1 # Count:   185 # Last called: 2018-02-26 04:29:38.269 # getAll [License_LICENSE]
# Avg (ms):       0 # Max (ms):       0 # Count:   117 # Last called: 2018-02-26 04:29:55.329 # getAll [Auth_TENANT]
# Avg (ms):       0 # Max (ms):       0 # Count:     4 # Last called: 2018-02-26 04:28:40.076 # getAll [Topology_TQL_TRACKER]
# Avg (ms):       0 # Max (ms):       0 # Count:    20 # Last called: 2018-02-26 04:28:17.288 # getAll [Settings_DYNAMIC_SETTING]
# Avg (ms):       0 # Max (ms):       1 # Count:   810 # Last called: 2018-02-26 04:29:55.329 # getAll [Settings_LDAP_SETTING]
# Avg (ms):       0 # Max (ms):       1 # Count:   333 # Last called: 2018-02-26 04:29:55.329 # getAllByIndex [Auth_USER]
