
************************ Statistics from 2018-02-26 08:30:00.005 until 2018-02-26 08:45:00.018 ************************
Operations executed: 1406
Different operation types executed: 7
Operations average time (in millis): 0
The 10 worst operations are:
# Millis:       9 # On: 2018-02-26 08:32:56.878 # getAll [Topology_TQL]
getAll [Topology_TQL]
# Millis:       8 # On: 2018-02-26 08:32:57.770 # getAll [Topology_TQL]
getAll [Topology_TQL]
# Millis:       8 # On: 2018-02-26 08:38:40.001 # getAll [Topology_TQL]
getAll [Topology_TQL]
# Millis:       1 # On: 2018-02-26 08:40:17.437 # getAllByIndex [Auth_USER]
getAllByIndex [Auth_USER]
# Millis:       1 # On: 2018-02-26 08:34:17.327 # getAll [Settings_LDAP_SETTING]
getAll [Settings_LDAP_SETTING]
# Millis:       1 # On: 2018-02-26 08:33:53.261 # getAll [License_LICENSE]
getAll [License_LICENSE]
# Millis:       1 # On: 2018-02-26 08:34:17.120 # getAll [License_LICENSE]
getAll [License_LICENSE]
# Millis:       1 # On: 2018-02-26 08:37:17.052 # getAll [Settings_LDAP_SETTING]
getAll [Settings_LDAP_SETTING]
# Millis:       1 # On: 2018-02-26 08:31:16.346 # getAll [License_LICENSE]
getAll [License_LICENSE]
# Millis:       1 # On: 2018-02-26 08:39:30.649 # getAllByIndex [Auth_USER]
getAllByIndex [Auth_USER]
 *** All operations statistics ***
# Avg (ms):       8 # Max (ms):       9 # Count:     3 # Last called: 2018-02-26 08:38:40.001 # getAll [Topology_TQL]
# Avg (ms):       0 # Max (ms):       1 # Count:   770 # Last called: 2018-02-26 08:44:55.350 # getAll [Settings_LDAP_SETTING]
# Avg (ms):       0 # Max (ms):       0 # Count:     3 # Last called: 2018-02-26 08:43:40.082 # getAll [Topology_TQL_TRACKER]
# Avg (ms):       0 # Max (ms):       0 # Count:   113 # Last called: 2018-02-26 08:44:55.350 # getAll [Auth_TENANT]
# Avg (ms):       0 # Max (ms):       1 # Count:    20 # Last called: 2018-02-26 08:43:17.273 # getAll [Settings_DYNAMIC_SETTING]
# Avg (ms):       0 # Max (ms):       1 # Count:   180 # Last called: 2018-02-26 08:44:38.538 # getAll [License_LICENSE]
# Avg (ms):       0 # Max (ms):       1 # Count:   317 # Last called: 2018-02-26 08:44:55.350 # getAllByIndex [Auth_USER]
