
************************ Statistics from 2018-02-26 03:30:00.007 until 2018-02-26 03:45:00.002 ************************
Operations executed: 1406
Different operation types executed: 7
Operations average time (in millis): 0
The 10 worst operations are:
# Millis:       9 # On: 2018-02-26 03:32:56.877 # getAll [Topology_TQL]
getAll [Topology_TQL]
# Millis:       8 # On: 2018-02-26 03:32:57.770 # getAll [Topology_TQL]
getAll [Topology_TQL]
# Millis:       8 # On: 2018-02-26 03:38:40.001 # getAll [Topology_TQL]
getAll [Topology_TQL]
# Millis:       1 # On: 2018-02-26 03:40:50.987 # getAll [Settings_LDAP_SETTING]
getAll [Settings_LDAP_SETTING]
# Millis:       1 # On: 2018-02-26 03:40:16.382 # getAll [License_LICENSE]
getAll [License_LICENSE]
# Millis:       1 # On: 2018-02-26 03:37:16.327 # getAll [License_LICENSE]
getAll [License_LICENSE]
# Millis:       1 # On: 2018-02-26 03:40:16.733 # getAll [License_LICENSE]
getAll [License_LICENSE]
# Millis:       0 # On: 2018-02-26 03:30:53.161 # getAll [Settings_LDAP_SETTING]
getAll [Settings_LDAP_SETTING]
# Millis:       0 # On: 2018-02-26 03:30:50.665 # getAllByIndex [Auth_USER]
getAllByIndex [Auth_USER]
# Millis:       0 # On: 2018-02-26 03:30:20.636 # getAll [Settings_LDAP_SETTING]
getAll [Settings_LDAP_SETTING]
 *** All operations statistics ***
# Avg (ms):       8 # Max (ms):       9 # Count:     3 # Last called: 2018-02-26 03:38:40.001 # getAll [Topology_TQL]
# Avg (ms):       0 # Max (ms):       1 # Count:   770 # Last called: 2018-02-26 03:44:55.326 # getAll [Settings_LDAP_SETTING]
# Avg (ms):       0 # Max (ms):       0 # Count:    20 # Last called: 2018-02-26 03:43:17.262 # getAll [Settings_DYNAMIC_SETTING]
# Avg (ms):       0 # Max (ms):       0 # Count:   317 # Last called: 2018-02-26 03:44:55.326 # getAllByIndex [Auth_USER]
# Avg (ms):       0 # Max (ms):       0 # Count:   113 # Last called: 2018-02-26 03:44:55.326 # getAll [Auth_TENANT]
# Avg (ms):       0 # Max (ms):       1 # Count:   180 # Last called: 2018-02-26 03:44:38.222 # getAll [License_LICENSE]
# Avg (ms):       0 # Max (ms):       0 # Count:     3 # Last called: 2018-02-26 03:43:40.074 # getAll [Topology_TQL_TRACKER]
