
************************ Statistics from 2018-02-26 15:00:00.003 until 2018-02-26 15:15:00.008 ************************
Operations executed: 1407
Different operation types executed: 7
Operations average time (in millis): 0
The 10 worst operations are:
# Millis:       9 # On: 2018-02-26 15:08:43.791 # getAll [Topology_TQL]
getAll [Topology_TQL]
# Millis:       9 # On: 2018-02-26 15:02:56.882 # getAll [Topology_TQL]
getAll [Topology_TQL]
# Millis:       9 # On: 2018-02-26 15:02:57.772 # getAll [Topology_TQL]
getAll [Topology_TQL]
# Millis:       1 # On: 2018-02-26 15:02:33.712 # getAllByIndex [Auth_USER]
getAllByIndex [Auth_USER]
# Millis:       1 # On: 2018-02-26 15:06:55.702 # getAll [Settings_LDAP_SETTING]
getAll [Settings_LDAP_SETTING]
# Millis:       1 # On: 2018-02-26 15:04:31.476 # getAll [License_LICENSE]
getAll [License_LICENSE]
# Millis:       1 # On: 2018-02-26 15:02:38.938 # getAll [License_LICENSE]
getAll [License_LICENSE]
# Millis:       1 # On: 2018-02-26 15:10:17.142 # getAll [License_LICENSE]
getAll [License_LICENSE]
# Millis:       1 # On: 2018-02-26 15:01:33.980 # getAllByIndex [Auth_USER]
getAllByIndex [Auth_USER]
# Millis:       1 # On: 2018-02-26 15:13:15.174 # getAll [Settings_LDAP_SETTING]
getAll [Settings_LDAP_SETTING]
 *** All operations statistics ***
# Avg (ms):       9 # Max (ms):       9 # Count:     3 # Last called: 2018-02-26 15:08:43.791 # getAll [Topology_TQL]
# Avg (ms):       0 # Max (ms):       1 # Count:   317 # Last called: 2018-02-26 15:14:55.382 # getAllByIndex [Auth_USER]
# Avg (ms):       0 # Max (ms):       1 # Count:    20 # Last called: 2018-02-26 15:13:17.258 # getAll [Settings_DYNAMIC_SETTING]
# Avg (ms):       0 # Max (ms):       0 # Count:   113 # Last called: 2018-02-26 15:14:55.382 # getAll [Auth_TENANT]
# Avg (ms):       0 # Max (ms):       0 # Count:     4 # Last called: 2018-02-26 15:13:43.817 # getAll [Topology_TQL_TRACKER]
# Avg (ms):       0 # Max (ms):       1 # Count:   180 # Last called: 2018-02-26 15:14:38.951 # getAll [License_LICENSE]
# Avg (ms):       0 # Max (ms):       1 # Count:   770 # Last called: 2018-02-26 15:14:55.382 # getAll [Settings_LDAP_SETTING]
