
************************ Statistics from 2018-02-26 12:45:00.017 until 2018-02-26 13:00:01.329 ************************
Operations executed: 1473
Different operation types executed: 7
Operations average time (in millis): 0
The 10 worst operations are:
# Millis:      17 # On: 2018-02-26 12:48:43.791 # getAll [Topology_TQL]
getAll [Topology_TQL]
# Millis:       9 # On: 2018-02-26 12:47:57.771 # getAll [Topology_TQL]
getAll [Topology_TQL]
# Millis:       8 # On: 2018-02-26 12:47:56.881 # getAll [Topology_TQL]
getAll [Topology_TQL]
# Millis:       8 # On: 2018-02-26 12:58:43.790 # getAll [Topology_TQL]
getAll [Topology_TQL]
# Millis:       1 # On: 2018-02-26 12:46:30.707 # getAll [Settings_LDAP_SETTING]
getAll [Settings_LDAP_SETTING]
# Millis:       1 # On: 2018-02-26 12:46:30.013 # getAll [License_LICENSE]
getAll [License_LICENSE]
# Millis:       1 # On: 2018-02-26 12:57:53.148 # getAllByIndex [Auth_USER]
getAllByIndex [Auth_USER]
# Millis:       1 # On: 2018-02-26 12:52:18.030 # getAll [License_LICENSE]
getAll [License_LICENSE]
# Millis:       1 # On: 2018-02-26 12:49:22.133 # getAllByIndex [Auth_USER]
getAllByIndex [Auth_USER]
# Millis:       1 # On: 2018-02-26 12:49:22.218 # getAll [Settings_LDAP_SETTING]
getAll [Settings_LDAP_SETTING]
 *** All operations statistics ***
# Avg (ms):      10 # Max (ms):      17 # Count:     4 # Last called: 2018-02-26 12:58:43.790 # getAll [Topology_TQL]
# Avg (ms):       0 # Max (ms):       0 # Count:   117 # Last called: 2018-02-26 12:59:56.558 # getAll [Auth_TENANT]
# Avg (ms):       0 # Max (ms):       1 # Count:   333 # Last called: 2018-02-26 12:59:56.558 # getAllByIndex [Auth_USER]
# Avg (ms):       0 # Max (ms):       1 # Count:   810 # Last called: 2018-02-26 12:59:56.558 # getAll [Settings_LDAP_SETTING]
# Avg (ms):       0 # Max (ms):       1 # Count:   185 # Last called: 2018-02-26 12:59:38.810 # getAll [License_LICENSE]
# Avg (ms):       0 # Max (ms):       0 # Count:     4 # Last called: 2018-02-26 12:58:43.813 # getAll [Topology_TQL_TRACKER]
# Avg (ms):       0 # Max (ms):       0 # Count:    20 # Last called: 2018-02-26 12:58:17.349 # getAll [Settings_DYNAMIC_SETTING]
