
************************ Statistics from 2018-02-26 04:00:00.004 until 2018-02-26 04:15:00.008 ************************
Operations executed: 1407
Different operation types executed: 7
Operations average time (in millis): 0
The 10 worst operations are:
# Millis:      18 # On: 2018-02-26 04:08:40.001 # getAll [Topology_TQL]
getAll [Topology_TQL]
# Millis:      10 # On: 2018-02-26 04:02:56.877 # getAll [Topology_TQL]
getAll [Topology_TQL]
# Millis:       9 # On: 2018-02-26 04:02:57.769 # getAll [Topology_TQL]
getAll [Topology_TQL]
# Millis:       1 # On: 2018-02-26 04:01:51.676 # getAllByIndex [Auth_USER]
getAllByIndex [Auth_USER]
# Millis:       1 # On: 2018-02-26 04:01:16.811 # getAll [Settings_LDAP_SETTING]
getAll [Settings_LDAP_SETTING]
# Millis:       1 # On: 2018-02-26 04:04:16.313 # getAll [Auth_TENANT]
getAll [Auth_TENANT]
# Millis:       1 # On: 2018-02-26 04:06:53.338 # getAll [License_LICENSE]
getAll [License_LICENSE]
# Millis:       1 # On: 2018-02-26 04:10:51.953 # getAll [Auth_TENANT]
getAll [Auth_TENANT]
# Millis:       1 # On: 2018-02-26 04:06:53.261 # getAll [License_LICENSE]
getAll [License_LICENSE]
# Millis:       1 # On: 2018-02-26 04:13:16.443 # getAll [License_LICENSE]
getAll [License_LICENSE]
 *** All operations statistics ***
# Avg (ms):      12 # Max (ms):      18 # Count:     3 # Last called: 2018-02-26 04:08:40.001 # getAll [Topology_TQL]
# Avg (ms):       0 # Max (ms):       0 # Count:     4 # Last called: 2018-02-26 04:13:40.075 # getAll [Topology_TQL_TRACKER]
# Avg (ms):       0 # Max (ms):       1 # Count:   317 # Last called: 2018-02-26 04:14:55.328 # getAllByIndex [Auth_USER]
# Avg (ms):       0 # Max (ms):       0 # Count:    20 # Last called: 2018-02-26 04:13:17.289 # getAll [Settings_DYNAMIC_SETTING]
# Avg (ms):       0 # Max (ms):       1 # Count:   770 # Last called: 2018-02-26 04:14:55.328 # getAll [Settings_LDAP_SETTING]
# Avg (ms):       0 # Max (ms):       1 # Count:   113 # Last called: 2018-02-26 04:14:55.328 # getAll [Auth_TENANT]
# Avg (ms):       0 # Max (ms):       1 # Count:   180 # Last called: 2018-02-26 04:14:38.253 # getAll [License_LICENSE]
