
************************ Statistics from 2018-02-26 00:30:00.004 until 2018-02-26 00:45:00.008 ************************
Operations executed: 1406
Different operation types executed: 7
Operations average time (in millis): 0
The 10 worst operations are:
# Millis:       9 # On: 2018-02-26 00:32:56.876 # getAll [Topology_TQL]
getAll [Topology_TQL]
# Millis:       8 # On: 2018-02-26 00:32:57.768 # getAll [Topology_TQL]
getAll [Topology_TQL]
# Millis:       8 # On: 2018-02-26 00:38:40.002 # getAll [Topology_TQL]
getAll [Topology_TQL]
# Millis:       1 # On: 2018-02-26 00:40:16.308 # getAll [License_LICENSE]
getAll [License_LICENSE]
# Millis:       1 # On: 2018-02-26 00:33:53.500 # getAll [Settings_LDAP_SETTING]
getAll [Settings_LDAP_SETTING]
# Millis:       1 # On: 2018-02-26 00:42:53.162 # getAll [License_LICENSE]
getAll [License_LICENSE]
# Millis:       1 # On: 2018-02-26 00:30:14.964 # getAll [Settings_LDAP_SETTING]
getAll [Settings_LDAP_SETTING]
# Millis:       1 # On: 2018-02-26 00:34:16.310 # getAll [Settings_LDAP_SETTING]
getAll [Settings_LDAP_SETTING]
# Millis:       1 # On: 2018-02-26 00:38:55.305 # getAllByIndex [Auth_USER]
getAllByIndex [Auth_USER]
# Millis:       1 # On: 2018-02-26 00:36:53.206 # getAll [License_LICENSE]
getAll [License_LICENSE]
 *** All operations statistics ***
# Avg (ms):       8 # Max (ms):       9 # Count:     3 # Last called: 2018-02-26 00:38:40.002 # getAll [Topology_TQL]
# Avg (ms):       0 # Max (ms):       0 # Count:     3 # Last called: 2018-02-26 00:43:40.072 # getAll [Topology_TQL_TRACKER]
# Avg (ms):       0 # Max (ms):       0 # Count:    20 # Last called: 2018-02-26 00:43:17.345 # getAll [Settings_DYNAMIC_SETTING]
# Avg (ms):       0 # Max (ms):       0 # Count:   113 # Last called: 2018-02-26 00:44:55.305 # getAll [Auth_TENANT]
# Avg (ms):       0 # Max (ms):       1 # Count:   180 # Last called: 2018-02-26 00:44:38.036 # getAll [License_LICENSE]
# Avg (ms):       0 # Max (ms):       1 # Count:   317 # Last called: 2018-02-26 00:44:55.305 # getAllByIndex [Auth_USER]
# Avg (ms):       0 # Max (ms):       1 # Count:   770 # Last called: 2018-02-26 00:44:55.305 # getAll [Settings_LDAP_SETTING]
