
************************ Statistics from 2018-02-26 15:58:01.238 until 2018-02-26 16:00:00.055 ************************
Operations executed: 977
Different operation types executed: 85
Operations average time (in millis): 13
The 10 worst operations are:
# Millis:    9176 # On: 2018-02-26 15:58:01.267 # init
init
# Millis:     475 # On: 2018-02-26 15:58:23.687 # getDetails [Discovery_BIN_RESOURCE_METADATA]
getDetails [Discovery_BIN_RESOURCE_METADATA]
# Millis:     393 # On: 2018-02-26 15:58:25.177 # getDetails [Discovery_JOB_METADATA]
getDetails [Discovery_JOB_METADATA]
# Millis:     390 # On: 2018-02-26 15:58:25.177 # getDetails [Discovery_BIN_RESOURCE_METADATA]
getDetails [Discovery_BIN_RESOURCE_METADATA]
# Millis:     379 # On: 2018-02-26 15:58:25.193 # put [Topology_ENRICHMENT]
put [Topology_ENRICHMENT]
# Millis:     267 # On: 2018-02-26 15:58:24.162 # getDetails [Discovery_BIN_RESOURCE_METADATA]
getDetails [Discovery_BIN_RESOURCE_METADATA]
# Millis:     249 # On: 2018-02-26 15:58:24.189 # getDetails [Discovery_CONFIGURATION_FILE_METADATA]
getDetails [Discovery_CONFIGURATION_FILE_METADATA]
# Millis:     222 # On: 2018-02-26 15:58:24.677 # put [Topology_ENRICHMENT]
put [Topology_ENRICHMENT]
# Millis:     222 # On: 2018-02-26 15:58:24.671 # getDetails [Discovery_BIN_RESOURCE_METADATA]
getDetails [Discovery_BIN_RESOURCE_METADATA]
# Millis:     221 # On: 2018-02-26 15:58:24.676 # getDetails [Discovery_JOB_METADATA]
getDetails [Discovery_JOB_METADATA]
 *** All operations statistics ***
# Avg (ms):    9176 # Max (ms):    9176 # Count:     1 # Last called: 2018-02-26 15:58:01.267 # init
# Avg (ms):     162 # Max (ms):     162 # Count:     1 # Last called: 2018-02-26 15:58:10.443 # validateResourcesOnInitDone
# Avg (ms):      65 # Max (ms):     393 # Count:    19 # Last called: 2018-02-26 15:58:25.943 # getDetails [Discovery_JOB_METADATA]
# Avg (ms):      56 # Max (ms):      84 # Count:     2 # Last called: 2018-02-26 15:58:17.783 # commitTransaction with callback
# Avg (ms):      45 # Max (ms):     379 # Count:    36 # Last called: 2018-02-26 15:58:27.311 # put [Topology_ENRICHMENT]
# Avg (ms):      44 # Max (ms):      88 # Count:     2 # Last called: 2018-02-26 15:58:24.446 # getAll [Policy_FOLDER_POLICY]
# Avg (ms):      22 # Max (ms):      38 # Count:     3 # Last called: 2018-02-26 15:58:43.923 # put [Settings_RESOURCE_GLOBAL_SETTING]
# Avg (ms):      19 # Max (ms):      19 # Count:     1 # Last called: 2018-02-26 15:58:23.165 # getAll [Topology_TQL]
# Avg (ms):       6 # Max (ms):       6 # Count:     1 # Last called: 2018-02-26 15:58:40.898 # getAllByIndex [Packaging_DEPLOYED_RESOURCE]
# Avg (ms):       2 # Max (ms):       2 # Count:     1 # Last called: 2018-02-26 15:58:23.585 # getAllByFilter [Discovery_BIN_RESOURCE_METADATA]
# Avg (ms):       2 # Max (ms):     475 # Count:    98 # Last called: 2018-02-26 15:58:26.277 # getDetails [Discovery_BIN_RESOURCE_METADATA]
# Avg (ms):       1 # Max (ms):       1 # Count:     1 # Last called: 2018-02-26 15:58:17.230 # getAll [CM_VALID_LINK]
# Avg (ms):       1 # Max (ms):       1 # Count:     1 # Last called: 2018-02-26 15:58:17.757 # addListener [POST_COMMIT:ALL_NODES:Reconciliation_IDENTIFICATION_CONFIG]
# Avg (ms):       1 # Max (ms):       2 # Count:     2 # Last called: 2018-02-26 15:58:24.126 # getAllByFilter [Discovery_CONFIGURATION_FILE_METADATA]
# Avg (ms):       1 # Max (ms):       1 # Count:     1 # Last called: 2018-02-26 15:58:24.487 # getAllByFilter [Discovery_ADAPTER_METADATA]
# Avg (ms):       1 # Max (ms):       1 # Count:     1 # Last called: 2018-02-26 15:58:28.811 # getAllByKeysForSingleType [Reconciliation_LOA_MAPPING, Reconciliation_LOA_MAPPING, Reconciliation_LOA_MAPPING, Reconciliation_LOA_MAPPING, Reconciliation_LOA_MAPPING]
# Avg (ms):       1 # Max (ms):       1 # Count:     1 # Last called: 2018-02-26 15:58:17.232 # getAll [CM_CLASS]
# Avg (ms):       1 # Max (ms):       1 # Count:     1 # Last called: 2018-02-26 15:58:24.081 # getAll [Topology_ENRICHMENT]
# Avg (ms):       1 # Max (ms):       1 # Count:     1 # Last called: 2018-02-26 15:58:10.664 # addListener [PRE_COMMIT:WRITER_NODE_ONLY:Policy_FOLDER_POLICY, Topology_VIEW, UI_BROWSER_WIDGET, UI_CUSTOM_REPORT, UI_UI_JOB, Auth_FOLDER, Discovery_FOLDER_MZ, Topology_CORRELATION_RULE, Topology_FOLDER_CORRELATION, Policy_POLICY_RULE, Topology_ENRICHMENT_BUSINESS_VIEW, Topology_TQL, Topology_FOLDER_TQL, UI_RESTRICTED_DATA, UI_RECIPIENT, Topology_FOLDER_ENRICHMENT, Topology_ENRICHMENT, Topology_FOLDER_VIEW]
# Avg (ms):       1 # Max (ms):       1 # Count:     1 # Last called: 2018-02-26 15:58:17.285 # getAll [CM_TYPE_DEF]
# Avg (ms):       1 # Max (ms):       1 # Count:     3 # Last called: 2018-02-26 15:58:24.443 # getAll [Topology_RESOURCE_BUNDLE]
# Avg (ms):       1 # Max (ms):       1 # Count:     2 # Last called: 2018-02-26 15:58:24.465 # getAll [Topology_FOLDER_VIEW]
# Avg (ms):       1 # Max (ms):     249 # Count:   437 # Last called: 2018-02-26 15:58:27.790 # getDetails [Discovery_CONFIGURATION_FILE_METADATA]
# Avg (ms):       0 # Max (ms):       0 # Count:     1 # Last called: 2018-02-26 15:58:16.560 # getAllByFilter [Settings_RESOURCE_GLOBAL_SETTING]
# Avg (ms):       0 # Max (ms):       0 # Count:     1 # Last called: 2018-02-26 15:58:23.146 # addListener [PRE_COMMIT:WRITER_NODE_ONLY:Settings_STATE_CUSTOMER_SETTING]
# Avg (ms):       0 # Max (ms):       0 # Count:     2 # Last called: 2018-02-26 15:58:27.853 # addListener [POST_COMMIT:ALL_NODES:CM_CLASS]
# Avg (ms):       0 # Max (ms):       0 # Count:     1 # Last called: 2018-02-26 15:58:23.058 # addListener [PRE_COMMIT:WRITER_NODE_ONLY:Auth_TENANT]
# Avg (ms):       0 # Max (ms):       0 # Count:     1 # Last called: 2018-02-26 15:58:24.352 # addListener [POST_COMMIT:ALL_NODES:Policy_FOLDER_POLICY, Discovery_FOLDER_MZ, Topology_FOLDER_CORRELATION, Topology_FOLDER_TQL, Topology_FOLDER_ENRICHMENT, Topology_FOLDER_VIEW, Topology_CORRELATION_RULE, Discovery_FOLDER_MZ, Topology_VIEW, Policy_POLICY_RULE, Topology_TQL, Topology_ENRICHMENT, Topology_RESOURCE_BUNDLE]
# Avg (ms):       0 # Max (ms):       0 # Count:     1 # Last called: 2018-02-26 15:58:43.908 # getAll [UI_UI_JOB]
# Avg (ms):       0 # Max (ms):       0 # Count:     1 # Last called: 2018-02-26 15:58:24.350 # addListener [PRE_COMMIT:WRITER_NODE_ONLY:Policy_FOLDER_POLICY, Discovery_FOLDER_MZ, Topology_FOLDER_CORRELATION, Topology_FOLDER_TQL, Topology_FOLDER_ENRICHMENT, Topology_FOLDER_VIEW]
# Avg (ms):       0 # Max (ms):       0 # Count:     2 # Last called: 2018-02-26 15:58:24.465 # getAll [Topology_FOLDER_ENRICHMENT]
# Avg (ms):       0 # Max (ms):       0 # Count:     2 # Last called: 2018-02-26 15:58:25.960 # getAll [Discovery_MNG_ZONE]
# Avg (ms):       0 # Max (ms):       0 # Count:     1 # Last called: 2018-02-26 15:58:16.560 # getAllByFilter [Settings_PROPERTY_SETTING]
# Avg (ms):       0 # Max (ms):       0 # Count:     1 # Last called: 2018-02-26 15:58:23.152 # addListener [POST_COMMIT:ALL_NODES:Topology_TQL]
# Avg (ms):       0 # Max (ms):       0 # Count:    90 # Last called: 2018-02-26 15:59:45.078 # getAll [Settings_LDAP_SETTING]
# Avg (ms):       0 # Max (ms):      44 # Count:    50 # Last called: 2018-02-26 15:58:25.949 # getAllByFilter [Discovery_JOB_METADATA]
# Avg (ms):       0 # Max (ms):       1 # Count:     2 # Last called: 2018-02-26 15:58:24.452 # getAll [Topology_FOLDER_TQL]
# Avg (ms):       0 # Max (ms):       0 # Count:     1 # Last called: 2018-02-26 15:58:10.674 # addListener [POST_COMMIT:ALL_NODES:Auth_TENANT]
# Avg (ms):       0 # Max (ms):       0 # Count:     1 # Last called: 2018-02-26 15:58:23.152 # addListener [PRE_COMMIT:WRITER_NODE_ONLY:Topology_TQL]
# Avg (ms):       0 # Max (ms):       0 # Count:     1 # Last called: 2018-02-26 15:58:10.670 # addListener [POST_COMMIT:ALL_NODES:Auth_USER, Auth_USERS_GROUP, Auth_ROLE, Auth_ROLE_ASSIGNMENT, Auth_PERMITTED_RESOURCES_GROUP, Auth_TENANT, Auth_SINGLE_TENANT_SECURITY_DOMAIN, Auth_ANY_TENANT_SECURITY_DOMAIN]
# Avg (ms):       0 # Max (ms):       0 # Count:     1 # Last called: 2018-02-26 15:58:24.071 # addListener [POST_COMMIT:WRITER_NODE_ONLY:Topology_ENRICHMENT]
# Avg (ms):       0 # Max (ms):       0 # Count:     1 # Last called: 2018-02-26 15:58:43.884 # addListener [POST_COMMIT:ALL_NODES:UI_UI_JOB]
# Avg (ms):       0 # Max (ms):       0 # Count:     1 # Last called: 2018-02-26 15:58:23.532 # addListener [PRE_COMMIT:WRITER_NODE_ONLY:Topology_VIEW]
# Avg (ms):       0 # Max (ms):       0 # Count:     1 # Last called: 2018-02-26 15:58:24.072 # addListener [POST_COMMIT:WRITER_NODE_ONLY:Topology_ENRICHMENT_BUSINESS_VIEW]
# Avg (ms):       0 # Max (ms):       1 # Count:     2 # Last called: 2018-02-26 15:58:42.462 # getAll [Settings_STATE_CUSTOMER_SETTING]
# Avg (ms):       0 # Max (ms):       0 # Count:     1 # Last called: 2018-02-26 15:58:17.748 # addListener [POST_COMMIT:ALL_NODES:CM_CLASS, CM_CALCULATED_LINK, CM_TYPE_DEF, CM_VALID_LINK]
# Avg (ms):       0 # Max (ms):       0 # Count:     1 # Last called: 2018-02-26 15:58:28.858 # addListener [POST_COMMIT:WRITER_NODE_ONLY:Topology_TQL]
# Avg (ms):       0 # Max (ms):       0 # Count:     1 # Last called: 2018-02-26 15:58:42.498 # getAll [Settings_DYNAMIC_SETTING]
# Avg (ms):       0 # Max (ms):       0 # Count:     1 # Last called: 2018-02-26 15:58:17.905 # addListener [POST_COMMIT:ALL_NODES:Integration_INTEGRATION_CONFIG, Integration_ADAPTER_CONFIG, Integration_PUSH_CONFIG]
# Avg (ms):       0 # Max (ms):       0 # Count:     1 # Last called: 2018-02-26 15:58:23.142 # addListener [POST_COMMIT:WRITER_NODE_ONLY:Topology_TQL_TRACKER]
# Avg (ms):       0 # Max (ms):       0 # Count:     1 # Last called: 2018-02-26 15:58:17.767 # getAll [Reconciliation_RECONCILIATION_PRIORITY_CONFIG]
# Avg (ms):       0 # Max (ms):       0 # Count:     1 # Last called: 2018-02-26 15:58:24.070 # addListener [PRE_COMMIT:WRITER_NODE_ONLY:Topology_ENRICHMENT]
# Avg (ms):       0 # Max (ms):       0 # Count:     1 # Last called: 2018-02-26 15:58:43.784 # getAll [Auth_ANY_TENANT_SECURITY_DOMAIN]
# Avg (ms):       0 # Max (ms):       1 # Count:    29 # Last called: 2018-02-26 15:59:45.078 # getAll [Auth_TENANT]
# Avg (ms):       0 # Max (ms):       0 # Count:     1 # Last called: 2018-02-26 15:58:01.239 # register
# Avg (ms):       0 # Max (ms):       0 # Count:     1 # Last called: 2018-02-26 15:58:23.532 # getAll [Topology_CORRELATION_RULE]
# Avg (ms):       0 # Max (ms):       0 # Count:     1 # Last called: 2018-02-26 15:58:24.072 # addListener [POST_COMMIT:WRITER_NODE_ONLY:Rta_RESOURCE_TENANTS_ASSOCIATION]
# Avg (ms):       0 # Max (ms):       0 # Count:     1 # Last called: 2018-02-26 15:58:23.498 # addListener [PRE_COMMIT:WRITER_NODE_ONLY:Topology_RESOURCE_BUNDLE]
# Avg (ms):       0 # Max (ms):       0 # Count:     1 # Last called: 2018-02-26 15:58:23.059 # addListener [PRE_COMMIT:WRITER_NODE_ONLY:Settings_DYNAMIC_SETTING]
# Avg (ms):       0 # Max (ms):       0 # Count:     2 # Last called: 2018-02-26 15:58:24.448 # getAll [Discovery_FOLDER_MZ]
# Avg (ms):       0 # Max (ms):       0 # Count:     2 # Last called: 2018-02-26 15:58:24.448 # getAll [Topology_FOLDER_CORRELATION]
# Avg (ms):       0 # Max (ms):       0 # Count:     1 # Last called: 2018-02-26 15:58:17.758 # addListener [POST_COMMIT:ALL_NODES:Reconciliation_RECONCILIATION_PRIORITY_CONFIG]
# Avg (ms):       0 # Max (ms):       0 # Count:     1 # Last called: 2018-02-26 15:58:43.882 # addListener [POST_COMMIT:ALL_NODES:Settings_RESOURCE_GLOBAL_SETTING, Settings_STATE_CUSTOMER_SETTING]
# Avg (ms):       0 # Max (ms):       0 # Count:     1 # Last called: 2018-02-26 15:58:10.676 # addListener [POST_COMMIT:ALL_NODES:Rta_RESOURCE_TENANTS_ASSOCIATION]
# Avg (ms):       0 # Max (ms):       0 # Count:     1 # Last called: 2018-02-26 15:58:43.782 # getAll [Auth_USERS_GROUP]
# Avg (ms):       0 # Max (ms):       0 # Count:     2 # Last called: 2018-02-26 15:58:23.582 # getAll [Integration_ADAPTER_CONFIG]
# Avg (ms):       0 # Max (ms):       0 # Count:     1 # Last called: 2018-02-26 15:58:10.673 # addListener [POST_COMMIT:WRITER_NODE_ONLY:Auth_TENANT]
# Avg (ms):       0 # Max (ms):       0 # Count:     1 # Last called: 2018-02-26 15:58:23.141 # addListener [POST_COMMIT:ALL_NODES:Settings_STATE_CUSTOMER_SETTING]
# Avg (ms):       0 # Max (ms):       0 # Count:    39 # Last called: 2018-02-26 15:59:45.078 # getAllByIndex [Auth_USER]
# Avg (ms):       0 # Max (ms):       0 # Count:     1 # Last called: 2018-02-26 15:58:43.784 # getAll [Auth_SINGLE_TENANT_SECURITY_DOMAIN]
# Avg (ms):       0 # Max (ms):       0 # Count:     1 # Last called: 2018-02-26 15:58:17.285 # getAll [CM_CALCULATED_LINK]
# Avg (ms):       0 # Max (ms):      27 # Count:    29 # Last called: 2018-02-26 15:58:27.281 # getIncomingDependencies by key and cascade type [Topology_TQL : DELETE]
# Avg (ms):       0 # Max (ms):       0 # Count:     1 # Last called: 2018-02-26 15:58:17.751 # getAll [Integration_PUSH_CONFIG]
# Avg (ms):       0 # Max (ms):       0 # Count:     1 # Last called: 2018-02-26 15:58:43.785 # getAllByIndex [Auth_ROLE_ASSIGNMENT]
# Avg (ms):       0 # Max (ms):       0 # Count:     1 # Last called: 2018-02-26 15:58:43.783 # getAll [Auth_ROLE]
# Avg (ms):       0 # Max (ms):       0 # Count:     1 # Last called: 2018-02-26 15:58:24.071 # addListener [PRE_COMMIT:WRITER_NODE_ONLY:Topology_ENRICHMENT_BUSINESS_VIEW]
# Avg (ms):       0 # Max (ms):       1 # Count:     2 # Last called: 2018-02-26 15:58:25.968 # addListener [POST_COMMIT:WRITER_NODE_ONLY:Discovery_CONFIGURATION_FILE_METADATA]
# Avg (ms):       0 # Max (ms):       0 # Count:     1 # Last called: 2018-02-26 15:58:17.748 # addListener [POST_COMMIT:WRITER_NODE_ONLY:CM_CALCULATED_LINK]
# Avg (ms):       0 # Max (ms):       0 # Count:     1 # Last called: 2018-02-26 15:58:16.560 # getAllByFilter [Settings_STATE_CUSTOMER_SETTING]
# Avg (ms):       0 # Max (ms):       0 # Count:     4 # Last called: 2018-02-26 15:58:43.909 # commitTransaction
# Avg (ms):       0 # Max (ms):       0 # Count:     1 # Last called: 2018-02-26 15:58:17.751 # getAll [Integration_INTEGRATION_CONFIG]
# Avg (ms):       0 # Max (ms):       1 # Count:     6 # Last called: 2018-02-26 15:58:43.907 # startTransaction
# Avg (ms):       0 # Max (ms):       0 # Count:     1 # Last called: 2018-02-26 15:58:42.462 # getAll [Settings_RESOURCE_GLOBAL_SETTING]
# Avg (ms):       0 # Max (ms):     196 # Count:    48 # Last called: 2018-02-26 15:59:59.596 # getAll [License_LICENSE]
# Avg (ms):       0 # Max (ms):       0 # Count:     3 # Last called: 2018-02-26 15:58:24.213 # addListener [POST_COMMIT:WRITER_NODE_ONLY:CM_CLASS]
