
************************ Statistics from 2018-02-26 06:30:00.007 until 2018-02-26 06:45:00.003 ************************
Operations executed: 1406
Different operation types executed: 7
Operations average time (in millis): 0
The 10 worst operations are:
# Millis:      10 # On: 2018-02-26 06:32:56.878 # getAll [Topology_TQL]
getAll [Topology_TQL]
# Millis:       9 # On: 2018-02-26 06:38:40.001 # getAll [Topology_TQL]
getAll [Topology_TQL]
# Millis:       8 # On: 2018-02-26 06:32:57.770 # getAll [Topology_TQL]
getAll [Topology_TQL]
# Millis:       1 # On: 2018-02-26 06:37:16.317 # getAll [Settings_LDAP_SETTING]
getAll [Settings_LDAP_SETTING]
# Millis:       1 # On: 2018-02-26 06:31:17.219 # getAll [Settings_DYNAMIC_SETTING]
getAll [Settings_DYNAMIC_SETTING]
# Millis:       1 # On: 2018-02-26 06:37:16.920 # getAll [Auth_TENANT]
getAll [Auth_TENANT]
# Millis:       1 # On: 2018-02-26 06:31:17.090 # getAll [License_LICENSE]
getAll [License_LICENSE]
# Millis:       1 # On: 2018-02-26 06:34:16.320 # getAll [Settings_LDAP_SETTING]
getAll [Settings_LDAP_SETTING]
# Millis:       1 # On: 2018-02-26 06:37:16.643 # getAll [License_LICENSE]
getAll [License_LICENSE]
# Millis:       1 # On: 2018-02-26 06:37:16.841 # getAll [License_LICENSE]
getAll [License_LICENSE]
 *** All operations statistics ***
# Avg (ms):       9 # Max (ms):      10 # Count:     3 # Last called: 2018-02-26 06:38:40.001 # getAll [Topology_TQL]
# Avg (ms):       0 # Max (ms):       0 # Count:   317 # Last called: 2018-02-26 06:44:56.818 # getAllByIndex [Auth_USER]
# Avg (ms):       0 # Max (ms):       1 # Count:   770 # Last called: 2018-02-26 06:44:56.818 # getAll [Settings_LDAP_SETTING]
# Avg (ms):       0 # Max (ms):       1 # Count:    20 # Last called: 2018-02-26 06:43:17.270 # getAll [Settings_DYNAMIC_SETTING]
# Avg (ms):       0 # Max (ms):       1 # Count:   180 # Last called: 2018-02-26 06:44:38.416 # getAll [License_LICENSE]
# Avg (ms):       0 # Max (ms):       0 # Count:     3 # Last called: 2018-02-26 06:43:40.079 # getAll [Topology_TQL_TRACKER]
# Avg (ms):       0 # Max (ms):       1 # Count:   113 # Last called: 2018-02-26 06:44:56.818 # getAll [Auth_TENANT]
