
************************ Statistics from 2018-02-26 10:30:00.002 until 2018-02-26 10:45:00.006 ************************
Operations executed: 1415
Different operation types executed: 7
Operations average time (in millis): 0
The 10 worst operations are:
# Millis:       8 # On: 2018-02-26 10:38:40.002 # getAll [Topology_TQL]
getAll [Topology_TQL]
# Millis:       8 # On: 2018-02-26 10:32:56.880 # getAll [Topology_TQL]
getAll [Topology_TQL]
# Millis:       8 # On: 2018-02-26 10:32:57.770 # getAll [Topology_TQL]
getAll [Topology_TQL]
# Millis:       1 # On: 2018-02-26 10:43:24.653 # getAll [License_LICENSE]
getAll [License_LICENSE]
# Millis:       1 # On: 2018-02-26 10:40:17.303 # getAllByIndex [Auth_USER]
getAllByIndex [Auth_USER]
# Millis:       1 # On: 2018-02-26 10:30:53.172 # getAll [License_LICENSE]
getAll [License_LICENSE]
# Millis:       1 # On: 2018-02-26 10:39:55.357 # getAll [Settings_LDAP_SETTING]
getAll [Settings_LDAP_SETTING]
# Millis:       1 # On: 2018-02-26 10:31:17.239 # getAll [Settings_LDAP_SETTING]
getAll [Settings_LDAP_SETTING]
# Millis:       1 # On: 2018-02-26 10:44:41.684 # getAll [Settings_LDAP_SETTING]
getAll [Settings_LDAP_SETTING]
# Millis:       1 # On: 2018-02-26 10:37:16.310 # getAll [Auth_TENANT]
getAll [Auth_TENANT]
 *** All operations statistics ***
# Avg (ms):       8 # Max (ms):       8 # Count:     3 # Last called: 2018-02-26 10:38:40.002 # getAll [Topology_TQL]
# Avg (ms):       0 # Max (ms):       0 # Count:     3 # Last called: 2018-02-26 10:43:40.084 # getAll [Topology_TQL_TRACKER]
# Avg (ms):       0 # Max (ms):       1 # Count:   189 # Last called: 2018-02-26 10:44:38.664 # getAll [License_LICENSE]
# Avg (ms):       0 # Max (ms):       1 # Count:   113 # Last called: 2018-02-26 10:44:55.357 # getAll [Auth_TENANT]
# Avg (ms):       0 # Max (ms):       0 # Count:    20 # Last called: 2018-02-26 10:43:24.978 # getAll [Settings_DYNAMIC_SETTING]
# Avg (ms):       0 # Max (ms):       1 # Count:   770 # Last called: 2018-02-26 10:44:55.357 # getAll [Settings_LDAP_SETTING]
# Avg (ms):       0 # Max (ms):       1 # Count:   317 # Last called: 2018-02-26 10:44:55.357 # getAllByIndex [Auth_USER]
