
************************ Statistics from 2018-02-26 07:15:00.001 until 2018-02-26 07:30:00.013 ************************
Operations executed: 1473
Different operation types executed: 7
Operations average time (in millis): 0
The 10 worst operations are:
# Millis:      10 # On: 2018-02-26 07:17:57.770 # getAll [Topology_TQL]
getAll [Topology_TQL]
# Millis:      10 # On: 2018-02-26 07:28:40.001 # getAll [Topology_TQL]
getAll [Topology_TQL]
# Millis:       8 # On: 2018-02-26 07:17:56.878 # getAll [Topology_TQL]
getAll [Topology_TQL]
# Millis:       8 # On: 2018-02-26 07:18:40.001 # getAll [Topology_TQL]
getAll [Topology_TQL]
# Millis:       1 # On: 2018-02-26 07:25:28.126 # getAll [Settings_LDAP_SETTING]
getAll [Settings_LDAP_SETTING]
# Millis:       1 # On: 2018-02-26 07:19:55.343 # getAllByIndex [Auth_USER]
getAllByIndex [Auth_USER]
# Millis:       1 # On: 2018-02-26 07:25:17.284 # getAll [Settings_LDAP_SETTING]
getAll [Settings_LDAP_SETTING]
# Millis:       1 # On: 2018-02-26 07:16:57.866 # getAll [Settings_LDAP_SETTING]
getAll [Settings_LDAP_SETTING]
# Millis:       1 # On: 2018-02-26 07:25:16.965 # getAll [Auth_TENANT]
getAll [Auth_TENANT]
# Millis:       1 # On: 2018-02-26 07:26:55.343 # getAllByIndex [Auth_USER]
getAllByIndex [Auth_USER]
 *** All operations statistics ***
# Avg (ms):       8 # Max (ms):      10 # Count:     4 # Last called: 2018-02-26 07:28:40.001 # getAll [Topology_TQL]
# Avg (ms):       0 # Max (ms):       1 # Count:   810 # Last called: 2018-02-26 07:29:58.267 # getAll [Settings_LDAP_SETTING]
# Avg (ms):       0 # Max (ms):       1 # Count:     4 # Last called: 2018-02-26 07:28:40.080 # getAll [Topology_TQL_TRACKER]
# Avg (ms):       0 # Max (ms):       1 # Count:   117 # Last called: 2018-02-26 07:29:58.267 # getAll [Auth_TENANT]
# Avg (ms):       0 # Max (ms):       1 # Count:   185 # Last called: 2018-02-26 07:29:38.461 # getAll [License_LICENSE]
# Avg (ms):       0 # Max (ms):       0 # Count:    20 # Last called: 2018-02-26 07:28:17.322 # getAll [Settings_DYNAMIC_SETTING]
# Avg (ms):       0 # Max (ms):       1 # Count:   333 # Last called: 2018-02-26 07:29:58.267 # getAllByIndex [Auth_USER]
