
************************ Statistics from 2018-02-26 14:15:01.987 until 2018-02-26 14:30:00.004 ************************
Operations executed: 1469
Different operation types executed: 7
Operations average time (in millis): 0
The 10 worst operations are:
# Millis:      19 # On: 2018-02-26 14:17:57.771 # getAll [Topology_TQL]
getAll [Topology_TQL]
# Millis:       9 # On: 2018-02-26 14:28:43.791 # getAll [Topology_TQL]
getAll [Topology_TQL]
# Millis:       8 # On: 2018-02-26 14:17:56.881 # getAll [Topology_TQL]
getAll [Topology_TQL]
# Millis:       8 # On: 2018-02-26 14:18:43.791 # getAll [Topology_TQL]
getAll [Topology_TQL]
# Millis:       1 # On: 2018-02-26 14:18:26.112 # getAll [License_LICENSE]
getAll [License_LICENSE]
# Millis:       1 # On: 2018-02-26 14:27:55.506 # getAll [Settings_DYNAMIC_SETTING]
getAll [Settings_DYNAMIC_SETTING]
# Millis:       1 # On: 2018-02-26 14:16:16.320 # getAll [Auth_TENANT]
getAll [Auth_TENANT]
# Millis:       1 # On: 2018-02-26 14:21:59.012 # getAll [Settings_LDAP_SETTING]
getAll [Settings_LDAP_SETTING]
# Millis:       1 # On: 2018-02-26 14:25:16.435 # getAll [License_LICENSE]
getAll [License_LICENSE]
# Millis:       1 # On: 2018-02-26 14:20:55.375 # getAll [Settings_LDAP_SETTING]
getAll [Settings_LDAP_SETTING]
 *** All operations statistics ***
# Avg (ms):      10 # Max (ms):      19 # Count:     4 # Last called: 2018-02-26 14:28:43.791 # getAll [Topology_TQL]
# Avg (ms):       0 # Max (ms):       1 # Count:    20 # Last called: 2018-02-26 14:28:17.307 # getAll [Settings_DYNAMIC_SETTING]
# Avg (ms):       0 # Max (ms):       1 # Count:   185 # Last called: 2018-02-26 14:29:38.905 # getAll [License_LICENSE]
# Avg (ms):       0 # Max (ms):       0 # Count:   332 # Last called: 2018-02-26 14:29:55.376 # getAllByIndex [Auth_USER]
# Avg (ms):       0 # Max (ms):       1 # Count:   116 # Last called: 2018-02-26 14:29:55.376 # getAll [Auth_TENANT]
# Avg (ms):       0 # Max (ms):       0 # Count:     4 # Last called: 2018-02-26 14:28:43.816 # getAll [Topology_TQL_TRACKER]
# Avg (ms):       0 # Max (ms):       1 # Count:   808 # Last called: 2018-02-26 14:29:55.376 # getAll [Settings_LDAP_SETTING]
