
************************ Statistics from 2018-02-26 16:41:24.772 until 2018-02-26 16:45:00.015 ************************
Operations executed: 10971
Different operation types executed: 90
Operations average time (in millis): 1
The 10 worst operations are:
# Millis:   14136 # On: 2018-02-26 16:41:24.773 # getAll [License_LICENSE]
getAll [License_LICENSE]
# Millis:   13793 # On: 2018-02-26 16:41:24.777 # init
init
# Millis:     338 # On: 2018-02-26 16:41:38.570 # validateResourcesOnInitDone
validateResourcesOnInitDone
# Millis:     243 # On: 2018-02-26 16:41:42.824 # getDetails [Discovery_BIN_RESOURCE_METADATA]
getDetails [Discovery_BIN_RESOURCE_METADATA]
# Millis:     230 # On: 2018-02-26 16:41:43.517 # put [Topology_ENRICHMENT]
put [Topology_ENRICHMENT]
# Millis:     218 # On: 2018-02-26 16:41:39.958 # commitTransaction with callback
commitTransaction with callback
# Millis:     143 # On: 2018-02-26 16:41:42.834 # getIncomingDependencies by key and cascade type [Topology_TQL : DELETE]
getIncomingDependencies by key and cascade type [Topology_TQL : DELETE]
# Millis:     142 # On: 2018-02-26 16:41:42.834 # getIncomingDependencies by key and cascade type [Topology_TQL : DELETE]
getIncomingDependencies by key and cascade type [Topology_TQL : DELETE]
# Millis:     140 # On: 2018-02-26 16:41:42.836 # getIncomingDependencies by key and cascade type [Topology_TQL : DELETE]
getIncomingDependencies by key and cascade type [Topology_TQL : DELETE]
# Millis:     139 # On: 2018-02-26 16:41:42.837 # getIncomingDependencies by key and cascade type [Topology_TQL : DELETE]
getIncomingDependencies by key and cascade type [Topology_TQL : DELETE]
 *** All operations statistics ***
# Avg (ms):   13793 # Max (ms):   13793 # Count:     1 # Last called: 2018-02-26 16:41:24.777 # init
# Avg (ms):     338 # Max (ms):     338 # Count:     1 # Last called: 2018-02-26 16:41:38.570 # validateResourcesOnInitDone
# Avg (ms):     116 # Max (ms):     218 # Count:     2 # Last called: 2018-02-26 16:41:40.352 # commitTransaction with callback
# Avg (ms):      67 # Max (ms):      67 # Count:     1 # Last called: 2018-02-26 16:41:41.675 # getAll [Topology_TQL]
# Avg (ms):      36 # Max (ms):     230 # Count:    36 # Last called: 2018-02-26 16:41:46.625 # put [Topology_ENRICHMENT]
# Avg (ms):      32 # Max (ms):      38 # Count:     3 # Last called: 2018-02-26 16:42:10.550 # put [Settings_RESOURCE_GLOBAL_SETTING]
# Avg (ms):      32 # Max (ms):     143 # Count:    29 # Last called: 2018-02-26 16:41:46.593 # getIncomingDependencies by key and cascade type [Topology_TQL : DELETE]
# Avg (ms):      27 # Max (ms):      98 # Count:    19 # Last called: 2018-02-26 16:41:44.506 # getDetails [Discovery_JOB_METADATA]
# Avg (ms):      26 # Max (ms):      26 # Count:     1 # Last called: 2018-02-26 16:42:07.264 # getAllByIndex [Packaging_DEPLOYED_RESOURCE]
# Avg (ms):       7 # Max (ms):      13 # Count:     2 # Last called: 2018-02-26 16:41:43.423 # getAllByFilter [Discovery_CONFIGURATION_FILE_METADATA]
# Avg (ms):       5 # Max (ms):       5 # Count:     1 # Last called: 2018-02-26 16:41:39.229 # getAll [CM_VALID_LINK]
# Avg (ms):       4 # Max (ms):     243 # Count:    98 # Last called: 2018-02-26 16:41:44.561 # getDetails [Discovery_BIN_RESOURCE_METADATA]
# Avg (ms):       4 # Max (ms):       4 # Count:     1 # Last called: 2018-02-26 16:41:42.713 # getAllByFilter [Discovery_BIN_RESOURCE_METADATA]
# Avg (ms):       3 # Max (ms):       6 # Count:     2 # Last called: 2018-02-26 16:41:44.566 # getAll [Discovery_MNG_ZONE]
# Avg (ms):       3 # Max (ms):       3 # Count:     1 # Last called: 2018-02-26 16:41:39.237 # getAll [CM_CLASS]
# Avg (ms):       3 # Max (ms):       3 # Count:     1 # Last called: 2018-02-26 16:41:43.360 # getAll [Topology_ENRICHMENT]
# Avg (ms):       2 # Max (ms):       2 # Count:     1 # Last called: 2018-02-26 16:41:43.314 # addListener [POST_COMMIT:WRITER_NODE_ONLY:Rta_RESOURCE_TENANTS_ASSOCIATION]
# Avg (ms):       2 # Max (ms):      36 # Count:   437 # Last called: 2018-02-26 16:41:46.984 # getDetails [Discovery_CONFIGURATION_FILE_METADATA]
# Avg (ms):       1 # Max (ms):       1 # Count:     1 # Last called: 2018-02-26 16:41:40.217 # addListener [POST_COMMIT:ALL_NODES:Reconciliation_RECONCILIATION_PRIORITY_CONFIG]
# Avg (ms):       1 # Max (ms):       1 # Count:     1 # Last called: 2018-02-26 16:41:41.390 # addListener [PRE_COMMIT:WRITER_NODE_ONLY:Auth_TENANT]
# Avg (ms):       1 # Max (ms):       1 # Count:     1 # Last called: 2018-02-26 16:41:41.638 # addListener [PRE_COMMIT:WRITER_NODE_ONLY:Topology_TQL]
# Avg (ms):       1 # Max (ms):       1 # Count:     1 # Last called: 2018-02-26 16:41:48.620 # getAllByKeysForSingleType [Reconciliation_LOA_MAPPING, Reconciliation_LOA_MAPPING, Reconciliation_LOA_MAPPING, Reconciliation_LOA_MAPPING, Reconciliation_LOA_MAPPING]
# Avg (ms):       1 # Max (ms):       1 # Count:     1 # Last called: 2018-02-26 16:41:43.728 # getAllByFilter [Discovery_ADAPTER_METADATA]
# Avg (ms):       1 # Max (ms):       1 # Count:     1 # Last called: 2018-02-26 16:41:40.215 # addListener [POST_COMMIT:ALL_NODES:Reconciliation_IDENTIFICATION_CONFIG]
# Avg (ms):       1 # Max (ms):       1 # Count:     2 # Last called: 2018-02-26 16:41:43.575 # getAll [Topology_FOLDER_TQL]
# Avg (ms):       1 # Max (ms):       1 # Count:     1 # Last called: 2018-02-26 16:41:39.116 # addListener [POST_COMMIT:ALL_NODES:Auth_TENANT]
# Avg (ms):       0 # Max (ms):       1 # Count:     2 # Last called: 2018-02-26 16:41:47.115 # addListener [POST_COMMIT:ALL_NODES:CM_CLASS]
# Avg (ms):       0 # Max (ms):       0 # Count:     1 # Last called: 2018-02-26 16:41:43.314 # addListener [POST_COMMIT:WRITER_NODE_ONLY:Topology_ENRICHMENT_BUSINESS_VIEW]
# Avg (ms):       0 # Max (ms):       1 # Count:    85 # Last called: 2018-02-26 16:44:48.118 # getAll [Auth_ANY_TENANT_SECURITY_DOMAIN]
# Avg (ms):       0 # Max (ms):       0 # Count:     2 # Last called: 2018-02-26 16:41:43.528 # getAll [Topology_FOLDER_ENRICHMENT]
# Avg (ms):       0 # Max (ms):       1 # Count:     4 # Last called: 2018-02-26 16:42:08.245 # getAll [Settings_RESOURCE_GLOBAL_SETTING]
# Avg (ms):       0 # Max (ms):       0 # Count:     1 # Last called: 2018-02-26 16:41:24.773 # register
# Avg (ms):       0 # Max (ms):       2 # Count:     3 # Last called: 2018-02-26 16:41:43.498 # getAll [Topology_RESOURCE_BUNDLE]
# Avg (ms):       0 # Max (ms):       0 # Count:     1 # Last called: 2018-02-26 16:41:43.485 # addListener [POST_COMMIT:ALL_NODES:Topology_FOLDER_ENRICHMENT, Topology_FOLDER_VIEW, Policy_FOLDER_POLICY, Topology_FOLDER_CORRELATION, Topology_FOLDER_TQL, Discovery_FOLDER_MZ, Policy_POLICY_RULE, Topology_VIEW, Topology_ENRICHMENT, Topology_TQL, Topology_CORRELATION_RULE, Discovery_FOLDER_MZ, Topology_RESOURCE_BUNDLE]
# Avg (ms):       0 # Max (ms):       0 # Count:     1 # Last called: 2018-02-26 16:41:43.309 # addListener [POST_COMMIT:WRITER_NODE_ONLY:Topology_ENRICHMENT]
# Avg (ms):       0 # Max (ms):       1 # Count:    85 # Last called: 2018-02-26 16:44:48.117 # getAll [Auth_SINGLE_TENANT_SECURITY_DOMAIN]
# Avg (ms):       0 # Max (ms):       0 # Count:     1 # Last called: 2018-02-26 16:41:40.423 # getAllByFilter [Settings_STATE_CUSTOMER_SETTING]
# Avg (ms):       0 # Max (ms):       0 # Count:     1 # Last called: 2018-02-26 16:41:39.057 # addListener [POST_COMMIT:ALL_NODES:Auth_USER, Auth_USERS_GROUP, Auth_ROLE, Auth_ROLE_ASSIGNMENT, Auth_PERMITTED_RESOURCES_GROUP, Auth_TENANT, Auth_SINGLE_TENANT_SECURITY_DOMAIN, Auth_ANY_TENANT_SECURITY_DOMAIN]
# Avg (ms):       0 # Max (ms):       0 # Count:     1 # Last called: 2018-02-26 16:41:43.480 # addListener [PRE_COMMIT:WRITER_NODE_ONLY:Topology_FOLDER_ENRICHMENT, Topology_FOLDER_VIEW, Policy_FOLDER_POLICY, Topology_FOLDER_CORRELATION, Topology_FOLDER_TQL, Discovery_FOLDER_MZ]
# Avg (ms):       0 # Max (ms):       1 # Count:    53 # Last called: 2018-02-26 16:44:48.296 # getAll [Settings_DYNAMIC_SETTING]
# Avg (ms):       0 # Max (ms):       0 # Count:     2 # Last called: 2018-02-26 16:41:38.913 # addListener [POST_COMMIT:ALL_NODES:Settings_RESOURCE_GLOBAL_SETTING]
# Avg (ms):       0 # Max (ms):       2 # Count:  1132 # Last called: 2018-02-26 16:44:48.236 # getAll [Auth_TENANT]
# Avg (ms):       0 # Max (ms):       7 # Count:  2133 # Last called: 2018-02-26 16:44:48.236 # getAllByIndex [Auth_USER]
# Avg (ms):       0 # Max (ms):       1 # Count:    28 # Last called: 2018-02-26 16:44:48.123 # putAllByForSingleType [UI_USER_PREFERENCES]
# Avg (ms):       0 # Max (ms):       0 # Count:     1 # Last called: 2018-02-26 16:41:40.194 # getAll [Integration_INTEGRATION_CONFIG]
# Avg (ms):       0 # Max (ms):       0 # Count:     1 # Last called: 2018-02-26 16:41:40.572 # addListener [POST_COMMIT:ALL_NODES:Integration_INTEGRATION_CONFIG, Integration_ADAPTER_CONFIG, Integration_PUSH_CONFIG]
# Avg (ms):       0 # Max (ms):       0 # Count:     3 # Last called: 2018-02-26 16:41:43.298 # addListener [POST_COMMIT:WRITER_NODE_ONLY:CM_CLASS]
# Avg (ms):       0 # Max (ms):       0 # Count:     1 # Last called: 2018-02-26 16:41:39.048 # addListener [PRE_COMMIT:WRITER_NODE_ONLY:UI_CUSTOM_REPORT, Topology_FOLDER_ENRICHMENT, Topology_VIEW, Topology_FOLDER_VIEW, Topology_TQL, Auth_FOLDER, UI_UI_JOB, Topology_CORRELATION_RULE, UI_RECIPIENT, Topology_FOLDER_CORRELATION, UI_RESTRICTED_DATA, Discovery_FOLDER_MZ, Topology_ENRICHMENT_BUSINESS_VIEW, Policy_POLICY_RULE, Topology_ENRICHMENT, Policy_FOLDER_POLICY, Topology_FOLDER_TQL, UI_BROWSER_WIDGET]
# Avg (ms):       0 # Max (ms):       1 # Count:    12 # Last called: 2018-02-26 16:43:54.974 # getAllByFilter [UI_USER_PREFERENCES]
# Avg (ms):       0 # Max (ms):       0 # Count:     1 # Last called: 2018-02-26 16:41:41.393 # addListener [PRE_COMMIT:WRITER_NODE_ONLY:Settings_DYNAMIC_SETTING]
# Avg (ms):       0 # Max (ms):       0 # Count:     2 # Last called: 2018-02-26 16:41:42.706 # getAll [Integration_ADAPTER_CONFIG]
# Avg (ms):       0 # Max (ms):       0 # Count:     1 # Last called: 2018-02-26 16:41:48.671 # addListener [POST_COMMIT:WRITER_NODE_ONLY:Topology_TQL]
# Avg (ms):       0 # Max (ms):       0 # Count:     1 # Last called: 2018-02-26 16:41:43.313 # addListener [PRE_COMMIT:WRITER_NODE_ONLY:Topology_ENRICHMENT_BUSINESS_VIEW]
# Avg (ms):       0 # Max (ms):       0 # Count:     1 # Last called: 2018-02-26 16:41:41.563 # addListener [POST_COMMIT:WRITER_NODE_ONLY:Topology_TQL_TRACKER]
# Avg (ms):       0 # Max (ms):       0 # Count:     1 # Last called: 2018-02-26 16:41:42.577 # addListener [PRE_COMMIT:WRITER_NODE_ONLY:Topology_VIEW]
# Avg (ms):       0 # Max (ms):       0 # Count:     1 # Last called: 2018-02-26 16:41:39.382 # getAll [CM_CALCULATED_LINK]
# Avg (ms):       0 # Max (ms):       0 # Count:     1 # Last called: 2018-02-26 16:42:10.492 # getAll [UI_UI_JOB]
# Avg (ms):       0 # Max (ms):       0 # Count:     2 # Last called: 2018-02-26 16:41:43.575 # getAll [Topology_FOLDER_CORRELATION]
# Avg (ms):       0 # Max (ms):       0 # Count:     1 # Last called: 2018-02-26 16:41:40.423 # getAllByFilter [Settings_PROPERTY_SETTING]
# Avg (ms):       0 # Max (ms):       0 # Count:     2 # Last called: 2018-02-26 16:41:43.613 # getAll [Discovery_FOLDER_MZ]
# Avg (ms):       0 # Max (ms):       0 # Count:     1 # Last called: 2018-02-26 16:41:39.383 # getAll [CM_TYPE_DEF]
# Avg (ms):       0 # Max (ms):       0 # Count:     1 # Last called: 2018-02-26 16:41:40.177 # addListener [POST_COMMIT:WRITER_NODE_ONLY:CM_CALCULATED_LINK]
# Avg (ms):       0 # Max (ms):       0 # Count:     1 # Last called: 2018-02-26 16:41:42.583 # getAll [Topology_CORRELATION_RULE]
# Avg (ms):       0 # Max (ms):       0 # Count:     1 # Last called: 2018-02-26 16:41:40.261 # getAll [Reconciliation_RECONCILIATION_PRIORITY_CONFIG]
# Avg (ms):       0 # Max (ms):       0 # Count:     1 # Last called: 2018-02-26 16:41:40.194 # getAll [Integration_PUSH_CONFIG]
# Avg (ms):       0 # Max (ms):       0 # Count:     1 # Last called: 2018-02-26 16:42:10.346 # addListener [POST_COMMIT:ALL_NODES:Settings_RESOURCE_GLOBAL_SETTING, Settings_STATE_CUSTOMER_SETTING]
# Avg (ms):       0 # Max (ms):       0 # Count:     1 # Last called: 2018-02-26 16:41:39.119 # addListener [POST_COMMIT:ALL_NODES:Rta_RESOURCE_TENANTS_ASSOCIATION]
# Avg (ms):       0 # Max (ms):      11 # Count:   102 # Last called: 2018-02-26 16:44:48.131 # startTransaction
# Avg (ms):       0 # Max (ms):       0 # Count:     2 # Last called: 2018-02-26 16:42:08.244 # getAll [Settings_STATE_CUSTOMER_SETTING]
# Avg (ms):       0 # Max (ms):      10 # Count:    50 # Last called: 2018-02-26 16:41:44.520 # getAllByFilter [Discovery_JOB_METADATA]
# Avg (ms):       0 # Max (ms):       0 # Count:     1 # Last called: 2018-02-26 16:42:10.352 # addListener [POST_COMMIT:ALL_NODES:UI_UI_JOB]
# Avg (ms):       0 # Max (ms):   14136 # Count:   576 # Last called: 2018-02-26 16:44:46.620 # getAll [License_LICENSE]
# Avg (ms):       0 # Max (ms):       0 # Count:     1 # Last called: 2018-02-26 16:41:41.639 # addListener [POST_COMMIT:ALL_NODES:Topology_TQL]
# Avg (ms):       0 # Max (ms):       1 # Count:   124 # Last called: 2018-02-26 16:44:48.125 # getAll [Auth_USERS_GROUP]
# Avg (ms):       0 # Max (ms):      45 # Count:   100 # Last called: 2018-02-26 16:44:48.134 # commitTransaction
# Avg (ms):       0 # Max (ms):       0 # Count:     1 # Last called: 2018-02-26 16:41:43.308 # addListener [PRE_COMMIT:WRITER_NODE_ONLY:Topology_ENRICHMENT]
# Avg (ms):       0 # Max (ms):       0 # Count:     2 # Last called: 2018-02-26 16:41:44.587 # addListener [POST_COMMIT:WRITER_NODE_ONLY:Discovery_CONFIGURATION_FILE_METADATA]
# Avg (ms):       0 # Max (ms):       0 # Count:     1 # Last called: 2018-02-26 16:41:41.561 # addListener [POST_COMMIT:ALL_NODES:Settings_STATE_CUSTOMER_SETTING]
# Avg (ms):       0 # Max (ms):       0 # Count:     1 # Last called: 2018-02-26 16:41:39.099 # addListener [POST_COMMIT:WRITER_NODE_ONLY:Auth_TENANT]
# Avg (ms):       0 # Max (ms):       0 # Count:     2 # Last called: 2018-02-26 16:41:43.575 # getAll [Policy_FOLDER_POLICY]
# Avg (ms):       0 # Max (ms):       2 # Count:   191 # Last called: 2018-02-26 16:44:48.132 # getAllByIndex [Auth_ROLE_ASSIGNMENT]
# Avg (ms):       0 # Max (ms):       0 # Count:     1 # Last called: 2018-02-26 16:41:40.423 # getAllByFilter [Settings_RESOURCE_GLOBAL_SETTING]
# Avg (ms):       0 # Max (ms):       0 # Count:     1 # Last called: 2018-02-26 16:41:41.579 # addListener [PRE_COMMIT:WRITER_NODE_ONLY:Settings_STATE_CUSTOMER_SETTING]
# Avg (ms):       0 # Max (ms):       0 # Count:     1 # Last called: 2018-02-26 16:43:54.803 # getAll [Auth_USER]
# Avg (ms):       0 # Max (ms):       1 # Count:    85 # Last called: 2018-02-26 16:44:48.117 # getAll [Auth_ROLE]
# Avg (ms):       0 # Max (ms):       1 # Count:     2 # Last called: 2018-02-26 16:41:43.551 # getAll [Topology_FOLDER_VIEW]
# Avg (ms):       0 # Max (ms):       0 # Count:     1 # Last called: 2018-02-26 16:41:42.488 # addListener [PRE_COMMIT:WRITER_NODE_ONLY:Topology_RESOURCE_BUNDLE]
# Avg (ms):       0 # Max (ms):       1 # Count:  5476 # Last called: 2018-02-26 16:44:48.236 # getAll [Settings_LDAP_SETTING]
# Avg (ms):       0 # Max (ms):       0 # Count:     1 # Last called: 2018-02-26 16:41:40.177 # addListener [POST_COMMIT:ALL_NODES:CM_CLASS, CM_CALCULATED_LINK, CM_TYPE_DEF, CM_VALID_LINK]
# Avg (ms):       0 # Max (ms):       1 # Count:    28 # Last called: 2018-02-26 16:44:48.120 # getAll [UI_USER_PREFERENCES]
