
************************ Statistics from 2018-02-26 07:45:00.008 until 2018-02-26 08:00:00.002 ************************
Operations executed: 1473
Different operation types executed: 7
Operations average time (in millis): 0
The 10 worst operations are:
# Millis:       9 # On: 2018-02-26 07:47:56.878 # getAll [Topology_TQL]
getAll [Topology_TQL]
# Millis:       9 # On: 2018-02-26 07:48:40.001 # getAll [Topology_TQL]
getAll [Topology_TQL]
# Millis:       9 # On: 2018-02-26 07:58:40.001 # getAll [Topology_TQL]
getAll [Topology_TQL]
# Millis:       8 # On: 2018-02-26 07:47:57.770 # getAll [Topology_TQL]
getAll [Topology_TQL]
# Millis:       1 # On: 2018-02-26 07:50:28.927 # getAllByIndex [Auth_USER]
getAllByIndex [Auth_USER]
# Millis:       1 # On: 2018-02-26 07:46:17.292 # getAll [Settings_DYNAMIC_SETTING]
getAll [Settings_DYNAMIC_SETTING]
# Millis:       1 # On: 2018-02-26 07:45:53.357 # getAll [License_LICENSE]
getAll [License_LICENSE]
# Millis:       1 # On: 2018-02-26 07:46:16.367 # getAll [License_LICENSE]
getAll [License_LICENSE]
# Millis:       1 # On: 2018-02-26 07:49:16.332 # getAll [License_LICENSE]
getAll [License_LICENSE]
# Millis:       1 # On: 2018-02-26 07:47:58.852 # getAll [Auth_TENANT]
getAll [Auth_TENANT]
 *** All operations statistics ***
# Avg (ms):       8 # Max (ms):       9 # Count:     4 # Last called: 2018-02-26 07:58:40.001 # getAll [Topology_TQL]
# Avg (ms):       0 # Max (ms):       1 # Count:   117 # Last called: 2018-02-26 07:59:59.225 # getAll [Auth_TENANT]
# Avg (ms):       0 # Max (ms):       1 # Count:   333 # Last called: 2018-02-26 07:59:59.225 # getAllByIndex [Auth_USER]
# Avg (ms):       0 # Max (ms):       1 # Count:   185 # Last called: 2018-02-26 07:59:38.492 # getAll [License_LICENSE]
# Avg (ms):       0 # Max (ms):       1 # Count:   810 # Last called: 2018-02-26 07:59:59.225 # getAll [Settings_LDAP_SETTING]
# Avg (ms):       0 # Max (ms):       1 # Count:    20 # Last called: 2018-02-26 07:58:17.317 # getAll [Settings_DYNAMIC_SETTING]
# Avg (ms):       0 # Max (ms):       0 # Count:     4 # Last called: 2018-02-26 07:58:40.080 # getAll [Topology_TQL_TRACKER]
