
************************ Statistics from 2018-02-26 07:30:00.013 until 2018-02-26 07:45:00.008 ************************
Operations executed: 1406
Different operation types executed: 7
Operations average time (in millis): 0
The 10 worst operations are:
# Millis:      10 # On: 2018-02-26 07:32:56.878 # getAll [Topology_TQL]
getAll [Topology_TQL]
# Millis:       9 # On: 2018-02-26 07:38:40.001 # getAll [Topology_TQL]
getAll [Topology_TQL]
# Millis:       8 # On: 2018-02-26 07:32:57.770 # getAll [Topology_TQL]
getAll [Topology_TQL]
# Millis:       1 # On: 2018-02-26 07:30:53.207 # getAll [License_LICENSE]
getAll [License_LICENSE]
# Millis:       1 # On: 2018-02-26 07:37:17.299 # getAllByIndex [Auth_USER]
getAllByIndex [Auth_USER]
# Millis:       1 # On: 2018-02-26 07:43:17.292 # getAllByIndex [Auth_USER]
getAllByIndex [Auth_USER]
# Millis:       1 # On: 2018-02-26 07:40:16.383 # getAll [License_LICENSE]
getAll [License_LICENSE]
# Millis:       1 # On: 2018-02-26 07:31:16.551 # getAll [License_LICENSE]
getAll [License_LICENSE]
# Millis:       1 # On: 2018-02-26 07:34:38.466 # getAll [License_LICENSE]
getAll [License_LICENSE]
# Millis:       1 # On: 2018-02-26 07:37:17.196 # getAll [License_LICENSE]
getAll [License_LICENSE]
 *** All operations statistics ***
# Avg (ms):       9 # Max (ms):      10 # Count:     3 # Last called: 2018-02-26 07:38:40.001 # getAll [Topology_TQL]
# Avg (ms):       0 # Max (ms):       1 # Count:   180 # Last called: 2018-02-26 07:44:38.477 # getAll [License_LICENSE]
# Avg (ms):       0 # Max (ms):       0 # Count:    20 # Last called: 2018-02-26 07:43:17.349 # getAll [Settings_DYNAMIC_SETTING]
# Avg (ms):       0 # Max (ms):       0 # Count:   770 # Last called: 2018-02-26 07:44:58.758 # getAll [Settings_LDAP_SETTING]
# Avg (ms):       0 # Max (ms):       0 # Count:     3 # Last called: 2018-02-26 07:43:40.080 # getAll [Topology_TQL_TRACKER]
# Avg (ms):       0 # Max (ms):       1 # Count:   317 # Last called: 2018-02-26 07:44:58.758 # getAllByIndex [Auth_USER]
# Avg (ms):       0 # Max (ms):       0 # Count:   113 # Last called: 2018-02-26 07:44:58.758 # getAll [Auth_TENANT]
