
************************ Statistics from 2018-02-26 14:00:00.008 until 2018-02-26 14:15:01.987 ************************
Operations executed: 1403
Different operation types executed: 7
Operations average time (in millis): 0
The 10 worst operations are:
# Millis:       9 # On: 2018-02-26 14:02:57.772 # getAll [Topology_TQL]
getAll [Topology_TQL]
# Millis:       8 # On: 2018-02-26 14:02:56.881 # getAll [Topology_TQL]
getAll [Topology_TQL]
# Millis:       8 # On: 2018-02-26 14:08:43.792 # getAll [Topology_TQL]
getAll [Topology_TQL]
# Millis:       1 # On: 2018-02-26 14:02:31.253 # getAllByIndex [Auth_USER]
getAllByIndex [Auth_USER]
# Millis:       1 # On: 2018-02-26 14:01:32.422 # getAll [License_LICENSE]
getAll [License_LICENSE]
# Millis:       1 # On: 2018-02-26 14:07:21.578 # getAll [Settings_LDAP_SETTING]
getAll [Settings_LDAP_SETTING]
# Millis:       1 # On: 2018-02-26 14:07:21.556 # getAll [Settings_LDAP_SETTING]
getAll [Settings_LDAP_SETTING]
# Millis:       1 # On: 2018-02-26 14:01:32.199 # getAll [Settings_LDAP_SETTING]
getAll [Settings_LDAP_SETTING]
# Millis:       1 # On: 2018-02-26 14:00:38.874 # getAll [License_LICENSE]
getAll [License_LICENSE]
# Millis:       1 # On: 2018-02-26 14:11:55.374 # getAll [Settings_LDAP_SETTING]
getAll [Settings_LDAP_SETTING]
 *** All operations statistics ***
# Avg (ms):       8 # Max (ms):       9 # Count:     3 # Last called: 2018-02-26 14:08:43.792 # getAll [Topology_TQL]
# Avg (ms):       0 # Max (ms):       1 # Count:   316 # Last called: 2018-02-26 14:14:55.374 # getAllByIndex [Auth_USER]
# Avg (ms):       0 # Max (ms):       1 # Count:   768 # Last called: 2018-02-26 14:14:55.374 # getAll [Settings_LDAP_SETTING]
# Avg (ms):       0 # Max (ms):       0 # Count:     4 # Last called: 2018-02-26 14:13:43.816 # getAll [Topology_TQL_TRACKER]
# Avg (ms):       0 # Max (ms):       1 # Count:   180 # Last called: 2018-02-26 14:14:38.889 # getAll [License_LICENSE]
# Avg (ms):       0 # Max (ms):       0 # Count:    20 # Last called: 2018-02-26 14:13:25.038 # getAll [Settings_DYNAMIC_SETTING]
# Avg (ms):       0 # Max (ms):       0 # Count:   112 # Last called: 2018-02-26 14:14:55.374 # getAll [Auth_TENANT]
