
************************ Statistics from 2018-02-26 03:45:00.002 until 2018-02-26 04:00:00.004 ************************
Operations executed: 1473
Different operation types executed: 7
Operations average time (in millis): 0
The 10 worst operations are:
# Millis:      10 # On: 2018-02-26 03:48:40.001 # getAll [Topology_TQL]
getAll [Topology_TQL]
# Millis:      10 # On: 2018-02-26 03:47:56.876 # getAll [Topology_TQL]
getAll [Topology_TQL]
# Millis:       9 # On: 2018-02-26 03:58:40.001 # getAll [Topology_TQL]
getAll [Topology_TQL]
# Millis:       8 # On: 2018-02-26 03:47:57.769 # getAll [Topology_TQL]
getAll [Topology_TQL]
# Millis:       1 # On: 2018-02-26 03:48:25.969 # getAll [License_LICENSE]
getAll [License_LICENSE]
# Millis:       1 # On: 2018-02-26 03:46:16.320 # getAllByIndex [Auth_USER]
getAllByIndex [Auth_USER]
# Millis:       1 # On: 2018-02-26 03:46:16.340 # getAll [License_LICENSE]
getAll [License_LICENSE]
# Millis:       1 # On: 2018-02-26 03:49:16.574 # getAll [License_LICENSE]
getAll [License_LICENSE]
# Millis:       1 # On: 2018-02-26 03:49:17.236 # getAll [Settings_LDAP_SETTING]
getAll [Settings_LDAP_SETTING]
# Millis:       1 # On: 2018-02-26 03:45:21.124 # getAll [Settings_LDAP_SETTING]
getAll [Settings_LDAP_SETTING]
 *** All operations statistics ***
# Avg (ms):       9 # Max (ms):      10 # Count:     4 # Last called: 2018-02-26 03:58:40.001 # getAll [Topology_TQL]
# Avg (ms):       0 # Max (ms):       0 # Count:     4 # Last called: 2018-02-26 03:58:40.074 # getAll [Topology_TQL_TRACKER]
# Avg (ms):       0 # Max (ms):       0 # Count:    20 # Last called: 2018-02-26 03:58:17.276 # getAll [Settings_DYNAMIC_SETTING]
# Avg (ms):       0 # Max (ms):       1 # Count:   333 # Last called: 2018-02-26 03:59:55.328 # getAllByIndex [Auth_USER]
# Avg (ms):       0 # Max (ms):       1 # Count:   185 # Last called: 2018-02-26 03:59:38.238 # getAll [License_LICENSE]
# Avg (ms):       0 # Max (ms):       0 # Count:   117 # Last called: 2018-02-26 03:59:55.328 # getAll [Auth_TENANT]
# Avg (ms):       0 # Max (ms):       1 # Count:   810 # Last called: 2018-02-26 03:59:55.328 # getAll [Settings_LDAP_SETTING]
