
************************ Statistics from 2018-02-26 05:15:00.002 until 2018-02-26 05:30:00.003 ************************
Operations executed: 1473
Different operation types executed: 7
Operations average time (in millis): 0
The 10 worst operations are:
# Millis:      10 # On: 2018-02-26 05:18:40.001 # getAll [Topology_TQL]
getAll [Topology_TQL]
# Millis:      10 # On: 2018-02-26 05:28:40.001 # getAll [Topology_TQL]
getAll [Topology_TQL]
# Millis:       9 # On: 2018-02-26 05:17:56.877 # getAll [Topology_TQL]
getAll [Topology_TQL]
# Millis:       8 # On: 2018-02-26 05:17:57.770 # getAll [Topology_TQL]
getAll [Topology_TQL]
# Millis:       2 # On: 2018-02-26 05:25:16.330 # getAll [License_LICENSE]
getAll [License_LICENSE]
# Millis:       1 # On: 2018-02-26 05:17:24.092 # getAll [Auth_TENANT]
getAll [Auth_TENANT]
# Millis:       1 # On: 2018-02-26 05:26:55.334 # getAll [Settings_LDAP_SETTING]
getAll [Settings_LDAP_SETTING]
# Millis:       1 # On: 2018-02-26 05:18:25.968 # getAll [License_LICENSE]
getAll [License_LICENSE]
# Millis:       1 # On: 2018-02-26 05:22:16.332 # getAll [License_LICENSE]
getAll [License_LICENSE]
# Millis:       0 # On: 2018-02-26 05:15:53.161 # getAll [Settings_LDAP_SETTING]
getAll [Settings_LDAP_SETTING]
 *** All operations statistics ***
# Avg (ms):       8 # Max (ms):      10 # Count:     4 # Last called: 2018-02-26 05:28:40.001 # getAll [Topology_TQL]
# Avg (ms):       0 # Max (ms):       1 # Count:   117 # Last called: 2018-02-26 05:29:55.334 # getAll [Auth_TENANT]
# Avg (ms):       0 # Max (ms):       1 # Count:   810 # Last called: 2018-02-26 05:29:55.334 # getAll [Settings_LDAP_SETTING]
# Avg (ms):       0 # Max (ms):       0 # Count:     4 # Last called: 2018-02-26 05:28:40.077 # getAll [Topology_TQL_TRACKER]
# Avg (ms):       0 # Max (ms):       2 # Count:   185 # Last called: 2018-02-26 05:29:38.330 # getAll [License_LICENSE]
# Avg (ms):       0 # Max (ms):       0 # Count:   333 # Last called: 2018-02-26 05:29:55.334 # getAllByIndex [Auth_USER]
# Avg (ms):       0 # Max (ms):       0 # Count:    20 # Last called: 2018-02-26 05:28:17.306 # getAll [Settings_DYNAMIC_SETTING]
