
************************ Statistics from 2018-02-26 02:00:00.004 until 2018-02-26 02:15:00.007 ************************
Operations executed: 1408
Different operation types executed: 8
Operations average time (in millis): 0
The 10 worst operations are:
# Millis:      10 # On: 2018-02-26 02:02:56.876 # getAll [Topology_TQL]
getAll [Topology_TQL]
# Millis:       9 # On: 2018-02-26 02:02:57.768 # getAll [Topology_TQL]
getAll [Topology_TQL]
# Millis:       9 # On: 2018-02-26 02:08:40.001 # getAll [Topology_TQL]
getAll [Topology_TQL]
# Millis:       1 # On: 2018-02-26 02:03:55.313 # getAll [Settings_LDAP_SETTING]
getAll [Settings_LDAP_SETTING]
# Millis:       1 # On: 2018-02-26 02:00:53.488 # getAll [Settings_LDAP_SETTING]
getAll [Settings_LDAP_SETTING]
# Millis:       1 # On: 2018-02-26 02:13:17.238 # getAll [Settings_DYNAMIC_SETTING]
getAll [Settings_DYNAMIC_SETTING]
# Millis:       1 # On: 2018-02-26 02:12:53.187 # getAll [License_LICENSE]
getAll [License_LICENSE]
# Millis:       1 # On: 2018-02-26 02:12:53.506 # getAllByIndex [Auth_USER]
getAllByIndex [Auth_USER]
# Millis:       1 # On: 2018-02-26 02:10:55.314 # getAll [Auth_TENANT]
getAll [Auth_TENANT]
# Millis:       1 # On: 2018-02-26 02:07:16.661 # getAll [License_LICENSE]
getAll [License_LICENSE]
 *** All operations statistics ***
# Avg (ms):       9 # Max (ms):      10 # Count:     3 # Last called: 2018-02-26 02:08:40.001 # getAll [Topology_TQL]
# Avg (ms):       0 # Max (ms):       0 # Count:     4 # Last called: 2018-02-26 02:13:40.074 # getAll [Topology_TQL_TRACKER]
# Avg (ms):       0 # Max (ms):       0 # Count:     1 # Last called: 2018-02-26 02:00:00.779 # getAll [Topology_ENRICHMENT_BUSINESS_VIEW]
# Avg (ms):       0 # Max (ms):       1 # Count:   113 # Last called: 2018-02-26 02:14:55.314 # getAll [Auth_TENANT]
# Avg (ms):       0 # Max (ms):       1 # Count:   770 # Last called: 2018-02-26 02:14:55.314 # getAll [Settings_LDAP_SETTING]
# Avg (ms):       0 # Max (ms):       1 # Count:   180 # Last called: 2018-02-26 02:14:38.129 # getAll [License_LICENSE]
# Avg (ms):       0 # Max (ms):       1 # Count:    20 # Last called: 2018-02-26 02:13:17.238 # getAll [Settings_DYNAMIC_SETTING]
# Avg (ms):       0 # Max (ms):       1 # Count:   317 # Last called: 2018-02-26 02:14:55.314 # getAllByIndex [Auth_USER]
