
************************ Statistics from 2018-02-26 00:45:00.008 until 2018-02-26 01:00:00.002 ************************
Operations executed: 1473
Different operation types executed: 7
Operations average time (in millis): 0
The 10 worst operations are:
# Millis:      22 # On: 2018-02-26 00:47:56.876 # getAll [Topology_TQL]
getAll [Topology_TQL]
# Millis:      10 # On: 2018-02-26 00:47:57.769 # getAll [Topology_TQL]
getAll [Topology_TQL]
# Millis:       9 # On: 2018-02-26 00:48:40.001 # getAll [Topology_TQL]
getAll [Topology_TQL]
# Millis:       9 # On: 2018-02-26 00:58:40.001 # getAll [Topology_TQL]
getAll [Topology_TQL]
# Millis:       1 # On: 2018-02-26 00:54:55.307 # getAll [Auth_TENANT]
getAll [Auth_TENANT]
# Millis:       1 # On: 2018-02-26 00:49:16.317 # getAll [Auth_TENANT]
getAll [Auth_TENANT]
# Millis:       1 # On: 2018-02-26 00:55:16.710 # getAll [License_LICENSE]
getAll [License_LICENSE]
# Millis:       1 # On: 2018-02-26 00:46:17.052 # getAll [License_LICENSE]
getAll [License_LICENSE]
# Millis:       1 # On: 2018-02-26 00:56:15.747 # getAll [Settings_LDAP_SETTING]
getAll [Settings_LDAP_SETTING]
# Millis:       1 # On: 2018-02-26 00:49:17.236 # getAll [Settings_LDAP_SETTING]
getAll [Settings_LDAP_SETTING]
 *** All operations statistics ***
# Avg (ms):      12 # Max (ms):      22 # Count:     4 # Last called: 2018-02-26 00:58:40.001 # getAll [Topology_TQL]
# Avg (ms):       0 # Max (ms):       0 # Count:     4 # Last called: 2018-02-26 00:58:40.072 # getAll [Topology_TQL_TRACKER]
# Avg (ms):       0 # Max (ms):       1 # Count:   117 # Last called: 2018-02-26 00:59:55.307 # getAll [Auth_TENANT]
# Avg (ms):       0 # Max (ms):       1 # Count:   333 # Last called: 2018-02-26 00:59:55.307 # getAllByIndex [Auth_USER]
# Avg (ms):       0 # Max (ms):       1 # Count:   185 # Last called: 2018-02-26 00:59:38.051 # getAll [License_LICENSE]
# Avg (ms):       0 # Max (ms):       0 # Count:    20 # Last called: 2018-02-26 00:58:17.326 # getAll [Settings_DYNAMIC_SETTING]
# Avg (ms):       0 # Max (ms):       1 # Count:   810 # Last called: 2018-02-26 00:59:55.307 # getAll [Settings_LDAP_SETTING]
