
************************ Statistics from 2018-02-26 14:30:00.004 until 2018-02-26 14:45:05.644 ************************
Operations executed: 1406
Different operation types executed: 7
Operations average time (in millis): 0
The 10 worst operations are:
# Millis:       9 # On: 2018-02-26 14:38:43.791 # getAll [Topology_TQL]
getAll [Topology_TQL]
# Millis:       9 # On: 2018-02-26 14:32:57.771 # getAll [Topology_TQL]
getAll [Topology_TQL]
# Millis:       8 # On: 2018-02-26 14:32:56.881 # getAll [Topology_TQL]
getAll [Topology_TQL]
# Millis:       1 # On: 2018-02-26 14:37:16.903 # getAll [Settings_LDAP_SETTING]
getAll [Settings_LDAP_SETTING]
# Millis:       1 # On: 2018-02-26 14:38:26.106 # getAll [License_LICENSE]
getAll [License_LICENSE]
# Millis:       1 # On: 2018-02-26 14:37:16.304 # getAll [Settings_LDAP_SETTING]
getAll [Settings_LDAP_SETTING]
# Millis:       1 # On: 2018-02-26 14:40:16.308 # getAllByIndex [Auth_USER]
getAllByIndex [Auth_USER]
# Millis:       1 # On: 2018-02-26 14:31:17.303 # getAllByIndex [Auth_USER]
getAllByIndex [Auth_USER]
# Millis:       1 # On: 2018-02-26 14:40:16.727 # getAll [License_LICENSE]
getAll [License_LICENSE]
# Millis:       1 # On: 2018-02-26 14:34:16.315 # getAll [Settings_LDAP_SETTING]
getAll [Settings_LDAP_SETTING]
 *** All operations statistics ***
# Avg (ms):       8 # Max (ms):       9 # Count:     3 # Last called: 2018-02-26 14:38:43.791 # getAll [Topology_TQL]
# Avg (ms):       0 # Max (ms):       1 # Count:   317 # Last called: 2018-02-26 14:44:55.841 # getAllByIndex [Auth_USER]
# Avg (ms):       0 # Max (ms):       1 # Count:   180 # Last called: 2018-02-26 14:44:38.920 # getAll [License_LICENSE]
# Avg (ms):       0 # Max (ms):       0 # Count:   113 # Last called: 2018-02-26 14:44:55.841 # getAll [Auth_TENANT]
# Avg (ms):       0 # Max (ms):       1 # Count:    20 # Last called: 2018-02-26 14:43:17.309 # getAll [Settings_DYNAMIC_SETTING]
# Avg (ms):       0 # Max (ms):       0 # Count:     3 # Last called: 2018-02-26 14:43:43.816 # getAll [Topology_TQL_TRACKER]
# Avg (ms):       0 # Max (ms):       1 # Count:   770 # Last called: 2018-02-26 14:44:55.841 # getAll [Settings_LDAP_SETTING]
