
************************ Statistics from 2018-02-26 10:15:00.008 until 2018-02-26 10:30:00.002 ************************
Operations executed: 1478
Different operation types executed: 7
Operations average time (in millis): 0
The 10 worst operations are:
# Millis:      12 # On: 2018-02-26 10:28:40.001 # getAll [Topology_TQL]
getAll [Topology_TQL]
# Millis:       9 # On: 2018-02-26 10:17:56.880 # getAll [Topology_TQL]
getAll [Topology_TQL]
# Millis:       8 # On: 2018-02-26 10:18:40.001 # getAll [Topology_TQL]
getAll [Topology_TQL]
# Millis:       8 # On: 2018-02-26 10:17:57.770 # getAll [Topology_TQL]
getAll [Topology_TQL]
# Millis:       1 # On: 2018-02-26 10:16:55.356 # getAll [Auth_TENANT]
getAll [Auth_TENANT]
# Millis:       1 # On: 2018-02-26 10:21:38.639 # getAll [License_LICENSE]
getAll [License_LICENSE]
# Millis:       1 # On: 2018-02-26 10:21:53.164 # getAllByIndex [Auth_USER]
getAllByIndex [Auth_USER]
# Millis:       1 # On: 2018-02-26 10:16:16.315 # getAllByIndex [Auth_USER]
getAllByIndex [Auth_USER]
# Millis:       1 # On: 2018-02-26 10:18:25.968 # getAll [License_LICENSE]
getAll [License_LICENSE]
# Millis:       1 # On: 2018-02-26 10:16:16.304 # getAll [Auth_TENANT]
getAll [Auth_TENANT]
 *** All operations statistics ***
# Avg (ms):       9 # Max (ms):      12 # Count:     4 # Last called: 2018-02-26 10:28:40.001 # getAll [Topology_TQL]
# Avg (ms):       0 # Max (ms):       1 # Count:    20 # Last called: 2018-02-26 10:28:21.857 # getAll [Settings_DYNAMIC_SETTING]
# Avg (ms):       0 # Max (ms):       1 # Count:   810 # Last called: 2018-02-26 10:29:55.356 # getAll [Settings_LDAP_SETTING]
# Avg (ms):       0 # Max (ms):       1 # Count:   117 # Last called: 2018-02-26 10:29:55.356 # getAll [Auth_TENANT]
# Avg (ms):       0 # Max (ms):       0 # Count:     4 # Last called: 2018-02-26 10:28:40.083 # getAll [Topology_TQL_TRACKER]
# Avg (ms):       0 # Max (ms):       1 # Count:   190 # Last called: 2018-02-26 10:29:38.648 # getAll [License_LICENSE]
# Avg (ms):       0 # Max (ms):       1 # Count:   333 # Last called: 2018-02-26 10:29:55.356 # getAllByIndex [Auth_USER]
