
************************ Statistics from 2018-02-26 12:15:00.007 until 2018-02-26 12:30:00.007 ************************
Operations executed: 1469
Different operation types executed: 7
Operations average time (in millis): 0
The 10 worst operations are:
# Millis:       9 # On: 2018-02-26 12:18:43.789 # getAll [Topology_TQL]
getAll [Topology_TQL]
# Millis:       9 # On: 2018-02-26 12:28:43.790 # getAll [Topology_TQL]
getAll [Topology_TQL]
# Millis:       9 # On: 2018-02-26 12:17:57.771 # getAll [Topology_TQL]
getAll [Topology_TQL]
# Millis:       9 # On: 2018-02-26 12:17:56.881 # getAll [Topology_TQL]
getAll [Topology_TQL]
# Millis:       6 # On: 2018-02-26 12:16:16.308 # getAll [Settings_LDAP_SETTING]
getAll [Settings_LDAP_SETTING]
# Millis:       1 # On: 2018-02-26 12:16:17.754 # getAll [Settings_LDAP_SETTING]
getAll [Settings_LDAP_SETTING]
# Millis:       1 # On: 2018-02-26 12:15:38.761 # getAll [License_LICENSE]
getAll [License_LICENSE]
# Millis:       1 # On: 2018-02-26 12:16:16.307 # getAllByIndex [Auth_USER]
getAllByIndex [Auth_USER]
# Millis:       1 # On: 2018-02-26 12:16:17.495 # getAll [License_LICENSE]
getAll [License_LICENSE]
# Millis:       1 # On: 2018-02-26 12:16:16.316 # getAllByIndex [Auth_USER]
getAllByIndex [Auth_USER]
 *** All operations statistics ***
# Avg (ms):       9 # Max (ms):       9 # Count:     4 # Last called: 2018-02-26 12:28:43.790 # getAll [Topology_TQL]
# Avg (ms):       0 # Max (ms):       1 # Count:   332 # Last called: 2018-02-26 12:29:55.365 # getAllByIndex [Auth_USER]
# Avg (ms):       0 # Max (ms):       1 # Count:    20 # Last called: 2018-02-26 12:28:17.303 # getAll [Settings_DYNAMIC_SETTING]
# Avg (ms):       0 # Max (ms):       1 # Count:   116 # Last called: 2018-02-26 12:29:55.365 # getAll [Auth_TENANT]
# Avg (ms):       0 # Max (ms):       6 # Count:   808 # Last called: 2018-02-26 12:29:55.365 # getAll [Settings_LDAP_SETTING]
# Avg (ms):       0 # Max (ms):       0 # Count:     4 # Last called: 2018-02-26 12:28:43.810 # getAll [Topology_TQL_TRACKER]
# Avg (ms):       0 # Max (ms):       1 # Count:   185 # Last called: 2018-02-26 12:29:38.776 # getAll [License_LICENSE]
