
************************ Statistics from 2018-02-26 05:45:00.008 until 2018-02-26 06:00:00.002 ************************
Operations executed: 1473
Different operation types executed: 7
Operations average time (in millis): 0
The 10 worst operations are:
# Millis:      10 # On: 2018-02-26 05:48:40.001 # getAll [Topology_TQL]
getAll [Topology_TQL]
# Millis:      10 # On: 2018-02-26 05:47:56.878 # getAll [Topology_TQL]
getAll [Topology_TQL]
# Millis:       9 # On: 2018-02-26 05:58:40.001 # getAll [Topology_TQL]
getAll [Topology_TQL]
# Millis:       8 # On: 2018-02-26 05:47:57.770 # getAll [Topology_TQL]
getAll [Topology_TQL]
# Millis:       1 # On: 2018-02-26 05:58:17.200 # getAll [Settings_LDAP_SETTING]
getAll [Settings_LDAP_SETTING]
# Millis:       1 # On: 2018-02-26 05:48:25.969 # getAll [License_LICENSE]
getAll [License_LICENSE]
# Millis:       1 # On: 2018-02-26 05:49:17.191 # getAll [Settings_LDAP_SETTING]
getAll [Settings_LDAP_SETTING]
# Millis:       1 # On: 2018-02-26 05:57:53.163 # getAllByIndex [Auth_USER]
getAllByIndex [Auth_USER]
# Millis:       1 # On: 2018-02-26 05:45:53.164 # getAll [Settings_LDAP_SETTING]
getAll [Settings_LDAP_SETTING]
# Millis:       0 # On: 2018-02-26 05:45:24.964 # getAllByIndex [Auth_USER]
getAllByIndex [Auth_USER]
 *** All operations statistics ***
# Avg (ms):       9 # Max (ms):      10 # Count:     4 # Last called: 2018-02-26 05:58:40.001 # getAll [Topology_TQL]
# Avg (ms):       0 # Max (ms):       1 # Count:   333 # Last called: 2018-02-26 05:59:55.404 # getAllByIndex [Auth_USER]
# Avg (ms):       0 # Max (ms):       0 # Count:     4 # Last called: 2018-02-26 05:58:40.079 # getAll [Topology_TQL_TRACKER]
# Avg (ms):       0 # Max (ms):       0 # Count:   117 # Last called: 2018-02-26 05:59:55.404 # getAll [Auth_TENANT]
# Avg (ms):       0 # Max (ms):       0 # Count:    20 # Last called: 2018-02-26 05:58:17.294 # getAll [Settings_DYNAMIC_SETTING]
# Avg (ms):       0 # Max (ms):       1 # Count:   185 # Last called: 2018-02-26 05:59:38.360 # getAll [License_LICENSE]
# Avg (ms):       0 # Max (ms):       1 # Count:   810 # Last called: 2018-02-26 05:59:55.404 # getAll [Settings_LDAP_SETTING]
