
************************ Statistics from 2018-02-26 01:30:00.008 until 2018-02-26 01:45:00.002 ************************
Operations executed: 1406
Different operation types executed: 7
Operations average time (in millis): 0
The 10 worst operations are:
# Millis:      10 # On: 2018-02-26 01:32:56.876 # getAll [Topology_TQL]
getAll [Topology_TQL]
# Millis:       9 # On: 2018-02-26 01:32:57.768 # getAll [Topology_TQL]
getAll [Topology_TQL]
# Millis:       8 # On: 2018-02-26 01:38:40.001 # getAll [Topology_TQL]
getAll [Topology_TQL]
# Millis:       1 # On: 2018-02-26 01:43:16.304 # getAll [License_LICENSE]
getAll [License_LICENSE]
# Millis:       1 # On: 2018-02-26 01:36:53.461 # getAll [Settings_LDAP_SETTING]
getAll [Settings_LDAP_SETTING]
# Millis:       1 # On: 2018-02-26 01:31:17.178 # getAll [Settings_DYNAMIC_SETTING]
getAll [Settings_DYNAMIC_SETTING]
# Millis:       1 # On: 2018-02-26 01:34:38.087 # getAll [License_LICENSE]
getAll [License_LICENSE]
# Millis:       1 # On: 2018-02-26 01:31:16.896 # getAll [Auth_TENANT]
getAll [Auth_TENANT]
# Millis:       1 # On: 2018-02-26 01:37:16.375 # getAll [License_LICENSE]
getAll [License_LICENSE]
# Millis:       1 # On: 2018-02-26 01:42:55.311 # getAllByIndex [Auth_USER]
getAllByIndex [Auth_USER]
 *** All operations statistics ***
# Avg (ms):       8 # Max (ms):      10 # Count:     3 # Last called: 2018-02-26 01:38:40.001 # getAll [Topology_TQL]
# Avg (ms):       0 # Max (ms):       1 # Count:   180 # Last called: 2018-02-26 01:44:38.098 # getAll [License_LICENSE]
# Avg (ms):       0 # Max (ms):       0 # Count:     3 # Last called: 2018-02-26 01:43:40.073 # getAll [Topology_TQL_TRACKER]
# Avg (ms):       0 # Max (ms):       1 # Count:   770 # Last called: 2018-02-26 01:44:55.311 # getAll [Settings_LDAP_SETTING]
# Avg (ms):       0 # Max (ms):       1 # Count:   113 # Last called: 2018-02-26 01:44:55.311 # getAll [Auth_TENANT]
# Avg (ms):       0 # Max (ms):       1 # Count:    20 # Last called: 2018-02-26 01:43:17.257 # getAll [Settings_DYNAMIC_SETTING]
# Avg (ms):       0 # Max (ms):       1 # Count:   317 # Last called: 2018-02-26 01:44:55.311 # getAllByIndex [Auth_USER]
