
************************ Statistics from 2018-02-26 11:15:00.008 until 2018-02-26 11:30:00.001 ************************
Operations executed: 1473
Different operation types executed: 7
Operations average time (in millis): 0
The 10 worst operations are:
# Millis:      10 # On: 2018-02-26 11:17:56.881 # getAll [Topology_TQL]
getAll [Topology_TQL]
# Millis:       9 # On: 2018-02-26 11:28:43.788 # getAll [Topology_TQL]
getAll [Topology_TQL]
# Millis:       9 # On: 2018-02-26 11:18:43.788 # getAll [Topology_TQL]
getAll [Topology_TQL]
# Millis:       8 # On: 2018-02-26 11:17:57.771 # getAll [Topology_TQL]
getAll [Topology_TQL]
# Millis:       1 # On: 2018-02-26 11:16:16.811 # getAll [License_LICENSE]
getAll [License_LICENSE]
# Millis:       1 # On: 2018-02-26 11:19:16.335 # getAll [License_LICENSE]
getAll [License_LICENSE]
# Millis:       1 # On: 2018-02-26 11:16:16.348 # getAll [License_LICENSE]
getAll [License_LICENSE]
# Millis:       1 # On: 2018-02-26 11:18:53.502 # getAll [Settings_LDAP_SETTING]
getAll [Settings_LDAP_SETTING]
# Millis:       1 # On: 2018-02-26 11:24:11.100 # getAll [Auth_TENANT]
getAll [Auth_TENANT]
# Millis:       1 # On: 2018-02-26 11:15:53.164 # getAll [Settings_LDAP_SETTING]
getAll [Settings_LDAP_SETTING]
 *** All operations statistics ***
# Avg (ms):       9 # Max (ms):      10 # Count:     4 # Last called: 2018-02-26 11:28:43.788 # getAll [Topology_TQL]
# Avg (ms):       0 # Max (ms):       0 # Count:   333 # Last called: 2018-02-26 11:29:55.360 # getAllByIndex [Auth_USER]
# Avg (ms):       0 # Max (ms):       1 # Count:   117 # Last called: 2018-02-26 11:29:55.360 # getAll [Auth_TENANT]
# Avg (ms):       0 # Max (ms):       0 # Count:    20 # Last called: 2018-02-26 11:28:17.311 # getAll [Settings_DYNAMIC_SETTING]
# Avg (ms):       0 # Max (ms):       1 # Count:   185 # Last called: 2018-02-26 11:29:38.712 # getAll [License_LICENSE]
# Avg (ms):       0 # Max (ms):       0 # Count:     4 # Last called: 2018-02-26 11:28:43.802 # getAll [Topology_TQL_TRACKER]
# Avg (ms):       0 # Max (ms):       1 # Count:   810 # Last called: 2018-02-26 11:29:55.360 # getAll [Settings_LDAP_SETTING]
