
************************ Statistics from 2018-02-26 06:45:00.004 until 2018-02-26 07:00:00.008 ************************
Operations executed: 1473
Different operation types executed: 7
Operations average time (in millis): 0
The 10 worst operations are:
# Millis:       9 # On: 2018-02-26 06:47:56.878 # getAll [Topology_TQL]
getAll [Topology_TQL]
# Millis:       9 # On: 2018-02-26 06:58:40.001 # getAll [Topology_TQL]
getAll [Topology_TQL]
# Millis:       8 # On: 2018-02-26 06:48:40.001 # getAll [Topology_TQL]
getAll [Topology_TQL]
# Millis:       8 # On: 2018-02-26 06:47:57.770 # getAll [Topology_TQL]
getAll [Topology_TQL]
# Millis:       1 # On: 2018-02-26 06:46:16.304 # getAll [Settings_LDAP_SETTING]
getAll [Settings_LDAP_SETTING]
# Millis:       1 # On: 2018-02-26 06:49:16.759 # getAll [License_LICENSE]
getAll [License_LICENSE]
# Millis:       1 # On: 2018-02-26 06:55:16.935 # getAll [Settings_LDAP_SETTING]
getAll [Settings_LDAP_SETTING]
# Millis:       1 # On: 2018-02-26 06:46:17.297 # getAll [Settings_LDAP_SETTING]
getAll [Settings_LDAP_SETTING]
# Millis:       1 # On: 2018-02-26 06:49:17.214 # getAll [Settings_LDAP_SETTING]
getAll [Settings_LDAP_SETTING]
# Millis:       1 # On: 2018-02-26 06:49:17.156 # getAllByIndex [Auth_USER]
getAllByIndex [Auth_USER]
 *** All operations statistics ***
# Avg (ms):       8 # Max (ms):       9 # Count:     4 # Last called: 2018-02-26 06:58:40.001 # getAll [Topology_TQL]
# Avg (ms):       0 # Max (ms):       1 # Count:   185 # Last called: 2018-02-26 06:59:38.431 # getAll [License_LICENSE]
# Avg (ms):       0 # Max (ms):       1 # Count:   333 # Last called: 2018-02-26 06:59:57.320 # getAllByIndex [Auth_USER]
# Avg (ms):       0 # Max (ms):       1 # Count:   117 # Last called: 2018-02-26 06:59:57.321 # getAll [Auth_TENANT]
# Avg (ms):       0 # Max (ms):       0 # Count:    20 # Last called: 2018-02-26 06:58:17.253 # getAll [Settings_DYNAMIC_SETTING]
# Avg (ms):       0 # Max (ms):       0 # Count:     4 # Last called: 2018-02-26 06:58:40.079 # getAll [Topology_TQL_TRACKER]
# Avg (ms):       0 # Max (ms):       1 # Count:   810 # Last called: 2018-02-26 06:59:57.321 # getAll [Settings_LDAP_SETTING]
