
************************ Statistics from 2018-02-26 13:00:01.329 until 2018-02-26 13:15:00.006 ************************
Operations executed: 1403
Different operation types executed: 7
Operations average time (in millis): 0
The 10 worst operations are:
# Millis:       9 # On: 2018-02-26 13:02:56.881 # getAll [Topology_TQL]
getAll [Topology_TQL]
# Millis:       8 # On: 2018-02-26 13:08:43.791 # getAll [Topology_TQL]
getAll [Topology_TQL]
# Millis:       8 # On: 2018-02-26 13:02:57.772 # getAll [Topology_TQL]
getAll [Topology_TQL]
# Millis:       1 # On: 2018-02-26 13:03:53.325 # getAll [License_LICENSE]
getAll [License_LICENSE]
# Millis:       1 # On: 2018-02-26 13:04:16.877 # getAll [Settings_DYNAMIC_SETTING]
getAll [Settings_DYNAMIC_SETTING]
# Millis:       1 # On: 2018-02-26 13:05:55.368 # getAll [Auth_TENANT]
getAll [Auth_TENANT]
# Millis:       1 # On: 2018-02-26 13:03:38.814 # getAll [License_LICENSE]
getAll [License_LICENSE]
# Millis:       1 # On: 2018-02-26 13:04:17.182 # getAll [Settings_LDAP_SETTING]
getAll [Settings_LDAP_SETTING]
# Millis:       1 # On: 2018-02-26 13:07:16.948 # getAllByIndex [Auth_USER]
getAllByIndex [Auth_USER]
# Millis:       1 # On: 2018-02-26 13:04:16.855 # getAll [Settings_LDAP_SETTING]
getAll [Settings_LDAP_SETTING]
 *** All operations statistics ***
# Avg (ms):       8 # Max (ms):       9 # Count:     3 # Last called: 2018-02-26 13:08:43.791 # getAll [Topology_TQL]
# Avg (ms):       0 # Max (ms):       0 # Count:     4 # Last called: 2018-02-26 13:13:43.815 # getAll [Topology_TQL_TRACKER]
# Avg (ms):       0 # Max (ms):       1 # Count:    20 # Last called: 2018-02-26 13:13:21.749 # getAll [Settings_DYNAMIC_SETTING]
# Avg (ms):       0 # Max (ms):       1 # Count:   112 # Last called: 2018-02-26 13:14:55.437 # getAll [Auth_TENANT]
# Avg (ms):       0 # Max (ms):       1 # Count:   316 # Last called: 2018-02-26 13:14:55.437 # getAllByIndex [Auth_USER]
# Avg (ms):       0 # Max (ms):       1 # Count:   768 # Last called: 2018-02-26 13:14:55.437 # getAll [Settings_LDAP_SETTING]
# Avg (ms):       0 # Max (ms):       1 # Count:   180 # Last called: 2018-02-26 13:14:38.826 # getAll [License_LICENSE]
