
************************ Statistics from 2018-02-26 11:30:00.001 until 2018-02-26 11:45:07.767 ************************
Operations executed: 1406
Different operation types executed: 7
Operations average time (in millis): 0
The 10 worst operations are:
# Millis:       9 # On: 2018-02-26 11:32:57.771 # getAll [Topology_TQL]
getAll [Topology_TQL]
# Millis:       9 # On: 2018-02-26 11:32:56.881 # getAll [Topology_TQL]
getAll [Topology_TQL]
# Millis:       8 # On: 2018-02-26 11:38:43.788 # getAll [Topology_TQL]
getAll [Topology_TQL]
# Millis:       1 # On: 2018-02-26 11:34:17.279 # getAll [Settings_LDAP_SETTING]
getAll [Settings_LDAP_SETTING]
# Millis:       1 # On: 2018-02-26 11:40:17.290 # getAll [Settings_DYNAMIC_SETTING]
getAll [Settings_DYNAMIC_SETTING]
# Millis:       1 # On: 2018-02-26 11:30:53.408 # getAll [License_LICENSE]
getAll [License_LICENSE]
# Millis:       1 # On: 2018-02-26 11:34:17.177 # getAll [License_LICENSE]
getAll [License_LICENSE]
# Millis:       1 # On: 2018-02-26 11:36:24.361 # getAllByIndex [Auth_USER]
getAllByIndex [Auth_USER]
# Millis:       1 # On: 2018-02-26 11:43:17.886 # getAllByIndex [Auth_USER]
getAllByIndex [Auth_USER]
# Millis:       1 # On: 2018-02-26 11:34:16.320 # getAll [Auth_TENANT]
getAll [Auth_TENANT]
 *** All operations statistics ***
# Avg (ms):       8 # Max (ms):       9 # Count:     3 # Last called: 2018-02-26 11:38:43.788 # getAll [Topology_TQL]
# Avg (ms):       0 # Max (ms):       0 # Count:     3 # Last called: 2018-02-26 11:43:43.802 # getAll [Topology_TQL_TRACKER]
# Avg (ms):       0 # Max (ms):       1 # Count:   317 # Last called: 2018-02-26 11:44:55.362 # getAllByIndex [Auth_USER]
# Avg (ms):       0 # Max (ms):       1 # Count:    20 # Last called: 2018-02-26 11:43:17.977 # getAll [Settings_DYNAMIC_SETTING]
# Avg (ms):       0 # Max (ms):       1 # Count:   113 # Last called: 2018-02-26 11:44:55.362 # getAll [Auth_TENANT]
# Avg (ms):       0 # Max (ms):       1 # Count:   180 # Last called: 2018-02-26 11:44:38.728 # getAll [License_LICENSE]
# Avg (ms):       0 # Max (ms):       1 # Count:   770 # Last called: 2018-02-26 11:44:55.362 # getAll [Settings_LDAP_SETTING]
