
************************ Statistics from 2018-02-26 12:00:00.466 until 2018-02-26 12:15:00.007 ************************
Operations executed: 1403
Different operation types executed: 7
Operations average time (in millis): 0
The 10 worst operations are:
# Millis:      17 # On: 2018-02-26 12:08:43.788 # getAll [Topology_TQL]
getAll [Topology_TQL]
# Millis:      10 # On: 2018-02-26 12:02:56.881 # getAll [Topology_TQL]
getAll [Topology_TQL]
# Millis:       9 # On: 2018-02-26 12:02:57.772 # getAll [Topology_TQL]
getAll [Topology_TQL]
# Millis:       1 # On: 2018-02-26 12:01:16.675 # getAll [License_LICENSE]
getAll [License_LICENSE]
# Millis:       1 # On: 2018-02-26 12:03:53.209 # getAll [License_LICENSE]
getAll [License_LICENSE]
# Millis:       1 # On: 2018-02-26 12:01:16.317 # getAll [Settings_LDAP_SETTING]
getAll [Settings_LDAP_SETTING]
# Millis:       1 # On: 2018-02-26 12:01:17.085 # getAll [Settings_LDAP_SETTING]
getAll [Settings_LDAP_SETTING]
# Millis:       0 # On: 2018-02-26 12:00:38.746 # getAll [License_LICENSE]
getAll [License_LICENSE]
# Millis:       0 # On: 2018-02-26 12:00:30.296 # getAll [Settings_LDAP_SETTING]
getAll [Settings_LDAP_SETTING]
# Millis:       0 # On: 2018-02-26 12:00:53.161 # getAll [Settings_LDAP_SETTING]
getAll [Settings_LDAP_SETTING]
 *** All operations statistics ***
# Avg (ms):      11 # Max (ms):      17 # Count:     3 # Last called: 2018-02-26 12:08:43.788 # getAll [Topology_TQL]
# Avg (ms):       0 # Max (ms):       1 # Count:   768 # Last called: 2018-02-26 12:14:55.364 # getAll [Settings_LDAP_SETTING]
# Avg (ms):       0 # Max (ms):       0 # Count:     4 # Last called: 2018-02-26 12:13:43.809 # getAll [Topology_TQL_TRACKER]
# Avg (ms):       0 # Max (ms):       1 # Count:   180 # Last called: 2018-02-26 12:14:38.760 # getAll [License_LICENSE]
# Avg (ms):       0 # Max (ms):       0 # Count:   316 # Last called: 2018-02-26 12:14:55.364 # getAllByIndex [Auth_USER]
# Avg (ms):       0 # Max (ms):       0 # Count:    20 # Last called: 2018-02-26 12:13:17.298 # getAll [Settings_DYNAMIC_SETTING]
# Avg (ms):       0 # Max (ms):       0 # Count:   112 # Last called: 2018-02-26 12:14:55.364 # getAll [Auth_TENANT]
