
************************ Statistics from 2018-02-26 07:00:00.008 until 2018-02-26 07:15:00.001 ************************
Operations executed: 1407
Different operation types executed: 7
Operations average time (in millis): 0
The 10 worst operations are:
# Millis:       9 # On: 2018-02-26 07:08:40.001 # getAll [Topology_TQL]
getAll [Topology_TQL]
# Millis:       9 # On: 2018-02-26 07:02:57.769 # getAll [Topology_TQL]
getAll [Topology_TQL]
# Millis:       9 # On: 2018-02-26 07:02:56.878 # getAll [Topology_TQL]
getAll [Topology_TQL]
# Millis:       1 # On: 2018-02-26 07:10:57.681 # getAll [Auth_TENANT]
getAll [Auth_TENANT]
# Millis:       1 # On: 2018-02-26 07:04:16.823 # getAll [License_LICENSE]
getAll [License_LICENSE]
# Millis:       1 # On: 2018-02-26 07:04:57.496 # getAll [Settings_LDAP_SETTING]
getAll [Settings_LDAP_SETTING]
# Millis:       1 # On: 2018-02-26 07:04:16.314 # getAll [Auth_TENANT]
getAll [Auth_TENANT]
# Millis:       1 # On: 2018-02-26 07:13:27.759 # getAllByIndex [Auth_USER]
getAllByIndex [Auth_USER]
# Millis:       1 # On: 2018-02-26 07:01:17.189 # getAll [Settings_LDAP_SETTING]
getAll [Settings_LDAP_SETTING]
# Millis:       0 # On: 2018-02-26 07:00:27.335 # getAll [Auth_TENANT]
getAll [Auth_TENANT]
 *** All operations statistics ***
# Avg (ms):       9 # Max (ms):       9 # Count:     3 # Last called: 2018-02-26 07:08:40.001 # getAll [Topology_TQL]
# Avg (ms):       0 # Max (ms):       1 # Count:   180 # Last called: 2018-02-26 07:14:38.446 # getAll [License_LICENSE]
# Avg (ms):       0 # Max (ms):       0 # Count:    20 # Last called: 2018-02-26 07:13:17.299 # getAll [Settings_DYNAMIC_SETTING]
# Avg (ms):       0 # Max (ms):       0 # Count:     4 # Last called: 2018-02-26 07:13:40.080 # getAll [Topology_TQL_TRACKER]
# Avg (ms):       0 # Max (ms):       1 # Count:   317 # Last called: 2018-02-26 07:14:57.804 # getAllByIndex [Auth_USER]
# Avg (ms):       0 # Max (ms):       1 # Count:   113 # Last called: 2018-02-26 07:14:57.804 # getAll [Auth_TENANT]
# Avg (ms):       0 # Max (ms):       1 # Count:   770 # Last called: 2018-02-26 07:14:57.804 # getAll [Settings_LDAP_SETTING]
