
************************ Statistics from 2018-02-26 02:45:00.008 until 2018-02-26 03:00:00.001 ************************
Operations executed: 1473
Different operation types executed: 7
Operations average time (in millis): 0
The 10 worst operations are:
# Millis:      10 # On: 2018-02-26 02:47:56.876 # getAll [Topology_TQL]
getAll [Topology_TQL]
# Millis:       9 # On: 2018-02-26 02:47:57.769 # getAll [Topology_TQL]
getAll [Topology_TQL]
# Millis:       9 # On: 2018-02-26 02:58:40.001 # getAll [Topology_TQL]
getAll [Topology_TQL]
# Millis:       8 # On: 2018-02-26 02:48:40.001 # getAll [Topology_TQL]
getAll [Topology_TQL]
# Millis:       1 # On: 2018-02-26 02:52:16.344 # getAll [License_LICENSE]
getAll [License_LICENSE]
# Millis:       1 # On: 2018-02-26 02:45:53.293 # getAll [License_LICENSE]
getAll [License_LICENSE]
# Millis:       1 # On: 2018-02-26 02:46:17.247 # getAll [Settings_LDAP_SETTING]
getAll [Settings_LDAP_SETTING]
# Millis:       1 # On: 2018-02-26 02:45:49.238 # getAllByIndex [Auth_USER]
getAllByIndex [Auth_USER]
# Millis:       1 # On: 2018-02-26 02:45:19.226 # getAllByIndex [Auth_USER]
getAllByIndex [Auth_USER]
# Millis:       1 # On: 2018-02-26 02:46:16.307 # getAll [Settings_LDAP_SETTING]
getAll [Settings_LDAP_SETTING]
 *** All operations statistics ***
# Avg (ms):       8 # Max (ms):      10 # Count:     4 # Last called: 2018-02-26 02:58:40.001 # getAll [Topology_TQL]
# Avg (ms):       0 # Max (ms):       0 # Count:     4 # Last called: 2018-02-26 02:58:40.074 # getAll [Topology_TQL_TRACKER]
# Avg (ms):       0 # Max (ms):       1 # Count:   810 # Last called: 2018-02-26 02:59:55.322 # getAll [Settings_LDAP_SETTING]
# Avg (ms):       0 # Max (ms):       1 # Count:   333 # Last called: 2018-02-26 02:59:55.322 # getAllByIndex [Auth_USER]
# Avg (ms):       0 # Max (ms):       0 # Count:    20 # Last called: 2018-02-26 02:58:17.239 # getAll [Settings_DYNAMIC_SETTING]
# Avg (ms):       0 # Max (ms):       1 # Count:   117 # Last called: 2018-02-26 02:59:55.322 # getAll [Auth_TENANT]
# Avg (ms):       0 # Max (ms):       1 # Count:   185 # Last called: 2018-02-26 02:59:38.175 # getAll [License_LICENSE]
