
************************ Statistics from 2018-02-26 02:15:00.007 until 2018-02-26 02:30:00.003 ************************
Operations executed: 1478
Different operation types executed: 7
Operations average time (in millis): 0
The 10 worst operations are:
# Millis:       9 # On: 2018-02-26 02:18:40.001 # getAll [Topology_TQL]
getAll [Topology_TQL]
# Millis:       9 # On: 2018-02-26 02:17:57.768 # getAll [Topology_TQL]
getAll [Topology_TQL]
# Millis:       9 # On: 2018-02-26 02:28:40.001 # getAll [Topology_TQL]
getAll [Topology_TQL]
# Millis:       8 # On: 2018-02-26 02:17:56.876 # getAll [Topology_TQL]
getAll [Topology_TQL]
# Millis:       1 # On: 2018-02-26 02:17:55.314 # getAllByIndex [Auth_USER]
getAllByIndex [Auth_USER]
# Millis:       1 # On: 2018-02-26 02:25:17.280 # getAllByIndex [Auth_USER]
getAllByIndex [Auth_USER]
# Millis:       1 # On: 2018-02-26 02:28:48.719 # getAll [Settings_LDAP_SETTING]
getAll [Settings_LDAP_SETTING]
# Millis:       1 # On: 2018-02-26 02:19:16.640 # getAll [License_LICENSE]
getAll [License_LICENSE]
# Millis:       1 # On: 2018-02-26 02:19:16.876 # getAll [Settings_LDAP_SETTING]
getAll [Settings_LDAP_SETTING]
# Millis:       1 # On: 2018-02-26 02:26:55.315 # getAllByIndex [Auth_USER]
getAllByIndex [Auth_USER]
 *** All operations statistics ***
# Avg (ms):       8 # Max (ms):       9 # Count:     4 # Last called: 2018-02-26 02:28:40.001 # getAll [Topology_TQL]
# Avg (ms):       0 # Max (ms):       0 # Count:    20 # Last called: 2018-02-26 02:28:17.296 # getAll [Settings_DYNAMIC_SETTING]
# Avg (ms):       0 # Max (ms):       1 # Count:   810 # Last called: 2018-02-26 02:29:55.317 # getAll [Settings_LDAP_SETTING]
# Avg (ms):       0 # Max (ms):       0 # Count:   117 # Last called: 2018-02-26 02:29:55.317 # getAll [Auth_TENANT]
# Avg (ms):       0 # Max (ms):       1 # Count:   333 # Last called: 2018-02-26 02:29:55.317 # getAllByIndex [Auth_USER]
# Avg (ms):       0 # Max (ms):       1 # Count:   190 # Last called: 2018-02-26 02:29:38.144 # getAll [License_LICENSE]
# Avg (ms):       0 # Max (ms):       0 # Count:     4 # Last called: 2018-02-26 02:28:40.074 # getAll [Topology_TQL_TRACKER]
