
************************ Statistics from 2018-02-26 11:45:07.767 until 2018-02-26 12:00:00.466 ************************
Operations executed: 1473
Different operation types executed: 7
Operations average time (in millis): 0
The 10 worst operations are:
# Millis:       9 # On: 2018-02-26 11:47:56.880 # getAll [Topology_TQL]
getAll [Topology_TQL]
# Millis:       9 # On: 2018-02-26 11:47:57.771 # getAll [Topology_TQL]
getAll [Topology_TQL]
# Millis:       9 # On: 2018-02-26 11:48:43.788 # getAll [Topology_TQL]
getAll [Topology_TQL]
# Millis:       8 # On: 2018-02-26 11:58:43.788 # getAll [Topology_TQL]
getAll [Topology_TQL]
# Millis:       1 # On: 2018-02-26 11:51:53.164 # getAll [Auth_TENANT]
getAll [Auth_TENANT]
# Millis:       1 # On: 2018-02-26 11:45:55.362 # getAll [Auth_TENANT]
getAll [Auth_TENANT]
# Millis:       1 # On: 2018-02-26 11:48:25.969 # getAll [License_LICENSE]
getAll [License_LICENSE]
# Millis:       1 # On: 2018-02-26 11:52:16.871 # getAll [License_LICENSE]
getAll [License_LICENSE]
# Millis:       1 # On: 2018-02-26 11:55:17.058 # getAll [Settings_LDAP_SETTING]
getAll [Settings_LDAP_SETTING]
# Millis:       1 # On: 2018-02-26 11:49:17.279 # getAll [Settings_DYNAMIC_SETTING]
getAll [Settings_DYNAMIC_SETTING]
 *** All operations statistics ***
# Avg (ms):       8 # Max (ms):       9 # Count:     4 # Last called: 2018-02-26 11:58:43.788 # getAll [Topology_TQL]
# Avg (ms):       0 # Max (ms):       1 # Count:   333 # Last called: 2018-02-26 12:00:00.282 # getAllByIndex [Auth_USER]
# Avg (ms):       0 # Max (ms):       1 # Count:   185 # Last called: 2018-02-26 11:59:38.745 # getAll [License_LICENSE]
# Avg (ms):       0 # Max (ms):       1 # Count:   117 # Last called: 2018-02-26 12:00:00.282 # getAll [Auth_TENANT]
# Avg (ms):       0 # Max (ms):       1 # Count:   810 # Last called: 2018-02-26 12:00:00.282 # getAll [Settings_LDAP_SETTING]
# Avg (ms):       0 # Max (ms):       1 # Count:    20 # Last called: 2018-02-26 11:58:17.296 # getAll [Settings_DYNAMIC_SETTING]
# Avg (ms):       0 # Max (ms):       0 # Count:     4 # Last called: 2018-02-26 11:58:43.802 # getAll [Topology_TQL_TRACKER]
