
************************ Statistics from 2018-02-26 13:30:00.009 until 2018-02-26 13:45:00.001 ************************
Operations executed: 1406
Different operation types executed: 7
Operations average time (in millis): 0
The 10 worst operations are:
# Millis:      10 # On: 2018-02-26 13:32:56.881 # getAll [Topology_TQL]
getAll [Topology_TQL]
# Millis:       8 # On: 2018-02-26 13:32:57.772 # getAll [Topology_TQL]
getAll [Topology_TQL]
# Millis:       8 # On: 2018-02-26 13:38:43.792 # getAll [Topology_TQL]
getAll [Topology_TQL]
# Millis:       1 # On: 2018-02-26 13:37:55.371 # getAll [Settings_LDAP_SETTING]
getAll [Settings_LDAP_SETTING]
# Millis:       1 # On: 2018-02-26 13:34:16.307 # getAllByIndex [Auth_USER]
getAllByIndex [Auth_USER]
# Millis:       1 # On: 2018-02-26 13:30:53.461 # getAllByIndex [Auth_USER]
getAllByIndex [Auth_USER]
# Millis:       1 # On: 2018-02-26 13:39:55.371 # getAllByIndex [Auth_USER]
getAllByIndex [Auth_USER]
# Millis:       1 # On: 2018-02-26 13:31:17.226 # getAllByIndex [Auth_USER]
getAllByIndex [Auth_USER]
# Millis:       1 # On: 2018-02-26 13:37:35.446 # getAll [Auth_TENANT]
getAll [Auth_TENANT]
# Millis:       1 # On: 2018-02-26 13:34:16.322 # getAllByIndex [Auth_USER]
getAllByIndex [Auth_USER]
 *** All operations statistics ***
# Avg (ms):       8 # Max (ms):      10 # Count:     3 # Last called: 2018-02-26 13:38:43.792 # getAll [Topology_TQL]
# Avg (ms):       0 # Max (ms):       1 # Count:   317 # Last called: 2018-02-26 13:44:55.372 # getAllByIndex [Auth_USER]
# Avg (ms):       0 # Max (ms):       0 # Count:     3 # Last called: 2018-02-26 13:43:43.816 # getAll [Topology_TQL_TRACKER]
# Avg (ms):       0 # Max (ms):       1 # Count:   180 # Last called: 2018-02-26 13:44:38.858 # getAll [License_LICENSE]
# Avg (ms):       0 # Max (ms):       0 # Count:    20 # Last called: 2018-02-26 13:43:17.341 # getAll [Settings_DYNAMIC_SETTING]
# Avg (ms):       0 # Max (ms):       1 # Count:   770 # Last called: 2018-02-26 13:44:55.372 # getAll [Settings_LDAP_SETTING]
# Avg (ms):       0 # Max (ms):       1 # Count:   113 # Last called: 2018-02-26 13:44:55.372 # getAll [Auth_TENANT]
