
************************ Statistics from 2018-02-26 09:45:00.006 until 2018-02-26 10:00:00.007 ************************
Operations executed: 1473
Different operation types executed: 7
Operations average time (in millis): 0
The 10 worst operations are:
# Millis:      10 # On: 2018-02-26 09:47:56.879 # getAll [Topology_TQL]
getAll [Topology_TQL]
# Millis:       9 # On: 2018-02-26 09:47:57.769 # getAll [Topology_TQL]
getAll [Topology_TQL]
# Millis:       9 # On: 2018-02-26 09:58:40.001 # getAll [Topology_TQL]
getAll [Topology_TQL]
# Millis:       8 # On: 2018-02-26 09:48:40.001 # getAll [Topology_TQL]
getAll [Topology_TQL]
# Millis:       1 # On: 2018-02-26 09:49:16.317 # getAll [Settings_LDAP_SETTING]
getAll [Settings_LDAP_SETTING]
# Millis:       1 # On: 2018-02-26 09:55:36.544 # getAll [Auth_TENANT]
getAll [Auth_TENANT]
# Millis:       1 # On: 2018-02-26 09:55:17.082 # getAll [License_LICENSE]
getAll [License_LICENSE]
# Millis:       1 # On: 2018-02-26 09:45:55.353 # getAll [Settings_LDAP_SETTING]
getAll [Settings_LDAP_SETTING]
# Millis:       1 # On: 2018-02-26 09:55:17.250 # getAll [Settings_LDAP_SETTING]
getAll [Settings_LDAP_SETTING]
# Millis:       1 # On: 2018-02-26 09:46:16.829 # getAll [Auth_TENANT]
getAll [Auth_TENANT]
 *** All operations statistics ***
# Avg (ms):       8 # Max (ms):      10 # Count:     4 # Last called: 2018-02-26 09:58:40.001 # getAll [Topology_TQL]
# Avg (ms):       0 # Max (ms):       1 # Count:     4 # Last called: 2018-02-26 09:58:40.082 # getAll [Topology_TQL_TRACKER]
# Avg (ms):       0 # Max (ms):       1 # Count:   333 # Last called: 2018-02-26 09:59:55.355 # getAllByIndex [Auth_USER]
# Avg (ms):       0 # Max (ms):       1 # Count:   185 # Last called: 2018-02-26 09:59:38.617 # getAll [License_LICENSE]
# Avg (ms):       0 # Max (ms):       1 # Count:   810 # Last called: 2018-02-26 09:59:55.355 # getAll [Settings_LDAP_SETTING]
# Avg (ms):       0 # Max (ms):       1 # Count:   117 # Last called: 2018-02-26 09:59:55.355 # getAll [Auth_TENANT]
# Avg (ms):       0 # Max (ms):       0 # Count:    20 # Last called: 2018-02-26 09:58:17.365 # getAll [Settings_DYNAMIC_SETTING]
