
************************ Statistics from 2018-02-26 10:45:00.006 until 2018-02-26 11:00:00.005 ************************
Operations executed: 1473
Different operation types executed: 7
Operations average time (in millis): 0
The 10 worst operations are:
# Millis:       9 # On: 2018-02-26 10:47:56.880 # getAll [Topology_TQL]
getAll [Topology_TQL]
# Millis:       9 # On: 2018-02-26 10:47:57.769 # getAll [Topology_TQL]
getAll [Topology_TQL]
# Millis:       9 # On: 2018-02-26 10:48:40.001 # getAll [Topology_TQL]
getAll [Topology_TQL]
# Millis:       9 # On: 2018-02-26 10:58:40.001 # getAll [Topology_TQL]
getAll [Topology_TQL]
# Millis:       1 # On: 2018-02-26 10:45:58.982 # getAll [License_LICENSE]
getAll [License_LICENSE]
# Millis:       1 # On: 2018-02-26 10:55:17.035 # getAll [License_LICENSE]
getAll [License_LICENSE]
# Millis:       1 # On: 2018-02-26 10:48:11.777 # getAll [Settings_LDAP_SETTING]
getAll [Settings_LDAP_SETTING]
# Millis:       1 # On: 2018-02-26 10:49:17.290 # getAll [Settings_LDAP_SETTING]
getAll [Settings_LDAP_SETTING]
# Millis:       1 # On: 2018-02-26 10:46:16.320 # getAll [Settings_LDAP_SETTING]
getAll [Settings_LDAP_SETTING]
# Millis:       1 # On: 2018-02-26 10:45:59.136 # getAll [Settings_LDAP_SETTING]
getAll [Settings_LDAP_SETTING]
 *** All operations statistics ***
# Avg (ms):       9 # Max (ms):       9 # Count:     4 # Last called: 2018-02-26 10:58:40.001 # getAll [Topology_TQL]
# Avg (ms):       0 # Max (ms):       1 # Count:   185 # Last called: 2018-02-26 10:59:38.680 # getAll [License_LICENSE]
# Avg (ms):       0 # Max (ms):       1 # Count:   333 # Last called: 2018-02-26 10:59:55.359 # getAllByIndex [Auth_USER]
# Avg (ms):       0 # Max (ms):       0 # Count:    20 # Last called: 2018-02-26 10:58:17.374 # getAll [Settings_DYNAMIC_SETTING]
# Avg (ms):       0 # Max (ms):       1 # Count:   810 # Last called: 2018-02-26 10:59:55.359 # getAll [Settings_LDAP_SETTING]
# Avg (ms):       0 # Max (ms):       0 # Count:     4 # Last called: 2018-02-26 10:58:40.084 # getAll [Topology_TQL_TRACKER]
# Avg (ms):       0 # Max (ms):       0 # Count:   117 # Last called: 2018-02-26 10:59:55.359 # getAll [Auth_TENANT]
