
************************ Statistics from 2018-02-26 14:45:05.644 until 2018-02-26 15:00:00.003 ************************
Operations executed: 1469
Different operation types executed: 7
Operations average time (in millis): 0
The 10 worst operations are:
# Millis:      10 # On: 2018-02-26 14:58:43.791 # getAll [Topology_TQL]
getAll [Topology_TQL]
# Millis:       9 # On: 2018-02-26 14:47:56.881 # getAll [Topology_TQL]
getAll [Topology_TQL]
# Millis:       9 # On: 2018-02-26 14:47:57.771 # getAll [Topology_TQL]
getAll [Topology_TQL]
# Millis:       8 # On: 2018-02-26 14:48:43.791 # getAll [Topology_TQL]
getAll [Topology_TQL]
# Millis:       1 # On: 2018-02-26 14:52:16.453 # getAll [License_LICENSE]
getAll [License_LICENSE]
# Millis:       1 # On: 2018-02-26 14:58:38.934 # getAll [License_LICENSE]
getAll [License_LICENSE]
# Millis:       1 # On: 2018-02-26 14:52:17.243 # getAll [Settings_LDAP_SETTING]
getAll [Settings_LDAP_SETTING]
# Millis:       1 # On: 2018-02-26 14:48:53.161 # getAll [Auth_TENANT]
getAll [Auth_TENANT]
# Millis:       1 # On: 2018-02-26 14:46:16.814 # getAll [License_LICENSE]
getAll [License_LICENSE]
# Millis:       1 # On: 2018-02-26 14:58:16.310 # getAll [Settings_LDAP_SETTING]
getAll [Settings_LDAP_SETTING]
 *** All operations statistics ***
# Avg (ms):       8 # Max (ms):      10 # Count:     4 # Last called: 2018-02-26 14:58:43.791 # getAll [Topology_TQL]
# Avg (ms):       0 # Max (ms):       1 # Count:   808 # Last called: 2018-02-26 14:59:55.380 # getAll [Settings_LDAP_SETTING]
# Avg (ms):       0 # Max (ms):       0 # Count:   332 # Last called: 2018-02-26 14:59:55.380 # getAllByIndex [Auth_USER]
# Avg (ms):       0 # Max (ms):       0 # Count:     4 # Last called: 2018-02-26 14:58:43.816 # getAll [Topology_TQL_TRACKER]
# Avg (ms):       0 # Max (ms):       1 # Count:   185 # Last called: 2018-02-26 14:59:38.935 # getAll [License_LICENSE]
# Avg (ms):       0 # Max (ms):       0 # Count:    20 # Last called: 2018-02-26 14:58:17.339 # getAll [Settings_DYNAMIC_SETTING]
# Avg (ms):       0 # Max (ms):       1 # Count:   116 # Last called: 2018-02-26 14:59:55.380 # getAll [Auth_TENANT]
